running egg_info
writing ../../build/turtle_path_planner/turtle_path_planner.egg-info/PKG-INFO
writing dependency_links to ../../build/turtle_path_planner/turtle_path_planner.egg-info/dependency_links.txt
writing entry points to ../../build/turtle_path_planner/turtle_path_planner.egg-info/entry_points.txt
writing requirements to ../../build/turtle_path_planner/turtle_path_planner.egg-info/requires.txt
writing top-level names to ../../build/turtle_path_planner/turtle_path_planner.egg-info/top_level.txt
reading manifest file '../../build/turtle_path_planner/turtle_path_planner.egg-info/SOURCES.txt'
writing manifest file '../../build/turtle_path_planner/turtle_path_planner.egg-info/SOURCES.txt'
running build
running build_py
copying turtle_path_planner/path_planner.py -> /home/monijesu/ros2_ws/build/turtle_path_planner/build/lib/turtle_path_planner
running install
running install_lib
copying /home/monijesu/ros2_ws/build/turtle_path_planner/build/lib/turtle_path_planner/path_planner.py -> /home/monijesu/ros2_ws/install/turtle_path_planner/lib/python3.12/site-packages/turtle_path_planner
byte-compiling /home/monijesu/ros2_ws/install/turtle_path_planner/lib/python3.12/site-packages/turtle_path_planner/path_planner.py to path_planner.cpython-312.pyc
running install_data
running install_egg_info
removing '/home/monijesu/ros2_ws/install/turtle_path_planner/lib/python3.12/site-packages/turtle_path_planner-0.0.0-py3.12.egg-info' (and everything under it)
Copying ../../build/turtle_path_planner/turtle_path_planner.egg-info to /home/monijesu/ros2_ws/install/turtle_path_planner/lib/python3.12/site-packages/turtle_path_planner-0.0.0-py3.12.egg-info
running install_scripts
Installing path_planner script to /home/monijesu/ros2_ws/install/turtle_path_planner/lib/turtle_path_planner
writing list of installed files to '/home/monijesu/ros2_ws/build/turtle_path_planner/install.log'
