[3.058s] Invoking command in '/home/monijesu/ros2_ws/src/examples/rclpy/actions/minimal_action_server': DEBUGINFOD_URLS=https://debuginfod.ubuntu.com PYTHONPATH=/home/monijesu/ros2_ws/build/examples_rclpy_minimal_action_server/prefix_override:/usr/lib/python3/dist-packages/colcon_core/task/python/colcon_distutils_commands:/home/monijesu/ros2_ws/install/examples_rclpy_minimal_action_server/lib/python3.12/site-packages:${PYTHONPATH} /usr/bin/python3 -W ignore:setup.py install is deprecated setup.py egg_info --egg-base ../../../../../build/examples_rclpy_minimal_action_server build --build-base /home/monijesu/ros2_ws/build/examples_rclpy_minimal_action_server/build install --record /home/monijesu/ros2_ws/build/examples_rclpy_minimal_action_server/install.log --single-version-externally-managed install_data
[3.455s] running egg_info
[3.482s] writing ../../../../../build/examples_rclpy_minimal_action_server/examples_rclpy_minimal_action_server.egg-info/PKG-INFO
[3.482s] writing dependency_links to ../../../../../build/examples_rclpy_minimal_action_server/examples_rclpy_minimal_action_server.egg-info/dependency_links.txt
[3.483s] writing entry points to ../../../../../build/examples_rclpy_minimal_action_server/examples_rclpy_minimal_action_server.egg-info/entry_points.txt
[3.483s] writing requirements to ../../../../../build/examples_rclpy_minimal_action_server/examples_rclpy_minimal_action_server.egg-info/requires.txt
[3.483s] writing top-level names to ../../../../../build/examples_rclpy_minimal_action_server/examples_rclpy_minimal_action_server.egg-info/top_level.txt
[3.541s] reading manifest file '../../../../../build/examples_rclpy_minimal_action_server/examples_rclpy_minimal_action_server.egg-info/SOURCES.txt'
[3.542s] writing manifest file '../../../../../build/examples_rclpy_minimal_action_server/examples_rclpy_minimal_action_server.egg-info/SOURCES.txt'
[3.542s] running build
[3.542s] running build_py
[3.542s] running install
[3.552s] running install_lib
[3.579s] running install_data
[3.580s] running install_egg_info
[3.608s] removing '/home/monijesu/ros2_ws/install/examples_rclpy_minimal_action_server/lib/python3.12/site-packages/examples_rclpy_minimal_action_server-0.20.2-py3.12.egg-info' (and everything under it)
[3.608s] Copying ../../../../../build/examples_rclpy_minimal_action_server/examples_rclpy_minimal_action_server.egg-info to /home/monijesu/ros2_ws/install/examples_rclpy_minimal_action_server/lib/python3.12/site-packages/examples_rclpy_minimal_action_server-0.20.2-py3.12.egg-info
[3.609s] running install_scripts
[3.800s] Installing server script to /home/monijesu/ros2_ws/install/examples_rclpy_minimal_action_server/lib/examples_rclpy_minimal_action_server
[3.801s] Installing server_defer script to /home/monijesu/ros2_ws/install/examples_rclpy_minimal_action_server/lib/examples_rclpy_minimal_action_server
[3.801s] Installing server_not_composable script to /home/monijesu/ros2_ws/install/examples_rclpy_minimal_action_server/lib/examples_rclpy_minimal_action_server
[3.802s] Installing server_queue_goals script to /home/monijesu/ros2_ws/install/examples_rclpy_minimal_action_server/lib/examples_rclpy_minimal_action_server
[3.802s] Installing server_single_goal script to /home/monijesu/ros2_ws/install/examples_rclpy_minimal_action_server/lib/examples_rclpy_minimal_action_server
[3.802s] writing list of installed files to '/home/monijesu/ros2_ws/build/examples_rclpy_minimal_action_server/install.log'
[3.849s] Invoked command in '/home/monijesu/ros2_ws/src/examples/rclpy/actions/minimal_action_server' returned '0': DEBUGINFOD_URLS=https://debuginfod.ubuntu.com PYTHONPATH=/home/monijesu/ros2_ws/build/examples_rclpy_minimal_action_server/prefix_override:/usr/lib/python3/dist-packages/colcon_core/task/python/colcon_distutils_commands:/home/monijesu/ros2_ws/install/examples_rclpy_minimal_action_server/lib/python3.12/site-packages:${PYTHONPATH} /usr/bin/python3 -W ignore:setup.py install is deprecated setup.py egg_info --egg-base ../../../../../build/examples_rclpy_minimal_action_server build --build-base /home/monijesu/ros2_ws/build/examples_rclpy_minimal_action_server/build install --record /home/monijesu/ros2_ws/build/examples_rclpy_minimal_action_server/install.log --single-version-externally-managed install_data
