Traceback (most recent call last):
  File "/usr/lib/python3/dist-packages/colcon_core/executor/__init__.py", line 91, in __call__
    rc = await self.task(*args, **kwargs)
         ^^^^^^^^^^^^^^^^^^^^^^^^^^^^^^^^
  File "/usr/lib/python3/dist-packages/colcon_core/task/__init__.py", line 93, in __call__
    return await task_method(*args, **kwargs)
           ^^^^^^^^^^^^^^^^^^^^^^^^^^^^^^^^^^
  File "/usr/lib/python3/dist-packages/colcon_ros/task/ament_python/build.py", line 102, in build
    return await extension.build(additional_hooks=additional_hooks)
           ^^^^^^^^^^^^^^^^^^^^^^^^^^^^^^^^^^^^^^^^^^^^^^^^^^^^^^^^
  File "/usr/lib/python3/dist-packages/colcon_core/task/python/build.py", line 94, in build
    available_commands = await self._get_available_commands(
                         ^^^^^^^^^^^^^^^^^^^^^^^^^^^^^^^^^^^
  File "/usr/lib/python3/dist-packages/colcon_core/task/python/build.py", line 192, in _get_available_commands
    output = await check_output(
             ^^^^^^^^^^^^^^^^^^^
  File "/usr/lib/python3/dist-packages/colcon_core/subprocess.py", line 129, in check_output
    assert not rc, f'Expected {args} to pass: {stderr_data}'
           ^^^^^^
AssertionError: Expected ['/usr/bin/python3', '-W', 'ignore:setup.py install is deprecated', 'setup.py', '--help-commands'] to pass: Traceback (most recent call last):
  File "/home/monijesu/ros2_ws/src/examples/rclpy/actions/minimal_action_server/setup.py", line 5, in <module>
    setup(
  File "/usr/lib/python3/dist-packages/setuptools/__init__.py", line 107, in setup
    return distutils.core.setup(**attrs)
           ^^^^^^^^^^^^^^^^^^^^^^^^^^^^^
  File "/usr/lib/python3/dist-packages/setuptools/_distutils/core.py", line 172, in setup
    ok = dist.parse_command_line()
         ^^^^^^^^^^^^^^^^^^^^^^^^^
  File "/usr/lib/python3/dist-packages/setuptools/_distutils/dist.py", line 472, in parse_command_line
    if self.handle_display_options(option_order):
       ^^^^^^^^^^^^^^^^^^^^^^^^^^^^^^^^^^^^^^^^^
  File "/usr/lib/python3/dist-packages/setuptools/dist.py", line 1209, in handle_display_options
    return _Distribution.handle_display_options(self, option_order)
           ^^^^^^^^^^^^^^^^^^^^^^^^^^^^^^^^^^^^^^^^^^^^^^^^^^^^^^^^
  File "/usr/lib/python3/dist-packages/setuptools/_distutils/dist.py", line 686, in handle_display_options
    self.print_commands()
  File "/usr/lib/python3/dist-packages/setuptools/dist.py", line 988, in print_commands
    cmdclass = ep.load()
               ^^^^^^^^^
  File "/usr/lib/python3.12/importlib/metadata/__init__.py", line 205, in load
    module = import_module(match.group('module'))
             ^^^^^^^^^^^^^^^^^^^^^^^^^^^^^^^^^^^^
  File "/usr/lib/python3.12/importlib/__init__.py", line 90, in import_module
    return _bootstrap._gcd_import(name[level:], package, level)
           ^^^^^^^^^^^^^^^^^^^^^^^^^^^^^^^^^^^^^^^^^^^^^^^^^^^^
  File "<frozen importlib._bootstrap>", line 1387, in _gcd_import
  File "<frozen importlib._bootstrap>", line 1360, in _find_and_load
  File "<frozen importlib._bootstrap>", line 1331, in _find_and_load_unlocked
  File "<frozen importlib._bootstrap>", line 935, in _load_unlocked
  File "<frozen importlib._bootstrap_external>", line 995, in exec_module
  File "<frozen importlib._bootstrap>", line 488, in _call_with_frames_removed
  File "/usr/lib/python3/dist-packages/setuptools/command/develop.py", line 8, in <module>
    from setuptools.command.easy_install import easy_install
  File "/usr/lib/python3/dist-packages/setuptools/command/easy_install.py", line 50, in <module>
    from setuptools.sandbox import run_setup
  File "/usr/lib/python3/dist-packages/setuptools/sandbox.py", line 13, in <module>
    import pkg_resources
  File "/usr/lib/python3/dist-packages/pkg_resources/__init__.py", line 3327, in <module>
    @_call_aside
     ^^^^^^^^^^^
  File "/usr/lib/python3/dist-packages/pkg_resources/__init__.py", line 3302, in _call_aside
    f(*args, **kwargs)
  File "/usr/lib/python3/dist-packages/pkg_resources/__init__.py", line 3340, in _initialize_master_working_set
    working_set = WorkingSet._build_master()
                  ^^^^^^^^^^^^^^^^^^^^^^^^^^
  File "/usr/lib/python3/dist-packages/pkg_resources/__init__.py", line 622, in _build_master
    ws = cls()
         ^^^^^
  File "/usr/lib/python3/dist-packages/pkg_resources/__init__.py", line 615, in __init__
    self.add_entry(entry)
  File "/usr/lib/python3/dist-packages/pkg_resources/__init__.py", line 671, in add_entry
    for dist in find_distributions(entry, True):
  File "/usr/lib/python3/dist-packages/pkg_resources/__init__.py", line 2134, in find_on_path
    for dist in factory(fullpath):
  File "/usr/lib/python3/dist-packages/pkg_resources/__init__.py", line 2199, in distributions_from_metadata
    yield Distribution.from_location(
          ^^^^^^^^^^^^^^^^^^^^^^^^^^^
  File "/usr/lib/python3/dist-packages/pkg_resources/__init__.py", line 2673, in from_location
    )._reload_version()
      ^^^^^^^^^^^^^^^^^
  File "/usr/lib/python3/dist-packages/pkg_resources/__init__.py", line 3081, in _reload_version
    md_version = self._get_version()
                 ^^^^^^^^^^^^^^^^^^^
  File "/usr/lib/python3/dist-packages/pkg_resources/__init__.py", line 2858, in _get_version
    version = _version_from_file(lines)
              ^^^^^^^^^^^^^^^^^^^^^^^^^
  File "/usr/lib/python3/dist-packages/pkg_resources/__init__.py", line 2624, in _version_from_file
    line = next(iter(version_lines), '')
           ^^^^^^^^^^^^^^^^^^^^^^^^^^^^^
  File "/usr/lib/python3/dist-packages/pkg_resources/__init__.py", line 2853, in _get_metadata
    for line in self.get_metadata_lines(name):
                ^^^^^^^^^^^^^^^^^^^^^^^^^^^^^
  File "/usr/lib/python3/dist-packages/pkg_resources/__init__.py", line 1529, in get_metadata_lines
    return yield_lines(self.get_metadata(name))
                       ^^^^^^^^^^^^^^^^^^^^^^^
  File "/usr/lib/python3/dist-packages/pkg_resources/__init__.py", line 1519, in get_metadata
    value = self._get(path)
            ^^^^^^^^^^^^^^^
  File "/usr/lib/python3/dist-packages/pkg_resources/__init__.py", line 1727, in _get
    with open(path, 'rb') as stream:
         ^^^^^^^^^^^^^^^^
FileNotFoundError: [Errno 2] No such file or directory: '/home/monijesu/ros2_ws/install/examples_rclpy_executors/lib/python3.12/site-packages/examples_rclpy_executors-0.20.2-py3.12.egg-info/PKG-INFO'

