[1.409s] Invoking command in '/home/monijesu/ros2_ws/build/examples_rclpy_minimal_publisher': DEBUGINFOD_URLS=https://debuginfod.ubuntu.com PYTHONPATH=/home/monijesu/ros2_ws/build/examples_rclpy_minimal_publisher/prefix_override:/usr/lib/python3/dist-packages/colcon_core/task/python/colcon_distutils_commands:/home/monijesu/ros2_ws/install/examples_rclpy_minimal_publisher/lib/python3.12/site-packages:${PYTHONPATH} /usr/bin/python3 -W ignore:setup.py install is deprecated setup.py develop --editable --build-directory /home/monijesu/ros2_ws/build/examples_rclpy_minimal_publisher/build --no-deps symlink_data
[1.686s] running develop
[1.686s] /usr/lib/python3/dist-packages/setuptools/command/develop.py:40: EasyInstallDeprecationWarning: easy_install command is deprecated.
[1.686s] !!
[1.686s] 
[1.686s]         ********************************************************************************
[1.686s]         Please avoid running ``setup.py`` and ``easy_install``.
[1.686s]         Instead, use pypa/build, pypa/installer or other
[1.686s]         standards-based tools.
[1.686s] 
[1.686s]         See https://github.com/pypa/setuptools/issues/917 for details.
[1.687s]         ********************************************************************************
[1.687s] 
[1.687s] !!
[1.687s]   easy_install.initialize_options(self)
[1.858s] running egg_info
[1.858s] creating examples_rclpy_minimal_publisher.egg-info
[1.875s] writing examples_rclpy_minimal_publisher.egg-info/PKG-INFO
[1.875s] writing dependency_links to examples_rclpy_minimal_publisher.egg-info/dependency_links.txt
[1.875s] writing entry points to examples_rclpy_minimal_publisher.egg-info/entry_points.txt
[1.875s] writing requirements to examples_rclpy_minimal_publisher.egg-info/requires.txt
[1.876s] writing top-level names to examples_rclpy_minimal_publisher.egg-info/top_level.txt
[1.876s] writing manifest file 'examples_rclpy_minimal_publisher.egg-info/SOURCES.txt'
[1.914s] reading manifest file 'examples_rclpy_minimal_publisher.egg-info/SOURCES.txt'
[1.914s] writing manifest file 'examples_rclpy_minimal_publisher.egg-info/SOURCES.txt'
[1.932s] running build_ext
[1.932s] Creating /home/monijesu/ros2_ws/install/examples_rclpy_minimal_publisher/lib/python3.12/site-packages/examples-rclpy-minimal-publisher.egg-link (link to .)
[1.933s] Installing publisher_local_function script to /home/monijesu/ros2_ws/install/examples_rclpy_minimal_publisher/lib/examples_rclpy_minimal_publisher
[1.933s] Installing publisher_member_function script to /home/monijesu/ros2_ws/install/examples_rclpy_minimal_publisher/lib/examples_rclpy_minimal_publisher
[1.933s] Installing publisher_old_school script to /home/monijesu/ros2_ws/install/examples_rclpy_minimal_publisher/lib/examples_rclpy_minimal_publisher
[1.933s] 
[1.933s] Installed /home/monijesu/ros2_ws/build/examples_rclpy_minimal_publisher
[1.933s] running symlink_data
[1.933s] creating /home/monijesu/ros2_ws/install/examples_rclpy_minimal_publisher/share/ament_index
[1.933s] creating /home/monijesu/ros2_ws/install/examples_rclpy_minimal_publisher/share/ament_index/resource_index
[1.933s] creating /home/monijesu/ros2_ws/install/examples_rclpy_minimal_publisher/share/ament_index/resource_index/packages
[1.933s] symbolically linking /home/monijesu/ros2_ws/build/examples_rclpy_minimal_publisher/resource/examples_rclpy_minimal_publisher -> /home/monijesu/ros2_ws/install/examples_rclpy_minimal_publisher/share/ament_index/resource_index/packages
[1.933s] symbolically linking /home/monijesu/ros2_ws/build/examples_rclpy_minimal_publisher/package.xml -> /home/monijesu/ros2_ws/install/examples_rclpy_minimal_publisher/share/examples_rclpy_minimal_publisher
