[1.992s] Invoking command in '/home/monijesu/ros2_ws/build/examples_rclpy_pointcloud_publisher': DEBUGINFOD_URLS=https://debuginfod.ubuntu.com PYTHONPATH=/home/monijesu/ros2_ws/build/examples_rclpy_pointcloud_publisher/prefix_override:/usr/lib/python3/dist-packages/colcon_core/task/python/colcon_distutils_commands:/home/monijesu/ros2_ws/install/examples_rclpy_pointcloud_publisher/lib/python3.12/site-packages:${PYTHONPATH} /usr/bin/python3 -W ignore:setup.py install is deprecated setup.py develop --editable --build-directory /home/monijesu/ros2_ws/build/examples_rclpy_pointcloud_publisher/build --no-deps symlink_data
[2.454s] running develop
[2.454s] /usr/lib/python3/dist-packages/setuptools/command/develop.py:40: EasyInstallDeprecationWarning: easy_install command is deprecated.
[2.454s] !!
[2.454s] 
[2.455s]         ********************************************************************************
[2.455s]         Please avoid running ``setup.py`` and ``easy_install``.
[2.455s]         Instead, use pypa/build, pypa/installer or other
[2.455s]         standards-based tools.
[2.455s] 
[2.455s]         See https://github.com/pypa/setuptools/issues/917 for details.
[2.455s]         ********************************************************************************
[2.455s] 
[2.455s] !!
[2.455s]   easy_install.initialize_options(self)
[2.635s] running egg_info
[2.635s] creating examples_rclpy_pointcloud_publisher.egg-info
[2.652s] writing examples_rclpy_pointcloud_publisher.egg-info/PKG-INFO
[2.652s] writing dependency_links to examples_rclpy_pointcloud_publisher.egg-info/dependency_links.txt
[2.652s] writing entry points to examples_rclpy_pointcloud_publisher.egg-info/entry_points.txt
[2.652s] writing requirements to examples_rclpy_pointcloud_publisher.egg-info/requires.txt
[2.652s] writing top-level names to examples_rclpy_pointcloud_publisher.egg-info/top_level.txt
[2.653s] writing manifest file 'examples_rclpy_pointcloud_publisher.egg-info/SOURCES.txt'
[2.683s] reading manifest file 'examples_rclpy_pointcloud_publisher.egg-info/SOURCES.txt'
[2.684s] writing manifest file 'examples_rclpy_pointcloud_publisher.egg-info/SOURCES.txt'
[2.700s] running build_ext
[2.700s] Creating /home/monijesu/ros2_ws/install/examples_rclpy_pointcloud_publisher/lib/python3.12/site-packages/examples-rclpy-pointcloud-publisher.egg-link (link to .)
[2.700s] Installing pointcloud_publisher script to /home/monijesu/ros2_ws/install/examples_rclpy_pointcloud_publisher/lib/examples_rclpy_pointcloud_publisher
[2.700s] 
[2.700s] Installed /home/monijesu/ros2_ws/build/examples_rclpy_pointcloud_publisher
[2.700s] running symlink_data
[2.701s] creating /home/monijesu/ros2_ws/install/examples_rclpy_pointcloud_publisher/share/ament_index
[2.701s] creating /home/monijesu/ros2_ws/install/examples_rclpy_pointcloud_publisher/share/ament_index/resource_index
[2.701s] creating /home/monijesu/ros2_ws/install/examples_rclpy_pointcloud_publisher/share/ament_index/resource_index/packages
[2.701s] symbolically linking /home/monijesu/ros2_ws/build/examples_rclpy_pointcloud_publisher/resource/examples_rclpy_pointcloud_publisher -> /home/monijesu/ros2_ws/install/examples_rclpy_pointcloud_publisher/share/ament_index/resource_index/packages
[2.701s] symbolically linking /home/monijesu/ros2_ws/build/examples_rclpy_pointcloud_publisher/package.xml -> /home/monijesu/ros2_ws/install/examples_rclpy_pointcloud_publisher/share/examples_rclpy_pointcloud_publisher
[2.722s] Invoked command in '/home/monijesu/ros2_ws/build/examples_rclpy_pointcloud_publisher' returned '0': DEBUGINFOD_URLS=https://debuginfod.ubuntu.com PYTHONPATH=/home/monijesu/ros2_ws/build/examples_rclpy_pointcloud_publisher/prefix_override:/usr/lib/python3/dist-packages/colcon_core/task/python/colcon_distutils_commands:/home/monijesu/ros2_ws/install/examples_rclpy_pointcloud_publisher/lib/python3.12/site-packages:${PYTHONPATH} /usr/bin/python3 -W ignore:setup.py install is deprecated setup.py develop --editable --build-directory /home/monijesu/ros2_ws/build/examples_rclpy_pointcloud_publisher/build --no-deps symlink_data
