[0.053s] Invoking command in '/home/monijesu/ros2_ws/build/examples_rclcpp_cbg_executor': CMAKE_PREFIX_PATH=${CMAKE_PREFIX_PATH}:/home/monijesu/ros2_ws/install/turtle_path_planner:/home/monijesu/ros2_ws/install/turtle_package:/opt/ros/rolling DEBUGINFOD_URLS=https://debuginfod.ubuntu.com /usr/bin/cmake /home/monijesu/ros2_ws/src/examples/rclcpp/executors/cbg_executor -DAMENT_CMAKE_SYMLINK_INSTALL=1 -DCMAKE_INSTALL_PREFIX=/home/monijesu/ros2_ws/install/examples_rclcpp_cbg_executor
[0.865s] -- The C compiler identification is GNU 13.2.0
[0.866s] -- The CXX compiler identification is GNU 13.2.0
[0.866s] -- Detecting C compiler ABI info
[0.866s] -- Detecting C compiler ABI info - done
[0.866s] -- Check for working C compiler: /usr/bin/cc - skipped
[0.867s] -- Detecting C compile features
[0.867s] -- Detecting C compile features - done
[0.867s] -- Detecting CXX compiler ABI info
[0.867s] -- Detecting CXX compiler ABI info - done
[0.867s] -- Check for working CXX compiler: /usr/bin/c++ - skipped
[0.867s] -- Detecting CXX compile features
[0.868s] -- Detecting CXX compile features - done
[0.868s] -- Found ament_cmake: 2.7.0 (/opt/ros/rolling/share/ament_cmake/cmake)
[0.886s] -- Found Python3: /usr/bin/python3 (found version "3.12.3") found components: Interpreter 
[1.031s] -- Override CMake install command with custom implementation using symlinks instead of copying resources
[1.066s] -- Found rclcpp: 28.3.3 (/opt/ros/rolling/share/rclcpp/cmake)
[1.139s] -- Found rosidl_generator_c: 4.8.1 (/opt/ros/rolling/share/rosidl_generator_c/cmake)
[1.167s] -- Found rosidl_generator_cpp: 4.8.1 (/opt/ros/rolling/share/rosidl_generator_cpp/cmake)
[1.200s] -- Using all available rosidl_typesupport_c: rosidl_typesupport_fastrtps_c;rosidl_typesupport_introspection_c
[1.240s] -- Using all available rosidl_typesupport_cpp: rosidl_typesupport_fastrtps_cpp;rosidl_typesupport_introspection_cpp
[1.409s] -- Found rmw_implementation_cmake: 7.4.3 (/opt/ros/rolling/share/rmw_implementation_cmake/cmake)
[1.413s] -- Found rmw_fastrtps_cpp: 9.0.1 (/opt/ros/rolling/share/rmw_fastrtps_cpp/cmake)
[1.571s] -- Found OpenSSL: /usr/lib/x86_64-linux-gnu/libcrypto.so (found version "3.0.13")  
[1.613s] -- Found FastRTPS: /opt/ros/rolling/include (Required is at least version "2.13") 
[1.663s] -- Using RMW implementation 'rmw_fastrtps_cpp' as default
[1.820s] -- Found std_msgs: 5.4.1 (/opt/ros/rolling/share/std_msgs/cmake)
[1.859s] -- Found ament_lint_auto: 0.18.1 (/opt/ros/rolling/share/ament_lint_auto/cmake)
[2.079s] -- Added test 'copyright' to check source files copyright and LICENSE
[2.082s] -- Added test 'cppcheck' to perform static code analysis on C / C++ code
[2.086s] -- Configured cppcheck include dirs: /home/monijesu/ros2_ws/src/examples/rclcpp/executors/cbg_executor/include
[2.086s] -- Configured cppcheck exclude dirs and/or files: 
[2.087s] -- Added test 'cpplint' to check C / C++ code against the Google style
[2.087s] -- Configured cpplint exclude dirs and/or files: 
[2.090s] -- Added test 'lint_cmake' to check CMake code style
[2.091s] -- Added test 'uncrustify' to check C / C++ code style
[2.091s] -- Configured uncrustify additional arguments: 
[2.093s] -- Added test 'xmllint' to check XML markup files
[2.098s] -- Configuring done (2.0s)
[2.135s] -- Generating done (0.0s)
[2.139s] -- Build files have been written to: /home/monijesu/ros2_ws/build/examples_rclcpp_cbg_executor
[2.172s] Invoked command in '/home/monijesu/ros2_ws/build/examples_rclcpp_cbg_executor' returned '0': CMAKE_PREFIX_PATH=${CMAKE_PREFIX_PATH}:/home/monijesu/ros2_ws/install/turtle_path_planner:/home/monijesu/ros2_ws/install/turtle_package:/opt/ros/rolling DEBUGINFOD_URLS=https://debuginfod.ubuntu.com /usr/bin/cmake /home/monijesu/ros2_ws/src/examples/rclcpp/executors/cbg_executor -DAMENT_CMAKE_SYMLINK_INSTALL=1 -DCMAKE_INSTALL_PREFIX=/home/monijesu/ros2_ws/install/examples_rclcpp_cbg_executor
[2.173s] Invoking command in '/home/monijesu/ros2_ws/build/examples_rclcpp_cbg_executor': CMAKE_PREFIX_PATH=${CMAKE_PREFIX_PATH}:/home/monijesu/ros2_ws/install/turtle_path_planner:/home/monijesu/ros2_ws/install/turtle_package:/opt/ros/rolling DEBUGINFOD_URLS=https://debuginfod.ubuntu.com /usr/bin/cmake --build /home/monijesu/ros2_ws/build/examples_rclcpp_cbg_executor -- -j16 -l16
[2.266s] [ 10%] [32mBuilding CXX object CMakeFiles/ping.dir/src/ping.cpp.o[0m
[2.266s] [ 20%] [32mBuilding CXX object CMakeFiles/pong.dir/src/pong.cpp.o[0m
[2.277s] [ 30%] [32mBuilding CXX object CMakeFiles/ping.dir/src/examples_rclcpp_cbg_executor/ping_node.cpp.o[0m
[2.281s] [ 40%] [32mBuilding CXX object CMakeFiles/ping_pong.dir/src/examples_rclcpp_cbg_executor/pong_node.cpp.o[0m
[2.282s] [ 50%] [32mBuilding CXX object CMakeFiles/pong.dir/src/examples_rclcpp_cbg_executor/pong_node.cpp.o[0m
[2.284s] [ 60%] [32mBuilding CXX object CMakeFiles/ping_pong.dir/src/examples_rclcpp_cbg_executor/ping_node.cpp.o[0m
[2.298s] [ 70%] [32mBuilding CXX object CMakeFiles/ping_pong.dir/src/ping_pong.cpp.o[0m
[41.733s] [ 80%] [32m[1mLinking CXX executable ping[0m
[42.413s] [ 80%] Built target ping
[44.287s] [ 90%] [32m[1mLinking CXX executable pong[0m
[44.721s] [ 90%] Built target pong
[45.681s] [100%] [32m[1mLinking CXX executable ping_pong[0m
[46.058s] [100%] Built target ping_pong
