[0.050s] Invoking command in '/home/monijesu/ros2_ws/build/examples_rclcpp_minimal_action_server': CMAKE_PREFIX_PATH=${CMAKE_PREFIX_PATH}:/home/monijesu/ros2_ws/install/turtle_path_planner:/home/monijesu/ros2_ws/install/turtle_package:/opt/ros/rolling DEBUGINFOD_URLS=https://debuginfod.ubuntu.com /usr/bin/cmake /home/monijesu/ros2_ws/src/examples/rclcpp/actions/minimal_action_server -DAMENT_CMAKE_SYMLINK_INSTALL=1 -DCMAKE_INSTALL_PREFIX=/home/monijesu/ros2_ws/install/examples_rclcpp_minimal_action_server
[0.866s] -- The C compiler identification is GNU 13.2.0
[0.867s] -- The CXX compiler identification is GNU 13.2.0
[0.867s] -- Detecting C compiler ABI info
[0.867s] -- Detecting C compiler ABI info - done
[0.867s] -- Check for working C compiler: /usr/bin/cc - skipped
[0.867s] -- Detecting C compile features
[0.867s] -- Detecting C compile features - done
[0.867s] -- Detecting CXX compiler ABI info
[0.868s] -- Detecting CXX compiler ABI info - done
[0.868s] -- Check for working CXX compiler: /usr/bin/c++ - skipped
[0.868s] -- Detecting CXX compile features
[0.868s] -- Detecting CXX compile features - done
[0.868s] -- Found ament_cmake: 2.7.0 (/opt/ros/rolling/share/ament_cmake/cmake)
[0.879s] -- Found Python3: /usr/bin/python3 (found version "3.12.3") found components: Interpreter 
[1.020s] -- Override CMake install command with custom implementation using symlinks instead of copying resources
[1.062s] -- Found example_interfaces: 0.13.0 (/opt/ros/rolling/share/example_interfaces/cmake)
[1.136s] -- Found rosidl_generator_c: 4.8.1 (/opt/ros/rolling/share/rosidl_generator_c/cmake)
[1.164s] -- Found rosidl_generator_cpp: 4.8.1 (/opt/ros/rolling/share/rosidl_generator_cpp/cmake)
[1.199s] -- Using all available rosidl_typesupport_c: rosidl_typesupport_fastrtps_c;rosidl_typesupport_introspection_c
[1.243s] -- Using all available rosidl_typesupport_cpp: rosidl_typesupport_fastrtps_cpp;rosidl_typesupport_introspection_cpp
[1.441s] -- Found rclcpp: 28.3.3 (/opt/ros/rolling/share/rclcpp/cmake)
[1.544s] -- Found rmw_implementation_cmake: 7.4.3 (/opt/ros/rolling/share/rmw_implementation_cmake/cmake)
[1.550s] -- Found rmw_fastrtps_cpp: 9.0.1 (/opt/ros/rolling/share/rmw_fastrtps_cpp/cmake)
[1.710s] -- Found OpenSSL: /usr/lib/x86_64-linux-gnu/libcrypto.so (found version "3.0.13")  
[1.750s] -- Found FastRTPS: /opt/ros/rolling/include (Required is at least version "2.13") 
[1.797s] -- Using RMW implementation 'rmw_fastrtps_cpp' as default
[1.950s] -- Found rclcpp_action: 28.3.3 (/opt/ros/rolling/share/rclcpp_action/cmake)
[1.984s] -- Found ament_lint_auto: 0.18.1 (/opt/ros/rolling/share/ament_lint_auto/cmake)
[2.230s] -- Added test 'copyright' to check source files copyright and LICENSE
[2.231s] -- Added test 'cppcheck' to perform static code analysis on C / C++ code
[2.231s] -- Configured cppcheck include dirs: 
[2.231s] -- Configured cppcheck exclude dirs and/or files: 
[2.233s] -- Added test 'cpplint' to check C / C++ code against the Google style
[2.233s] -- Configured cpplint exclude dirs and/or files: 
[2.236s] -- Added test 'lint_cmake' to check CMake code style
[2.236s] -- Added test 'uncrustify' to check C / C++ code style
[2.236s] -- Configured uncrustify additional arguments: 
[2.242s] -- Added test 'xmllint' to check XML markup files
[2.242s] -- Configuring done (2.2s)
[2.273s] -- Generating done (0.0s)
[2.277s] -- Build files have been written to: /home/monijesu/ros2_ws/build/examples_rclcpp_minimal_action_server
[2.301s] Invoked command in '/home/monijesu/ros2_ws/build/examples_rclcpp_minimal_action_server' returned '0': CMAKE_PREFIX_PATH=${CMAKE_PREFIX_PATH}:/home/monijesu/ros2_ws/install/turtle_path_planner:/home/monijesu/ros2_ws/install/turtle_package:/opt/ros/rolling DEBUGINFOD_URLS=https://debuginfod.ubuntu.com /usr/bin/cmake /home/monijesu/ros2_ws/src/examples/rclcpp/actions/minimal_action_server -DAMENT_CMAKE_SYMLINK_INSTALL=1 -DCMAKE_INSTALL_PREFIX=/home/monijesu/ros2_ws/install/examples_rclcpp_minimal_action_server
[2.302s] Invoking command in '/home/monijesu/ros2_ws/build/examples_rclcpp_minimal_action_server': CMAKE_PREFIX_PATH=${CMAKE_PREFIX_PATH}:/home/monijesu/ros2_ws/install/turtle_path_planner:/home/monijesu/ros2_ws/install/turtle_package:/opt/ros/rolling DEBUGINFOD_URLS=https://debuginfod.ubuntu.com /usr/bin/cmake --build /home/monijesu/ros2_ws/build/examples_rclcpp_minimal_action_server -- -j16 -l16
[2.518s] [ 25%] [32mBuilding CXX object CMakeFiles/action_server_member_functions.dir/member_functions.cpp.o[0m
[2.552s] [ 50%] [32mBuilding CXX object CMakeFiles/action_server_not_composable.dir/not_composable.cpp.o[0m
[33.823s] [ 75%] [32m[1mLinking CXX executable action_server_member_functions[0m
[33.949s] [100%] [32m[1mLinking CXX executable action_server_not_composable[0m
[34.212s] [100%] Built target action_server_member_functions
[34.657s] [100%] Built target action_server_not_composable
