running develop
Removing /home/monijesu/ros2_ws/install/turtle_path_planner/lib/python3.12/site-packages/turtle-path-planner.egg-link (link to .)
running egg_info
writing ../../build/turtle_path_planner/turtle_path_planner.egg-info/PKG-INFO
writing dependency_links to ../../build/turtle_path_planner/turtle_path_planner.egg-info/dependency_links.txt
writing entry points to ../../build/turtle_path_planner/turtle_path_planner.egg-info/entry_points.txt
writing requirements to ../../build/turtle_path_planner/turtle_path_planner.egg-info/requires.txt
writing top-level names to ../../build/turtle_path_planner/turtle_path_planner.egg-info/top_level.txt
reading manifest file '../../build/turtle_path_planner/turtle_path_planner.egg-info/SOURCES.txt'
writing manifest file '../../build/turtle_path_planner/turtle_path_planner.egg-info/SOURCES.txt'
running build
running build_py
creating /home/monijesu/ros2_ws/build/turtle_path_planner/build
creating /home/monijesu/ros2_ws/build/turtle_path_planner/build/lib
creating /home/monijesu/ros2_ws/build/turtle_path_planner/build/lib/turtle_path_planner
copying turtle_path_planner/path_planner_prob.py -> /home/monijesu/ros2_ws/build/turtle_path_planner/build/lib/turtle_path_planner
copying turtle_path_planner/__init__.py -> /home/monijesu/ros2_ws/build/turtle_path_planner/build/lib/turtle_path_planner
copying turtle_path_planner/path_planner.py -> /home/monijesu/ros2_ws/build/turtle_path_planner/build/lib/turtle_path_planner
running install
running install_lib
creating /home/monijesu/ros2_ws/install/turtle_path_planner/lib/python3.12/site-packages/turtle_path_planner
copying /home/monijesu/ros2_ws/build/turtle_path_planner/build/lib/turtle_path_planner/path_planner_prob.py -> /home/monijesu/ros2_ws/install/turtle_path_planner/lib/python3.12/site-packages/turtle_path_planner
copying /home/monijesu/ros2_ws/build/turtle_path_planner/build/lib/turtle_path_planner/__init__.py -> /home/monijesu/ros2_ws/install/turtle_path_planner/lib/python3.12/site-packages/turtle_path_planner
copying /home/monijesu/ros2_ws/build/turtle_path_planner/build/lib/turtle_path_planner/path_planner.py -> /home/monijesu/ros2_ws/install/turtle_path_planner/lib/python3.12/site-packages/turtle_path_planner
byte-compiling /home/monijesu/ros2_ws/install/turtle_path_planner/lib/python3.12/site-packages/turtle_path_planner/path_planner_prob.py to path_planner_prob.cpython-312.pyc
byte-compiling /home/monijesu/ros2_ws/install/turtle_path_planner/lib/python3.12/site-packages/turtle_path_planner/__init__.py to __init__.cpython-312.pyc
byte-compiling /home/monijesu/ros2_ws/install/turtle_path_planner/lib/python3.12/site-packages/turtle_path_planner/path_planner.py to path_planner.cpython-312.pyc
running install_data
copying package.xml -> /home/monijesu/ros2_ws/install/turtle_path_planner/share/turtle_path_planner
copying launch/path_planner_launch.py -> /home/monijesu/ros2_ws/install/turtle_path_planner/share/turtle_path_planner/launch
running install_egg_info
Copying ../../build/turtle_path_planner/turtle_path_planner.egg-info to /home/monijesu/ros2_ws/install/turtle_path_planner/lib/python3.12/site-packages/turtle_path_planner-0.0.0-py3.12.egg-info
running install_scripts
Installing path_planner script to /home/monijesu/ros2_ws/install/turtle_path_planner/lib/turtle_path_planner
writing list of installed files to '/home/monijesu/ros2_ws/build/turtle_path_planner/install.log'
