[1.113s] Invoking command in '/home/monijesu/ros2_ws/build/turtle_path_planner': DEBUGINFOD_URLS=https://debuginfod.ubuntu.com PYTHONPATH=/home/monijesu/ros2_ws/build/turtle_path_planner/prefix_override:/usr/lib/python3/dist-packages/colcon_core/task/python/colcon_distutils_commands:/home/monijesu/ros2_ws/install/turtle_path_planner/lib/python3.12/site-packages:${PYTHONPATH} /usr/bin/python3 -W ignore:setup.py install is deprecated setup.py develop --uninstall --editable --build-directory /home/monijesu/ros2_ws/build/turtle_path_planner/build
[1.405s] running develop
[1.405s] /usr/lib/python3/dist-packages/setuptools/command/develop.py:40: EasyInstallDeprecationWarning: easy_install command is deprecated.
[1.405s] !!
[1.405s] 
[1.405s]         ********************************************************************************
[1.405s]         Please avoid running ``setup.py`` and ``easy_install``.
[1.405s]         Instead, use pypa/build, pypa/installer or other
[1.405s]         standards-based tools.
[1.406s] 
[1.406s]         See https://github.com/pypa/setuptools/issues/917 for details.
[1.406s]         ********************************************************************************
[1.406s] 
[1.406s] !!
[1.406s]   easy_install.initialize_options(self)
[1.595s] Removing /home/monijesu/ros2_ws/install/turtle_path_planner/lib/python3.12/site-packages/turtle-path-planner.egg-link (link to .)
[1.623s] Invoked command in '/home/monijesu/ros2_ws/build/turtle_path_planner' returned '0': DEBUGINFOD_URLS=https://debuginfod.ubuntu.com PYTHONPATH=/home/monijesu/ros2_ws/build/turtle_path_planner/prefix_override:/usr/lib/python3/dist-packages/colcon_core/task/python/colcon_distutils_commands:/home/monijesu/ros2_ws/install/turtle_path_planner/lib/python3.12/site-packages:${PYTHONPATH} /usr/bin/python3 -W ignore:setup.py install is deprecated setup.py develop --uninstall --editable --build-directory /home/monijesu/ros2_ws/build/turtle_path_planner/build
[1.624s] Invoking command in '/home/monijesu/ros2_ws/src/turtle_path_planner': DEBUGINFOD_URLS=https://debuginfod.ubuntu.com PYTHONPATH=/home/monijesu/ros2_ws/build/turtle_path_planner/prefix_override:/usr/lib/python3/dist-packages/colcon_core/task/python/colcon_distutils_commands:/home/monijesu/ros2_ws/install/turtle_path_planner/lib/python3.12/site-packages:${PYTHONPATH} /usr/bin/python3 -W ignore:setup.py install is deprecated setup.py egg_info --egg-base ../../build/turtle_path_planner build --build-base /home/monijesu/ros2_ws/build/turtle_path_planner/build install --record /home/monijesu/ros2_ws/build/turtle_path_planner/install.log --single-version-externally-managed install_data --force
[1.880s] running egg_info
[1.897s] writing ../../build/turtle_path_planner/turtle_path_planner.egg-info/PKG-INFO
[1.898s] writing dependency_links to ../../build/turtle_path_planner/turtle_path_planner.egg-info/dependency_links.txt
[1.898s] writing entry points to ../../build/turtle_path_planner/turtle_path_planner.egg-info/entry_points.txt
[1.898s] writing requirements to ../../build/turtle_path_planner/turtle_path_planner.egg-info/requires.txt
[1.898s] writing top-level names to ../../build/turtle_path_planner/turtle_path_planner.egg-info/top_level.txt
[1.933s] reading manifest file '../../build/turtle_path_planner/turtle_path_planner.egg-info/SOURCES.txt'
[1.934s] writing manifest file '../../build/turtle_path_planner/turtle_path_planner.egg-info/SOURCES.txt'
[1.934s] running build
[1.935s] running build_py
[1.935s] creating /home/monijesu/ros2_ws/build/turtle_path_planner/build
[1.935s] creating /home/monijesu/ros2_ws/build/turtle_path_planner/build/lib
[1.935s] creating /home/monijesu/ros2_ws/build/turtle_path_planner/build/lib/turtle_path_planner
[1.935s] copying turtle_path_planner/path_planner_prob.py -> /home/monijesu/ros2_ws/build/turtle_path_planner/build/lib/turtle_path_planner
[1.935s] copying turtle_path_planner/__init__.py -> /home/monijesu/ros2_ws/build/turtle_path_planner/build/lib/turtle_path_planner
[1.935s] copying turtle_path_planner/path_planner.py -> /home/monijesu/ros2_ws/build/turtle_path_planner/build/lib/turtle_path_planner
[1.935s] running install
[1.941s] running install_lib
[1.960s] creating /home/monijesu/ros2_ws/install/turtle_path_planner/lib/python3.12/site-packages/turtle_path_planner
[1.960s] copying /home/monijesu/ros2_ws/build/turtle_path_planner/build/lib/turtle_path_planner/path_planner_prob.py -> /home/monijesu/ros2_ws/install/turtle_path_planner/lib/python3.12/site-packages/turtle_path_planner
[1.960s] copying /home/monijesu/ros2_ws/build/turtle_path_planner/build/lib/turtle_path_planner/__init__.py -> /home/monijesu/ros2_ws/install/turtle_path_planner/lib/python3.12/site-packages/turtle_path_planner
[1.961s] copying /home/monijesu/ros2_ws/build/turtle_path_planner/build/lib/turtle_path_planner/path_planner.py -> /home/monijesu/ros2_ws/install/turtle_path_planner/lib/python3.12/site-packages/turtle_path_planner
[1.961s] byte-compiling /home/monijesu/ros2_ws/install/turtle_path_planner/lib/python3.12/site-packages/turtle_path_planner/path_planner_prob.py to path_planner_prob.cpython-312.pyc
[1.962s] byte-compiling /home/monijesu/ros2_ws/install/turtle_path_planner/lib/python3.12/site-packages/turtle_path_planner/__init__.py to __init__.cpython-312.pyc
[1.962s] byte-compiling /home/monijesu/ros2_ws/install/turtle_path_planner/lib/python3.12/site-packages/turtle_path_planner/path_planner.py to path_planner.cpython-312.pyc
[1.963s] running install_data
[1.963s] copying package.xml -> /home/monijesu/ros2_ws/install/turtle_path_planner/share/turtle_path_planner
[1.964s] copying launch/path_planner_launch.py -> /home/monijesu/ros2_ws/install/turtle_path_planner/share/turtle_path_planner/launch
[1.964s] running install_egg_info
[1.983s] Copying ../../build/turtle_path_planner/turtle_path_planner.egg-info to /home/monijesu/ros2_ws/install/turtle_path_planner/lib/python3.12/site-packages/turtle_path_planner-0.0.0-py3.12.egg-info
[1.984s] running install_scripts
[2.103s] Installing path_planner script to /home/monijesu/ros2_ws/install/turtle_path_planner/lib/turtle_path_planner
[2.103s] writing list of installed files to '/home/monijesu/ros2_ws/build/turtle_path_planner/install.log'
[2.129s] Invoked command in '/home/monijesu/ros2_ws/src/turtle_path_planner' returned '0': DEBUGINFOD_URLS=https://debuginfod.ubuntu.com PYTHONPATH=/home/monijesu/ros2_ws/build/turtle_path_planner/prefix_override:/usr/lib/python3/dist-packages/colcon_core/task/python/colcon_distutils_commands:/home/monijesu/ros2_ws/install/turtle_path_planner/lib/python3.12/site-packages:${PYTHONPATH} /usr/bin/python3 -W ignore:setup.py install is deprecated setup.py egg_info --egg-base ../../build/turtle_path_planner build --build-base /home/monijesu/ros2_ws/build/turtle_path_planner/build install --record /home/monijesu/ros2_ws/build/turtle_path_planner/install.log --single-version-externally-managed install_data --force
