[0.070s] Invoking command in '/home/monijesu/ros2_ws/build/examples_rclcpp_minimal_timer': CMAKE_PREFIX_PATH=${CMAKE_PREFIX_PATH}:/home/monijesu/ros2_ws/install/turtle_path_planner:/home/monijesu/ros2_ws/install/launch_testing_examples:/home/monijesu/ros2_ws/install/examples_rclpy_pointcloud_publisher:/home/monijesu/ros2_ws/install/examples_rclpy_minimal_subscriber:/home/monijesu/ros2_ws/install/examples_rclpy_minimal_service:/home/monijesu/ros2_ws/install/examples_rclpy_minimal_publisher:/home/monijesu/ros2_ws/install/examples_rclpy_minimal_client:/home/monijesu/ros2_ws/install/examples_rclpy_minimal_action_server:/home/monijesu/ros2_ws/install/examples_rclpy_guard_conditions:/home/monijesu/ros2_ws/install/examples_rclpy_executors:/home/monijesu/ros2_ws/install/examples_rclpy_minimal_action_client:/opt/ros/rolling DEBUGINFOD_URLS=https://debuginfod.ubuntu.com /usr/bin/cmake --build /home/monijesu/ros2_ws/build/examples_rclcpp_minimal_timer -- -j16 -l16
[0.714s] [ 50%] Built target timer_member_function
[0.714s] [100%] Built target timer_lambda
[0.976s] Invoked command in '/home/monijesu/ros2_ws/build/examples_rclcpp_minimal_timer' returned '0': CMAKE_PREFIX_PATH=${CMAKE_PREFIX_PATH}:/home/monijesu/ros2_ws/install/turtle_path_planner:/home/monijesu/ros2_ws/install/launch_testing_examples:/home/monijesu/ros2_ws/install/examples_rclpy_pointcloud_publisher:/home/monijesu/ros2_ws/install/examples_rclpy_minimal_subscriber:/home/monijesu/ros2_ws/install/examples_rclpy_minimal_service:/home/monijesu/ros2_ws/install/examples_rclpy_minimal_publisher:/home/monijesu/ros2_ws/install/examples_rclpy_minimal_client:/home/monijesu/ros2_ws/install/examples_rclpy_minimal_action_server:/home/monijesu/ros2_ws/install/examples_rclpy_guard_conditions:/home/monijesu/ros2_ws/install/examples_rclpy_executors:/home/monijesu/ros2_ws/install/examples_rclpy_minimal_action_client:/opt/ros/rolling DEBUGINFOD_URLS=https://debuginfod.ubuntu.com /usr/bin/cmake --build /home/monijesu/ros2_ws/build/examples_rclcpp_minimal_timer -- -j16 -l16
[1.054s] Invoking command in '/home/monijesu/ros2_ws/build/examples_rclcpp_minimal_timer': CMAKE_PREFIX_PATH=${CMAKE_PREFIX_PATH}:/home/monijesu/ros2_ws/install/turtle_path_planner:/home/monijesu/ros2_ws/install/launch_testing_examples:/home/monijesu/ros2_ws/install/examples_rclpy_pointcloud_publisher:/home/monijesu/ros2_ws/install/examples_rclpy_minimal_subscriber:/home/monijesu/ros2_ws/install/examples_rclpy_minimal_service:/home/monijesu/ros2_ws/install/examples_rclpy_minimal_publisher:/home/monijesu/ros2_ws/install/examples_rclpy_minimal_client:/home/monijesu/ros2_ws/install/examples_rclpy_minimal_action_server:/home/monijesu/ros2_ws/install/examples_rclpy_guard_conditions:/home/monijesu/ros2_ws/install/examples_rclpy_executors:/home/monijesu/ros2_ws/install/examples_rclpy_minimal_action_client:/opt/ros/rolling DEBUGINFOD_URLS=https://debuginfod.ubuntu.com /usr/bin/cmake --install /home/monijesu/ros2_ws/build/examples_rclcpp_minimal_timer
[1.081s] -- Install configuration: ""
[1.082s] -- Execute custom install script
[1.082s] -- Up-to-date symlink: /home/monijesu/ros2_ws/install/examples_rclcpp_minimal_timer/lib/examples_rclcpp_minimal_timer/timer_lambda
[1.082s] -- Up-to-date symlink: /home/monijesu/ros2_ws/install/examples_rclcpp_minimal_timer/lib/examples_rclcpp_minimal_timer/timer_member_function
[1.082s] -- Up-to-date symlink: /home/monijesu/ros2_ws/install/examples_rclcpp_minimal_timer/share/ament_index/resource_index/package_run_dependencies/examples_rclcpp_minimal_timer
[1.082s] -- Up-to-date symlink: /home/monijesu/ros2_ws/install/examples_rclcpp_minimal_timer/share/ament_index/resource_index/parent_prefix_path/examples_rclcpp_minimal_timer
[1.083s] -- Up-to-date symlink: /home/monijesu/ros2_ws/install/examples_rclcpp_minimal_timer/share/examples_rclcpp_minimal_timer/environment/ament_prefix_path.sh
[1.083s] -- Up-to-date symlink: /home/monijesu/ros2_ws/install/examples_rclcpp_minimal_timer/share/examples_rclcpp_minimal_timer/environment/ament_prefix_path.dsv
[1.083s] -- Up-to-date symlink: /home/monijesu/ros2_ws/install/examples_rclcpp_minimal_timer/share/examples_rclcpp_minimal_timer/environment/path.sh
[1.083s] -- Up-to-date symlink: /home/monijesu/ros2_ws/install/examples_rclcpp_minimal_timer/share/examples_rclcpp_minimal_timer/environment/path.dsv
[1.083s] -- Up-to-date symlink: /home/monijesu/ros2_ws/install/examples_rclcpp_minimal_timer/share/examples_rclcpp_minimal_timer/local_setup.bash
[1.083s] -- Up-to-date symlink: /home/monijesu/ros2_ws/install/examples_rclcpp_minimal_timer/share/examples_rclcpp_minimal_timer/local_setup.sh
[1.083s] -- Up-to-date symlink: /home/monijesu/ros2_ws/install/examples_rclcpp_minimal_timer/share/examples_rclcpp_minimal_timer/local_setup.zsh
[1.083s] -- Up-to-date symlink: /home/monijesu/ros2_ws/install/examples_rclcpp_minimal_timer/share/examples_rclcpp_minimal_timer/local_setup.dsv
[1.083s] -- Symlinking: /home/monijesu/ros2_ws/install/examples_rclcpp_minimal_timer/share/examples_rclcpp_minimal_timer/package.dsv
[1.086s] -- Up-to-date symlink: /home/monijesu/ros2_ws/install/examples_rclcpp_minimal_timer/share/ament_index/resource_index/packages/examples_rclcpp_minimal_timer
[1.086s] -- Up-to-date symlink: /home/monijesu/ros2_ws/install/examples_rclcpp_minimal_timer/share/examples_rclcpp_minimal_timer/cmake/examples_rclcpp_minimal_timerConfig.cmake
[1.086s] -- Up-to-date symlink: /home/monijesu/ros2_ws/install/examples_rclcpp_minimal_timer/share/examples_rclcpp_minimal_timer/cmake/examples_rclcpp_minimal_timerConfig-version.cmake
[1.086s] -- Up-to-date symlink: /home/monijesu/ros2_ws/install/examples_rclcpp_minimal_timer/share/examples_rclcpp_minimal_timer/package.xml
[1.197s] Invoked command in '/home/monijesu/ros2_ws/build/examples_rclcpp_minimal_timer' returned '0': CMAKE_PREFIX_PATH=${CMAKE_PREFIX_PATH}:/home/monijesu/ros2_ws/install/turtle_path_planner:/home/monijesu/ros2_ws/install/launch_testing_examples:/home/monijesu/ros2_ws/install/examples_rclpy_pointcloud_publisher:/home/monijesu/ros2_ws/install/examples_rclpy_minimal_subscriber:/home/monijesu/ros2_ws/install/examples_rclpy_minimal_service:/home/monijesu/ros2_ws/install/examples_rclpy_minimal_publisher:/home/monijesu/ros2_ws/install/examples_rclpy_minimal_client:/home/monijesu/ros2_ws/install/examples_rclpy_minimal_action_server:/home/monijesu/ros2_ws/install/examples_rclpy_guard_conditions:/home/monijesu/ros2_ws/install/examples_rclpy_executors:/home/monijesu/ros2_ws/install/examples_rclpy_minimal_action_client:/opt/ros/rolling DEBUGINFOD_URLS=https://debuginfod.ubuntu.com /usr/bin/cmake --install /home/monijesu/ros2_ws/build/examples_rclcpp_minimal_timer
