-- Found ament_cmake: 2.7.0 (/opt/ros/rolling/share/ament_cmake/cmake)
-- Found Python3: /usr/bin/python3 (found version "3.12.3") found components: Interpreter 
-- Found builtin_interfaces: 2.2.0 (/opt/ros/rolling/share/builtin_interfaces/cmake)
-- Found rosidl_generator_c: 4.8.1 (/opt/ros/rolling/share/rosidl_generator_c/cmake)
-- Found rosidl_generator_cpp: 4.8.1 (/opt/ros/rolling/share/rosidl_generator_cpp/cmake)
-- Using all available rosidl_typesupport_c: rosidl_typesupport_fastrtps_c;rosidl_typesupport_introspection_c
-- Using all available rosidl_typesupport_cpp: rosidl_typesupport_fastrtps_cpp;rosidl_typesupport_introspection_cpp
[31mCMake Error at CMakeLists.txt:16 (find_package):
  By not providing "Findrosidl_default_generators.cmake" in CMAKE_MODULE_PATH
  this project has asked CMake to find a package configuration file provided
  by "rosidl_default_generators", but CMake did not find one.

  Could not find a package configuration file provided by
  "rosidl_default_generators" with any of the following names:

    rosidl_default_generatorsConfig.cmake
    rosidl_default_generators-config.cmake

  Add the installation prefix of "rosidl_default_generators" to
  CMAKE_PREFIX_PATH or set "rosidl_default_generators_DIR" to a directory
  containing one of the above files.  If "rosidl_default_generators" provides
  a separate development package or SDK, be sure it has been installed.

[0m
-- Configuring incomplete, errors occurred!
gmake: *** [Makefile:2705: cmake_check_build_system] Error 1
