[2.017s] Invoking command in '/home/monijesu/ros2_ws/build/examples_rclpy_minimal_action_server': DEBUGINFOD_URLS=https://debuginfod.ubuntu.com PYTHONPATH=/home/monijesu/ros2_ws/build/examples_rclpy_minimal_action_server/prefix_override:/usr/lib/python3/dist-packages/colcon_core/task/python/colcon_distutils_commands:/home/monijesu/ros2_ws/install/examples_rclpy_minimal_action_server/lib/python3.12/site-packages:${PYTHONPATH} /usr/bin/python3 -W ignore:setup.py install is deprecated setup.py develop --editable --build-directory /home/monijesu/ros2_ws/build/examples_rclpy_minimal_action_server/build --no-deps symlink_data
[2.319s] running develop
[2.319s] /usr/lib/python3/dist-packages/setuptools/command/develop.py:40: EasyInstallDeprecationWarning: easy_install command is deprecated.
[2.320s] !!
[2.320s] 
[2.320s]         ********************************************************************************
[2.320s]         Please avoid running ``setup.py`` and ``easy_install``.
[2.320s]         Instead, use pypa/build, pypa/installer or other
[2.320s]         standards-based tools.
[2.320s] 
[2.320s]         See https://github.com/pypa/setuptools/issues/917 for details.
[2.320s]         ********************************************************************************
[2.321s] 
[2.321s] !!
[2.321s]   easy_install.initialize_options(self)
[2.505s] running egg_info
[2.522s] writing examples_rclpy_minimal_action_server.egg-info/PKG-INFO
[2.522s] writing dependency_links to examples_rclpy_minimal_action_server.egg-info/dependency_links.txt
[2.523s] writing entry points to examples_rclpy_minimal_action_server.egg-info/entry_points.txt
[2.523s] writing requirements to examples_rclpy_minimal_action_server.egg-info/requires.txt
[2.523s] writing top-level names to examples_rclpy_minimal_action_server.egg-info/top_level.txt
[2.557s] reading manifest file 'examples_rclpy_minimal_action_server.egg-info/SOURCES.txt'
[2.558s] writing manifest file 'examples_rclpy_minimal_action_server.egg-info/SOURCES.txt'
[2.575s] running build_ext
[2.575s] Creating /home/monijesu/ros2_ws/install/examples_rclpy_minimal_action_server/lib/python3.12/site-packages/examples-rclpy-minimal-action-server.egg-link (link to .)
[2.576s] Installing server script to /home/monijesu/ros2_ws/install/examples_rclpy_minimal_action_server/lib/examples_rclpy_minimal_action_server
[2.576s] Installing server_defer script to /home/monijesu/ros2_ws/install/examples_rclpy_minimal_action_server/lib/examples_rclpy_minimal_action_server
[2.576s] Installing server_not_composable script to /home/monijesu/ros2_ws/install/examples_rclpy_minimal_action_server/lib/examples_rclpy_minimal_action_server
[2.576s] Installing server_queue_goals script to /home/monijesu/ros2_ws/install/examples_rclpy_minimal_action_server/lib/examples_rclpy_minimal_action_server
[2.576s] Installing server_single_goal script to /home/monijesu/ros2_ws/install/examples_rclpy_minimal_action_server/lib/examples_rclpy_minimal_action_server
[2.576s] 
[2.576s] Installed /home/monijesu/ros2_ws/build/examples_rclpy_minimal_action_server
[2.576s] running symlink_data
[2.602s] Invoked command in '/home/monijesu/ros2_ws/build/examples_rclpy_minimal_action_server' returned '0': DEBUGINFOD_URLS=https://debuginfod.ubuntu.com PYTHONPATH=/home/monijesu/ros2_ws/build/examples_rclpy_minimal_action_server/prefix_override:/usr/lib/python3/dist-packages/colcon_core/task/python/colcon_distutils_commands:/home/monijesu/ros2_ws/install/examples_rclpy_minimal_action_server/lib/python3.12/site-packages:${PYTHONPATH} /usr/bin/python3 -W ignore:setup.py install is deprecated setup.py develop --editable --build-directory /home/monijesu/ros2_ws/build/examples_rclpy_minimal_action_server/build --no-deps symlink_data
