[0.043s] Invoking command in '/home/monijesu/ros2_ws/build/turtlesim_msgs': CMAKE_PREFIX_PATH=${CMAKE_PREFIX_PATH}:/home/monijesu/ros2_ws/install/examples_rclpy_minimal_action_client:/opt/ros/rolling DEBUGINFOD_URLS=https://debuginfod.ubuntu.com /usr/bin/cmake /home/monijesu/ros2_ws/src/ros_tutorials/turtlesim_msgs -DCMAKE_INSTALL_PREFIX=/home/monijesu/ros2_ws/install/turtlesim_msgs
[0.941s] -- Found ament_cmake: 2.7.0 (/opt/ros/rolling/share/ament_cmake/cmake)
[0.941s] -- Found Python3: /usr/bin/python3 (found version "3.12.3") found components: Interpreter 
[0.941s] -- Override CMake install command with custom implementation using symlinks instead of copying resources
[0.941s] -- Found builtin_interfaces: 2.2.0 (/opt/ros/rolling/share/builtin_interfaces/cmake)
[0.941s] -- Found rosidl_generator_c: 4.8.1 (/opt/ros/rolling/share/rosidl_generator_c/cmake)
[0.942s] -- Found rosidl_generator_cpp: 4.8.1 (/opt/ros/rolling/share/rosidl_generator_cpp/cmake)
[0.942s] -- Using all available rosidl_typesupport_c: rosidl_typesupport_fastrtps_c;rosidl_typesupport_introspection_c
[0.942s] -- Using all available rosidl_typesupport_cpp: rosidl_typesupport_fastrtps_cpp;rosidl_typesupport_introspection_cpp
[0.942s] -- Found rosidl_default_generators: 1.7.1 (/opt/ros/rolling/share/rosidl_default_generators/cmake)
[0.942s] -- Found rosidl_adapter: 4.8.1 (/opt/ros/rolling/share/rosidl_adapter/cmake)
[0.942s] -- Found ament_cmake_cppcheck: 0.18.1 (/opt/ros/rolling/share/ament_cmake_cppcheck/cmake)
[0.942s] -- Found ament_cmake_cpplint: 0.18.1 (/opt/ros/rolling/share/ament_cmake_cpplint/cmake)
[0.942s] -- Found ament_cmake_uncrustify: 0.18.1 (/opt/ros/rolling/share/ament_cmake_uncrustify/cmake)
[0.942s] -- Found ament_cmake_ros: 0.13.0 (/opt/ros/rolling/share/ament_cmake_ros/cmake)
[0.951s] -- Using all available rosidl_typesupport_c: rosidl_typesupport_fastrtps_c;rosidl_typesupport_introspection_c
[1.030s] -- Using all available rosidl_typesupport_cpp: rosidl_typesupport_fastrtps_cpp;rosidl_typesupport_introspection_cpp
[1.034s] -- Found python_cmake_module: 0.12.0 (/opt/ros/rolling/share/python_cmake_module/cmake)
[1.356s] -- Found Python3: /usr/bin/python3 (found version "3.12.3") found components: Interpreter Development NumPy Development.Module Development.Embed 
[1.369s] -- Found ament_cmake_flake8: 0.18.1 (/opt/ros/rolling/share/ament_cmake_flake8/cmake)
[1.370s] -- Found ament_cmake_pep257: 0.18.1 (/opt/ros/rolling/share/ament_cmake_pep257/cmake)
[1.377s] -- Configuring done (1.3s)
[1.419s] -- Generating done (0.0s)
[1.421s] -- Build files have been written to: /home/monijesu/ros2_ws/build/turtlesim_msgs
[2.417s] Invoked command in '/home/monijesu/ros2_ws/build/turtlesim_msgs' returned '0': CMAKE_PREFIX_PATH=${CMAKE_PREFIX_PATH}:/home/monijesu/ros2_ws/install/examples_rclpy_minimal_action_client:/opt/ros/rolling DEBUGINFOD_URLS=https://debuginfod.ubuntu.com /usr/bin/cmake /home/monijesu/ros2_ws/src/ros_tutorials/turtlesim_msgs -DCMAKE_INSTALL_PREFIX=/home/monijesu/ros2_ws/install/turtlesim_msgs
[2.417s] Invoking command in '/home/monijesu/ros2_ws/build/turtlesim_msgs': CMAKE_PREFIX_PATH=${CMAKE_PREFIX_PATH}:/home/monijesu/ros2_ws/install/examples_rclpy_minimal_action_client:/opt/ros/rolling DEBUGINFOD_URLS=https://debuginfod.ubuntu.com /usr/bin/cmake --build /home/monijesu/ros2_ws/build/turtlesim_msgs -- -j16 -l16
[2.454s] [  1%] Built target turtlesim_msgs__rosidl_generator_type_description
[2.467s] [  1%] Built target ament_cmake_python_symlink_turtlesim_msgs
[2.477s] [  1%] Built target turtlesim_msgs__cpp
[2.485s] [ 26%] Built target turtlesim_msgs__rosidl_generator_c
[2.518s] [ 36%] Built target turtlesim_msgs__rosidl_typesupport_c
[2.518s] [ 45%] Built target turtlesim_msgs__rosidl_typesupport_introspection_c
[2.522s] [ 55%] Built target turtlesim_msgs__rosidl_typesupport_introspection_cpp
[2.529s] [ 65%] Built target turtlesim_msgs__rosidl_typesupport_fastrtps_cpp
[2.531s] [ 75%] Built target turtlesim_msgs__rosidl_typesupport_fastrtps_c
[2.535s] [ 84%] Built target turtlesim_msgs__rosidl_typesupport_cpp
[2.559s] [ 84%] Built target turtlesim_msgs
[2.583s] [ 85%] Built target turtlesim_msgs__py
[2.619s] [ 94%] Built target turtlesim_msgs__rosidl_generator_py
[2.648s] [100%] Built target turtlesim_msgs_s__rosidl_typesupport_c
[2.648s] [100%] Built target turtlesim_msgs_s__rosidl_typesupport_introspection_c
[2.648s] [100%] Built target turtlesim_msgs_s__rosidl_typesupport_fastrtps_c
[2.687s] running egg_info
[2.705s] writing turtlesim_msgs.egg-info/PKG-INFO
[2.705s] writing dependency_links to turtlesim_msgs.egg-info/dependency_links.txt
[2.705s] writing top-level names to turtlesim_msgs.egg-info/top_level.txt
[2.778s] reading manifest file 'turtlesim_msgs.egg-info/SOURCES.txt'
[2.780s] writing manifest file 'turtlesim_msgs.egg-info/SOURCES.txt'
[2.810s] [100%] Built target ament_cmake_python_build_turtlesim_msgs_egg
[2.826s] Invoked command in '/home/monijesu/ros2_ws/build/turtlesim_msgs' returned '0': CMAKE_PREFIX_PATH=${CMAKE_PREFIX_PATH}:/home/monijesu/ros2_ws/install/examples_rclpy_minimal_action_client:/opt/ros/rolling DEBUGINFOD_URLS=https://debuginfod.ubuntu.com /usr/bin/cmake --build /home/monijesu/ros2_ws/build/turtlesim_msgs -- -j16 -l16
[3.043s] Invoking command in '/home/monijesu/ros2_ws/build/turtlesim_msgs': CMAKE_PREFIX_PATH=${CMAKE_PREFIX_PATH}:/home/monijesu/ros2_ws/install/examples_rclpy_minimal_action_client:/opt/ros/rolling DEBUGINFOD_URLS=https://debuginfod.ubuntu.com /usr/bin/cmake --install /home/monijesu/ros2_ws/build/turtlesim_msgs
[3.054s] -- Install configuration: ""
[3.055s] -- Execute custom install script
[3.055s] -- Up-to-date symlink: /home/monijesu/ros2_ws/install/turtlesim_msgs/share/ament_index/resource_index/rosidl_interfaces/turtlesim_msgs
[3.055s] -- Up-to-date symlink: /home/monijesu/ros2_ws/install/turtlesim_msgs/share/turtlesim_msgs/msg/Color.json
[3.055s] -- Up-to-date symlink: /home/monijesu/ros2_ws/install/turtlesim_msgs/share/turtlesim_msgs/msg/Pose.json
[3.056s] -- Up-to-date symlink: /home/monijesu/ros2_ws/install/turtlesim_msgs/share/turtlesim_msgs/action/RotateAbsolute.json
[3.056s] -- Up-to-date symlink: /home/monijesu/ros2_ws/install/turtlesim_msgs/share/turtlesim_msgs/srv/Kill.json
[3.056s] -- Up-to-date symlink: /home/monijesu/ros2_ws/install/turtlesim_msgs/share/turtlesim_msgs/srv/SetPen.json
[3.056s] -- Up-to-date symlink: /home/monijesu/ros2_ws/install/turtlesim_msgs/share/turtlesim_msgs/srv/Spawn.json
[3.057s] -- Up-to-date symlink: /home/monijesu/ros2_ws/install/turtlesim_msgs/share/turtlesim_msgs/srv/TeleportAbsolute.json
[3.057s] -- Up-to-date symlink: /home/monijesu/ros2_ws/install/turtlesim_msgs/share/turtlesim_msgs/srv/TeleportRelative.json
[3.058s] -- Up-to-date symlink: /home/monijesu/ros2_ws/install/turtlesim_msgs/include/turtlesim_msgs/turtlesim_msgs/action/detail/rotate_absolute__functions.h
[3.058s] -- Up-to-date symlink: /home/monijesu/ros2_ws/install/turtlesim_msgs/include/turtlesim_msgs/turtlesim_msgs/action/detail/rotate_absolute__struct.h
[3.058s] -- Up-to-date symlink: /home/monijesu/ros2_ws/install/turtlesim_msgs/include/turtlesim_msgs/turtlesim_msgs/action/detail/rotate_absolute__type_support.h
[3.058s] -- Up-to-date symlink: /home/monijesu/ros2_ws/install/turtlesim_msgs/include/turtlesim_msgs/turtlesim_msgs/action/rotate_absolute.h
[3.059s] -- Up-to-date symlink: /home/monijesu/ros2_ws/install/turtlesim_msgs/include/turtlesim_msgs/turtlesim_msgs/msg/color.h
[3.059s] -- Up-to-date symlink: /home/monijesu/ros2_ws/install/turtlesim_msgs/include/turtlesim_msgs/turtlesim_msgs/msg/detail/color__functions.h
[3.059s] -- Up-to-date symlink: /home/monijesu/ros2_ws/install/turtlesim_msgs/include/turtlesim_msgs/turtlesim_msgs/msg/detail/color__struct.h
[3.059s] -- Up-to-date symlink: /home/monijesu/ros2_ws/install/turtlesim_msgs/include/turtlesim_msgs/turtlesim_msgs/msg/detail/color__type_support.h
[3.059s] -- Up-to-date symlink: /home/monijesu/ros2_ws/install/turtlesim_msgs/include/turtlesim_msgs/turtlesim_msgs/msg/detail/pose__functions.h
[3.059s] -- Up-to-date symlink: /home/monijesu/ros2_ws/install/turtlesim_msgs/include/turtlesim_msgs/turtlesim_msgs/msg/detail/pose__struct.h
[3.059s] -- Up-to-date symlink: /home/monijesu/ros2_ws/install/turtlesim_msgs/include/turtlesim_msgs/turtlesim_msgs/msg/detail/pose__type_support.h
[3.060s] -- Up-to-date symlink: /home/monijesu/ros2_ws/install/turtlesim_msgs/include/turtlesim_msgs/turtlesim_msgs/msg/pose.h
[3.060s] -- Up-to-date symlink: /home/monijesu/ros2_ws/install/turtlesim_msgs/include/turtlesim_msgs/turtlesim_msgs/msg/rosidl_generator_c__visibility_control.h
[3.060s] -- Up-to-date symlink: /home/monijesu/ros2_ws/install/turtlesim_msgs/include/turtlesim_msgs/turtlesim_msgs/srv/detail/kill__functions.h
[3.060s] -- Up-to-date symlink: /home/monijesu/ros2_ws/install/turtlesim_msgs/include/turtlesim_msgs/turtlesim_msgs/srv/detail/kill__struct.h
[3.060s] -- Up-to-date symlink: /home/monijesu/ros2_ws/install/turtlesim_msgs/include/turtlesim_msgs/turtlesim_msgs/srv/detail/kill__type_support.h
[3.060s] -- Up-to-date symlink: /home/monijesu/ros2_ws/install/turtlesim_msgs/include/turtlesim_msgs/turtlesim_msgs/srv/detail/set_pen__functions.h
[3.060s] -- Up-to-date symlink: /home/monijesu/ros2_ws/install/turtlesim_msgs/include/turtlesim_msgs/turtlesim_msgs/srv/detail/set_pen__struct.h
[3.061s] -- Up-to-date symlink: /home/monijesu/ros2_ws/install/turtlesim_msgs/include/turtlesim_msgs/turtlesim_msgs/srv/detail/set_pen__type_support.h
[3.061s] -- Up-to-date symlink: /home/monijesu/ros2_ws/install/turtlesim_msgs/include/turtlesim_msgs/turtlesim_msgs/srv/detail/spawn__functions.h
[3.061s] -- Up-to-date symlink: /home/monijesu/ros2_ws/install/turtlesim_msgs/include/turtlesim_msgs/turtlesim_msgs/srv/detail/spawn__struct.h
[3.061s] -- Up-to-date symlink: /home/monijesu/ros2_ws/install/turtlesim_msgs/include/turtlesim_msgs/turtlesim_msgs/srv/detail/spawn__type_support.h
[3.061s] -- Up-to-date symlink: /home/monijesu/ros2_ws/install/turtlesim_msgs/include/turtlesim_msgs/turtlesim_msgs/srv/detail/teleport_absolute__functions.h
[3.061s] -- Up-to-date symlink: /home/monijesu/ros2_ws/install/turtlesim_msgs/include/turtlesim_msgs/turtlesim_msgs/srv/detail/teleport_absolute__struct.h
[3.062s] -- Up-to-date symlink: /home/monijesu/ros2_ws/install/turtlesim_msgs/include/turtlesim_msgs/turtlesim_msgs/srv/detail/teleport_absolute__type_support.h
[3.062s] -- Up-to-date symlink: /home/monijesu/ros2_ws/install/turtlesim_msgs/include/turtlesim_msgs/turtlesim_msgs/srv/detail/teleport_relative__functions.h
[3.062s] -- Up-to-date symlink: /home/monijesu/ros2_ws/install/turtlesim_msgs/include/turtlesim_msgs/turtlesim_msgs/srv/detail/teleport_relative__struct.h
[3.062s] -- Up-to-date symlink: /home/monijesu/ros2_ws/install/turtlesim_msgs/include/turtlesim_msgs/turtlesim_msgs/srv/detail/teleport_relative__type_support.h
[3.062s] -- Up-to-date symlink: /home/monijesu/ros2_ws/install/turtlesim_msgs/include/turtlesim_msgs/turtlesim_msgs/srv/kill.h
[3.062s] -- Up-to-date symlink: /home/monijesu/ros2_ws/install/turtlesim_msgs/include/turtlesim_msgs/turtlesim_msgs/srv/set_pen.h
[3.062s] -- Up-to-date symlink: /home/monijesu/ros2_ws/install/turtlesim_msgs/include/turtlesim_msgs/turtlesim_msgs/srv/spawn.h
[3.063s] -- Up-to-date symlink: /home/monijesu/ros2_ws/install/turtlesim_msgs/include/turtlesim_msgs/turtlesim_msgs/srv/teleport_absolute.h
[3.063s] -- Up-to-date symlink: /home/monijesu/ros2_ws/install/turtlesim_msgs/include/turtlesim_msgs/turtlesim_msgs/srv/teleport_relative.h
[3.063s] -- Up-to-date symlink: /home/monijesu/ros2_ws/install/turtlesim_msgs/share/turtlesim_msgs/environment/library_path.sh
[3.063s] -- Up-to-date symlink: /home/monijesu/ros2_ws/install/turtlesim_msgs/share/turtlesim_msgs/environment/library_path.dsv
[3.064s] -- Up-to-date symlink: /home/monijesu/ros2_ws/install/turtlesim_msgs/include/turtlesim_msgs/turtlesim_msgs/action/detail/rotate_absolute__rosidl_typesupport_fastrtps_c.h
[3.064s] -- Up-to-date symlink: /home/monijesu/ros2_ws/install/turtlesim_msgs/include/turtlesim_msgs/turtlesim_msgs/msg/detail/color__rosidl_typesupport_fastrtps_c.h
[3.064s] -- Up-to-date symlink: /home/monijesu/ros2_ws/install/turtlesim_msgs/include/turtlesim_msgs/turtlesim_msgs/msg/detail/pose__rosidl_typesupport_fastrtps_c.h
[3.065s] -- Up-to-date symlink: /home/monijesu/ros2_ws/install/turtlesim_msgs/include/turtlesim_msgs/turtlesim_msgs/msg/rosidl_typesupport_fastrtps_c__visibility_control.h
[3.065s] -- Up-to-date symlink: /home/monijesu/ros2_ws/install/turtlesim_msgs/include/turtlesim_msgs/turtlesim_msgs/srv/detail/kill__rosidl_typesupport_fastrtps_c.h
[3.065s] -- Up-to-date symlink: /home/monijesu/ros2_ws/install/turtlesim_msgs/include/turtlesim_msgs/turtlesim_msgs/srv/detail/set_pen__rosidl_typesupport_fastrtps_c.h
[3.065s] -- Up-to-date symlink: /home/monijesu/ros2_ws/install/turtlesim_msgs/include/turtlesim_msgs/turtlesim_msgs/srv/detail/spawn__rosidl_typesupport_fastrtps_c.h
[3.065s] -- Up-to-date symlink: /home/monijesu/ros2_ws/install/turtlesim_msgs/include/turtlesim_msgs/turtlesim_msgs/srv/detail/teleport_absolute__rosidl_typesupport_fastrtps_c.h
[3.065s] -- Up-to-date symlink: /home/monijesu/ros2_ws/install/turtlesim_msgs/include/turtlesim_msgs/turtlesim_msgs/srv/detail/teleport_relative__rosidl_typesupport_fastrtps_c.h
[3.066s] -- Up-to-date symlink: /home/monijesu/ros2_ws/install/turtlesim_msgs/include/turtlesim_msgs/turtlesim_msgs/action/detail/rotate_absolute__builder.hpp
[3.067s] -- Up-to-date symlink: /home/monijesu/ros2_ws/install/turtlesim_msgs/include/turtlesim_msgs/turtlesim_msgs/action/detail/rotate_absolute__struct.hpp
[3.067s] -- Up-to-date symlink: /home/monijesu/ros2_ws/install/turtlesim_msgs/include/turtlesim_msgs/turtlesim_msgs/action/detail/rotate_absolute__traits.hpp
[3.067s] -- Up-to-date symlink: /home/monijesu/ros2_ws/install/turtlesim_msgs/include/turtlesim_msgs/turtlesim_msgs/action/detail/rotate_absolute__type_support.hpp
[3.067s] -- Up-to-date symlink: /home/monijesu/ros2_ws/install/turtlesim_msgs/include/turtlesim_msgs/turtlesim_msgs/action/rotate_absolute.hpp
[3.067s] -- Up-to-date symlink: /home/monijesu/ros2_ws/install/turtlesim_msgs/include/turtlesim_msgs/turtlesim_msgs/msg/color.hpp
[3.067s] -- Up-to-date symlink: /home/monijesu/ros2_ws/install/turtlesim_msgs/include/turtlesim_msgs/turtlesim_msgs/msg/detail/color__builder.hpp
[3.068s] -- Up-to-date symlink: /home/monijesu/ros2_ws/install/turtlesim_msgs/include/turtlesim_msgs/turtlesim_msgs/msg/detail/color__struct.hpp
[3.068s] -- Up-to-date symlink: /home/monijesu/ros2_ws/install/turtlesim_msgs/include/turtlesim_msgs/turtlesim_msgs/msg/detail/color__traits.hpp
[3.068s] -- Up-to-date symlink: /home/monijesu/ros2_ws/install/turtlesim_msgs/include/turtlesim_msgs/turtlesim_msgs/msg/detail/color__type_support.hpp
[3.068s] -- Up-to-date symlink: /home/monijesu/ros2_ws/install/turtlesim_msgs/include/turtlesim_msgs/turtlesim_msgs/msg/detail/pose__builder.hpp
[3.068s] -- Up-to-date symlink: /home/monijesu/ros2_ws/install/turtlesim_msgs/include/turtlesim_msgs/turtlesim_msgs/msg/detail/pose__struct.hpp
[3.068s] -- Up-to-date symlink: /home/monijesu/ros2_ws/install/turtlesim_msgs/include/turtlesim_msgs/turtlesim_msgs/msg/detail/pose__traits.hpp
[3.068s] -- Up-to-date symlink: /home/monijesu/ros2_ws/install/turtlesim_msgs/include/turtlesim_msgs/turtlesim_msgs/msg/detail/pose__type_support.hpp
[3.069s] -- Up-to-date symlink: /home/monijesu/ros2_ws/install/turtlesim_msgs/include/turtlesim_msgs/turtlesim_msgs/msg/pose.hpp
[3.069s] -- Up-to-date symlink: /home/monijesu/ros2_ws/install/turtlesim_msgs/include/turtlesim_msgs/turtlesim_msgs/msg/rosidl_generator_cpp__visibility_control.hpp
[3.069s] -- Up-to-date symlink: /home/monijesu/ros2_ws/install/turtlesim_msgs/include/turtlesim_msgs/turtlesim_msgs/srv/detail/kill__builder.hpp
[3.069s] -- Up-to-date symlink: /home/monijesu/ros2_ws/install/turtlesim_msgs/include/turtlesim_msgs/turtlesim_msgs/srv/detail/kill__struct.hpp
[3.069s] -- Up-to-date symlink: /home/monijesu/ros2_ws/install/turtlesim_msgs/include/turtlesim_msgs/turtlesim_msgs/srv/detail/kill__traits.hpp
[3.069s] -- Up-to-date symlink: /home/monijesu/ros2_ws/install/turtlesim_msgs/include/turtlesim_msgs/turtlesim_msgs/srv/detail/kill__type_support.hpp
[3.070s] -- Up-to-date symlink: /home/monijesu/ros2_ws/install/turtlesim_msgs/include/turtlesim_msgs/turtlesim_msgs/srv/detail/set_pen__builder.hpp
[3.070s] -- Up-to-date symlink: /home/monijesu/ros2_ws/install/turtlesim_msgs/include/turtlesim_msgs/turtlesim_msgs/srv/detail/set_pen__struct.hpp
[3.070s] -- Up-to-date symlink: /home/monijesu/ros2_ws/install/turtlesim_msgs/include/turtlesim_msgs/turtlesim_msgs/srv/detail/set_pen__traits.hpp
[3.070s] -- Up-to-date symlink: /home/monijesu/ros2_ws/install/turtlesim_msgs/include/turtlesim_msgs/turtlesim_msgs/srv/detail/set_pen__type_support.hpp
[3.070s] -- Up-to-date symlink: /home/monijesu/ros2_ws/install/turtlesim_msgs/include/turtlesim_msgs/turtlesim_msgs/srv/detail/spawn__builder.hpp
[3.070s] -- Up-to-date symlink: /home/monijesu/ros2_ws/install/turtlesim_msgs/include/turtlesim_msgs/turtlesim_msgs/srv/detail/spawn__struct.hpp
[3.070s] -- Up-to-date symlink: /home/monijesu/ros2_ws/install/turtlesim_msgs/include/turtlesim_msgs/turtlesim_msgs/srv/detail/spawn__traits.hpp
[3.071s] -- Up-to-date symlink: /home/monijesu/ros2_ws/install/turtlesim_msgs/include/turtlesim_msgs/turtlesim_msgs/srv/detail/spawn__type_support.hpp
[3.071s] -- Up-to-date symlink: /home/monijesu/ros2_ws/install/turtlesim_msgs/include/turtlesim_msgs/turtlesim_msgs/srv/detail/teleport_absolute__builder.hpp
[3.071s] -- Up-to-date symlink: /home/monijesu/ros2_ws/install/turtlesim_msgs/include/turtlesim_msgs/turtlesim_msgs/srv/detail/teleport_absolute__struct.hpp
[3.071s] -- Up-to-date symlink: /home/monijesu/ros2_ws/install/turtlesim_msgs/include/turtlesim_msgs/turtlesim_msgs/srv/detail/teleport_absolute__traits.hpp
[3.071s] -- Up-to-date symlink: /home/monijesu/ros2_ws/install/turtlesim_msgs/include/turtlesim_msgs/turtlesim_msgs/srv/detail/teleport_absolute__type_support.hpp
[3.071s] -- Up-to-date symlink: /home/monijesu/ros2_ws/install/turtlesim_msgs/include/turtlesim_msgs/turtlesim_msgs/srv/detail/teleport_relative__builder.hpp
[3.072s] -- Up-to-date symlink: /home/monijesu/ros2_ws/install/turtlesim_msgs/include/turtlesim_msgs/turtlesim_msgs/srv/detail/teleport_relative__struct.hpp
[3.072s] -- Up-to-date symlink: /home/monijesu/ros2_ws/install/turtlesim_msgs/include/turtlesim_msgs/turtlesim_msgs/srv/detail/teleport_relative__traits.hpp
[3.072s] -- Up-to-date symlink: /home/monijesu/ros2_ws/install/turtlesim_msgs/include/turtlesim_msgs/turtlesim_msgs/srv/detail/teleport_relative__type_support.hpp
[3.072s] -- Up-to-date symlink: /home/monijesu/ros2_ws/install/turtlesim_msgs/include/turtlesim_msgs/turtlesim_msgs/srv/kill.hpp
[3.072s] -- Up-to-date symlink: /home/monijesu/ros2_ws/install/turtlesim_msgs/include/turtlesim_msgs/turtlesim_msgs/srv/set_pen.hpp
[3.072s] -- Up-to-date symlink: /home/monijesu/ros2_ws/install/turtlesim_msgs/include/turtlesim_msgs/turtlesim_msgs/srv/spawn.hpp
[3.072s] -- Up-to-date symlink: /home/monijesu/ros2_ws/install/turtlesim_msgs/include/turtlesim_msgs/turtlesim_msgs/srv/teleport_absolute.hpp
[3.073s] -- Up-to-date symlink: /home/monijesu/ros2_ws/install/turtlesim_msgs/include/turtlesim_msgs/turtlesim_msgs/srv/teleport_relative.hpp
[3.074s] -- Up-to-date symlink: /home/monijesu/ros2_ws/install/turtlesim_msgs/include/turtlesim_msgs/turtlesim_msgs/action/detail/rotate_absolute__rosidl_typesupport_fastrtps_cpp.hpp
[3.074s] -- Up-to-date symlink: /home/monijesu/ros2_ws/install/turtlesim_msgs/include/turtlesim_msgs/turtlesim_msgs/msg/detail/color__rosidl_typesupport_fastrtps_cpp.hpp
[3.074s] -- Up-to-date symlink: /home/monijesu/ros2_ws/install/turtlesim_msgs/include/turtlesim_msgs/turtlesim_msgs/msg/detail/pose__rosidl_typesupport_fastrtps_cpp.hpp
[3.074s] -- Up-to-date symlink: /home/monijesu/ros2_ws/install/turtlesim_msgs/include/turtlesim_msgs/turtlesim_msgs/msg/rosidl_typesupport_fastrtps_cpp__visibility_control.h
[3.074s] -- Up-to-date symlink: /home/monijesu/ros2_ws/install/turtlesim_msgs/include/turtlesim_msgs/turtlesim_msgs/srv/detail/kill__rosidl_typesupport_fastrtps_cpp.hpp
[3.074s] -- Up-to-date symlink: /home/monijesu/ros2_ws/install/turtlesim_msgs/include/turtlesim_msgs/turtlesim_msgs/srv/detail/set_pen__rosidl_typesupport_fastrtps_cpp.hpp
[3.074s] -- Up-to-date symlink: /home/monijesu/ros2_ws/install/turtlesim_msgs/include/turtlesim_msgs/turtlesim_msgs/srv/detail/spawn__rosidl_typesupport_fastrtps_cpp.hpp
[3.075s] -- Up-to-date symlink: /home/monijesu/ros2_ws/install/turtlesim_msgs/include/turtlesim_msgs/turtlesim_msgs/srv/detail/teleport_absolute__rosidl_typesupport_fastrtps_cpp.hpp
[3.075s] -- Up-to-date symlink: /home/monijesu/ros2_ws/install/turtlesim_msgs/include/turtlesim_msgs/turtlesim_msgs/srv/detail/teleport_relative__rosidl_typesupport_fastrtps_cpp.hpp
[3.075s] -- Up-to-date symlink: /home/monijesu/ros2_ws/install/turtlesim_msgs/include/turtlesim_msgs/turtlesim_msgs/action/detail/rotate_absolute__rosidl_typesupport_introspection_c.h
[3.076s] -- Up-to-date symlink: /home/monijesu/ros2_ws/install/turtlesim_msgs/include/turtlesim_msgs/turtlesim_msgs/msg/detail/color__rosidl_typesupport_introspection_c.h
[3.076s] -- Up-to-date symlink: /home/monijesu/ros2_ws/install/turtlesim_msgs/include/turtlesim_msgs/turtlesim_msgs/msg/detail/pose__rosidl_typesupport_introspection_c.h
[3.076s] -- Up-to-date symlink: /home/monijesu/ros2_ws/install/turtlesim_msgs/include/turtlesim_msgs/turtlesim_msgs/msg/rosidl_typesupport_introspection_c__visibility_control.h
[3.076s] -- Up-to-date symlink: /home/monijesu/ros2_ws/install/turtlesim_msgs/include/turtlesim_msgs/turtlesim_msgs/srv/detail/kill__rosidl_typesupport_introspection_c.h
[3.076s] -- Up-to-date symlink: /home/monijesu/ros2_ws/install/turtlesim_msgs/include/turtlesim_msgs/turtlesim_msgs/srv/detail/set_pen__rosidl_typesupport_introspection_c.h
[3.076s] -- Up-to-date symlink: /home/monijesu/ros2_ws/install/turtlesim_msgs/include/turtlesim_msgs/turtlesim_msgs/srv/detail/spawn__rosidl_typesupport_introspection_c.h
[3.076s] -- Up-to-date symlink: /home/monijesu/ros2_ws/install/turtlesim_msgs/include/turtlesim_msgs/turtlesim_msgs/srv/detail/teleport_absolute__rosidl_typesupport_introspection_c.h
[3.077s] -- Up-to-date symlink: /home/monijesu/ros2_ws/install/turtlesim_msgs/include/turtlesim_msgs/turtlesim_msgs/srv/detail/teleport_relative__rosidl_typesupport_introspection_c.h
[3.077s] -- Up-to-date symlink: /home/monijesu/ros2_ws/install/turtlesim_msgs/include/turtlesim_msgs/turtlesim_msgs/action/detail/rotate_absolute__rosidl_typesupport_introspection_cpp.hpp
[3.077s] -- Up-to-date symlink: /home/monijesu/ros2_ws/install/turtlesim_msgs/include/turtlesim_msgs/turtlesim_msgs/msg/detail/color__rosidl_typesupport_introspection_cpp.hpp
[3.078s] -- Up-to-date symlink: /home/monijesu/ros2_ws/install/turtlesim_msgs/include/turtlesim_msgs/turtlesim_msgs/msg/detail/pose__rosidl_typesupport_introspection_cpp.hpp
[3.078s] -- Up-to-date symlink: /home/monijesu/ros2_ws/install/turtlesim_msgs/include/turtlesim_msgs/turtlesim_msgs/srv/detail/kill__rosidl_typesupport_introspection_cpp.hpp
[3.078s] -- Up-to-date symlink: /home/monijesu/ros2_ws/install/turtlesim_msgs/include/turtlesim_msgs/turtlesim_msgs/srv/detail/set_pen__rosidl_typesupport_introspection_cpp.hpp
[3.078s] -- Up-to-date symlink: /home/monijesu/ros2_ws/install/turtlesim_msgs/include/turtlesim_msgs/turtlesim_msgs/srv/detail/spawn__rosidl_typesupport_introspection_cpp.hpp
[3.078s] -- Up-to-date symlink: /home/monijesu/ros2_ws/install/turtlesim_msgs/include/turtlesim_msgs/turtlesim_msgs/srv/detail/teleport_absolute__rosidl_typesupport_introspection_cpp.hpp
[3.078s] -- Up-to-date symlink: /home/monijesu/ros2_ws/install/turtlesim_msgs/include/turtlesim_msgs/turtlesim_msgs/srv/detail/teleport_relative__rosidl_typesupport_introspection_cpp.hpp
[3.078s] -- Up-to-date symlink: /home/monijesu/ros2_ws/install/turtlesim_msgs/share/turtlesim_msgs/environment/pythonpath.sh
[3.079s] -- Up-to-date symlink: /home/monijesu/ros2_ws/install/turtlesim_msgs/share/turtlesim_msgs/environment/pythonpath.dsv
[3.079s] -- Up-to-date symlink: /home/monijesu/ros2_ws/install/turtlesim_msgs/lib/python3.12/site-packages/turtlesim_msgs-1.9.2-py3.12.egg-info/PKG-INFO
[3.079s] -- Up-to-date symlink: /home/monijesu/ros2_ws/install/turtlesim_msgs/lib/python3.12/site-packages/turtlesim_msgs-1.9.2-py3.12.egg-info/SOURCES.txt
[3.080s] -- Up-to-date symlink: /home/monijesu/ros2_ws/install/turtlesim_msgs/lib/python3.12/site-packages/turtlesim_msgs-1.9.2-py3.12.egg-info/dependency_links.txt
[3.080s] -- Up-to-date symlink: /home/monijesu/ros2_ws/install/turtlesim_msgs/lib/python3.12/site-packages/turtlesim_msgs-1.9.2-py3.12.egg-info/top_level.txt
[3.081s] -- Up-to-date symlink: /home/monijesu/ros2_ws/install/turtlesim_msgs/lib/python3.12/site-packages/turtlesim_msgs/__init__.py
[3.081s] -- Up-to-date symlink: /home/monijesu/ros2_ws/install/turtlesim_msgs/lib/python3.12/site-packages/turtlesim_msgs/_turtlesim_msgs_s.ep.rosidl_typesupport_c.c
[3.081s] -- Up-to-date symlink: /home/monijesu/ros2_ws/install/turtlesim_msgs/lib/python3.12/site-packages/turtlesim_msgs/_turtlesim_msgs_s.ep.rosidl_typesupport_fastrtps_c.c
[3.081s] -- Up-to-date symlink: /home/monijesu/ros2_ws/install/turtlesim_msgs/lib/python3.12/site-packages/turtlesim_msgs/_turtlesim_msgs_s.ep.rosidl_typesupport_introspection_c.c
[3.081s] -- Up-to-date symlink: /home/monijesu/ros2_ws/install/turtlesim_msgs/lib/python3.12/site-packages/turtlesim_msgs/action/__init__.py
[3.081s] -- Up-to-date symlink: /home/monijesu/ros2_ws/install/turtlesim_msgs/lib/python3.12/site-packages/turtlesim_msgs/action/_rotate_absolute.py
[3.082s] -- Up-to-date symlink: /home/monijesu/ros2_ws/install/turtlesim_msgs/lib/python3.12/site-packages/turtlesim_msgs/action/_rotate_absolute_s.c
[3.082s] -- Up-to-date symlink: /home/monijesu/ros2_ws/install/turtlesim_msgs/lib/python3.12/site-packages/turtlesim_msgs/msg/__init__.py
[3.082s] -- Up-to-date symlink: /home/monijesu/ros2_ws/install/turtlesim_msgs/lib/python3.12/site-packages/turtlesim_msgs/msg/_color.py
[3.082s] -- Up-to-date symlink: /home/monijesu/ros2_ws/install/turtlesim_msgs/lib/python3.12/site-packages/turtlesim_msgs/msg/_color_s.c
[3.082s] -- Up-to-date symlink: /home/monijesu/ros2_ws/install/turtlesim_msgs/lib/python3.12/site-packages/turtlesim_msgs/msg/_pose.py
[3.082s] -- Up-to-date symlink: /home/monijesu/ros2_ws/install/turtlesim_msgs/lib/python3.12/site-packages/turtlesim_msgs/msg/_pose_s.c
[3.082s] -- Up-to-date symlink: /home/monijesu/ros2_ws/install/turtlesim_msgs/lib/python3.12/site-packages/turtlesim_msgs/srv/__init__.py
[3.083s] -- Up-to-date symlink: /home/monijesu/ros2_ws/install/turtlesim_msgs/lib/python3.12/site-packages/turtlesim_msgs/srv/_kill.py
[3.083s] -- Up-to-date symlink: /home/monijesu/ros2_ws/install/turtlesim_msgs/lib/python3.12/site-packages/turtlesim_msgs/srv/_kill_s.c
[3.083s] -- Up-to-date symlink: /home/monijesu/ros2_ws/install/turtlesim_msgs/lib/python3.12/site-packages/turtlesim_msgs/srv/_set_pen.py
[3.083s] -- Up-to-date symlink: /home/monijesu/ros2_ws/install/turtlesim_msgs/lib/python3.12/site-packages/turtlesim_msgs/srv/_set_pen_s.c
[3.083s] -- Up-to-date symlink: /home/monijesu/ros2_ws/install/turtlesim_msgs/lib/python3.12/site-packages/turtlesim_msgs/srv/_spawn.py
[3.083s] -- Up-to-date symlink: /home/monijesu/ros2_ws/install/turtlesim_msgs/lib/python3.12/site-packages/turtlesim_msgs/srv/_spawn_s.c
[3.083s] -- Up-to-date symlink: /home/monijesu/ros2_ws/install/turtlesim_msgs/lib/python3.12/site-packages/turtlesim_msgs/srv/_teleport_absolute.py
[3.084s] -- Up-to-date symlink: /home/monijesu/ros2_ws/install/turtlesim_msgs/lib/python3.12/site-packages/turtlesim_msgs/srv/_teleport_absolute_s.c
[3.084s] -- Up-to-date symlink: /home/monijesu/ros2_ws/install/turtlesim_msgs/lib/python3.12/site-packages/turtlesim_msgs/srv/_teleport_relative.py
[3.084s] -- Up-to-date symlink: /home/monijesu/ros2_ws/install/turtlesim_msgs/lib/python3.12/site-packages/turtlesim_msgs/srv/_teleport_relative_s.c
[3.084s] -- Up-to-date symlink: /home/monijesu/ros2_ws/install/turtlesim_msgs/lib/python3.12/site-packages/turtlesim_msgs/turtlesim_msgs_s__rosidl_typesupport_c.so
[3.084s] -- Up-to-date symlink: /home/monijesu/ros2_ws/install/turtlesim_msgs/lib/python3.12/site-packages/turtlesim_msgs/turtlesim_msgs_s__rosidl_typesupport_fastrtps_c.so
[3.084s] -- Up-to-date symlink: /home/monijesu/ros2_ws/install/turtlesim_msgs/lib/python3.12/site-packages/turtlesim_msgs/turtlesim_msgs_s__rosidl_typesupport_introspection_c.so
[3.085s] -- Up-to-date symlink: /home/monijesu/ros2_ws/install/turtlesim_msgs/lib/python3.12/site-packages/turtlesim_msgs/turtlesim_msgs_s__rosidl_typesupport_fastrtps_c.so
[3.085s] -- Up-to-date symlink: /home/monijesu/ros2_ws/install/turtlesim_msgs/lib/python3.12/site-packages/turtlesim_msgs/turtlesim_msgs_s__rosidl_typesupport_introspection_c.so
[3.085s] -- Up-to-date symlink: /home/monijesu/ros2_ws/install/turtlesim_msgs/lib/python3.12/site-packages/turtlesim_msgs/turtlesim_msgs_s__rosidl_typesupport_c.so
[3.086s] -- Up-to-date symlink: /home/monijesu/ros2_ws/install/turtlesim_msgs/share/turtlesim_msgs/msg/Color.idl
[3.086s] -- Up-to-date symlink: /home/monijesu/ros2_ws/install/turtlesim_msgs/share/turtlesim_msgs/msg/Pose.idl
[3.086s] -- Up-to-date symlink: /home/monijesu/ros2_ws/install/turtlesim_msgs/share/turtlesim_msgs/action/RotateAbsolute.idl
[3.086s] -- Up-to-date symlink: /home/monijesu/ros2_ws/install/turtlesim_msgs/share/turtlesim_msgs/srv/Kill.idl
[3.087s] -- Up-to-date symlink: /home/monijesu/ros2_ws/install/turtlesim_msgs/share/turtlesim_msgs/srv/SetPen.idl
[3.087s] -- Up-to-date symlink: /home/monijesu/ros2_ws/install/turtlesim_msgs/share/turtlesim_msgs/srv/Spawn.idl
[3.087s] -- Up-to-date symlink: /home/monijesu/ros2_ws/install/turtlesim_msgs/share/turtlesim_msgs/srv/TeleportAbsolute.idl
[3.087s] -- Up-to-date symlink: /home/monijesu/ros2_ws/install/turtlesim_msgs/share/turtlesim_msgs/srv/TeleportRelative.idl
[3.087s] -- Up-to-date symlink: /home/monijesu/ros2_ws/install/turtlesim_msgs/share/turtlesim_msgs/msg/Color.msg
[3.088s] -- Up-to-date symlink: /home/monijesu/ros2_ws/install/turtlesim_msgs/share/turtlesim_msgs/msg/Pose.msg
[3.088s] -- Up-to-date symlink: /home/monijesu/ros2_ws/install/turtlesim_msgs/share/turtlesim_msgs/action/RotateAbsolute.action
[3.088s] -- Up-to-date symlink: /home/monijesu/ros2_ws/install/turtlesim_msgs/share/turtlesim_msgs/srv/Kill.srv
[3.088s] -- Up-to-date symlink: /home/monijesu/ros2_ws/install/turtlesim_msgs/share/turtlesim_msgs/srv/SetPen.srv
[3.088s] -- Up-to-date symlink: /home/monijesu/ros2_ws/install/turtlesim_msgs/share/turtlesim_msgs/srv/Spawn.srv
[3.089s] -- Up-to-date symlink: /home/monijesu/ros2_ws/install/turtlesim_msgs/share/turtlesim_msgs/srv/TeleportAbsolute.srv
[3.089s] -- Up-to-date symlink: /home/monijesu/ros2_ws/install/turtlesim_msgs/share/turtlesim_msgs/srv/TeleportRelative.srv
[3.089s] -- Up-to-date symlink: /home/monijesu/ros2_ws/install/turtlesim_msgs/share/ament_index/resource_index/package_run_dependencies/turtlesim_msgs
[3.089s] -- Up-to-date symlink: /home/monijesu/ros2_ws/install/turtlesim_msgs/share/ament_index/resource_index/parent_prefix_path/turtlesim_msgs
[3.090s] -- Up-to-date symlink: /home/monijesu/ros2_ws/install/turtlesim_msgs/share/turtlesim_msgs/environment/ament_prefix_path.sh
[3.090s] -- Up-to-date symlink: /home/monijesu/ros2_ws/install/turtlesim_msgs/share/turtlesim_msgs/environment/ament_prefix_path.dsv
[3.090s] -- Up-to-date symlink: /home/monijesu/ros2_ws/install/turtlesim_msgs/share/turtlesim_msgs/environment/path.sh
[3.090s] -- Up-to-date symlink: /home/monijesu/ros2_ws/install/turtlesim_msgs/share/turtlesim_msgs/environment/path.dsv
[3.090s] -- Up-to-date symlink: /home/monijesu/ros2_ws/install/turtlesim_msgs/share/turtlesim_msgs/local_setup.bash
[3.091s] -- Up-to-date symlink: /home/monijesu/ros2_ws/install/turtlesim_msgs/share/turtlesim_msgs/local_setup.sh
[3.091s] -- Up-to-date symlink: /home/monijesu/ros2_ws/install/turtlesim_msgs/share/turtlesim_msgs/local_setup.zsh
[3.091s] -- Up-to-date symlink: /home/monijesu/ros2_ws/install/turtlesim_msgs/share/turtlesim_msgs/local_setup.dsv
[3.091s] -- Symlinking: /home/monijesu/ros2_ws/install/turtlesim_msgs/share/turtlesim_msgs/package.dsv
[3.103s] -- Up-to-date symlink: /home/monijesu/ros2_ws/install/turtlesim_msgs/share/ament_index/resource_index/packages/turtlesim_msgs
[3.103s] -- Up-to-date symlink: /home/monijesu/ros2_ws/install/turtlesim_msgs/share/turtlesim_msgs/cmake/rosidl_cmake-extras.cmake
[3.103s] -- Up-to-date symlink: /home/monijesu/ros2_ws/install/turtlesim_msgs/share/turtlesim_msgs/cmake/ament_cmake_export_dependencies-extras.cmake
[3.103s] -- Up-to-date symlink: /home/monijesu/ros2_ws/install/turtlesim_msgs/share/turtlesim_msgs/cmake/ament_cmake_export_include_directories-extras.cmake
[3.104s] -- Up-to-date symlink: /home/monijesu/ros2_ws/install/turtlesim_msgs/share/turtlesim_msgs/cmake/ament_cmake_export_libraries-extras.cmake
[3.104s] -- Up-to-date symlink: /home/monijesu/ros2_ws/install/turtlesim_msgs/share/turtlesim_msgs/cmake/ament_cmake_export_targets-extras.cmake
[3.104s] -- Up-to-date symlink: /home/monijesu/ros2_ws/install/turtlesim_msgs/share/turtlesim_msgs/cmake/rosidl_cmake_export_typesupport_targets-extras.cmake
[3.104s] -- Up-to-date symlink: /home/monijesu/ros2_ws/install/turtlesim_msgs/share/turtlesim_msgs/cmake/rosidl_cmake_export_typesupport_libraries-extras.cmake
[3.104s] -- Up-to-date symlink: /home/monijesu/ros2_ws/install/turtlesim_msgs/share/turtlesim_msgs/cmake/turtlesim_msgsConfig.cmake
[3.105s] -- Up-to-date symlink: /home/monijesu/ros2_ws/install/turtlesim_msgs/share/turtlesim_msgs/cmake/turtlesim_msgsConfig-version.cmake
[3.105s] -- Up-to-date symlink: /home/monijesu/ros2_ws/install/turtlesim_msgs/share/turtlesim_msgs/package.xml
[3.105s] -- Up-to-date: /home/monijesu/ros2_ws/install/turtlesim_msgs/lib/libturtlesim_msgs__rosidl_generator_c.so
[3.105s] -- Up-to-date: /home/monijesu/ros2_ws/install/turtlesim_msgs/lib/libturtlesim_msgs__rosidl_typesupport_fastrtps_c.so
[3.106s] -- Up-to-date: /home/monijesu/ros2_ws/install/turtlesim_msgs/lib/libturtlesim_msgs__rosidl_typesupport_fastrtps_cpp.so
[3.106s] -- Up-to-date: /home/monijesu/ros2_ws/install/turtlesim_msgs/lib/libturtlesim_msgs__rosidl_typesupport_introspection_c.so
[3.106s] -- Up-to-date: /home/monijesu/ros2_ws/install/turtlesim_msgs/lib/libturtlesim_msgs__rosidl_typesupport_c.so
[3.107s] -- Up-to-date: /home/monijesu/ros2_ws/install/turtlesim_msgs/lib/libturtlesim_msgs__rosidl_typesupport_introspection_cpp.so
[3.107s] -- Up-to-date: /home/monijesu/ros2_ws/install/turtlesim_msgs/lib/libturtlesim_msgs__rosidl_typesupport_cpp.so
[3.160s] Listing '/home/monijesu/ros2_ws/install/turtlesim_msgs/lib/python3.12/site-packages/turtlesim_msgs'...
[3.160s] Compiling '/home/monijesu/ros2_ws/install/turtlesim_msgs/lib/python3.12/site-packages/turtlesim_msgs/__init__.py'...
[3.160s] Listing '/home/monijesu/ros2_ws/install/turtlesim_msgs/lib/python3.12/site-packages/turtlesim_msgs/action'...
[3.160s] Listing '/home/monijesu/ros2_ws/install/turtlesim_msgs/lib/python3.12/site-packages/turtlesim_msgs/msg'...
[3.160s] Listing '/home/monijesu/ros2_ws/install/turtlesim_msgs/lib/python3.12/site-packages/turtlesim_msgs/srv'...
[3.167s] -- Up-to-date: /home/monijesu/ros2_ws/install/turtlesim_msgs/lib/libturtlesim_msgs__rosidl_generator_py.so
[3.167s] -- Up-to-date: /home/monijesu/ros2_ws/install/turtlesim_msgs/share/turtlesim_msgs/cmake/export_turtlesim_msgs__rosidl_generator_cExport.cmake
[3.167s] -- Up-to-date: /home/monijesu/ros2_ws/install/turtlesim_msgs/share/turtlesim_msgs/cmake/export_turtlesim_msgs__rosidl_generator_cExport-noconfig.cmake
[3.168s] -- Up-to-date: /home/monijesu/ros2_ws/install/turtlesim_msgs/share/turtlesim_msgs/cmake/export_turtlesim_msgs__rosidl_typesupport_fastrtps_cExport.cmake
[3.168s] -- Up-to-date: /home/monijesu/ros2_ws/install/turtlesim_msgs/share/turtlesim_msgs/cmake/export_turtlesim_msgs__rosidl_typesupport_fastrtps_cExport-noconfig.cmake
[3.168s] -- Up-to-date: /home/monijesu/ros2_ws/install/turtlesim_msgs/share/turtlesim_msgs/cmake/export_turtlesim_msgs__rosidl_generator_cppExport.cmake
[3.168s] -- Up-to-date: /home/monijesu/ros2_ws/install/turtlesim_msgs/share/turtlesim_msgs/cmake/export_turtlesim_msgs__rosidl_typesupport_fastrtps_cppExport.cmake
[3.168s] -- Up-to-date: /home/monijesu/ros2_ws/install/turtlesim_msgs/share/turtlesim_msgs/cmake/export_turtlesim_msgs__rosidl_typesupport_fastrtps_cppExport-noconfig.cmake
[3.168s] -- Up-to-date: /home/monijesu/ros2_ws/install/turtlesim_msgs/share/turtlesim_msgs/cmake/turtlesim_msgs__rosidl_typesupport_introspection_cExport.cmake
[3.168s] -- Up-to-date: /home/monijesu/ros2_ws/install/turtlesim_msgs/share/turtlesim_msgs/cmake/turtlesim_msgs__rosidl_typesupport_introspection_cExport-noconfig.cmake
[3.168s] -- Up-to-date: /home/monijesu/ros2_ws/install/turtlesim_msgs/share/turtlesim_msgs/cmake/turtlesim_msgs__rosidl_typesupport_cExport.cmake
[3.169s] -- Up-to-date: /home/monijesu/ros2_ws/install/turtlesim_msgs/share/turtlesim_msgs/cmake/turtlesim_msgs__rosidl_typesupport_cExport-noconfig.cmake
[3.169s] -- Up-to-date: /home/monijesu/ros2_ws/install/turtlesim_msgs/share/turtlesim_msgs/cmake/turtlesim_msgs__rosidl_typesupport_introspection_cppExport.cmake
[3.169s] -- Up-to-date: /home/monijesu/ros2_ws/install/turtlesim_msgs/share/turtlesim_msgs/cmake/turtlesim_msgs__rosidl_typesupport_introspection_cppExport-noconfig.cmake
[3.169s] -- Up-to-date: /home/monijesu/ros2_ws/install/turtlesim_msgs/share/turtlesim_msgs/cmake/turtlesim_msgs__rosidl_typesupport_cppExport.cmake
[3.169s] -- Up-to-date: /home/monijesu/ros2_ws/install/turtlesim_msgs/share/turtlesim_msgs/cmake/turtlesim_msgs__rosidl_typesupport_cppExport-noconfig.cmake
[3.169s] -- Up-to-date: /home/monijesu/ros2_ws/install/turtlesim_msgs/share/turtlesim_msgs/cmake/export_turtlesim_msgs__rosidl_generator_pyExport.cmake
[3.169s] -- Up-to-date: /home/monijesu/ros2_ws/install/turtlesim_msgs/share/turtlesim_msgs/cmake/export_turtlesim_msgs__rosidl_generator_pyExport-noconfig.cmake
[3.172s] Invoked command in '/home/monijesu/ros2_ws/build/turtlesim_msgs' returned '0': CMAKE_PREFIX_PATH=${CMAKE_PREFIX_PATH}:/home/monijesu/ros2_ws/install/examples_rclpy_minimal_action_client:/opt/ros/rolling DEBUGINFOD_URLS=https://debuginfod.ubuntu.com /usr/bin/cmake --install /home/monijesu/ros2_ws/build/turtlesim_msgs
