[2.837s] Invoking command in '/home/monijesu/ros2_ws/build/examples_rclpy_guard_conditions': DEBUGINFOD_URLS=https://debuginfod.ubuntu.com PYTHONPATH=/home/monijesu/ros2_ws/build/examples_rclpy_guard_conditions/prefix_override:/usr/lib/python3/dist-packages/colcon_core/task/python/colcon_distutils_commands:/home/monijesu/ros2_ws/install/examples_rclpy_guard_conditions/lib/python3.12/site-packages:${PYTHONPATH} /usr/bin/python3 -W ignore:setup.py install is deprecated setup.py develop --editable --build-directory /home/monijesu/ros2_ws/build/examples_rclpy_guard_conditions/build --no-deps symlink_data
[28.991s] running develop
[28.992s] running egg_info
[28.992s] creating examples_rclpy_guard_conditions.egg-info
[28.992s] writing examples_rclpy_guard_conditions.egg-info/PKG-INFO
[28.992s] writing dependency_links to examples_rclpy_guard_conditions.egg-info/dependency_links.txt
[28.992s] writing entry points to examples_rclpy_guard_conditions.egg-info/entry_points.txt
[28.992s] writing requirements to examples_rclpy_guard_conditions.egg-info/requires.txt
[28.992s] writing top-level names to examples_rclpy_guard_conditions.egg-info/top_level.txt
[28.993s] writing manifest file 'examples_rclpy_guard_conditions.egg-info/SOURCES.txt'
[28.993s] reading manifest file 'examples_rclpy_guard_conditions.egg-info/SOURCES.txt'
[28.993s] writing manifest file 'examples_rclpy_guard_conditions.egg-info/SOURCES.txt'
[28.993s] running build_ext
[28.993s] Creating /home/monijesu/ros2_ws/install/examples_rclpy_guard_conditions/lib/python3.12/site-packages/examples-rclpy-guard-conditions.egg-link (link to .)
[28.993s] Installing trigger_guard_condition script to /home/monijesu/ros2_ws/install/examples_rclpy_guard_conditions/lib/examples_rclpy_guard_conditions
[28.993s] 
[28.993s] Installed /home/monijesu/ros2_ws/build/examples_rclpy_guard_conditions
[28.994s] running symlink_data
[28.994s] creating /home/monijesu/ros2_ws/install/examples_rclpy_guard_conditions/share/ament_index
[28.994s] creating /home/monijesu/ros2_ws/install/examples_rclpy_guard_conditions/share/ament_index/resource_index
[28.994s] creating /home/monijesu/ros2_ws/install/examples_rclpy_guard_conditions/share/ament_index/resource_index/packages
[28.994s] symbolically linking /home/monijesu/ros2_ws/build/examples_rclpy_guard_conditions/resource/examples_rclpy_guard_conditions -> /home/monijesu/ros2_ws/install/examples_rclpy_guard_conditions/share/ament_index/resource_index/packages
[28.994s] symbolically linking /home/monijesu/ros2_ws/build/examples_rclpy_guard_conditions/package.xml -> /home/monijesu/ros2_ws/install/examples_rclpy_guard_conditions/share/examples_rclpy_guard_conditions
[29.001s] /usr/lib/python3/dist-packages/setuptools/command/develop.py:40: EasyInstallDeprecationWarning: easy_install command is deprecated.
[29.002s] !!
[29.002s] 
[29.002s]         ********************************************************************************
[29.002s]         Please avoid running ``setup.py`` and ``easy_install``.
[29.002s]         Instead, use pypa/build, pypa/installer or other
[29.002s]         standards-based tools.
[29.003s] 
[29.003s]         See https://github.com/pypa/setuptools/issues/917 for details.
[29.003s]         ********************************************************************************
[29.003s] 
[29.003s] !!
[29.003s]   easy_install.initialize_options(self)
