[3.031s] Invoking command in '/home/monijesu/ros2_ws/src/examples/rclpy/services/minimal_service': DEBUGINFOD_URLS=https://debuginfod.ubuntu.com PYTHONPATH=/home/monijesu/ros2_ws/build/examples_rclpy_minimal_service/prefix_override:/usr/lib/python3/dist-packages/colcon_core/task/python/colcon_distutils_commands:/home/monijesu/ros2_ws/install/examples_rclpy_minimal_service/lib/python3.12/site-packages:${PYTHONPATH} /usr/bin/python3 -W ignore:setup.py install is deprecated setup.py egg_info --egg-base ../../../../../build/examples_rclpy_minimal_service build --build-base /home/monijesu/ros2_ws/build/examples_rclpy_minimal_service/build install --record /home/monijesu/ros2_ws/build/examples_rclpy_minimal_service/install.log --single-version-externally-managed install_data
[3.423s] running egg_info
[3.452s] writing ../../../../../build/examples_rclpy_minimal_service/examples_rclpy_minimal_service.egg-info/PKG-INFO
[3.452s] writing dependency_links to ../../../../../build/examples_rclpy_minimal_service/examples_rclpy_minimal_service.egg-info/dependency_links.txt
[3.453s] writing entry points to ../../../../../build/examples_rclpy_minimal_service/examples_rclpy_minimal_service.egg-info/entry_points.txt
[3.453s] writing requirements to ../../../../../build/examples_rclpy_minimal_service/examples_rclpy_minimal_service.egg-info/requires.txt
[3.453s] writing top-level names to ../../../../../build/examples_rclpy_minimal_service/examples_rclpy_minimal_service.egg-info/top_level.txt
[3.514s] reading manifest file '../../../../../build/examples_rclpy_minimal_service/examples_rclpy_minimal_service.egg-info/SOURCES.txt'
[3.515s] writing manifest file '../../../../../build/examples_rclpy_minimal_service/examples_rclpy_minimal_service.egg-info/SOURCES.txt'
[3.515s] running build
[3.515s] running build_py
[3.516s] running install
[3.524s] running install_lib
[3.554s] running install_data
[3.554s] running install_egg_info
[3.585s] removing '/home/monijesu/ros2_ws/install/examples_rclpy_minimal_service/lib/python3.12/site-packages/examples_rclpy_minimal_service-0.20.2-py3.12.egg-info' (and everything under it)
[3.585s] Copying ../../../../../build/examples_rclpy_minimal_service/examples_rclpy_minimal_service.egg-info to /home/monijesu/ros2_ws/install/examples_rclpy_minimal_service/lib/python3.12/site-packages/examples_rclpy_minimal_service-0.20.2-py3.12.egg-info
[3.586s] running install_scripts
[3.770s] Installing service script to /home/monijesu/ros2_ws/install/examples_rclpy_minimal_service/lib/examples_rclpy_minimal_service
[3.771s] Installing service_member_function script to /home/monijesu/ros2_ws/install/examples_rclpy_minimal_service/lib/examples_rclpy_minimal_service
[3.772s] writing list of installed files to '/home/monijesu/ros2_ws/build/examples_rclpy_minimal_service/install.log'
[3.816s] Invoked command in '/home/monijesu/ros2_ws/src/examples/rclpy/services/minimal_service' returned '0': DEBUGINFOD_URLS=https://debuginfod.ubuntu.com PYTHONPATH=/home/monijesu/ros2_ws/build/examples_rclpy_minimal_service/prefix_override:/usr/lib/python3/dist-packages/colcon_core/task/python/colcon_distutils_commands:/home/monijesu/ros2_ws/install/examples_rclpy_minimal_service/lib/python3.12/site-packages:${PYTHONPATH} /usr/bin/python3 -W ignore:setup.py install is deprecated setup.py egg_info --egg-base ../../../../../build/examples_rclpy_minimal_service build --build-base /home/monijesu/ros2_ws/build/examples_rclpy_minimal_service/build install --record /home/monijesu/ros2_ws/build/examples_rclpy_minimal_service/install.log --single-version-externally-managed install_data
