[0.039s] Invoking command in '/home/monijesu/ros2_ws/build/examples_rclcpp_cbg_executor': CMAKE_PREFIX_PATH=${CMAKE_PREFIX_PATH}:/home/monijesu/ros2_ws/install/examples_rclpy_minimal_action_client:/opt/ros/rolling DEBUGINFOD_URLS=https://debuginfod.ubuntu.com /usr/bin/cmake /home/monijesu/ros2_ws/src/examples/rclcpp/executors/cbg_executor -DCMAKE_INSTALL_PREFIX=/home/monijesu/ros2_ws/install/examples_rclcpp_cbg_executor
[0.938s] -- Found ament_cmake: 2.7.0 (/opt/ros/rolling/share/ament_cmake/cmake)
[0.938s] -- Override CMake install command with custom implementation using symlinks instead of copying resources
[0.938s] -- Found rclcpp: 28.3.3 (/opt/ros/rolling/share/rclcpp/cmake)
[0.938s] -- Found rosidl_generator_c: 4.8.1 (/opt/ros/rolling/share/rosidl_generator_c/cmake)
[0.939s] -- Found rosidl_generator_cpp: 4.8.1 (/opt/ros/rolling/share/rosidl_generator_cpp/cmake)
[0.939s] -- Using all available rosidl_typesupport_c: rosidl_typesupport_fastrtps_c;rosidl_typesupport_introspection_c
[0.939s] -- Using all available rosidl_typesupport_cpp: rosidl_typesupport_fastrtps_cpp;rosidl_typesupport_introspection_cpp
[0.939s] -- Found rmw_implementation_cmake: 7.4.3 (/opt/ros/rolling/share/rmw_implementation_cmake/cmake)
[0.939s] -- Found rmw_fastrtps_cpp: 9.0.1 (/opt/ros/rolling/share/rmw_fastrtps_cpp/cmake)
[0.939s] -- Using RMW implementation 'rmw_fastrtps_cpp' as default
[0.939s] -- Found std_msgs: 5.4.1 (/opt/ros/rolling/share/std_msgs/cmake)
[0.939s] -- Found ament_lint_auto: 0.18.1 (/opt/ros/rolling/share/ament_lint_auto/cmake)
[0.939s] -- Added test 'copyright' to check source files copyright and LICENSE
[0.939s] -- Added test 'cppcheck' to perform static code analysis on C / C++ code
[0.939s] -- Configured cppcheck include dirs: /home/monijesu/ros2_ws/src/examples/rclcpp/executors/cbg_executor/include
[0.939s] -- Configured cppcheck exclude dirs and/or files: 
[0.939s] -- Added test 'cpplint' to check C / C++ code against the Google style
[0.939s] -- Configured cpplint exclude dirs and/or files: 
[0.939s] -- Added test 'lint_cmake' to check CMake code style
[0.939s] -- Added test 'uncrustify' to check C / C++ code style
[0.939s] -- Configured uncrustify additional arguments: 
[0.939s] -- Added test 'xmllint' to check XML markup files
[0.939s] -- Configuring done (0.8s)
[0.939s] -- Generating done (0.0s)
[0.939s] -- Build files have been written to: /home/monijesu/ros2_ws/build/examples_rclcpp_cbg_executor
[0.958s] Invoked command in '/home/monijesu/ros2_ws/build/examples_rclcpp_cbg_executor' returned '0': CMAKE_PREFIX_PATH=${CMAKE_PREFIX_PATH}:/home/monijesu/ros2_ws/install/examples_rclpy_minimal_action_client:/opt/ros/rolling DEBUGINFOD_URLS=https://debuginfod.ubuntu.com /usr/bin/cmake /home/monijesu/ros2_ws/src/examples/rclcpp/executors/cbg_executor -DCMAKE_INSTALL_PREFIX=/home/monijesu/ros2_ws/install/examples_rclcpp_cbg_executor
[0.959s] Invoking command in '/home/monijesu/ros2_ws/build/examples_rclcpp_cbg_executor': CMAKE_PREFIX_PATH=${CMAKE_PREFIX_PATH}:/home/monijesu/ros2_ws/install/examples_rclpy_minimal_action_client:/opt/ros/rolling DEBUGINFOD_URLS=https://debuginfod.ubuntu.com /usr/bin/cmake --build /home/monijesu/ros2_ws/build/examples_rclcpp_cbg_executor -- -j16 -l16
[1.061s] [ 40%] Built target ping_pong
[1.065s] [ 70%] Built target ping
[1.067s] [100%] Built target pong
[1.115s] Invoked command in '/home/monijesu/ros2_ws/build/examples_rclcpp_cbg_executor' returned '0': CMAKE_PREFIX_PATH=${CMAKE_PREFIX_PATH}:/home/monijesu/ros2_ws/install/examples_rclpy_minimal_action_client:/opt/ros/rolling DEBUGINFOD_URLS=https://debuginfod.ubuntu.com /usr/bin/cmake --build /home/monijesu/ros2_ws/build/examples_rclcpp_cbg_executor -- -j16 -l16
[1.167s] Invoking command in '/home/monijesu/ros2_ws/build/examples_rclcpp_cbg_executor': CMAKE_PREFIX_PATH=${CMAKE_PREFIX_PATH}:/home/monijesu/ros2_ws/install/examples_rclpy_minimal_action_client:/opt/ros/rolling DEBUGINFOD_URLS=https://debuginfod.ubuntu.com /usr/bin/cmake --install /home/monijesu/ros2_ws/build/examples_rclcpp_cbg_executor
[1.174s] -- Install configuration: ""
[1.174s] -- Execute custom install script
[1.175s] -- Up-to-date symlink: /home/monijesu/ros2_ws/install/examples_rclcpp_cbg_executor/lib/examples_rclcpp_cbg_executor/ping
[1.175s] -- Up-to-date symlink: /home/monijesu/ros2_ws/install/examples_rclcpp_cbg_executor/lib/examples_rclcpp_cbg_executor/pong
[1.176s] -- Up-to-date symlink: /home/monijesu/ros2_ws/install/examples_rclcpp_cbg_executor/lib/examples_rclcpp_cbg_executor/ping_pong
[1.176s] -- Up-to-date symlink: /home/monijesu/ros2_ws/install/examples_rclcpp_cbg_executor/include/examples_rclcpp_cbg_executor/ping_node.hpp
[1.176s] -- Up-to-date symlink: /home/monijesu/ros2_ws/install/examples_rclcpp_cbg_executor/include/examples_rclcpp_cbg_executor/pong_node.hpp
[1.176s] -- Up-to-date symlink: /home/monijesu/ros2_ws/install/examples_rclcpp_cbg_executor/share/ament_index/resource_index/package_run_dependencies/examples_rclcpp_cbg_executor
[1.176s] -- Up-to-date symlink: /home/monijesu/ros2_ws/install/examples_rclcpp_cbg_executor/share/ament_index/resource_index/parent_prefix_path/examples_rclcpp_cbg_executor
[1.176s] -- Up-to-date symlink: /home/monijesu/ros2_ws/install/examples_rclcpp_cbg_executor/share/examples_rclcpp_cbg_executor/environment/ament_prefix_path.sh
[1.177s] -- Up-to-date symlink: /home/monijesu/ros2_ws/install/examples_rclcpp_cbg_executor/share/examples_rclcpp_cbg_executor/environment/ament_prefix_path.dsv
[1.177s] -- Up-to-date symlink: /home/monijesu/ros2_ws/install/examples_rclcpp_cbg_executor/share/examples_rclcpp_cbg_executor/environment/path.sh
[1.177s] -- Up-to-date symlink: /home/monijesu/ros2_ws/install/examples_rclcpp_cbg_executor/share/examples_rclcpp_cbg_executor/environment/path.dsv
[1.177s] -- Up-to-date symlink: /home/monijesu/ros2_ws/install/examples_rclcpp_cbg_executor/share/examples_rclcpp_cbg_executor/local_setup.bash
[1.177s] -- Up-to-date symlink: /home/monijesu/ros2_ws/install/examples_rclcpp_cbg_executor/share/examples_rclcpp_cbg_executor/local_setup.sh
[1.177s] -- Up-to-date symlink: /home/monijesu/ros2_ws/install/examples_rclcpp_cbg_executor/share/examples_rclcpp_cbg_executor/local_setup.zsh
[1.178s] -- Up-to-date symlink: /home/monijesu/ros2_ws/install/examples_rclcpp_cbg_executor/share/examples_rclcpp_cbg_executor/local_setup.dsv
[1.178s] -- Symlinking: /home/monijesu/ros2_ws/install/examples_rclcpp_cbg_executor/share/examples_rclcpp_cbg_executor/package.dsv
[1.184s] -- Up-to-date symlink: /home/monijesu/ros2_ws/install/examples_rclcpp_cbg_executor/share/ament_index/resource_index/packages/examples_rclcpp_cbg_executor
[1.184s] -- Up-to-date symlink: /home/monijesu/ros2_ws/install/examples_rclcpp_cbg_executor/share/examples_rclcpp_cbg_executor/cmake/ament_cmake_export_dependencies-extras.cmake
[1.184s] -- Up-to-date symlink: /home/monijesu/ros2_ws/install/examples_rclcpp_cbg_executor/share/examples_rclcpp_cbg_executor/cmake/examples_rclcpp_cbg_executorConfig.cmake
[1.184s] -- Up-to-date symlink: /home/monijesu/ros2_ws/install/examples_rclcpp_cbg_executor/share/examples_rclcpp_cbg_executor/cmake/examples_rclcpp_cbg_executorConfig-version.cmake
[1.184s] -- Up-to-date symlink: /home/monijesu/ros2_ws/install/examples_rclcpp_cbg_executor/share/examples_rclcpp_cbg_executor/package.xml
[1.229s] Invoked command in '/home/monijesu/ros2_ws/build/examples_rclcpp_cbg_executor' returned '0': CMAKE_PREFIX_PATH=${CMAKE_PREFIX_PATH}:/home/monijesu/ros2_ws/install/examples_rclpy_minimal_action_client:/opt/ros/rolling DEBUGINFOD_URLS=https://debuginfod.ubuntu.com /usr/bin/cmake --install /home/monijesu/ros2_ws/build/examples_rclcpp_cbg_executor
