[1.930s] Invoking command in '/home/monijesu/ros2_ws/build/examples_rclpy_executors': DEBUGINFOD_URLS=https://debuginfod.ubuntu.com PYTHONPATH=/home/monijesu/ros2_ws/build/examples_rclpy_executors/prefix_override:/usr/lib/python3/dist-packages/colcon_core/task/python/colcon_distutils_commands:/home/monijesu/ros2_ws/install/examples_rclpy_executors/lib/python3.12/site-packages:${PYTHONPATH} /usr/bin/python3 -W ignore:setup.py install is deprecated setup.py develop --editable --build-directory /home/monijesu/ros2_ws/build/examples_rclpy_executors/build --no-deps symlink_data
[2.209s] running develop
[2.209s] /usr/lib/python3/dist-packages/setuptools/command/develop.py:40: EasyInstallDeprecationWarning: easy_install command is deprecated.
[2.209s] !!
[2.209s] 
[2.209s]         ********************************************************************************
[2.209s]         Please avoid running ``setup.py`` and ``easy_install``.
[2.209s]         Instead, use pypa/build, pypa/installer or other
[2.210s]         standards-based tools.
[2.210s] 
[2.210s]         See https://github.com/pypa/setuptools/issues/917 for details.
[2.210s]         ********************************************************************************
[2.210s] 
[2.210s] !!
[2.210s]   easy_install.initialize_options(self)
[2.388s] running egg_info
[2.405s] writing examples_rclpy_executors.egg-info/PKG-INFO
[2.405s] writing dependency_links to examples_rclpy_executors.egg-info/dependency_links.txt
[2.405s] writing entry points to examples_rclpy_executors.egg-info/entry_points.txt
[2.405s] writing requirements to examples_rclpy_executors.egg-info/requires.txt
[2.405s] writing top-level names to examples_rclpy_executors.egg-info/top_level.txt
[2.442s] reading manifest file 'examples_rclpy_executors.egg-info/SOURCES.txt'
[2.442s] writing manifest file 'examples_rclpy_executors.egg-info/SOURCES.txt'
[2.462s] running build_ext
[2.462s] Creating /home/monijesu/ros2_ws/install/examples_rclpy_executors/lib/python3.12/site-packages/examples-rclpy-executors.egg-link (link to .)
[2.463s] Installing callback_group script to /home/monijesu/ros2_ws/install/examples_rclpy_executors/lib/examples_rclpy_executors
[2.463s] Installing composed script to /home/monijesu/ros2_ws/install/examples_rclpy_executors/lib/examples_rclpy_executors
[2.463s] Installing custom_callback_group script to /home/monijesu/ros2_ws/install/examples_rclpy_executors/lib/examples_rclpy_executors
[2.463s] Installing custom_executor script to /home/monijesu/ros2_ws/install/examples_rclpy_executors/lib/examples_rclpy_executors
[2.464s] Installing listener script to /home/monijesu/ros2_ws/install/examples_rclpy_executors/lib/examples_rclpy_executors
[2.464s] Installing talker script to /home/monijesu/ros2_ws/install/examples_rclpy_executors/lib/examples_rclpy_executors
[2.464s] 
[2.464s] Installed /home/monijesu/ros2_ws/build/examples_rclpy_executors
[2.464s] running symlink_data
[2.495s] Invoked command in '/home/monijesu/ros2_ws/build/examples_rclpy_executors' returned '0': DEBUGINFOD_URLS=https://debuginfod.ubuntu.com PYTHONPATH=/home/monijesu/ros2_ws/build/examples_rclpy_executors/prefix_override:/usr/lib/python3/dist-packages/colcon_core/task/python/colcon_distutils_commands:/home/monijesu/ros2_ws/install/examples_rclpy_executors/lib/python3.12/site-packages:${PYTHONPATH} /usr/bin/python3 -W ignore:setup.py install is deprecated setup.py develop --editable --build-directory /home/monijesu/ros2_ws/build/examples_rclpy_executors/build --no-deps symlink_data
