[0.051s] Invoking command in '/home/monijesu/ros2_ws/build/examples_rclcpp_minimal_service': CMAKE_PREFIX_PATH=${CMAKE_PREFIX_PATH}:/opt/ros/rolling DEBUGINFOD_URLS=https://debuginfod.ubuntu.com /usr/bin/cmake /home/monijesu/ros2_ws/src/examples/rclcpp/services/minimal_service -DCMAKE_INSTALL_PREFIX=/home/monijesu/ros2_ws/install/examples_rclcpp_minimal_service
[0.942s] -- Found ament_cmake: 2.7.0 (/opt/ros/rolling/share/ament_cmake/cmake)
[0.942s] -- Override CMake install command with custom implementation using symlinks instead of copying resources
[0.942s] -- Found example_interfaces: 0.13.0 (/opt/ros/rolling/share/example_interfaces/cmake)
[0.942s] -- Found rosidl_generator_c: 4.8.1 (/opt/ros/rolling/share/rosidl_generator_c/cmake)
[0.942s] -- Found rosidl_generator_cpp: 4.8.1 (/opt/ros/rolling/share/rosidl_generator_cpp/cmake)
[0.943s] -- Using all available rosidl_typesupport_c: rosidl_typesupport_fastrtps_c;rosidl_typesupport_introspection_c
[0.943s] -- Using all available rosidl_typesupport_cpp: rosidl_typesupport_fastrtps_cpp;rosidl_typesupport_introspection_cpp
[0.943s] -- Found rclcpp: 28.3.3 (/opt/ros/rolling/share/rclcpp/cmake)
[0.943s] -- Found rmw_implementation_cmake: 7.4.3 (/opt/ros/rolling/share/rmw_implementation_cmake/cmake)
[0.943s] -- Found rmw_fastrtps_cpp: 9.0.1 (/opt/ros/rolling/share/rmw_fastrtps_cpp/cmake)
[0.943s] -- Using RMW implementation 'rmw_fastrtps_cpp' as default
[0.943s] -- Found ament_lint_auto: 0.18.1 (/opt/ros/rolling/share/ament_lint_auto/cmake)
[0.956s] -- Added test 'copyright' to check source files copyright and LICENSE
[0.956s] -- Added test 'cppcheck' to perform static code analysis on C / C++ code
[0.956s] -- Configured cppcheck include dirs: 
[0.957s] -- Configured cppcheck exclude dirs and/or files: 
[0.957s] -- Added test 'cpplint' to check C / C++ code against the Google style
[0.957s] -- Configured cpplint exclude dirs and/or files: 
[0.957s] -- Added test 'lint_cmake' to check CMake code style
[0.957s] -- Added test 'uncrustify' to check C / C++ code style
[0.957s] -- Configured uncrustify additional arguments: 
[0.957s] -- Added test 'xmllint' to check XML markup files
[0.959s] -- Configuring done (0.9s)
[0.964s] -- Generating done (0.0s)
[0.968s] -- Build files have been written to: /home/monijesu/ros2_ws/build/examples_rclcpp_minimal_service
[0.985s] Invoked command in '/home/monijesu/ros2_ws/build/examples_rclcpp_minimal_service' returned '0': CMAKE_PREFIX_PATH=${CMAKE_PREFIX_PATH}:/opt/ros/rolling DEBUGINFOD_URLS=https://debuginfod.ubuntu.com /usr/bin/cmake /home/monijesu/ros2_ws/src/examples/rclcpp/services/minimal_service -DCMAKE_INSTALL_PREFIX=/home/monijesu/ros2_ws/install/examples_rclcpp_minimal_service
[0.986s] Invoking command in '/home/monijesu/ros2_ws/build/examples_rclcpp_minimal_service': CMAKE_PREFIX_PATH=${CMAKE_PREFIX_PATH}:/opt/ros/rolling DEBUGINFOD_URLS=https://debuginfod.ubuntu.com /usr/bin/cmake --build /home/monijesu/ros2_ws/build/examples_rclcpp_minimal_service -- -j16 -l16
[1.078s] [100%] Built target service_main
[1.118s] Invoked command in '/home/monijesu/ros2_ws/build/examples_rclcpp_minimal_service' returned '0': CMAKE_PREFIX_PATH=${CMAKE_PREFIX_PATH}:/opt/ros/rolling DEBUGINFOD_URLS=https://debuginfod.ubuntu.com /usr/bin/cmake --build /home/monijesu/ros2_ws/build/examples_rclcpp_minimal_service -- -j16 -l16
[1.159s] Invoking command in '/home/monijesu/ros2_ws/build/examples_rclcpp_minimal_service': CMAKE_PREFIX_PATH=${CMAKE_PREFIX_PATH}:/opt/ros/rolling DEBUGINFOD_URLS=https://debuginfod.ubuntu.com /usr/bin/cmake --install /home/monijesu/ros2_ws/build/examples_rclcpp_minimal_service
[1.171s] -- Install configuration: ""
[1.173s] -- Execute custom install script
[1.174s] -- Symlinking: /home/monijesu/ros2_ws/install/examples_rclcpp_minimal_service/lib/examples_rclcpp_minimal_service/service_main
[1.186s] -- Symlinking: /home/monijesu/ros2_ws/install/examples_rclcpp_minimal_service/share/ament_index/resource_index/package_run_dependencies/examples_rclcpp_minimal_service
[1.198s] -- Symlinking: /home/monijesu/ros2_ws/install/examples_rclcpp_minimal_service/share/ament_index/resource_index/parent_prefix_path/examples_rclcpp_minimal_service
[1.207s] -- Symlinking: /home/monijesu/ros2_ws/install/examples_rclcpp_minimal_service/share/examples_rclcpp_minimal_service/environment/ament_prefix_path.sh
[1.215s] -- Symlinking: /home/monijesu/ros2_ws/install/examples_rclcpp_minimal_service/share/examples_rclcpp_minimal_service/environment/ament_prefix_path.dsv
[1.227s] -- Symlinking: /home/monijesu/ros2_ws/install/examples_rclcpp_minimal_service/share/examples_rclcpp_minimal_service/environment/path.sh
[1.238s] -- Symlinking: /home/monijesu/ros2_ws/install/examples_rclcpp_minimal_service/share/examples_rclcpp_minimal_service/environment/path.dsv
[1.249s] -- Symlinking: /home/monijesu/ros2_ws/install/examples_rclcpp_minimal_service/share/examples_rclcpp_minimal_service/local_setup.bash
[1.265s] -- Symlinking: /home/monijesu/ros2_ws/install/examples_rclcpp_minimal_service/share/examples_rclcpp_minimal_service/local_setup.sh
[1.277s] -- Symlinking: /home/monijesu/ros2_ws/install/examples_rclcpp_minimal_service/share/examples_rclcpp_minimal_service/local_setup.zsh
[1.293s] -- Symlinking: /home/monijesu/ros2_ws/install/examples_rclcpp_minimal_service/share/examples_rclcpp_minimal_service/local_setup.dsv
[1.306s] -- Symlinking: /home/monijesu/ros2_ws/install/examples_rclcpp_minimal_service/share/examples_rclcpp_minimal_service/package.dsv
[1.319s] -- Symlinking: /home/monijesu/ros2_ws/install/examples_rclcpp_minimal_service/share/ament_index/resource_index/packages/examples_rclcpp_minimal_service
[1.331s] -- Symlinking: /home/monijesu/ros2_ws/install/examples_rclcpp_minimal_service/share/examples_rclcpp_minimal_service/cmake/examples_rclcpp_minimal_serviceConfig.cmake
[1.344s] -- Symlinking: /home/monijesu/ros2_ws/install/examples_rclcpp_minimal_service/share/examples_rclcpp_minimal_service/cmake/examples_rclcpp_minimal_serviceConfig-version.cmake
[1.354s] -- Symlinking: /home/monijesu/ros2_ws/install/examples_rclcpp_minimal_service/share/examples_rclcpp_minimal_service/package.xml
[1.395s] Invoked command in '/home/monijesu/ros2_ws/build/examples_rclcpp_minimal_service' returned '0': CMAKE_PREFIX_PATH=${CMAKE_PREFIX_PATH}:/opt/ros/rolling DEBUGINFOD_URLS=https://debuginfod.ubuntu.com /usr/bin/cmake --install /home/monijesu/ros2_ws/build/examples_rclcpp_minimal_service
