[0.036s] Invoking command in '/home/monijesu/ros2_ws/build/examples_rclcpp_minimal_action_client': CMAKE_PREFIX_PATH=${CMAKE_PREFIX_PATH}:/opt/ros/rolling DEBUGINFOD_URLS=https://debuginfod.ubuntu.com /usr/bin/cmake --build /home/monijesu/ros2_ws/build/examples_rclcpp_minimal_action_client -- -j16 -l16
[0.551s] [ 25%] Built target action_client_not_composable
[0.551s] [ 50%] Built target action_client_member_functions
[0.551s] [100%] Built target action_client_not_composable_with_feedback
[0.551s] [ 75%] Built target action_client_not_composable_with_cancel
[0.556s] Invoked command in '/home/monijesu/ros2_ws/build/examples_rclcpp_minimal_action_client' returned '0': CMAKE_PREFIX_PATH=${CMAKE_PREFIX_PATH}:/opt/ros/rolling DEBUGINFOD_URLS=https://debuginfod.ubuntu.com /usr/bin/cmake --build /home/monijesu/ros2_ws/build/examples_rclcpp_minimal_action_client -- -j16 -l16
[0.593s] Invoking command in '/home/monijesu/ros2_ws/build/examples_rclcpp_minimal_action_client': CMAKE_PREFIX_PATH=${CMAKE_PREFIX_PATH}:/opt/ros/rolling DEBUGINFOD_URLS=https://debuginfod.ubuntu.com /usr/bin/cmake --install /home/monijesu/ros2_ws/build/examples_rclcpp_minimal_action_client
[0.614s] -- Install configuration: ""
[0.614s] -- Execute custom install script
[0.614s] -- Up-to-date symlink: /home/monijesu/ros2_ws/install/examples_rclcpp_minimal_action_client/lib/examples_rclcpp_minimal_action_client/action_client_member_functions
[0.614s] -- Up-to-date symlink: /home/monijesu/ros2_ws/install/examples_rclcpp_minimal_action_client/lib/examples_rclcpp_minimal_action_client/action_client_not_composable
[0.614s] -- Up-to-date symlink: /home/monijesu/ros2_ws/install/examples_rclcpp_minimal_action_client/lib/examples_rclcpp_minimal_action_client/action_client_not_composable_with_cancel
[0.615s] -- Up-to-date symlink: /home/monijesu/ros2_ws/install/examples_rclcpp_minimal_action_client/lib/examples_rclcpp_minimal_action_client/action_client_not_composable_with_feedback
[0.616s] -- Up-to-date symlink: /home/monijesu/ros2_ws/install/examples_rclcpp_minimal_action_client/share/ament_index/resource_index/package_run_dependencies/examples_rclcpp_minimal_action_client
[0.617s] -- Up-to-date symlink: /home/monijesu/ros2_ws/install/examples_rclcpp_minimal_action_client/share/ament_index/resource_index/parent_prefix_path/examples_rclcpp_minimal_action_client
[0.618s] -- Up-to-date symlink: /home/monijesu/ros2_ws/install/examples_rclcpp_minimal_action_client/share/examples_rclcpp_minimal_action_client/environment/ament_prefix_path.sh
[0.618s] -- Up-to-date symlink: /home/monijesu/ros2_ws/install/examples_rclcpp_minimal_action_client/share/examples_rclcpp_minimal_action_client/environment/ament_prefix_path.dsv
[0.618s] -- Up-to-date symlink: /home/monijesu/ros2_ws/install/examples_rclcpp_minimal_action_client/share/examples_rclcpp_minimal_action_client/environment/path.sh
[0.618s] -- Up-to-date symlink: /home/monijesu/ros2_ws/install/examples_rclcpp_minimal_action_client/share/examples_rclcpp_minimal_action_client/environment/path.dsv
[0.618s] -- Up-to-date symlink: /home/monijesu/ros2_ws/install/examples_rclcpp_minimal_action_client/share/examples_rclcpp_minimal_action_client/local_setup.bash
[0.618s] -- Up-to-date symlink: /home/monijesu/ros2_ws/install/examples_rclcpp_minimal_action_client/share/examples_rclcpp_minimal_action_client/local_setup.sh
[0.618s] -- Up-to-date symlink: /home/monijesu/ros2_ws/install/examples_rclcpp_minimal_action_client/share/examples_rclcpp_minimal_action_client/local_setup.zsh
[0.619s] -- Up-to-date symlink: /home/monijesu/ros2_ws/install/examples_rclcpp_minimal_action_client/share/examples_rclcpp_minimal_action_client/local_setup.dsv
[0.619s] -- Symlinking: /home/monijesu/ros2_ws/install/examples_rclcpp_minimal_action_client/share/examples_rclcpp_minimal_action_client/package.dsv
[0.622s] -- Up-to-date symlink: /home/monijesu/ros2_ws/install/examples_rclcpp_minimal_action_client/share/ament_index/resource_index/packages/examples_rclcpp_minimal_action_client
[0.622s] -- Up-to-date symlink: /home/monijesu/ros2_ws/install/examples_rclcpp_minimal_action_client/share/examples_rclcpp_minimal_action_client/cmake/examples_rclcpp_minimal_action_clientConfig.cmake
[0.622s] -- Up-to-date symlink: /home/monijesu/ros2_ws/install/examples_rclcpp_minimal_action_client/share/examples_rclcpp_minimal_action_client/cmake/examples_rclcpp_minimal_action_clientConfig-version.cmake
[0.623s] -- Up-to-date symlink: /home/monijesu/ros2_ws/install/examples_rclcpp_minimal_action_client/share/examples_rclcpp_minimal_action_client/package.xml
[0.699s] Invoked command in '/home/monijesu/ros2_ws/build/examples_rclcpp_minimal_action_client' returned '0': CMAKE_PREFIX_PATH=${CMAKE_PREFIX_PATH}:/opt/ros/rolling DEBUGINFOD_URLS=https://debuginfod.ubuntu.com /usr/bin/cmake --install /home/monijesu/ros2_ws/build/examples_rclcpp_minimal_action_client
