[0.046s] Invoking command in '/home/monijesu/ros2_ws/build/examples_rclcpp_multithreaded_executor': CMAKE_PREFIX_PATH=${CMAKE_PREFIX_PATH}:/home/monijesu/ros2_ws/install/turtle_path_planner:/home/monijesu/ros2_ws/install/turtle_package:/opt/ros/rolling DEBUGINFOD_URLS=https://debuginfod.ubuntu.com /usr/bin/cmake /home/monijesu/ros2_ws/src/examples/rclcpp/executors/multithreaded_executor -DAMENT_CMAKE_SYMLINK_INSTALL=1 -DCMAKE_INSTALL_PREFIX=/home/monijesu/ros2_ws/install/examples_rclcpp_multithreaded_executor
[2.147s] -- The C compiler identification is GNU 13.2.0
[2.149s] -- The CXX compiler identification is GNU 13.2.0
[2.150s] -- Detecting C compiler ABI info
[2.150s] -- Detecting C compiler ABI info - done
[2.150s] -- Check for working C compiler: /usr/bin/cc - skipped
[2.150s] -- Detecting C compile features
[2.150s] -- Detecting C compile features - done
[2.150s] -- Detecting CXX compiler ABI info
[2.150s] -- Detecting CXX compiler ABI info - done
[2.151s] -- Check for working CXX compiler: /usr/bin/c++ - skipped
[2.151s] -- Detecting CXX compile features
[2.151s] -- Detecting CXX compile features - done
[2.151s] -- Found ament_cmake: 2.7.0 (/opt/ros/rolling/share/ament_cmake/cmake)
[2.151s] -- Found Python3: /usr/bin/python3 (found version "3.12.3") found components: Interpreter 
[2.151s] -- Override CMake install command with custom implementation using symlinks instead of copying resources
[2.152s] -- Found rclcpp: 28.3.3 (/opt/ros/rolling/share/rclcpp/cmake)
[2.152s] -- Found rosidl_generator_c: 4.8.1 (/opt/ros/rolling/share/rosidl_generator_c/cmake)
[2.152s] -- Found rosidl_generator_cpp: 4.8.1 (/opt/ros/rolling/share/rosidl_generator_cpp/cmake)
[2.152s] -- Using all available rosidl_typesupport_c: rosidl_typesupport_fastrtps_c;rosidl_typesupport_introspection_c
[2.152s] -- Using all available rosidl_typesupport_cpp: rosidl_typesupport_fastrtps_cpp;rosidl_typesupport_introspection_cpp
[2.154s] -- Found rmw_implementation_cmake: 7.4.3 (/opt/ros/rolling/share/rmw_implementation_cmake/cmake)
[2.156s] -- Found rmw_fastrtps_cpp: 9.0.1 (/opt/ros/rolling/share/rmw_fastrtps_cpp/cmake)
[2.156s] -- Found OpenSSL: /usr/lib/x86_64-linux-gnu/libcrypto.so (found version "3.0.13")  
[2.156s] -- Found FastRTPS: /opt/ros/rolling/include (Required is at least version "2.13") 
[2.156s] -- Using RMW implementation 'rmw_fastrtps_cpp' as default
[2.156s] -- Found std_msgs: 5.4.1 (/opt/ros/rolling/share/std_msgs/cmake)
[2.157s] -- Found ament_lint_auto: 0.18.1 (/opt/ros/rolling/share/ament_lint_auto/cmake)
[2.157s] -- Added test 'copyright' to check source files copyright and LICENSE
[2.157s] -- Added test 'cppcheck' to perform static code analysis on C / C++ code
[2.157s] -- Configured cppcheck include dirs: 
[2.157s] -- Configured cppcheck exclude dirs and/or files: 
[2.157s] -- Added test 'cpplint' to check C / C++ code against the Google style
[2.158s] -- Configured cpplint exclude dirs and/or files: 
[2.158s] -- Added test 'lint_cmake' to check CMake code style
[2.158s] -- Added test 'uncrustify' to check C / C++ code style
[2.158s] -- Configured uncrustify additional arguments: 
[2.158s] -- Added test 'xmllint' to check XML markup files
[2.158s] -- Configuring done (2.0s)
[2.158s] -- Generating done (0.0s)
[2.159s] -- Build files have been written to: /home/monijesu/ros2_ws/build/examples_rclcpp_multithreaded_executor
[2.178s] Invoked command in '/home/monijesu/ros2_ws/build/examples_rclcpp_multithreaded_executor' returned '0': CMAKE_PREFIX_PATH=${CMAKE_PREFIX_PATH}:/home/monijesu/ros2_ws/install/turtle_path_planner:/home/monijesu/ros2_ws/install/turtle_package:/opt/ros/rolling DEBUGINFOD_URLS=https://debuginfod.ubuntu.com /usr/bin/cmake /home/monijesu/ros2_ws/src/examples/rclcpp/executors/multithreaded_executor -DAMENT_CMAKE_SYMLINK_INSTALL=1 -DCMAKE_INSTALL_PREFIX=/home/monijesu/ros2_ws/install/examples_rclcpp_multithreaded_executor
[2.179s] Invoking command in '/home/monijesu/ros2_ws/build/examples_rclcpp_multithreaded_executor': CMAKE_PREFIX_PATH=${CMAKE_PREFIX_PATH}:/home/monijesu/ros2_ws/install/turtle_path_planner:/home/monijesu/ros2_ws/install/turtle_package:/opt/ros/rolling DEBUGINFOD_URLS=https://debuginfod.ubuntu.com /usr/bin/cmake --build /home/monijesu/ros2_ws/build/examples_rclcpp_multithreaded_executor -- -j16 -l16
[2.270s] [ 50%] [32mBuilding CXX object CMakeFiles/multithreaded_executor.dir/multithreaded_executor.cpp.o[0m
[42.902s] [100%] [32m[1mLinking CXX executable multithreaded_executor[0m
[43.579s] [100%] Built target multithreaded_executor
