[0.047s] Invoking command in '/home/monijesu/ros2_ws/build/examples_rclcpp_minimal_service': CMAKE_PREFIX_PATH=${CMAKE_PREFIX_PATH}:/home/monijesu/ros2_ws/install/turtle_path_planner:/home/monijesu/ros2_ws/install/turtle_package:/opt/ros/rolling DEBUGINFOD_URLS=https://debuginfod.ubuntu.com /usr/bin/cmake /home/monijesu/ros2_ws/src/examples/rclcpp/services/minimal_service -DAMENT_CMAKE_SYMLINK_INSTALL=1 -DCMAKE_INSTALL_PREFIX=/home/monijesu/ros2_ws/install/examples_rclcpp_minimal_service
[0.865s] -- The C compiler identification is GNU 13.2.0
[0.865s] -- The CXX compiler identification is GNU 13.2.0
[0.865s] -- Detecting C compiler ABI info
[0.865s] -- Detecting C compiler ABI info - done
[0.865s] -- Check for working C compiler: /usr/bin/cc - skipped
[0.865s] -- Detecting C compile features
[0.866s] -- Detecting C compile features - done
[0.866s] -- Detecting CXX compiler ABI info
[0.866s] -- Detecting CXX compiler ABI info - done
[0.866s] -- Check for working CXX compiler: /usr/bin/c++ - skipped
[0.866s] -- Detecting CXX compile features
[0.866s] -- Detecting CXX compile features - done
[0.866s] -- Found ament_cmake: 2.7.0 (/opt/ros/rolling/share/ament_cmake/cmake)
[0.867s] -- Found Python3: /usr/bin/python3 (found version "3.12.3") found components: Interpreter 
[0.991s] -- Override CMake install command with custom implementation using symlinks instead of copying resources
[1.037s] -- Found example_interfaces: 0.13.0 (/opt/ros/rolling/share/example_interfaces/cmake)
[1.109s] -- Found rosidl_generator_c: 4.8.1 (/opt/ros/rolling/share/rosidl_generator_c/cmake)
[1.138s] -- Found rosidl_generator_cpp: 4.8.1 (/opt/ros/rolling/share/rosidl_generator_cpp/cmake)
[1.172s] -- Using all available rosidl_typesupport_c: rosidl_typesupport_fastrtps_c;rosidl_typesupport_introspection_c
[1.213s] -- Using all available rosidl_typesupport_cpp: rosidl_typesupport_fastrtps_cpp;rosidl_typesupport_introspection_cpp
[1.442s] -- Found rclcpp: 28.3.3 (/opt/ros/rolling/share/rclcpp/cmake)
[1.559s] -- Found rmw_implementation_cmake: 7.4.3 (/opt/ros/rolling/share/rmw_implementation_cmake/cmake)
[1.564s] -- Found rmw_fastrtps_cpp: 9.0.1 (/opt/ros/rolling/share/rmw_fastrtps_cpp/cmake)
[1.721s] -- Found OpenSSL: /usr/lib/x86_64-linux-gnu/libcrypto.so (found version "3.0.13")  
[1.762s] -- Found FastRTPS: /opt/ros/rolling/include (Required is at least version "2.13") 
[1.821s] -- Using RMW implementation 'rmw_fastrtps_cpp' as default
[1.997s] -- Found ament_lint_auto: 0.18.1 (/opt/ros/rolling/share/ament_lint_auto/cmake)
[2.230s] -- Added test 'copyright' to check source files copyright and LICENSE
[2.230s] -- Added test 'cppcheck' to perform static code analysis on C / C++ code
[2.231s] -- Configured cppcheck include dirs: 
[2.231s] -- Configured cppcheck exclude dirs and/or files: 
[2.231s] -- Added test 'cpplint' to check C / C++ code against the Google style
[2.231s] -- Configured cpplint exclude dirs and/or files: 
[2.232s] -- Added test 'lint_cmake' to check CMake code style
[2.240s] -- Added test 'uncrustify' to check C / C++ code style
[2.240s] -- Configured uncrustify additional arguments: 
[2.241s] -- Added test 'xmllint' to check XML markup files
[2.241s] -- Configuring done (2.2s)
[2.262s] -- Generating done (0.0s)
[2.264s] -- Build files have been written to: /home/monijesu/ros2_ws/build/examples_rclcpp_minimal_service
[2.281s] Invoked command in '/home/monijesu/ros2_ws/build/examples_rclcpp_minimal_service' returned '0': CMAKE_PREFIX_PATH=${CMAKE_PREFIX_PATH}:/home/monijesu/ros2_ws/install/turtle_path_planner:/home/monijesu/ros2_ws/install/turtle_package:/opt/ros/rolling DEBUGINFOD_URLS=https://debuginfod.ubuntu.com /usr/bin/cmake /home/monijesu/ros2_ws/src/examples/rclcpp/services/minimal_service -DAMENT_CMAKE_SYMLINK_INSTALL=1 -DCMAKE_INSTALL_PREFIX=/home/monijesu/ros2_ws/install/examples_rclcpp_minimal_service
[2.286s] Invoking command in '/home/monijesu/ros2_ws/build/examples_rclcpp_minimal_service': CMAKE_PREFIX_PATH=${CMAKE_PREFIX_PATH}:/home/monijesu/ros2_ws/install/turtle_path_planner:/home/monijesu/ros2_ws/install/turtle_package:/opt/ros/rolling DEBUGINFOD_URLS=https://debuginfod.ubuntu.com /usr/bin/cmake --build /home/monijesu/ros2_ws/build/examples_rclcpp_minimal_service -- -j16 -l16
[2.422s] [ 50%] [32mBuilding CXX object CMakeFiles/service_main.dir/main.cpp.o[0m
[30.191s] [100%] [32m[1mLinking CXX executable service_main[0m
[31.088s] [100%] Built target service_main
