[0.046s] Invoking command in '/home/monijesu/ros2_ws/build/examples_rclcpp_minimal_timer': CMAKE_PREFIX_PATH=${CMAKE_PREFIX_PATH}:/home/monijesu/ros2_ws/install/turtle_path_planner:/home/monijesu/ros2_ws/install/turtle_package:/opt/ros/rolling DEBUGINFOD_URLS=https://debuginfod.ubuntu.com /usr/bin/cmake /home/monijesu/ros2_ws/src/examples/rclcpp/timers/minimal_timer -DAMENT_CMAKE_SYMLINK_INSTALL=1 -DCMAKE_INSTALL_PREFIX=/home/monijesu/ros2_ws/install/examples_rclcpp_minimal_timer
[2.133s] -- The C compiler identification is GNU 13.2.0
[2.134s] -- The CXX compiler identification is GNU 13.2.0
[2.136s] -- Detecting C compiler ABI info
[2.136s] -- Detecting C compiler ABI info - done
[2.136s] -- Check for working C compiler: /usr/bin/cc - skipped
[2.136s] -- Detecting C compile features
[2.137s] -- Detecting C compile features - done
[2.137s] -- Detecting CXX compiler ABI info
[2.137s] -- Detecting CXX compiler ABI info - done
[2.137s] -- Check for working CXX compiler: /usr/bin/c++ - skipped
[2.137s] -- Detecting CXX compile features
[2.137s] -- Detecting CXX compile features - done
[2.138s] -- Found ament_cmake: 2.7.0 (/opt/ros/rolling/share/ament_cmake/cmake)
[2.138s] -- Found Python3: /usr/bin/python3 (found version "3.12.3") found components: Interpreter 
[2.138s] -- Override CMake install command with custom implementation using symlinks instead of copying resources
[2.138s] -- Found rclcpp: 28.3.3 (/opt/ros/rolling/share/rclcpp/cmake)
[2.139s] -- Found rosidl_generator_c: 4.8.1 (/opt/ros/rolling/share/rosidl_generator_c/cmake)
[2.139s] -- Found rosidl_generator_cpp: 4.8.1 (/opt/ros/rolling/share/rosidl_generator_cpp/cmake)
[2.139s] -- Using all available rosidl_typesupport_c: rosidl_typesupport_fastrtps_c;rosidl_typesupport_introspection_c
[2.139s] -- Using all available rosidl_typesupport_cpp: rosidl_typesupport_fastrtps_cpp;rosidl_typesupport_introspection_cpp
[2.139s] -- Found rmw_implementation_cmake: 7.4.3 (/opt/ros/rolling/share/rmw_implementation_cmake/cmake)
[2.139s] -- Found rmw_fastrtps_cpp: 9.0.1 (/opt/ros/rolling/share/rmw_fastrtps_cpp/cmake)
[2.139s] -- Found OpenSSL: /usr/lib/x86_64-linux-gnu/libcrypto.so (found version "3.0.13")  
[2.146s] -- Found FastRTPS: /opt/ros/rolling/include (Required is at least version "2.13") 
[2.146s] -- Using RMW implementation 'rmw_fastrtps_cpp' as default
[2.146s] -- Found ament_lint_auto: 0.18.1 (/opt/ros/rolling/share/ament_lint_auto/cmake)
[2.146s] -- Added test 'copyright' to check source files copyright and LICENSE
[2.146s] -- Added test 'cppcheck' to perform static code analysis on C / C++ code
[2.147s] -- Configured cppcheck include dirs: 
[2.147s] -- Configured cppcheck exclude dirs and/or files: 
[2.147s] -- Added test 'cpplint' to check C / C++ code against the Google style
[2.147s] -- Configured cpplint exclude dirs and/or files: 
[2.147s] -- Added test 'lint_cmake' to check CMake code style
[2.147s] -- Added test 'uncrustify' to check C / C++ code style
[2.147s] -- Configured uncrustify additional arguments: 
[2.148s] -- Added test 'xmllint' to check XML markup files
[2.148s] -- Configuring done (2.0s)
[2.148s] -- Generating done (0.0s)
[2.148s] -- Build files have been written to: /home/monijesu/ros2_ws/build/examples_rclcpp_minimal_timer
[2.164s] Invoked command in '/home/monijesu/ros2_ws/build/examples_rclcpp_minimal_timer' returned '0': CMAKE_PREFIX_PATH=${CMAKE_PREFIX_PATH}:/home/monijesu/ros2_ws/install/turtle_path_planner:/home/monijesu/ros2_ws/install/turtle_package:/opt/ros/rolling DEBUGINFOD_URLS=https://debuginfod.ubuntu.com /usr/bin/cmake /home/monijesu/ros2_ws/src/examples/rclcpp/timers/minimal_timer -DAMENT_CMAKE_SYMLINK_INSTALL=1 -DCMAKE_INSTALL_PREFIX=/home/monijesu/ros2_ws/install/examples_rclcpp_minimal_timer
[2.168s] Invoking command in '/home/monijesu/ros2_ws/build/examples_rclcpp_minimal_timer': CMAKE_PREFIX_PATH=${CMAKE_PREFIX_PATH}:/home/monijesu/ros2_ws/install/turtle_path_planner:/home/monijesu/ros2_ws/install/turtle_package:/opt/ros/rolling DEBUGINFOD_URLS=https://debuginfod.ubuntu.com /usr/bin/cmake --build /home/monijesu/ros2_ws/build/examples_rclcpp_minimal_timer -- -j16 -l16
[2.258s] [ 25%] [32mBuilding CXX object CMakeFiles/timer_lambda.dir/lambda.cpp.o[0m
[2.272s] [ 50%] [32mBuilding CXX object CMakeFiles/timer_member_function.dir/member_function.cpp.o[0m
[20.129s] [ 75%] [32m[1mLinking CXX executable timer_lambda[0m
[20.760s] [ 75%] Built target timer_lambda
[28.056s] [100%] [32m[1mLinking CXX executable timer_member_function[0m
[28.933s] [100%] Built target timer_member_function
