[0.097s] DEBUG:colcon:Command line arguments: ['/usr/bin/colcon', 'build']
[0.097s] DEBUG:colcon:Parsed command line arguments: Namespace(log_base=None, log_level=None, verb_name='build', build_base='build', install_base='install', merge_install=False, symlink_install=False, test_result_base=None, continue_on_error=False, executor='parallel', parallel_workers=16, event_handlers=None, ignore_user_meta=False, metas=['./colcon.meta'], base_paths=['.'], packages_ignore=None, packages_ignore_regex=None, paths=None, packages_up_to=None, packages_up_to_regex=None, packages_above=None, packages_above_and_dependencies=None, packages_above_depth=None, packages_select_by_dep=None, packages_skip_by_dep=None, packages_skip_up_to=None, packages_select_build_failed=False, packages_skip_build_finished=False, packages_select_test_failures=False, packages_skip_test_passed=False, packages_select=None, packages_skip=None, packages_select_regex=None, packages_skip_regex=None, packages_start=None, packages_end=None, allow_overriding=[], cmake_args=None, cmake_target=None, cmake_target_skip_unavailable=False, cmake_clean_cache=False, cmake_clean_first=False, cmake_force_configure=False, ament_cmake_args=None, catkin_cmake_args=None, catkin_skip_building_tests=False, mixin_files=None, mixin=None, verb_parser=<colcon_mixin.mixin.mixin_argument.MixinArgumentDecorator object at 0x7231c6178860>, verb_extension=<colcon_core.verb.build.BuildVerb object at 0x7231c61786b0>, main=<bound method BuildVerb.main of <colcon_core.verb.build.BuildVerb object at 0x7231c61786b0>>, mixin_verb=('build',))
[0.132s] Level 1:colcon.colcon_core.package_discovery:discover_packages(colcon_meta) check parameters
[0.132s] Level 1:colcon.colcon_core.package_discovery:discover_packages(recursive) check parameters
[0.132s] Level 1:colcon.colcon_core.package_discovery:discover_packages(ignore) check parameters
[0.132s] Level 1:colcon.colcon_core.package_discovery:discover_packages(path) check parameters
[0.132s] Level 1:colcon.colcon_core.package_discovery:discover_packages(colcon_meta) discover
[0.132s] Level 1:colcon.colcon_core.package_discovery:discover_packages(recursive) discover
[0.132s] INFO:colcon.colcon_core.package_discovery:Crawling recursively for packages in '/home/monijesu/ros2_ws'
[0.132s] Level 1:colcon.colcon_core.package_identification:_identify(.) by extensions ['ignore', 'ignore_ament_install']
[0.132s] Level 1:colcon.colcon_core.package_identification:_identify(.) by extension 'ignore'
[0.132s] Level 1:colcon.colcon_core.package_identification:_identify(.) by extension 'ignore_ament_install'
[0.132s] Level 1:colcon.colcon_core.package_identification:_identify(.) by extensions ['colcon_pkg']
[0.132s] Level 1:colcon.colcon_core.package_identification:_identify(.) by extension 'colcon_pkg'
[0.132s] Level 1:colcon.colcon_core.package_identification:_identify(.) by extensions ['colcon_meta']
[0.132s] Level 1:colcon.colcon_core.package_identification:_identify(.) by extension 'colcon_meta'
[0.132s] Level 1:colcon.colcon_core.package_identification:_identify(.) by extensions ['ros']
[0.132s] Level 1:colcon.colcon_core.package_identification:_identify(.) by extension 'ros'
[0.158s] Level 1:colcon.colcon_core.package_identification:_identify(.) by extensions ['cmake', 'python']
[0.158s] Level 1:colcon.colcon_core.package_identification:_identify(.) by extension 'cmake'
[0.158s] Level 1:colcon.colcon_core.package_identification:_identify(.) by extension 'python'
[0.158s] Level 1:colcon.colcon_core.package_identification:_identify(.) by extensions ['python_setup_py']
[0.158s] Level 1:colcon.colcon_core.package_identification:_identify(.) by extension 'python_setup_py'
[0.158s] Level 1:colcon.colcon_core.package_identification:_identify(build) by extensions ['ignore', 'ignore_ament_install']
[0.158s] Level 1:colcon.colcon_core.package_identification:_identify(build) by extension 'ignore'
[0.158s] Level 1:colcon.colcon_core.package_identification:_identify(build) ignored
[0.159s] Level 1:colcon.colcon_core.package_identification:_identify(install) by extensions ['ignore', 'ignore_ament_install']
[0.159s] Level 1:colcon.colcon_core.package_identification:_identify(install) by extension 'ignore'
[0.159s] Level 1:colcon.colcon_core.package_identification:_identify(install) ignored
[0.159s] Level 1:colcon.colcon_core.package_identification:_identify(log) by extensions ['ignore', 'ignore_ament_install']
[0.159s] Level 1:colcon.colcon_core.package_identification:_identify(log) by extension 'ignore'
[0.159s] Level 1:colcon.colcon_core.package_identification:_identify(log) ignored
[0.159s] Level 1:colcon.colcon_core.package_identification:_identify(src) by extensions ['ignore', 'ignore_ament_install']
[0.159s] Level 1:colcon.colcon_core.package_identification:_identify(src) by extension 'ignore'
[0.159s] Level 1:colcon.colcon_core.package_identification:_identify(src) by extension 'ignore_ament_install'
[0.159s] Level 1:colcon.colcon_core.package_identification:_identify(src) by extensions ['colcon_pkg']
[0.159s] Level 1:colcon.colcon_core.package_identification:_identify(src) by extension 'colcon_pkg'
[0.159s] Level 1:colcon.colcon_core.package_identification:_identify(src) by extensions ['colcon_meta']
[0.159s] Level 1:colcon.colcon_core.package_identification:_identify(src) by extension 'colcon_meta'
[0.159s] Level 1:colcon.colcon_core.package_identification:_identify(src) by extensions ['ros']
[0.159s] Level 1:colcon.colcon_core.package_identification:_identify(src) by extension 'ros'
[0.159s] Level 1:colcon.colcon_core.package_identification:_identify(src) by extensions ['cmake', 'python']
[0.159s] Level 1:colcon.colcon_core.package_identification:_identify(src) by extension 'cmake'
[0.159s] Level 1:colcon.colcon_core.package_identification:_identify(src) by extension 'python'
[0.159s] Level 1:colcon.colcon_core.package_identification:_identify(src) by extensions ['python_setup_py']
[0.159s] Level 1:colcon.colcon_core.package_identification:_identify(src) by extension 'python_setup_py'
[0.159s] Level 1:colcon.colcon_core.package_identification:_identify(src/ros_tutorials) by extensions ['ignore', 'ignore_ament_install']
[0.160s] Level 1:colcon.colcon_core.package_identification:_identify(src/ros_tutorials) by extension 'ignore'
[0.160s] Level 1:colcon.colcon_core.package_identification:_identify(src/ros_tutorials) by extension 'ignore_ament_install'
[0.160s] Level 1:colcon.colcon_core.package_identification:_identify(src/ros_tutorials) by extensions ['colcon_pkg']
[0.160s] Level 1:colcon.colcon_core.package_identification:_identify(src/ros_tutorials) by extension 'colcon_pkg'
[0.160s] Level 1:colcon.colcon_core.package_identification:_identify(src/ros_tutorials) by extensions ['colcon_meta']
[0.160s] Level 1:colcon.colcon_core.package_identification:_identify(src/ros_tutorials) by extension 'colcon_meta'
[0.160s] Level 1:colcon.colcon_core.package_identification:_identify(src/ros_tutorials) by extensions ['ros']
[0.160s] Level 1:colcon.colcon_core.package_identification:_identify(src/ros_tutorials) by extension 'ros'
[0.160s] Level 1:colcon.colcon_core.package_identification:_identify(src/ros_tutorials) by extensions ['cmake', 'python']
[0.160s] Level 1:colcon.colcon_core.package_identification:_identify(src/ros_tutorials) by extension 'cmake'
[0.160s] Level 1:colcon.colcon_core.package_identification:_identify(src/ros_tutorials) by extension 'python'
[0.160s] Level 1:colcon.colcon_core.package_identification:_identify(src/ros_tutorials) by extensions ['python_setup_py']
[0.160s] Level 1:colcon.colcon_core.package_identification:_identify(src/ros_tutorials) by extension 'python_setup_py'
[0.160s] Level 1:colcon.colcon_core.package_identification:_identify(src/ros_tutorials/turtlesim) by extensions ['ignore', 'ignore_ament_install']
[0.160s] Level 1:colcon.colcon_core.package_identification:_identify(src/ros_tutorials/turtlesim) by extension 'ignore'
[0.160s] Level 1:colcon.colcon_core.package_identification:_identify(src/ros_tutorials/turtlesim) by extension 'ignore_ament_install'
[0.160s] Level 1:colcon.colcon_core.package_identification:_identify(src/ros_tutorials/turtlesim) by extensions ['colcon_pkg']
[0.160s] Level 1:colcon.colcon_core.package_identification:_identify(src/ros_tutorials/turtlesim) by extension 'colcon_pkg'
[0.160s] Level 1:colcon.colcon_core.package_identification:_identify(src/ros_tutorials/turtlesim) by extensions ['colcon_meta']
[0.160s] Level 1:colcon.colcon_core.package_identification:_identify(src/ros_tutorials/turtlesim) by extension 'colcon_meta'
[0.160s] Level 1:colcon.colcon_core.package_identification:_identify(src/ros_tutorials/turtlesim) by extensions ['ros']
[0.160s] Level 1:colcon.colcon_core.package_identification:_identify(src/ros_tutorials/turtlesim) by extension 'ros'
[0.163s] DEBUG:colcon.colcon_core.package_identification:Package 'src/ros_tutorials/turtlesim' with type 'ros.ament_cmake' and name 'turtlesim'
[0.163s] Level 1:colcon.colcon_core.package_identification:_identify(src/ros_tutorials/turtlesim_msgs) by extensions ['ignore', 'ignore_ament_install']
[0.163s] Level 1:colcon.colcon_core.package_identification:_identify(src/ros_tutorials/turtlesim_msgs) by extension 'ignore'
[0.163s] Level 1:colcon.colcon_core.package_identification:_identify(src/ros_tutorials/turtlesim_msgs) by extension 'ignore_ament_install'
[0.163s] Level 1:colcon.colcon_core.package_identification:_identify(src/ros_tutorials/turtlesim_msgs) by extensions ['colcon_pkg']
[0.163s] Level 1:colcon.colcon_core.package_identification:_identify(src/ros_tutorials/turtlesim_msgs) by extension 'colcon_pkg'
[0.163s] Level 1:colcon.colcon_core.package_identification:_identify(src/ros_tutorials/turtlesim_msgs) by extensions ['colcon_meta']
[0.163s] Level 1:colcon.colcon_core.package_identification:_identify(src/ros_tutorials/turtlesim_msgs) by extension 'colcon_meta'
[0.164s] Level 1:colcon.colcon_core.package_identification:_identify(src/ros_tutorials/turtlesim_msgs) by extensions ['ros']
[0.164s] Level 1:colcon.colcon_core.package_identification:_identify(src/ros_tutorials/turtlesim_msgs) by extension 'ros'
[0.164s] DEBUG:colcon.colcon_core.package_identification:Package 'src/ros_tutorials/turtlesim_msgs' with type 'ros.ament_cmake' and name 'turtlesim_msgs'
[0.164s] Level 1:colcon.colcon_core.package_discovery:discover_packages(recursive) using defaults
[0.164s] Level 1:colcon.colcon_core.package_discovery:discover_packages(ignore) discover
[0.164s] Level 1:colcon.colcon_core.package_discovery:discover_packages(ignore) using defaults
[0.164s] Level 1:colcon.colcon_core.package_discovery:discover_packages(path) discover
[0.164s] Level 1:colcon.colcon_core.package_discovery:discover_packages(path) using defaults
[0.181s] Level 1:colcon.colcon_core.package_discovery:discover_packages(prefix_path) check parameters
[0.181s] Level 1:colcon.colcon_core.package_discovery:discover_packages(prefix_path) discover
[0.182s] WARNING:colcon.colcon_ros.prefix_path.ament:The path '/home/monijesu/ros2_ws/install/turtlesim' in the environment variable AMENT_PREFIX_PATH doesn't exist
[0.182s] WARNING:colcon.colcon_ros.prefix_path.ament:The path '/home/monijesu/ros2_ws/install/turtlesim_msgs' in the environment variable AMENT_PREFIX_PATH doesn't exist
[0.182s] WARNING:colcon.colcon_ros.prefix_path.ament:The path '/home/monijesu/ros2_ws/install/turtle_path_planner' in the environment variable AMENT_PREFIX_PATH doesn't exist
[0.182s] WARNING:colcon.colcon_ros.prefix_path.ament:The path '/home/monijesu/ros2_ws/install/turtle_package' in the environment variable AMENT_PREFIX_PATH doesn't exist
[0.182s] WARNING:colcon.colcon_ros.prefix_path.catkin:The path '/home/monijesu/ros2_ws/install/turtlesim' in the environment variable CMAKE_PREFIX_PATH doesn't exist
[0.182s] WARNING:colcon.colcon_ros.prefix_path.catkin:The path '/home/monijesu/ros2_ws/install/turtlesim_msgs' in the environment variable CMAKE_PREFIX_PATH doesn't exist
[0.183s] WARNING:colcon.colcon_ros.prefix_path.catkin:The path '/opt/ros/rolling/opt/gz_math_vendor' in the environment variable CMAKE_PREFIX_PATH doesn't exist
[0.183s] WARNING:colcon.colcon_ros.prefix_path.catkin:The path '/opt/ros/rolling/opt/gz_utils_vendor' in the environment variable CMAKE_PREFIX_PATH doesn't exist
[0.183s] WARNING:colcon.colcon_ros.prefix_path.catkin:The path '/opt/ros/rolling/opt/gz_cmake_vendor' in the environment variable CMAKE_PREFIX_PATH doesn't exist
[0.183s] DEBUG:colcon.colcon_installed_package_information.package_discovery:Found 0 installed packages in /home/monijesu/ros2_ws/install
[0.184s] DEBUG:colcon.colcon_installed_package_information.package_discovery:Found 192 installed packages in /opt/ros/rolling
[0.185s] Level 1:colcon.colcon_core.package_discovery:discover_packages(prefix_path) using defaults
[0.212s] Level 5:colcon.colcon_core.verb:set package 'turtlesim_msgs' build argument 'cmake_args' from command line to 'None'
[0.212s] Level 5:colcon.colcon_core.verb:set package 'turtlesim_msgs' build argument 'cmake_target' from command line to 'None'
[0.212s] Level 5:colcon.colcon_core.verb:set package 'turtlesim_msgs' build argument 'cmake_target_skip_unavailable' from command line to 'False'
[0.212s] Level 5:colcon.colcon_core.verb:set package 'turtlesim_msgs' build argument 'cmake_clean_cache' from command line to 'False'
[0.212s] Level 5:colcon.colcon_core.verb:set package 'turtlesim_msgs' build argument 'cmake_clean_first' from command line to 'False'
[0.212s] Level 5:colcon.colcon_core.verb:set package 'turtlesim_msgs' build argument 'cmake_force_configure' from command line to 'False'
[0.212s] Level 5:colcon.colcon_core.verb:set package 'turtlesim_msgs' build argument 'ament_cmake_args' from command line to 'None'
[0.212s] Level 5:colcon.colcon_core.verb:set package 'turtlesim_msgs' build argument 'catkin_cmake_args' from command line to 'None'
[0.212s] Level 5:colcon.colcon_core.verb:set package 'turtlesim_msgs' build argument 'catkin_skip_building_tests' from command line to 'False'
[0.212s] DEBUG:colcon.colcon_core.verb:Building package 'turtlesim_msgs' with the following arguments: {'ament_cmake_args': None, 'build_base': '/home/monijesu/ros2_ws/build/turtlesim_msgs', 'catkin_cmake_args': None, 'catkin_skip_building_tests': False, 'cmake_args': None, 'cmake_clean_cache': False, 'cmake_clean_first': False, 'cmake_force_configure': False, 'cmake_target': None, 'cmake_target_skip_unavailable': False, 'install_base': '/home/monijesu/ros2_ws/install/turtlesim_msgs', 'merge_install': False, 'path': '/home/monijesu/ros2_ws/src/ros_tutorials/turtlesim_msgs', 'symlink_install': False, 'test_result_base': None}
[0.213s] Level 5:colcon.colcon_core.verb:set package 'turtlesim' build argument 'cmake_args' from command line to 'None'
[0.213s] Level 5:colcon.colcon_core.verb:set package 'turtlesim' build argument 'cmake_target' from command line to 'None'
[0.213s] Level 5:colcon.colcon_core.verb:set package 'turtlesim' build argument 'cmake_target_skip_unavailable' from command line to 'False'
[0.213s] Level 5:colcon.colcon_core.verb:set package 'turtlesim' build argument 'cmake_clean_cache' from command line to 'False'
[0.213s] Level 5:colcon.colcon_core.verb:set package 'turtlesim' build argument 'cmake_clean_first' from command line to 'False'
[0.213s] Level 5:colcon.colcon_core.verb:set package 'turtlesim' build argument 'cmake_force_configure' from command line to 'False'
[0.213s] Level 5:colcon.colcon_core.verb:set package 'turtlesim' build argument 'ament_cmake_args' from command line to 'None'
[0.213s] Level 5:colcon.colcon_core.verb:set package 'turtlesim' build argument 'catkin_cmake_args' from command line to 'None'
[0.213s] Level 5:colcon.colcon_core.verb:set package 'turtlesim' build argument 'catkin_skip_building_tests' from command line to 'False'
[0.213s] DEBUG:colcon.colcon_core.verb:Building package 'turtlesim' with the following arguments: {'ament_cmake_args': None, 'build_base': '/home/monijesu/ros2_ws/build/turtlesim', 'catkin_cmake_args': None, 'catkin_skip_building_tests': False, 'cmake_args': None, 'cmake_clean_cache': False, 'cmake_clean_first': False, 'cmake_force_configure': False, 'cmake_target': None, 'cmake_target_skip_unavailable': False, 'install_base': '/home/monijesu/ros2_ws/install/turtlesim', 'merge_install': False, 'path': '/home/monijesu/ros2_ws/src/ros_tutorials/turtlesim', 'symlink_install': False, 'test_result_base': None}
[0.213s] INFO:colcon.colcon_core.executor:Executing jobs using 'parallel' executor
[0.214s] DEBUG:colcon.colcon_parallel_executor.executor.parallel:run_until_complete
[0.214s] INFO:colcon.colcon_ros.task.ament_cmake.build:Building ROS package in '/home/monijesu/ros2_ws/src/ros_tutorials/turtlesim_msgs' with build type 'ament_cmake'
[0.214s] INFO:colcon.colcon_cmake.task.cmake.build:Building CMake package in '/home/monijesu/ros2_ws/src/ros_tutorials/turtlesim_msgs'
[0.216s] INFO:colcon.colcon_core.plugin_system:Skipping extension 'colcon_core.shell.bat': Not used on non-Windows systems
[0.216s] INFO:colcon.colcon_core.shell:Skip shell extension 'powershell' for command environment: Not usable outside of PowerShell
[0.216s] DEBUG:colcon.colcon_core.shell:Skip shell extension 'dsv' for command environment
[0.225s] DEBUG:colcon.colcon_core.event_handler.log_command:Invoking command in '/home/monijesu/ros2_ws/build/turtlesim_msgs': CMAKE_PREFIX_PATH=${CMAKE_PREFIX_PATH}:/home/monijesu/ros2_ws/install/turtle_path_planner:/home/monijesu/ros2_ws/install/turtle_package:/opt/ros/rolling DEBUGINFOD_URLS=https://debuginfod.ubuntu.com /usr/bin/cmake --build /home/monijesu/ros2_ws/build/turtlesim_msgs -- -j16 -l16
[0.492s] DEBUG:colcon.colcon_core.event_handler.log_command:Invoked command in '/home/monijesu/ros2_ws/build/turtlesim_msgs' returned '2': CMAKE_PREFIX_PATH=${CMAKE_PREFIX_PATH}:/home/monijesu/ros2_ws/install/turtle_path_planner:/home/monijesu/ros2_ws/install/turtle_package:/opt/ros/rolling DEBUGINFOD_URLS=https://debuginfod.ubuntu.com /usr/bin/cmake --build /home/monijesu/ros2_ws/build/turtlesim_msgs -- -j16 -l16
[0.788s] Level 1:colcon.colcon_core.environment:create_environment_scripts_only(turtlesim_msgs)
[0.792s] Level 1:colcon.colcon_core.environment:checking '/home/monijesu/ros2_ws/install/turtlesim_msgs' for CMake module files
[0.792s] Level 1:colcon.colcon_core.environment:checking '/home/monijesu/ros2_ws/install/turtlesim_msgs' for CMake config files
[0.793s] Level 1:colcon.colcon_core.environment:checking '/home/monijesu/ros2_ws/install/turtlesim_msgs/bin'
[0.793s] Level 1:colcon.colcon_core.environment:checking '/home/monijesu/ros2_ws/install/turtlesim_msgs/lib/pkgconfig/turtlesim_msgs.pc'
[0.794s] Level 1:colcon.colcon_core.environment:checking '/home/monijesu/ros2_ws/install/turtlesim_msgs/lib/python3.12/site-packages'
[0.794s] Level 1:colcon.colcon_core.environment:checking '/home/monijesu/ros2_ws/install/turtlesim_msgs/bin'
[0.794s] INFO:colcon.colcon_core.shell:Creating package script '/home/monijesu/ros2_ws/install/turtlesim_msgs/share/turtlesim_msgs/package.ps1'
[0.796s] INFO:colcon.colcon_core.shell:Creating package descriptor '/home/monijesu/ros2_ws/install/turtlesim_msgs/share/turtlesim_msgs/package.dsv'
[0.796s] INFO:colcon.colcon_core.shell:Creating package script '/home/monijesu/ros2_ws/install/turtlesim_msgs/share/turtlesim_msgs/package.sh'
[0.797s] INFO:colcon.colcon_core.shell:Creating package script '/home/monijesu/ros2_ws/install/turtlesim_msgs/share/turtlesim_msgs/package.bash'
[0.798s] INFO:colcon.colcon_core.shell:Creating package script '/home/monijesu/ros2_ws/install/turtlesim_msgs/share/turtlesim_msgs/package.zsh'
[0.799s] Level 1:colcon.colcon_core.environment:create_file_with_runtime_dependencies(/home/monijesu/ros2_ws/install/turtlesim_msgs/share/colcon-core/packages/turtlesim_msgs)
[0.810s] DEBUG:colcon.colcon_parallel_executor.executor.parallel:closing loop
[0.810s] DEBUG:colcon.colcon_parallel_executor.executor.parallel:loop closed
[0.810s] DEBUG:colcon.colcon_parallel_executor.executor.parallel:run_until_complete finished with '2'
[0.810s] DEBUG:colcon.colcon_core.event_reactor:joining thread
[0.818s] INFO:colcon.colcon_core.plugin_system:Skipping extension 'colcon_notification.desktop_notification.terminal_notifier': Not used on non-Darwin systems
[0.818s] INFO:colcon.colcon_core.plugin_system:Skipping extension 'colcon_notification.desktop_notification.win32': Not used on non-Windows systems
[0.818s] INFO:colcon.colcon_notification.desktop_notification:Sending desktop notification using 'notify2'
[0.842s] DEBUG:colcon.colcon_core.event_reactor:joined thread
[0.843s] INFO:colcon.colcon_core.shell:Creating prefix script '/home/monijesu/ros2_ws/install/local_setup.ps1'
[0.845s] INFO:colcon.colcon_core.shell:Creating prefix util module '/home/monijesu/ros2_ws/install/_local_setup_util_ps1.py'
[0.847s] INFO:colcon.colcon_core.shell:Creating prefix chain script '/home/monijesu/ros2_ws/install/setup.ps1'
[0.848s] INFO:colcon.colcon_core.shell:Creating prefix script '/home/monijesu/ros2_ws/install/local_setup.sh'
[0.849s] INFO:colcon.colcon_core.shell:Creating prefix util module '/home/monijesu/ros2_ws/install/_local_setup_util_sh.py'
[0.850s] INFO:colcon.colcon_core.shell:Creating prefix chain script '/home/monijesu/ros2_ws/install/setup.sh'
[0.852s] INFO:colcon.colcon_core.shell:Creating prefix script '/home/monijesu/ros2_ws/install/local_setup.bash'
[0.852s] INFO:colcon.colcon_core.shell:Creating prefix chain script '/home/monijesu/ros2_ws/install/setup.bash'
[0.854s] INFO:colcon.colcon_core.shell:Creating prefix script '/home/monijesu/ros2_ws/install/local_setup.zsh'
[0.855s] INFO:colcon.colcon_core.shell:Creating prefix chain script '/home/monijesu/ros2_ws/install/setup.zsh'
