[2.553s] Invoking command in '/home/monijesu/ros2_ws/build/examples_rclpy_executors': DEBUGINFOD_URLS=https://debuginfod.ubuntu.com PYTHONPATH=/home/monijesu/ros2_ws/build/examples_rclpy_executors/prefix_override:/usr/lib/python3/dist-packages/colcon_core/task/python/colcon_distutils_commands:/home/monijesu/ros2_ws/install/examples_rclpy_executors/lib/python3.12/site-packages:${PYTHONPATH} /usr/bin/python3 -W ignore:setup.py install is deprecated setup.py develop --editable --build-directory /home/monijesu/ros2_ws/build/examples_rclpy_executors/build --no-deps symlink_data
[28.971s] running develop
[28.971s] running egg_info
[28.972s] creating examples_rclpy_executors.egg-info
[28.972s] writing examples_rclpy_executors.egg-info/PKG-INFO
[28.972s] writing dependency_links to examples_rclpy_executors.egg-info/dependency_links.txt
[28.972s] writing entry points to examples_rclpy_executors.egg-info/entry_points.txt
[28.972s] writing requirements to examples_rclpy_executors.egg-info/requires.txt
[28.972s] writing top-level names to examples_rclpy_executors.egg-info/top_level.txt
[28.972s] writing manifest file 'examples_rclpy_executors.egg-info/SOURCES.txt'
[28.972s] reading manifest file 'examples_rclpy_executors.egg-info/SOURCES.txt'
[28.973s] writing manifest file 'examples_rclpy_executors.egg-info/SOURCES.txt'
[28.973s] running build_ext
[28.973s] Creating /home/monijesu/ros2_ws/install/examples_rclpy_executors/lib/python3.12/site-packages/examples-rclpy-executors.egg-link (link to .)
[28.973s] Installing callback_group script to /home/monijesu/ros2_ws/install/examples_rclpy_executors/lib/examples_rclpy_executors
[28.973s] Installing composed script to /home/monijesu/ros2_ws/install/examples_rclpy_executors/lib/examples_rclpy_executors
[28.973s] Installing custom_callback_group script to /home/monijesu/ros2_ws/install/examples_rclpy_executors/lib/examples_rclpy_executors
[28.974s] Installing custom_executor script to /home/monijesu/ros2_ws/install/examples_rclpy_executors/lib/examples_rclpy_executors
[28.974s] Installing listener script to /home/monijesu/ros2_ws/install/examples_rclpy_executors/lib/examples_rclpy_executors
[28.974s] Installing talker script to /home/monijesu/ros2_ws/install/examples_rclpy_executors/lib/examples_rclpy_executors
[28.974s] 
[28.974s] Installed /home/monijesu/ros2_ws/build/examples_rclpy_executors
[28.974s] running symlink_data
[28.974s] creating /home/monijesu/ros2_ws/install/examples_rclpy_executors/share/ament_index
[28.983s] creating /home/monijesu/ros2_ws/install/examples_rclpy_executors/share/ament_index/resource_index
[28.983s] creating /home/monijesu/ros2_ws/install/examples_rclpy_executors/share/ament_index/resource_index/packages
[28.984s] symbolically linking /home/monijesu/ros2_ws/build/examples_rclpy_executors/resource/examples_rclpy_executors -> /home/monijesu/ros2_ws/install/examples_rclpy_executors/share/ament_index/resource_index/packages
[28.984s] symbolically linking /home/monijesu/ros2_ws/build/examples_rclpy_executors/package.xml -> /home/monijesu/ros2_ws/install/examples_rclpy_executors/share/examples_rclpy_executors
[28.987s] /usr/lib/python3/dist-packages/setuptools/command/develop.py:40: EasyInstallDeprecationWarning: easy_install command is deprecated.
[28.988s] !!
[28.988s] 
[28.988s]         ********************************************************************************
[28.988s]         Please avoid running ``setup.py`` and ``easy_install``.
[28.988s]         Instead, use pypa/build, pypa/installer or other
[28.988s]         standards-based tools.
[28.988s] 
[28.995s]         See https://github.com/pypa/setuptools/issues/917 for details.
[28.995s]         ********************************************************************************
[28.995s] 
[28.995s] !!
[28.995s]   easy_install.initialize_options(self)
