[1.899s] Invoking command in '/home/monijesu/ros2_ws/build/examples_rclpy_minimal_client': DEBUGINFOD_URLS=https://debuginfod.ubuntu.com PYTHONPATH=/home/monijesu/ros2_ws/build/examples_rclpy_minimal_client/prefix_override:/usr/lib/python3/dist-packages/colcon_core/task/python/colcon_distutils_commands:/home/monijesu/ros2_ws/install/examples_rclpy_minimal_client/lib/python3.12/site-packages:${PYTHONPATH} /usr/bin/python3 -W ignore:setup.py install is deprecated setup.py develop --editable --build-directory /home/monijesu/ros2_ws/build/examples_rclpy_minimal_client/build --no-deps symlink_data
[2.199s] running develop
[2.199s] /usr/lib/python3/dist-packages/setuptools/command/develop.py:40: EasyInstallDeprecationWarning: easy_install command is deprecated.
[2.199s] !!
[2.199s] 
[2.200s]         ********************************************************************************
[2.200s]         Please avoid running ``setup.py`` and ``easy_install``.
[2.200s]         Instead, use pypa/build, pypa/installer or other
[2.200s]         standards-based tools.
[2.200s] 
[2.200s]         See https://github.com/pypa/setuptools/issues/917 for details.
[2.200s]         ********************************************************************************
[2.200s] 
[2.200s] !!
[2.201s]   easy_install.initialize_options(self)
[2.380s] running egg_info
[2.397s] writing examples_rclpy_minimal_client.egg-info/PKG-INFO
[2.398s] writing dependency_links to examples_rclpy_minimal_client.egg-info/dependency_links.txt
[2.398s] writing entry points to examples_rclpy_minimal_client.egg-info/entry_points.txt
[2.398s] writing requirements to examples_rclpy_minimal_client.egg-info/requires.txt
[2.399s] writing top-level names to examples_rclpy_minimal_client.egg-info/top_level.txt
[2.434s] reading manifest file 'examples_rclpy_minimal_client.egg-info/SOURCES.txt'
[2.435s] writing manifest file 'examples_rclpy_minimal_client.egg-info/SOURCES.txt'
[2.455s] running build_ext
[2.456s] Creating /home/monijesu/ros2_ws/install/examples_rclpy_minimal_client/lib/python3.12/site-packages/examples-rclpy-minimal-client.egg-link (link to .)
[2.456s] Installing client script to /home/monijesu/ros2_ws/install/examples_rclpy_minimal_client/lib/examples_rclpy_minimal_client
[2.456s] Installing client_async script to /home/monijesu/ros2_ws/install/examples_rclpy_minimal_client/lib/examples_rclpy_minimal_client
[2.456s] Installing client_async_callback script to /home/monijesu/ros2_ws/install/examples_rclpy_minimal_client/lib/examples_rclpy_minimal_client
[2.456s] Installing client_async_member_function script to /home/monijesu/ros2_ws/install/examples_rclpy_minimal_client/lib/examples_rclpy_minimal_client
[2.457s] 
[2.457s] Installed /home/monijesu/ros2_ws/build/examples_rclpy_minimal_client
[2.457s] running symlink_data
[2.483s] Invoked command in '/home/monijesu/ros2_ws/build/examples_rclpy_minimal_client' returned '0': DEBUGINFOD_URLS=https://debuginfod.ubuntu.com PYTHONPATH=/home/monijesu/ros2_ws/build/examples_rclpy_minimal_client/prefix_override:/usr/lib/python3/dist-packages/colcon_core/task/python/colcon_distutils_commands:/home/monijesu/ros2_ws/install/examples_rclpy_minimal_client/lib/python3.12/site-packages:${PYTHONPATH} /usr/bin/python3 -W ignore:setup.py install is deprecated setup.py develop --editable --build-directory /home/monijesu/ros2_ws/build/examples_rclpy_minimal_client/build --no-deps symlink_data
