[2.515s] Invoking command in '/home/monijesu/ros2_ws/build/examples_rclpy_minimal_action_client': DEBUGINFOD_URLS=https://debuginfod.ubuntu.com PYTHONPATH=/home/monijesu/ros2_ws/build/examples_rclpy_minimal_action_client/prefix_override:/usr/lib/python3/dist-packages/colcon_core/task/python/colcon_distutils_commands:/home/monijesu/ros2_ws/install/examples_rclpy_minimal_action_client/lib/python3.12/site-packages:${PYTHONPATH} /usr/bin/python3 -W ignore:setup.py install is deprecated setup.py develop --editable --build-directory /home/monijesu/ros2_ws/build/examples_rclpy_minimal_action_client/build --no-deps symlink_data
[26.947s] running develop
[26.948s] running egg_info
[26.948s] creating examples_rclpy_minimal_action_client.egg-info
[26.948s] writing examples_rclpy_minimal_action_client.egg-info/PKG-INFO
[26.948s] writing dependency_links to examples_rclpy_minimal_action_client.egg-info/dependency_links.txt
[26.948s] writing entry points to examples_rclpy_minimal_action_client.egg-info/entry_points.txt
[26.949s] writing requirements to examples_rclpy_minimal_action_client.egg-info/requires.txt
[26.949s] writing top-level names to examples_rclpy_minimal_action_client.egg-info/top_level.txt
[26.949s] writing manifest file 'examples_rclpy_minimal_action_client.egg-info/SOURCES.txt'
[26.949s] reading manifest file 'examples_rclpy_minimal_action_client.egg-info/SOURCES.txt'
[26.949s] writing manifest file 'examples_rclpy_minimal_action_client.egg-info/SOURCES.txt'
[26.949s] running build_ext
[26.958s] Creating /home/monijesu/ros2_ws/install/examples_rclpy_minimal_action_client/lib/python3.12/site-packages/examples-rclpy-minimal-action-client.egg-link (link to .)
[26.958s] Installing client script to /home/monijesu/ros2_ws/install/examples_rclpy_minimal_action_client/lib/examples_rclpy_minimal_action_client
[26.958s] Installing client_asyncio script to /home/monijesu/ros2_ws/install/examples_rclpy_minimal_action_client/lib/examples_rclpy_minimal_action_client
[26.958s] Installing client_cancel script to /home/monijesu/ros2_ws/install/examples_rclpy_minimal_action_client/lib/examples_rclpy_minimal_action_client
[26.958s] Installing client_not_composable script to /home/monijesu/ros2_ws/install/examples_rclpy_minimal_action_client/lib/examples_rclpy_minimal_action_client
[26.958s] 
[26.958s] Installed /home/monijesu/ros2_ws/build/examples_rclpy_minimal_action_client
[26.959s] running symlink_data
[26.959s] creating /home/monijesu/ros2_ws/install/examples_rclpy_minimal_action_client/share/ament_index
[26.960s] creating /home/monijesu/ros2_ws/install/examples_rclpy_minimal_action_client/share/ament_index/resource_index
[26.960s] creating /home/monijesu/ros2_ws/install/examples_rclpy_minimal_action_client/share/ament_index/resource_index/packages
[26.960s] symbolically linking /home/monijesu/ros2_ws/build/examples_rclpy_minimal_action_client/resource/examples_rclpy_minimal_action_client -> /home/monijesu/ros2_ws/install/examples_rclpy_minimal_action_client/share/ament_index/resource_index/packages
[26.960s] symbolically linking /home/monijesu/ros2_ws/build/examples_rclpy_minimal_action_client/package.xml -> /home/monijesu/ros2_ws/install/examples_rclpy_minimal_action_client/share/examples_rclpy_minimal_action_client
[26.961s] /usr/lib/python3/dist-packages/setuptools/command/develop.py:40: EasyInstallDeprecationWarning: easy_install command is deprecated.
[26.962s] !!
[26.962s] 
[26.962s]         ********************************************************************************
[26.962s]         Please avoid running ``setup.py`` and ``easy_install``.
[26.962s]         Instead, use pypa/build, pypa/installer or other
[26.962s]         standards-based tools.
[26.963s] 
[26.963s]         See https://github.com/pypa/setuptools/issues/917 for details.
[26.963s]         ********************************************************************************
[26.963s] 
[26.963s] !!
[26.963s]   easy_install.initialize_options(self)
[26.975s] Invoked command in '/home/monijesu/ros2_ws/build/examples_rclpy_minimal_action_client' returned '0': DEBUGINFOD_URLS=https://debuginfod.ubuntu.com PYTHONPATH=/home/monijesu/ros2_ws/build/examples_rclpy_minimal_action_client/prefix_override:/usr/lib/python3/dist-packages/colcon_core/task/python/colcon_distutils_commands:/home/monijesu/ros2_ws/install/examples_rclpy_minimal_action_client/lib/python3.12/site-packages:${PYTHONPATH} /usr/bin/python3 -W ignore:setup.py install is deprecated setup.py develop --editable --build-directory /home/monijesu/ros2_ws/build/examples_rclpy_minimal_action_client/build --no-deps symlink_data
