[1.693s] Invoking command in '/home/monijesu/ros2_ws/build/examples_rclpy_minimal_service': DEBUGINFOD_URLS=https://debuginfod.ubuntu.com PYTHONPATH=/home/monijesu/ros2_ws/build/examples_rclpy_minimal_service/prefix_override:/usr/lib/python3/dist-packages/colcon_core/task/python/colcon_distutils_commands:/home/monijesu/ros2_ws/install/examples_rclpy_minimal_service/lib/python3.12/site-packages:${PYTHONPATH} /usr/bin/python3 -W ignore:setup.py install is deprecated setup.py develop --uninstall --editable --build-directory /home/monijesu/ros2_ws/build/examples_rclpy_minimal_service/build
[2.069s] running develop
[2.070s] /usr/lib/python3/dist-packages/setuptools/command/develop.py:40: EasyInstallDeprecationWarning: easy_install command is deprecated.
[2.070s] !!
[2.071s] 
[2.071s]         ********************************************************************************
[2.071s]         Please avoid running ``setup.py`` and ``easy_install``.
[2.071s]         Instead, use pypa/build, pypa/installer or other
[2.071s]         standards-based tools.
[2.071s] 
[2.072s]         See https://github.com/pypa/setuptools/issues/917 for details.
[2.072s]         ********************************************************************************
[2.072s] 
[2.072s] !!
[2.072s]   easy_install.initialize_options(self)
[2.388s] Removing /home/monijesu/ros2_ws/install/examples_rclpy_minimal_service/lib/python3.12/site-packages/examples-rclpy-minimal-service.egg-link (link to .)
[2.430s] Invoked command in '/home/monijesu/ros2_ws/build/examples_rclpy_minimal_service' returned '0': DEBUGINFOD_URLS=https://debuginfod.ubuntu.com PYTHONPATH=/home/monijesu/ros2_ws/build/examples_rclpy_minimal_service/prefix_override:/usr/lib/python3/dist-packages/colcon_core/task/python/colcon_distutils_commands:/home/monijesu/ros2_ws/install/examples_rclpy_minimal_service/lib/python3.12/site-packages:${PYTHONPATH} /usr/bin/python3 -W ignore:setup.py install is deprecated setup.py develop --uninstall --editable --build-directory /home/monijesu/ros2_ws/build/examples_rclpy_minimal_service/build
[2.431s] Invoking command in '/home/monijesu/ros2_ws/src/examples/rclpy/services/minimal_service': DEBUGINFOD_URLS=https://debuginfod.ubuntu.com PYTHONPATH=/home/monijesu/ros2_ws/build/examples_rclpy_minimal_service/prefix_override:/usr/lib/python3/dist-packages/colcon_core/task/python/colcon_distutils_commands:/home/monijesu/ros2_ws/install/examples_rclpy_minimal_service/lib/python3.12/site-packages:${PYTHONPATH} /usr/bin/python3 -W ignore:setup.py install is deprecated setup.py egg_info --egg-base ../../../../../build/examples_rclpy_minimal_service build --build-base /home/monijesu/ros2_ws/build/examples_rclpy_minimal_service/build install --record /home/monijesu/ros2_ws/build/examples_rclpy_minimal_service/install.log --single-version-externally-managed install_data --force
[2.827s] running egg_info
[2.844s] writing ../../../../../build/examples_rclpy_minimal_service/examples_rclpy_minimal_service.egg-info/PKG-INFO
[2.844s] writing dependency_links to ../../../../../build/examples_rclpy_minimal_service/examples_rclpy_minimal_service.egg-info/dependency_links.txt
[2.844s] writing entry points to ../../../../../build/examples_rclpy_minimal_service/examples_rclpy_minimal_service.egg-info/entry_points.txt
[2.844s] writing requirements to ../../../../../build/examples_rclpy_minimal_service/examples_rclpy_minimal_service.egg-info/requires.txt
[2.844s] writing top-level names to ../../../../../build/examples_rclpy_minimal_service/examples_rclpy_minimal_service.egg-info/top_level.txt
[2.880s] reading manifest file '../../../../../build/examples_rclpy_minimal_service/examples_rclpy_minimal_service.egg-info/SOURCES.txt'
[2.881s] writing manifest file '../../../../../build/examples_rclpy_minimal_service/examples_rclpy_minimal_service.egg-info/SOURCES.txt'
[2.881s] running build
[2.881s] running build_py
[2.881s] creating /home/monijesu/ros2_ws/build/examples_rclpy_minimal_service/build
[2.881s] creating /home/monijesu/ros2_ws/build/examples_rclpy_minimal_service/build/lib
[2.882s] creating /home/monijesu/ros2_ws/build/examples_rclpy_minimal_service/build/lib/examples_rclpy_minimal_service
[2.882s] copying examples_rclpy_minimal_service/service_member_function.py -> /home/monijesu/ros2_ws/build/examples_rclpy_minimal_service/build/lib/examples_rclpy_minimal_service
[2.882s] copying examples_rclpy_minimal_service/service.py -> /home/monijesu/ros2_ws/build/examples_rclpy_minimal_service/build/lib/examples_rclpy_minimal_service
[2.882s] copying examples_rclpy_minimal_service/__init__.py -> /home/monijesu/ros2_ws/build/examples_rclpy_minimal_service/build/lib/examples_rclpy_minimal_service
[2.882s] running install
[2.888s] running install_lib
[2.907s] creating /home/monijesu/ros2_ws/install/examples_rclpy_minimal_service/lib/python3.12/site-packages/examples_rclpy_minimal_service
[2.908s] copying /home/monijesu/ros2_ws/build/examples_rclpy_minimal_service/build/lib/examples_rclpy_minimal_service/service_member_function.py -> /home/monijesu/ros2_ws/install/examples_rclpy_minimal_service/lib/python3.12/site-packages/examples_rclpy_minimal_service
[2.908s] copying /home/monijesu/ros2_ws/build/examples_rclpy_minimal_service/build/lib/examples_rclpy_minimal_service/service.py -> /home/monijesu/ros2_ws/install/examples_rclpy_minimal_service/lib/python3.12/site-packages/examples_rclpy_minimal_service
[2.908s] copying /home/monijesu/ros2_ws/build/examples_rclpy_minimal_service/build/lib/examples_rclpy_minimal_service/__init__.py -> /home/monijesu/ros2_ws/install/examples_rclpy_minimal_service/lib/python3.12/site-packages/examples_rclpy_minimal_service
[2.909s] byte-compiling /home/monijesu/ros2_ws/install/examples_rclpy_minimal_service/lib/python3.12/site-packages/examples_rclpy_minimal_service/service_member_function.py to service_member_function.cpython-312.pyc
[2.909s] byte-compiling /home/monijesu/ros2_ws/install/examples_rclpy_minimal_service/lib/python3.12/site-packages/examples_rclpy_minimal_service/service.py to service.cpython-312.pyc
[2.910s] byte-compiling /home/monijesu/ros2_ws/install/examples_rclpy_minimal_service/lib/python3.12/site-packages/examples_rclpy_minimal_service/__init__.py to __init__.cpython-312.pyc
[2.910s] running install_data
[2.910s] copying resource/examples_rclpy_minimal_service -> /home/monijesu/ros2_ws/install/examples_rclpy_minimal_service/share/ament_index/resource_index/packages
[2.910s] copying package.xml -> /home/monijesu/ros2_ws/install/examples_rclpy_minimal_service/share/examples_rclpy_minimal_service
[2.911s] running install_egg_info
[2.941s] Copying ../../../../../build/examples_rclpy_minimal_service/examples_rclpy_minimal_service.egg-info to /home/monijesu/ros2_ws/install/examples_rclpy_minimal_service/lib/python3.12/site-packages/examples_rclpy_minimal_service-0.20.2-py3.12.egg-info
[2.942s] running install_scripts
[3.072s] Installing service script to /home/monijesu/ros2_ws/install/examples_rclpy_minimal_service/lib/examples_rclpy_minimal_service
[3.072s] Installing service_member_function script to /home/monijesu/ros2_ws/install/examples_rclpy_minimal_service/lib/examples_rclpy_minimal_service
[3.072s] writing list of installed files to '/home/monijesu/ros2_ws/build/examples_rclpy_minimal_service/install.log'
[3.096s] Invoked command in '/home/monijesu/ros2_ws/src/examples/rclpy/services/minimal_service' returned '0': DEBUGINFOD_URLS=https://debuginfod.ubuntu.com PYTHONPATH=/home/monijesu/ros2_ws/build/examples_rclpy_minimal_service/prefix_override:/usr/lib/python3/dist-packages/colcon_core/task/python/colcon_distutils_commands:/home/monijesu/ros2_ws/install/examples_rclpy_minimal_service/lib/python3.12/site-packages:${PYTHONPATH} /usr/bin/python3 -W ignore:setup.py install is deprecated setup.py egg_info --egg-base ../../../../../build/examples_rclpy_minimal_service build --build-base /home/monijesu/ros2_ws/build/examples_rclpy_minimal_service/build install --record /home/monijesu/ros2_ws/build/examples_rclpy_minimal_service/install.log --single-version-externally-managed install_data --force
