[0.036s] Invoking command in '/home/monijesu/ros2_ws/build/examples_rclcpp_cbg_executor': CMAKE_PREFIX_PATH=${CMAKE_PREFIX_PATH}:/opt/ros/rolling DEBUGINFOD_URLS=https://debuginfod.ubuntu.com /usr/bin/cmake --build /home/monijesu/ros2_ws/build/examples_rclcpp_cbg_executor -- -j16 -l16
[0.552s] [ 40%] Built target ping_pong
[0.552s] [ 90%] Built target ping
[0.552s] [100%] Built target pong
[0.557s] Invoked command in '/home/monijesu/ros2_ws/build/examples_rclcpp_cbg_executor' returned '0': CMAKE_PREFIX_PATH=${CMAKE_PREFIX_PATH}:/opt/ros/rolling DEBUGINFOD_URLS=https://debuginfod.ubuntu.com /usr/bin/cmake --build /home/monijesu/ros2_ws/build/examples_rclcpp_cbg_executor -- -j16 -l16
[0.589s] Invoking command in '/home/monijesu/ros2_ws/build/examples_rclcpp_cbg_executor': CMAKE_PREFIX_PATH=${CMAKE_PREFIX_PATH}:/opt/ros/rolling DEBUGINFOD_URLS=https://debuginfod.ubuntu.com /usr/bin/cmake --install /home/monijesu/ros2_ws/build/examples_rclcpp_cbg_executor
[0.609s] -- Install configuration: ""
[0.609s] -- Execute custom install script
[0.610s] -- Up-to-date symlink: /home/monijesu/ros2_ws/install/examples_rclcpp_cbg_executor/lib/examples_rclcpp_cbg_executor/ping
[0.612s] -- Up-to-date symlink: /home/monijesu/ros2_ws/install/examples_rclcpp_cbg_executor/lib/examples_rclcpp_cbg_executor/pong
[0.612s] -- Up-to-date symlink: /home/monijesu/ros2_ws/install/examples_rclcpp_cbg_executor/lib/examples_rclcpp_cbg_executor/ping_pong
[0.613s] -- Up-to-date symlink: /home/monijesu/ros2_ws/install/examples_rclcpp_cbg_executor/include/examples_rclcpp_cbg_executor/ping_node.hpp
[0.613s] -- Up-to-date symlink: /home/monijesu/ros2_ws/install/examples_rclcpp_cbg_executor/include/examples_rclcpp_cbg_executor/pong_node.hpp
[0.613s] -- Up-to-date symlink: /home/monijesu/ros2_ws/install/examples_rclcpp_cbg_executor/share/ament_index/resource_index/package_run_dependencies/examples_rclcpp_cbg_executor
[0.615s] -- Up-to-date symlink: /home/monijesu/ros2_ws/install/examples_rclcpp_cbg_executor/share/ament_index/resource_index/parent_prefix_path/examples_rclcpp_cbg_executor
[0.615s] -- Up-to-date symlink: /home/monijesu/ros2_ws/install/examples_rclcpp_cbg_executor/share/examples_rclcpp_cbg_executor/environment/ament_prefix_path.sh
[0.615s] -- Up-to-date symlink: /home/monijesu/ros2_ws/install/examples_rclcpp_cbg_executor/share/examples_rclcpp_cbg_executor/environment/ament_prefix_path.dsv
[0.615s] -- Up-to-date symlink: /home/monijesu/ros2_ws/install/examples_rclcpp_cbg_executor/share/examples_rclcpp_cbg_executor/environment/path.sh
[0.616s] -- Up-to-date symlink: /home/monijesu/ros2_ws/install/examples_rclcpp_cbg_executor/share/examples_rclcpp_cbg_executor/environment/path.dsv
[0.616s] -- Up-to-date symlink: /home/monijesu/ros2_ws/install/examples_rclcpp_cbg_executor/share/examples_rclcpp_cbg_executor/local_setup.bash
[0.618s] -- Up-to-date symlink: /home/monijesu/ros2_ws/install/examples_rclcpp_cbg_executor/share/examples_rclcpp_cbg_executor/local_setup.sh
[0.618s] -- Up-to-date symlink: /home/monijesu/ros2_ws/install/examples_rclcpp_cbg_executor/share/examples_rclcpp_cbg_executor/local_setup.zsh
[0.618s] -- Up-to-date symlink: /home/monijesu/ros2_ws/install/examples_rclcpp_cbg_executor/share/examples_rclcpp_cbg_executor/local_setup.dsv
[0.618s] -- Symlinking: /home/monijesu/ros2_ws/install/examples_rclcpp_cbg_executor/share/examples_rclcpp_cbg_executor/package.dsv
[0.622s] -- Up-to-date symlink: /home/monijesu/ros2_ws/install/examples_rclcpp_cbg_executor/share/ament_index/resource_index/packages/examples_rclcpp_cbg_executor
[0.622s] -- Up-to-date symlink: /home/monijesu/ros2_ws/install/examples_rclcpp_cbg_executor/share/examples_rclcpp_cbg_executor/cmake/ament_cmake_export_dependencies-extras.cmake
[0.622s] -- Up-to-date symlink: /home/monijesu/ros2_ws/install/examples_rclcpp_cbg_executor/share/examples_rclcpp_cbg_executor/cmake/examples_rclcpp_cbg_executorConfig.cmake
[0.623s] -- Up-to-date symlink: /home/monijesu/ros2_ws/install/examples_rclcpp_cbg_executor/share/examples_rclcpp_cbg_executor/cmake/examples_rclcpp_cbg_executorConfig-version.cmake
[0.623s] -- Up-to-date symlink: /home/monijesu/ros2_ws/install/examples_rclcpp_cbg_executor/share/examples_rclcpp_cbg_executor/package.xml
[0.684s] Invoked command in '/home/monijesu/ros2_ws/build/examples_rclcpp_cbg_executor' returned '0': CMAKE_PREFIX_PATH=${CMAKE_PREFIX_PATH}:/opt/ros/rolling DEBUGINFOD_URLS=https://debuginfod.ubuntu.com /usr/bin/cmake --install /home/monijesu/ros2_ws/build/examples_rclcpp_cbg_executor
