[ 16%] Built target mimic
[ 33%] Built target draw_square
[ 50%] Built target turtle_teleop_key
[100%] Built target turtlesim_node
-- Install configuration: ""
-- Execute custom install script
-- Up-to-date symlink: /home/monijesu/ros2_ws/install/turtlesim/lib/turtlesim/turtlesim_node
-- Up-to-date symlink: /home/monijesu/ros2_ws/install/turtlesim/lib/turtlesim/turtle_teleop_key
-- Up-to-date symlink: /home/monijesu/ros2_ws/install/turtlesim/lib/turtlesim/draw_square
-- Up-to-date symlink: /home/monijesu/ros2_ws/install/turtlesim/lib/turtlesim/mimic
-- Up-to-date symlink: /home/monijesu/ros2_ws/install/turtlesim/share/turtlesim/launch/multisim.launch.py
-- Up-to-date symlink: /home/monijesu/ros2_ws/install/turtlesim/share/ament_index/resource_index/package_run_dependencies/turtlesim
-- Up-to-date symlink: /home/monijesu/ros2_ws/install/turtlesim/share/ament_index/resource_index/parent_prefix_path/turtlesim
-- Up-to-date symlink: /home/monijesu/ros2_ws/install/turtlesim/share/turtlesim/environment/ament_prefix_path.sh
-- Up-to-date symlink: /home/monijesu/ros2_ws/install/turtlesim/share/turtlesim/environment/ament_prefix_path.dsv
-- Up-to-date symlink: /home/monijesu/ros2_ws/install/turtlesim/share/turtlesim/environment/path.sh
-- Up-to-date symlink: /home/monijesu/ros2_ws/install/turtlesim/share/turtlesim/environment/path.dsv
-- Up-to-date symlink: /home/monijesu/ros2_ws/install/turtlesim/share/turtlesim/local_setup.bash
-- Up-to-date symlink: /home/monijesu/ros2_ws/install/turtlesim/share/turtlesim/local_setup.sh
-- Up-to-date symlink: /home/monijesu/ros2_ws/install/turtlesim/share/turtlesim/local_setup.zsh
-- Up-to-date symlink: /home/monijesu/ros2_ws/install/turtlesim/share/turtlesim/local_setup.dsv
-- Symlinking: /home/monijesu/ros2_ws/install/turtlesim/share/turtlesim/package.dsv
-- Up-to-date symlink: /home/monijesu/ros2_ws/install/turtlesim/share/ament_index/resource_index/packages/turtlesim
-- Up-to-date symlink: /home/monijesu/ros2_ws/install/turtlesim/share/turtlesim/cmake/turtlesimConfig.cmake
-- Up-to-date symlink: /home/monijesu/ros2_ws/install/turtlesim/share/turtlesim/cmake/turtlesimConfig-version.cmake
-- Up-to-date symlink: /home/monijesu/ros2_ws/install/turtlesim/share/turtlesim/package.xml
-- Up-to-date: /home/monijesu/ros2_ws/install/turtlesim/share/turtlesim/images
-- Up-to-date: /home/monijesu/ros2_ws/install/turtlesim/share/turtlesim/images/rolling.png
-- Up-to-date: /home/monijesu/ros2_ws/install/turtlesim/share/turtlesim/images/foxy.png
-- Up-to-date: /home/monijesu/ros2_ws/install/turtlesim/share/turtlesim/images/humble.png
-- Up-to-date: /home/monijesu/ros2_ws/install/turtlesim/share/turtlesim/images/iron.png
-- Up-to-date: /home/monijesu/ros2_ws/install/turtlesim/share/turtlesim/images/ardent.png
-- Up-to-date: /home/monijesu/ros2_ws/install/turtlesim/share/turtlesim/images/galactic.png
-- Up-to-date: /home/monijesu/ros2_ws/install/turtlesim/share/turtlesim/images/jazzy.png
-- Up-to-date: /home/monijesu/ros2_ws/install/turtlesim/share/turtlesim/images/dashing.png
-- Up-to-date: /home/monijesu/ros2_ws/install/turtlesim/share/turtlesim/images/eloquent.png
-- Up-to-date: /home/monijesu/ros2_ws/install/turtlesim/share/turtlesim/images/bouncy.png
-- Up-to-date: /home/monijesu/ros2_ws/install/turtlesim/share/turtlesim/images/crystal.png
