[0.010s] Invoking command in '/home/monijesu/ros2_ws/build/turtlesim_msgs': CMAKE_PREFIX_PATH=${CMAKE_PREFIX_PATH}:/home/monijesu/ros2_ws/install/turtle_path_planner:/home/monijesu/ros2_ws/install/turtle_package:/opt/ros/rolling DEBUGINFOD_URLS=https://debuginfod.ubuntu.com /usr/bin/cmake /home/monijesu/ros2_ws/src/ros_tutorials/turtlesim_msgs -DCMAKE_INSTALL_PREFIX=/home/monijesu/ros2_ws/install/turtlesim_msgs
[0.091s] -- The C compiler identification is GNU 13.2.0
[0.192s] -- The CXX compiler identification is GNU 13.2.0
[0.218s] -- Detecting C compiler ABI info
[0.361s] -- Detecting C compiler ABI info - done
[0.378s] -- Check for working C compiler: /usr/bin/cc - skipped
[0.378s] -- Detecting C compile features
[0.379s] -- Detecting C compile features - done
[0.393s] -- Detecting CXX compiler ABI info
[0.553s] -- Detecting CXX compiler ABI info - done
[0.570s] -- Check for working CXX compiler: /usr/bin/c++ - skipped
[0.570s] -- Detecting CXX compile features
[0.571s] -- Detecting CXX compile features - done
[0.574s] -- Found ament_cmake: 2.7.0 (/opt/ros/rolling/share/ament_cmake/cmake)
[0.799s] -- Found Python3: /usr/bin/python3 (found version "3.12.3") found components: Interpreter 
[0.937s] -- Found builtin_interfaces: 2.2.0 (/opt/ros/rolling/share/builtin_interfaces/cmake)
[0.982s] -- Found rosidl_generator_c: 4.8.1 (/opt/ros/rolling/share/rosidl_generator_c/cmake)
[0.994s] -- Found rosidl_generator_cpp: 4.8.1 (/opt/ros/rolling/share/rosidl_generator_cpp/cmake)
[1.008s] -- Using all available rosidl_typesupport_c: rosidl_typesupport_fastrtps_c;rosidl_typesupport_introspection_c
[1.025s] -- Using all available rosidl_typesupport_cpp: rosidl_typesupport_fastrtps_cpp;rosidl_typesupport_introspection_cpp
[1.039s] -- Found rosidl_default_generators: 1.7.1 (/opt/ros/rolling/share/rosidl_default_generators/cmake)
[1.051s] -- Found rosidl_adapter: 4.8.1 (/opt/ros/rolling/share/rosidl_adapter/cmake)
[1.982s] -- Found ament_cmake_cppcheck: 0.18.1 (/opt/ros/rolling/share/ament_cmake_cppcheck/cmake)
[1.985s] -- Found ament_cmake_cpplint: 0.18.1 (/opt/ros/rolling/share/ament_cmake_cpplint/cmake)
[1.989s] -- Found ament_cmake_uncrustify: 0.18.1 (/opt/ros/rolling/share/ament_cmake_uncrustify/cmake)
[1.994s] -- Found ament_cmake_ros: 0.13.0 (/opt/ros/rolling/share/ament_cmake_ros/cmake)
[3.194s] -- Using all available rosidl_typesupport_c: rosidl_typesupport_fastrtps_c;rosidl_typesupport_introspection_c
[3.689s] -- Using all available rosidl_typesupport_cpp: rosidl_typesupport_fastrtps_cpp;rosidl_typesupport_introspection_cpp
[3.696s] -- Found python_cmake_module: 0.12.0 (/opt/ros/rolling/share/python_cmake_module/cmake)
[3.919s] -- Found PythonExtra: /usr/bin/python3  
[4.537s] -- Found Python3: /usr/bin/python3 (found version "3.12.3") found components: Interpreter Development NumPy Development.Module Development.Embed 
[4.573s] -- Found ament_cmake_flake8: 0.18.1 (/opt/ros/rolling/share/ament_cmake_flake8/cmake)
[4.575s] -- Found ament_cmake_pep257: 0.18.1 (/opt/ros/rolling/share/ament_cmake_pep257/cmake)
[4.586s] -- Configuring done (4.6s)
[4.650s] -- Generating done (0.0s)
[4.652s] -- Build files have been written to: /home/monijesu/ros2_ws/build/turtlesim_msgs
[4.662s] Invoked command in '/home/monijesu/ros2_ws/build/turtlesim_msgs' returned '0': CMAKE_PREFIX_PATH=${CMAKE_PREFIX_PATH}:/home/monijesu/ros2_ws/install/turtle_path_planner:/home/monijesu/ros2_ws/install/turtle_package:/opt/ros/rolling DEBUGINFOD_URLS=https://debuginfod.ubuntu.com /usr/bin/cmake /home/monijesu/ros2_ws/src/ros_tutorials/turtlesim_msgs -DCMAKE_INSTALL_PREFIX=/home/monijesu/ros2_ws/install/turtlesim_msgs
[4.663s] Invoking command in '/home/monijesu/ros2_ws/build/turtlesim_msgs': CMAKE_PREFIX_PATH=${CMAKE_PREFIX_PATH}:/home/monijesu/ros2_ws/install/turtle_path_planner:/home/monijesu/ros2_ws/install/turtle_package:/opt/ros/rolling DEBUGINFOD_URLS=https://debuginfod.ubuntu.com /usr/bin/cmake --build /home/monijesu/ros2_ws/build/turtlesim_msgs -- -j16 -l16
[4.735s] [  1%] [34m[1mGenerating type hashes for ROS interfaces[0m
[4.747s] [  1%] Built target ament_cmake_python_copy_turtlesim_msgs
[4.980s] running egg_info
[4.981s] creating turtlesim_msgs.egg-info
[4.999s] writing turtlesim_msgs.egg-info/PKG-INFO
[5.000s] writing dependency_links to turtlesim_msgs.egg-info/dependency_links.txt
[5.000s] writing top-level names to turtlesim_msgs.egg-info/top_level.txt
[5.000s] writing manifest file 'turtlesim_msgs.egg-info/SOURCES.txt'
[5.057s] reading manifest file 'turtlesim_msgs.egg-info/SOURCES.txt'
[5.058s] writing manifest file 'turtlesim_msgs.egg-info/SOURCES.txt'
[5.060s] [  1%] Built target turtlesim_msgs__rosidl_generator_type_description
[5.071s] [  2%] [34m[1mGenerating C code for ROS interfaces[0m
[5.081s] [  2%] [34m[1mGenerating C++ code for ROS interfaces[0m
[5.085s] [  2%] Built target ament_cmake_python_build_turtlesim_msgs_egg
[5.947s] [  2%] Built target turtlesim_msgs__cpp
[6.118s] [  3%] [32mBuilding C object CMakeFiles/turtlesim_msgs__rosidl_generator_c.dir/rosidl_generator_c/turtlesim_msgs/msg/detail/color__functions.c.o[0m
[6.119s] [  4%] [32mBuilding C object CMakeFiles/turtlesim_msgs__rosidl_generator_c.dir/rosidl_generator_c/turtlesim_msgs/msg/detail/color__description.c.o[0m
[6.119s] [  5%] [32mBuilding C object CMakeFiles/turtlesim_msgs__rosidl_generator_c.dir/rosidl_generator_c/turtlesim_msgs/msg/detail/color__type_support.c.o[0m
[6.119s] [  6%] [32mBuilding C object CMakeFiles/turtlesim_msgs__rosidl_generator_c.dir/rosidl_generator_c/turtlesim_msgs/msg/detail/pose__description.c.o[0m
[6.119s] [  7%] [32mBuilding C object CMakeFiles/turtlesim_msgs__rosidl_generator_c.dir/rosidl_generator_c/turtlesim_msgs/msg/detail/pose__type_support.c.o[0m
[6.120s] [  8%] [32mBuilding C object CMakeFiles/turtlesim_msgs__rosidl_generator_c.dir/rosidl_generator_c/turtlesim_msgs/action/detail/rotate_absolute__description.c.o[0m
[6.120s] [  9%] [32mBuilding C object CMakeFiles/turtlesim_msgs__rosidl_generator_c.dir/rosidl_generator_c/turtlesim_msgs/msg/detail/pose__functions.c.o[0m
[6.120s] [ 10%] [32mBuilding C object CMakeFiles/turtlesim_msgs__rosidl_generator_c.dir/rosidl_generator_c/turtlesim_msgs/action/detail/rotate_absolute__functions.c.o[0m
[6.120s] [ 12%] [32mBuilding C object CMakeFiles/turtlesim_msgs__rosidl_generator_c.dir/rosidl_generator_c/turtlesim_msgs/action/detail/rotate_absolute__type_support.c.o[0m
[6.121s] [ 12%] [32mBuilding C object CMakeFiles/turtlesim_msgs__rosidl_generator_c.dir/rosidl_generator_c/turtlesim_msgs/srv/detail/kill__description.c.o[0m
[6.121s] [ 13%] [32mBuilding C object CMakeFiles/turtlesim_msgs__rosidl_generator_c.dir/rosidl_generator_c/turtlesim_msgs/srv/detail/kill__functions.c.o[0m
[6.121s] [ 14%] [32mBuilding C object CMakeFiles/turtlesim_msgs__rosidl_generator_c.dir/rosidl_generator_c/turtlesim_msgs/srv/detail/kill__type_support.c.o[0m
[6.121s] [ 15%] [32mBuilding C object CMakeFiles/turtlesim_msgs__rosidl_generator_c.dir/rosidl_generator_c/turtlesim_msgs/srv/detail/set_pen__description.c.o[0m
[6.121s] [ 16%] [32mBuilding C object CMakeFiles/turtlesim_msgs__rosidl_generator_c.dir/rosidl_generator_c/turtlesim_msgs/srv/detail/set_pen__type_support.c.o[0m
[6.121s] [ 17%] [32mBuilding C object CMakeFiles/turtlesim_msgs__rosidl_generator_c.dir/rosidl_generator_c/turtlesim_msgs/srv/detail/set_pen__functions.c.o[0m
[6.121s] [ 18%] [32mBuilding C object CMakeFiles/turtlesim_msgs__rosidl_generator_c.dir/rosidl_generator_c/turtlesim_msgs/srv/detail/spawn__description.c.o[0m
[6.186s] [ 19%] [32mBuilding C object CMakeFiles/turtlesim_msgs__rosidl_generator_c.dir/rosidl_generator_c/turtlesim_msgs/srv/detail/spawn__functions.c.o[0m
[6.186s] [ 20%] [32mBuilding C object CMakeFiles/turtlesim_msgs__rosidl_generator_c.dir/rosidl_generator_c/turtlesim_msgs/srv/detail/spawn__type_support.c.o[0m
[6.192s] [ 21%] [32mBuilding C object CMakeFiles/turtlesim_msgs__rosidl_generator_c.dir/rosidl_generator_c/turtlesim_msgs/srv/detail/teleport_absolute__description.c.o[0m
[6.201s] [ 22%] [32mBuilding C object CMakeFiles/turtlesim_msgs__rosidl_generator_c.dir/rosidl_generator_c/turtlesim_msgs/srv/detail/teleport_absolute__functions.c.o[0m
[6.203s] [ 23%] [32mBuilding C object CMakeFiles/turtlesim_msgs__rosidl_generator_c.dir/rosidl_generator_c/turtlesim_msgs/srv/detail/teleport_absolute__type_support.c.o[0m
[6.209s] [ 24%] [32mBuilding C object CMakeFiles/turtlesim_msgs__rosidl_generator_c.dir/rosidl_generator_c/turtlesim_msgs/srv/detail/teleport_relative__description.c.o[0m
[6.210s] [ 25%] [32mBuilding C object CMakeFiles/turtlesim_msgs__rosidl_generator_c.dir/rosidl_generator_c/turtlesim_msgs/srv/detail/teleport_relative__functions.c.o[0m
[6.212s] [ 25%] [32mBuilding C object CMakeFiles/turtlesim_msgs__rosidl_generator_c.dir/rosidl_generator_c/turtlesim_msgs/srv/detail/teleport_relative__type_support.c.o[0m
[6.358s] [ 26%] [32m[1mLinking C shared library libturtlesim_msgs__rosidl_generator_c.so[0m
[6.423s] [ 26%] Built target turtlesim_msgs__rosidl_generator_c
[6.439s] [ 27%] [34m[1mGenerating C++ type support dispatch for ROS interfaces[0m
[6.440s] [ 28%] [34m[1mGenerating C type support for eProsima Fast-RTPS[0m
[6.440s] [ 29%] [34m[1mGenerating C++ type support for eProsima Fast-RTPS[0m
[6.440s] [ 29%] [34m[1mGenerating C introspection for ROS interfaces[0m
[6.440s] [ 30%] [34m[1mGenerating C type support dispatch for ROS interfaces[0m
[6.440s] [ 31%] [34m[1mGenerating C++ introspection for ROS interfaces[0m
[7.032s] [ 33%] [32mBuilding CXX object CMakeFiles/turtlesim_msgs__rosidl_typesupport_c.dir/rosidl_typesupport_c/turtlesim_msgs/msg/pose__type_support.cpp.o[0m
[7.032s] [ 34%] [32mBuilding CXX object CMakeFiles/turtlesim_msgs__rosidl_typesupport_c.dir/rosidl_typesupport_c/turtlesim_msgs/action/rotate_absolute__type_support.cpp.o[0m
[7.032s] [ 34%] [32mBuilding CXX object CMakeFiles/turtlesim_msgs__rosidl_typesupport_c.dir/rosidl_typesupport_c/turtlesim_msgs/msg/color__type_support.cpp.o[0m
[7.033s] [ 35%] [32mBuilding CXX object CMakeFiles/turtlesim_msgs__rosidl_typesupport_c.dir/rosidl_typesupport_c/turtlesim_msgs/srv/set_pen__type_support.cpp.o[0m
[7.034s] [ 36%] [32mBuilding CXX object CMakeFiles/turtlesim_msgs__rosidl_typesupport_c.dir/rosidl_typesupport_c/turtlesim_msgs/srv/kill__type_support.cpp.o[0m
[7.034s] [ 38%] [32mBuilding CXX object CMakeFiles/turtlesim_msgs__rosidl_typesupport_c.dir/rosidl_typesupport_c/turtlesim_msgs/srv/spawn__type_support.cpp.o[0m
[7.034s] [ 38%] [32mBuilding CXX object CMakeFiles/turtlesim_msgs__rosidl_typesupport_c.dir/rosidl_typesupport_c/turtlesim_msgs/srv/teleport_absolute__type_support.cpp.o[0m
[7.034s] [ 39%] [32mBuilding CXX object CMakeFiles/turtlesim_msgs__rosidl_typesupport_c.dir/rosidl_typesupport_c/turtlesim_msgs/srv/teleport_relative__type_support.cpp.o[0m
[7.046s] [ 40%] [32mBuilding CXX object CMakeFiles/turtlesim_msgs__rosidl_typesupport_cpp.dir/rosidl_typesupport_cpp/turtlesim_msgs/action/rotate_absolute__type_support.cpp.o[0m
[7.046s] [ 41%] [32mBuilding CXX object CMakeFiles/turtlesim_msgs__rosidl_typesupport_cpp.dir/rosidl_typesupport_cpp/turtlesim_msgs/msg/color__type_support.cpp.o[0m
[7.046s] [ 41%] [32mBuilding CXX object CMakeFiles/turtlesim_msgs__rosidl_typesupport_cpp.dir/rosidl_typesupport_cpp/turtlesim_msgs/srv/kill__type_support.cpp.o[0m
[7.047s] [ 42%] [32mBuilding CXX object CMakeFiles/turtlesim_msgs__rosidl_typesupport_cpp.dir/rosidl_typesupport_cpp/turtlesim_msgs/msg/pose__type_support.cpp.o[0m
[7.117s] [ 43%] [32mBuilding CXX object CMakeFiles/turtlesim_msgs__rosidl_typesupport_cpp.dir/rosidl_typesupport_cpp/turtlesim_msgs/srv/set_pen__type_support.cpp.o[0m
[7.120s] [ 44%] [32mBuilding CXX object CMakeFiles/turtlesim_msgs__rosidl_typesupport_cpp.dir/rosidl_typesupport_cpp/turtlesim_msgs/srv/spawn__type_support.cpp.o[0m
[7.126s] [ 46%] [32mBuilding CXX object CMakeFiles/turtlesim_msgs__rosidl_typesupport_cpp.dir/rosidl_typesupport_cpp/turtlesim_msgs/srv/teleport_absolute__type_support.cpp.o[0m
[7.126s] [ 46%] [32mBuilding CXX object CMakeFiles/turtlesim_msgs__rosidl_typesupport_cpp.dir/rosidl_typesupport_cpp/turtlesim_msgs/srv/teleport_relative__type_support.cpp.o[0m
[7.152s] [ 47%] [32m[1mLinking CXX shared library libturtlesim_msgs__rosidl_typesupport_c.so[0m
[7.226s] [ 47%] Built target turtlesim_msgs__rosidl_typesupport_c
[7.319s] [ 50%] [32mBuilding CXX object CMakeFiles/turtlesim_msgs__rosidl_typesupport_introspection_cpp.dir/rosidl_typesupport_introspection_cpp/turtlesim_msgs/msg/detail/color__type_support.cpp.o[0m
[7.319s] [ 50%] [32mBuilding CXX object CMakeFiles/turtlesim_msgs__rosidl_typesupport_introspection_cpp.dir/rosidl_typesupport_introspection_cpp/turtlesim_msgs/srv/detail/set_pen__type_support.cpp.o[0m
[7.319s] [ 50%] [32mBuilding CXX object CMakeFiles/turtlesim_msgs__rosidl_typesupport_introspection_cpp.dir/rosidl_typesupport_introspection_cpp/turtlesim_msgs/srv/detail/kill__type_support.cpp.o[0m
[7.320s] [ 51%] [32mBuilding CXX object CMakeFiles/turtlesim_msgs__rosidl_typesupport_introspection_cpp.dir/rosidl_typesupport_introspection_cpp/turtlesim_msgs/msg/detail/pose__type_support.cpp.o[0m
[7.320s] [ 52%] [32mBuilding CXX object CMakeFiles/turtlesim_msgs__rosidl_typesupport_introspection_cpp.dir/rosidl_typesupport_introspection_cpp/turtlesim_msgs/action/detail/rotate_absolute__type_support.cpp.o[0m
[7.719s] [ 53%] [32mBuilding CXX object CMakeFiles/turtlesim_msgs__rosidl_typesupport_introspection_cpp.dir/rosidl_typesupport_introspection_cpp/turtlesim_msgs/srv/detail/spawn__type_support.cpp.o[0m
[7.737s] [ 54%] [32mBuilding CXX object CMakeFiles/turtlesim_msgs__rosidl_typesupport_introspection_cpp.dir/rosidl_typesupport_introspection_cpp/turtlesim_msgs/srv/detail/teleport_absolute__type_support.cpp.o[0m
[7.737s] [ 55%] [32mBuilding C object CMakeFiles/turtlesim_msgs__rosidl_typesupport_introspection_c.dir/rosidl_typesupport_introspection_c/turtlesim_msgs/msg/detail/color__type_support.c.o[0m
[7.816s] [ 56%] [32mBuilding C object CMakeFiles/turtlesim_msgs__rosidl_typesupport_introspection_c.dir/rosidl_typesupport_introspection_c/turtlesim_msgs/msg/detail/pose__type_support.c.o[0m
[7.864s] [ 57%] [32mBuilding CXX object CMakeFiles/turtlesim_msgs__rosidl_typesupport_introspection_cpp.dir/rosidl_typesupport_introspection_cpp/turtlesim_msgs/srv/detail/teleport_relative__type_support.cpp.o[0m
[7.892s] [ 58%] [32mBuilding C object CMakeFiles/turtlesim_msgs__rosidl_typesupport_introspection_c.dir/rosidl_typesupport_introspection_c/turtlesim_msgs/action/detail/rotate_absolute__type_support.c.o[0m
[7.973s] [ 59%] [32mBuilding C object CMakeFiles/turtlesim_msgs__rosidl_typesupport_introspection_c.dir/rosidl_typesupport_introspection_c/turtlesim_msgs/srv/detail/kill__type_support.c.o[0m
[7.974s] [ 60%] [32mBuilding C object CMakeFiles/turtlesim_msgs__rosidl_typesupport_introspection_c.dir/rosidl_typesupport_introspection_c/turtlesim_msgs/srv/detail/set_pen__type_support.c.o[0m
[7.987s] [ 61%] [32mBuilding C object CMakeFiles/turtlesim_msgs__rosidl_typesupport_introspection_c.dir/rosidl_typesupport_introspection_c/turtlesim_msgs/srv/detail/spawn__type_support.c.o[0m
[8.020s] [ 62%] [32mBuilding C object CMakeFiles/turtlesim_msgs__rosidl_typesupport_introspection_c.dir/rosidl_typesupport_introspection_c/turtlesim_msgs/srv/detail/teleport_absolute__type_support.c.o[0m
[8.021s] [ 63%] [32mBuilding C object CMakeFiles/turtlesim_msgs__rosidl_typesupport_introspection_c.dir/rosidl_typesupport_introspection_c/turtlesim_msgs/srv/detail/teleport_relative__type_support.c.o[0m
[8.107s] [ 64%] [32m[1mLinking C shared library libturtlesim_msgs__rosidl_typesupport_introspection_c.so[0m
[8.148s] [ 64%] Built target turtlesim_msgs__rosidl_typesupport_introspection_c
[8.207s] [ 65%] [32mBuilding CXX object CMakeFiles/turtlesim_msgs__rosidl_typesupport_fastrtps_cpp.dir/rosidl_typesupport_fastrtps_cpp/turtlesim_msgs/srv/detail/dds_fastrtps/set_pen__type_support.cpp.o[0m
[8.207s] [ 68%] [32mBuilding CXX object CMakeFiles/turtlesim_msgs__rosidl_typesupport_fastrtps_cpp.dir/rosidl_typesupport_fastrtps_cpp/turtlesim_msgs/msg/detail/dds_fastrtps/color__type_support.cpp.o[0m
[8.207s] [ 68%] [32mBuilding CXX object CMakeFiles/turtlesim_msgs__rosidl_typesupport_fastrtps_cpp.dir/rosidl_typesupport_fastrtps_cpp/turtlesim_msgs/srv/detail/dds_fastrtps/teleport_relative__type_support.cpp.o[0m
[8.207s] [ 68%] [32mBuilding CXX object CMakeFiles/turtlesim_msgs__rosidl_typesupport_fastrtps_cpp.dir/rosidl_typesupport_fastrtps_cpp/turtlesim_msgs/msg/detail/dds_fastrtps/pose__type_support.cpp.o[0m
[8.207s] [ 71%] [32mBuilding CXX object CMakeFiles/turtlesim_msgs__rosidl_typesupport_fastrtps_cpp.dir/rosidl_typesupport_fastrtps_cpp/turtlesim_msgs/action/detail/dds_fastrtps/rotate_absolute__type_support.cpp.o[0m
[8.207s] [ 71%] [32mBuilding CXX object CMakeFiles/turtlesim_msgs__rosidl_typesupport_fastrtps_cpp.dir/rosidl_typesupport_fastrtps_cpp/turtlesim_msgs/srv/detail/dds_fastrtps/kill__type_support.cpp.o[0m
[8.208s] [ 71%] [32mBuilding CXX object CMakeFiles/turtlesim_msgs__rosidl_typesupport_fastrtps_cpp.dir/rosidl_typesupport_fastrtps_cpp/turtlesim_msgs/srv/detail/dds_fastrtps/spawn__type_support.cpp.o[0m
[8.208s] [ 72%] [32mBuilding CXX object CMakeFiles/turtlesim_msgs__rosidl_typesupport_fastrtps_cpp.dir/rosidl_typesupport_fastrtps_cpp/turtlesim_msgs/srv/detail/dds_fastrtps/teleport_absolute__type_support.cpp.o[0m
[8.383s] [ 73%] [32mBuilding CXX object CMakeFiles/turtlesim_msgs__rosidl_typesupport_fastrtps_c.dir/rosidl_typesupport_fastrtps_c/turtlesim_msgs/msg/detail/color__type_support_c.cpp.o[0m
[8.384s] [ 74%] [32mBuilding CXX object CMakeFiles/turtlesim_msgs__rosidl_typesupport_fastrtps_c.dir/rosidl_typesupport_fastrtps_c/turtlesim_msgs/msg/detail/pose__type_support_c.cpp.o[0m
[8.385s] [ 75%] [32mBuilding CXX object CMakeFiles/turtlesim_msgs__rosidl_typesupport_fastrtps_c.dir/rosidl_typesupport_fastrtps_c/turtlesim_msgs/action/detail/rotate_absolute__type_support_c.cpp.o[0m
[8.436s] [ 76%] [32m[1mLinking CXX shared library libturtlesim_msgs__rosidl_typesupport_cpp.so[0m
[8.586s] [ 76%] Built target turtlesim_msgs__rosidl_typesupport_cpp
[8.601s] [ 77%] [32mBuilding CXX object CMakeFiles/turtlesim_msgs__rosidl_typesupport_fastrtps_c.dir/rosidl_typesupport_fastrtps_c/turtlesim_msgs/srv/detail/kill__type_support_c.cpp.o[0m
[8.647s] [ 78%] [32mBuilding CXX object CMakeFiles/turtlesim_msgs__rosidl_typesupport_fastrtps_c.dir/rosidl_typesupport_fastrtps_c/turtlesim_msgs/srv/detail/set_pen__type_support_c.cpp.o[0m
[8.658s] [ 79%] [32mBuilding CXX object CMakeFiles/turtlesim_msgs__rosidl_typesupport_fastrtps_c.dir/rosidl_typesupport_fastrtps_c/turtlesim_msgs/srv/detail/spawn__type_support_c.cpp.o[0m
[8.802s] [ 80%] [32mBuilding CXX object CMakeFiles/turtlesim_msgs__rosidl_typesupport_fastrtps_c.dir/rosidl_typesupport_fastrtps_c/turtlesim_msgs/srv/detail/teleport_absolute__type_support_c.cpp.o[0m
[8.952s] [ 81%] [32m[1mLinking CXX shared library libturtlesim_msgs__rosidl_typesupport_introspection_cpp.so[0m
[9.111s] [ 81%] Built target turtlesim_msgs__rosidl_typesupport_introspection_cpp
[9.126s] [ 82%] [32mBuilding CXX object CMakeFiles/turtlesim_msgs__rosidl_typesupport_fastrtps_c.dir/rosidl_typesupport_fastrtps_c/turtlesim_msgs/srv/detail/teleport_relative__type_support_c.cpp.o[0m
[9.939s] [ 83%] [32m[1mLinking CXX shared library libturtlesim_msgs__rosidl_typesupport_fastrtps_c.so[0m
[10.013s] [ 84%] [32m[1mLinking CXX shared library libturtlesim_msgs__rosidl_typesupport_fastrtps_cpp.so[0m
[10.014s] [ 84%] Built target turtlesim_msgs__rosidl_typesupport_fastrtps_c
[10.095s] [ 84%] Built target turtlesim_msgs__rosidl_typesupport_fastrtps_cpp
[10.120s] [ 84%] Built target turtlesim_msgs
[10.152s] [ 85%] [34m[1mGenerating Python code for ROS interfaces[0m
[11.751s] [ 85%] Built target turtlesim_msgs__py
[11.774s] [ 86%] [32mBuilding C object CMakeFiles/turtlesim_msgs__rosidl_generator_py.dir/rosidl_generator_py/turtlesim_msgs/msg/_pose_s.c.o[0m
[11.775s] [ 88%] [32mBuilding C object CMakeFiles/turtlesim_msgs__rosidl_generator_py.dir/rosidl_generator_py/turtlesim_msgs/srv/_set_pen_s.c.o[0m
[11.775s] [ 88%] [32mBuilding C object CMakeFiles/turtlesim_msgs__rosidl_generator_py.dir/rosidl_generator_py/turtlesim_msgs/msg/_color_s.c.o[0m
[11.775s] [ 90%] [32mBuilding C object CMakeFiles/turtlesim_msgs__rosidl_generator_py.dir/rosidl_generator_py/turtlesim_msgs/action/_rotate_absolute_s.c.o[0m
[11.775s] [ 90%] [32mBuilding C object CMakeFiles/turtlesim_msgs__rosidl_generator_py.dir/rosidl_generator_py/turtlesim_msgs/srv/_kill_s.c.o[0m
[11.775s] [ 91%] [32mBuilding C object CMakeFiles/turtlesim_msgs__rosidl_generator_py.dir/rosidl_generator_py/turtlesim_msgs/srv/_spawn_s.c.o[0m
[11.776s] [ 92%] [32mBuilding C object CMakeFiles/turtlesim_msgs__rosidl_generator_py.dir/rosidl_generator_py/turtlesim_msgs/srv/_teleport_absolute_s.c.o[0m
[11.776s] [ 93%] [32mBuilding C object CMakeFiles/turtlesim_msgs__rosidl_generator_py.dir/rosidl_generator_py/turtlesim_msgs/srv/_teleport_relative_s.c.o[0m
[12.021s] [ 94%] [32m[1mLinking C shared library libturtlesim_msgs__rosidl_generator_py.so[0m
[12.089s] [ 94%] Built target turtlesim_msgs__rosidl_generator_py
[12.120s] [ 95%] [32mBuilding C object CMakeFiles/turtlesim_msgs_s__rosidl_typesupport_fastrtps_c.dir/rosidl_generator_py/turtlesim_msgs/_turtlesim_msgs_s.ep.rosidl_typesupport_fastrtps_c.c.o[0m
[12.120s] [ 96%] [32mBuilding C object CMakeFiles/turtlesim_msgs_s__rosidl_typesupport_introspection_c.dir/rosidl_generator_py/turtlesim_msgs/_turtlesim_msgs_s.ep.rosidl_typesupport_introspection_c.c.o[0m
[12.121s] [ 97%] [32mBuilding C object CMakeFiles/turtlesim_msgs_s__rosidl_typesupport_c.dir/rosidl_generator_py/turtlesim_msgs/_turtlesim_msgs_s.ep.rosidl_typesupport_c.c.o[0m
[12.345s] [ 98%] [32m[1mLinking C shared module rosidl_generator_py/turtlesim_msgs/turtlesim_msgs_s__rosidl_typesupport_introspection_c.so[0m
[12.348s] [ 99%] [32m[1mLinking C shared module rosidl_generator_py/turtlesim_msgs/turtlesim_msgs_s__rosidl_typesupport_fastrtps_c.so[0m
[12.349s] [100%] [32m[1mLinking C shared module rosidl_generator_py/turtlesim_msgs/turtlesim_msgs_s__rosidl_typesupport_c.so[0m
[12.384s] [100%] Built target turtlesim_msgs_s__rosidl_typesupport_introspection_c
[12.387s] [100%] Built target turtlesim_msgs_s__rosidl_typesupport_c
[12.388s] [100%] Built target turtlesim_msgs_s__rosidl_typesupport_fastrtps_c
[12.407s] Invoked command in '/home/monijesu/ros2_ws/build/turtlesim_msgs' returned '0': CMAKE_PREFIX_PATH=${CMAKE_PREFIX_PATH}:/home/monijesu/ros2_ws/install/turtle_path_planner:/home/monijesu/ros2_ws/install/turtle_package:/opt/ros/rolling DEBUGINFOD_URLS=https://debuginfod.ubuntu.com /usr/bin/cmake --build /home/monijesu/ros2_ws/build/turtlesim_msgs -- -j16 -l16
[12.700s] Invoking command in '/home/monijesu/ros2_ws/build/turtlesim_msgs': CMAKE_PREFIX_PATH=${CMAKE_PREFIX_PATH}:/home/monijesu/ros2_ws/install/turtle_path_planner:/home/monijesu/ros2_ws/install/turtle_package:/opt/ros/rolling DEBUGINFOD_URLS=https://debuginfod.ubuntu.com /usr/bin/cmake --install /home/monijesu/ros2_ws/build/turtlesim_msgs
[12.714s] -- Install configuration: ""
[12.715s] -- Installing: /home/monijesu/ros2_ws/install/turtlesim_msgs/share/ament_index/resource_index/rosidl_interfaces/turtlesim_msgs
[12.715s] -- Installing: /home/monijesu/ros2_ws/install/turtlesim_msgs/share/turtlesim_msgs/msg/Color.json
[12.715s] -- Installing: /home/monijesu/ros2_ws/install/turtlesim_msgs/share/turtlesim_msgs/msg/Pose.json
[12.715s] -- Installing: /home/monijesu/ros2_ws/install/turtlesim_msgs/share/turtlesim_msgs/action/RotateAbsolute.json
[12.716s] -- Installing: /home/monijesu/ros2_ws/install/turtlesim_msgs/share/turtlesim_msgs/srv/Kill.json
[12.716s] -- Installing: /home/monijesu/ros2_ws/install/turtlesim_msgs/share/turtlesim_msgs/srv/SetPen.json
[12.716s] -- Installing: /home/monijesu/ros2_ws/install/turtlesim_msgs/share/turtlesim_msgs/srv/Spawn.json
[12.716s] -- Installing: /home/monijesu/ros2_ws/install/turtlesim_msgs/share/turtlesim_msgs/srv/TeleportAbsolute.json
[12.717s] -- Installing: /home/monijesu/ros2_ws/install/turtlesim_msgs/share/turtlesim_msgs/srv/TeleportRelative.json
[12.717s] -- Installing: /home/monijesu/ros2_ws/install/turtlesim_msgs/include/turtlesim_msgs/turtlesim_msgs
[12.717s] -- Installing: /home/monijesu/ros2_ws/install/turtlesim_msgs/include/turtlesim_msgs/turtlesim_msgs/msg
[12.717s] -- Installing: /home/monijesu/ros2_ws/install/turtlesim_msgs/include/turtlesim_msgs/turtlesim_msgs/msg/pose.h
[12.717s] -- Installing: /home/monijesu/ros2_ws/install/turtlesim_msgs/include/turtlesim_msgs/turtlesim_msgs/msg/rosidl_generator_c__visibility_control.h
[12.718s] -- Installing: /home/monijesu/ros2_ws/install/turtlesim_msgs/include/turtlesim_msgs/turtlesim_msgs/msg/detail
[12.718s] -- Installing: /home/monijesu/ros2_ws/install/turtlesim_msgs/include/turtlesim_msgs/turtlesim_msgs/msg/detail/pose__functions.h
[12.718s] -- Installing: /home/monijesu/ros2_ws/install/turtlesim_msgs/include/turtlesim_msgs/turtlesim_msgs/msg/detail/pose__type_support.h
[12.718s] -- Installing: /home/monijesu/ros2_ws/install/turtlesim_msgs/include/turtlesim_msgs/turtlesim_msgs/msg/detail/color__struct.h
[12.718s] -- Installing: /home/monijesu/ros2_ws/install/turtlesim_msgs/include/turtlesim_msgs/turtlesim_msgs/msg/detail/pose__type_support.c
[12.718s] -- Installing: /home/monijesu/ros2_ws/install/turtlesim_msgs/include/turtlesim_msgs/turtlesim_msgs/msg/detail/color__type_support.h
[12.719s] -- Installing: /home/monijesu/ros2_ws/install/turtlesim_msgs/include/turtlesim_msgs/turtlesim_msgs/msg/detail/color__functions.c
[12.719s] -- Installing: /home/monijesu/ros2_ws/install/turtlesim_msgs/include/turtlesim_msgs/turtlesim_msgs/msg/detail/color__type_support.c
[12.719s] -- Installing: /home/monijesu/ros2_ws/install/turtlesim_msgs/include/turtlesim_msgs/turtlesim_msgs/msg/detail/color__description.c
[12.719s] -- Installing: /home/monijesu/ros2_ws/install/turtlesim_msgs/include/turtlesim_msgs/turtlesim_msgs/msg/detail/pose__description.c
[12.719s] -- Installing: /home/monijesu/ros2_ws/install/turtlesim_msgs/include/turtlesim_msgs/turtlesim_msgs/msg/detail/pose__struct.h
[12.719s] -- Installing: /home/monijesu/ros2_ws/install/turtlesim_msgs/include/turtlesim_msgs/turtlesim_msgs/msg/detail/pose__functions.c
[12.719s] -- Installing: /home/monijesu/ros2_ws/install/turtlesim_msgs/include/turtlesim_msgs/turtlesim_msgs/msg/detail/color__functions.h
[12.720s] -- Installing: /home/monijesu/ros2_ws/install/turtlesim_msgs/include/turtlesim_msgs/turtlesim_msgs/msg/color.h
[12.720s] -- Installing: /home/monijesu/ros2_ws/install/turtlesim_msgs/include/turtlesim_msgs/turtlesim_msgs/action
[12.720s] -- Installing: /home/monijesu/ros2_ws/install/turtlesim_msgs/include/turtlesim_msgs/turtlesim_msgs/action/rotate_absolute.h
[12.720s] -- Installing: /home/monijesu/ros2_ws/install/turtlesim_msgs/include/turtlesim_msgs/turtlesim_msgs/action/detail
[12.720s] -- Installing: /home/monijesu/ros2_ws/install/turtlesim_msgs/include/turtlesim_msgs/turtlesim_msgs/action/detail/rotate_absolute__functions.c
[12.720s] -- Installing: /home/monijesu/ros2_ws/install/turtlesim_msgs/include/turtlesim_msgs/turtlesim_msgs/action/detail/rotate_absolute__type_support.h
[12.721s] -- Installing: /home/monijesu/ros2_ws/install/turtlesim_msgs/include/turtlesim_msgs/turtlesim_msgs/action/detail/rotate_absolute__struct.h
[12.721s] -- Installing: /home/monijesu/ros2_ws/install/turtlesim_msgs/include/turtlesim_msgs/turtlesim_msgs/action/detail/rotate_absolute__functions.h
[12.721s] -- Installing: /home/monijesu/ros2_ws/install/turtlesim_msgs/include/turtlesim_msgs/turtlesim_msgs/action/detail/rotate_absolute__type_support.c
[12.721s] -- Installing: /home/monijesu/ros2_ws/install/turtlesim_msgs/include/turtlesim_msgs/turtlesim_msgs/action/detail/rotate_absolute__description.c
[12.721s] -- Installing: /home/monijesu/ros2_ws/install/turtlesim_msgs/include/turtlesim_msgs/turtlesim_msgs/srv
[12.721s] -- Installing: /home/monijesu/ros2_ws/install/turtlesim_msgs/include/turtlesim_msgs/turtlesim_msgs/srv/teleport_absolute.h
[12.722s] -- Installing: /home/monijesu/ros2_ws/install/turtlesim_msgs/include/turtlesim_msgs/turtlesim_msgs/srv/set_pen.h
[12.722s] -- Installing: /home/monijesu/ros2_ws/install/turtlesim_msgs/include/turtlesim_msgs/turtlesim_msgs/srv/teleport_relative.h
[12.722s] -- Installing: /home/monijesu/ros2_ws/install/turtlesim_msgs/include/turtlesim_msgs/turtlesim_msgs/srv/kill.h
[12.722s] -- Installing: /home/monijesu/ros2_ws/install/turtlesim_msgs/include/turtlesim_msgs/turtlesim_msgs/srv/spawn.h
[12.722s] -- Installing: /home/monijesu/ros2_ws/install/turtlesim_msgs/include/turtlesim_msgs/turtlesim_msgs/srv/detail
[12.723s] -- Installing: /home/monijesu/ros2_ws/install/turtlesim_msgs/include/turtlesim_msgs/turtlesim_msgs/srv/detail/kill__description.c
[12.723s] -- Installing: /home/monijesu/ros2_ws/install/turtlesim_msgs/include/turtlesim_msgs/turtlesim_msgs/srv/detail/teleport_relative__functions.c
[12.723s] -- Installing: /home/monijesu/ros2_ws/install/turtlesim_msgs/include/turtlesim_msgs/turtlesim_msgs/srv/detail/kill__functions.c
[12.723s] -- Installing: /home/monijesu/ros2_ws/install/turtlesim_msgs/include/turtlesim_msgs/turtlesim_msgs/srv/detail/teleport_absolute__type_support.h
[12.723s] -- Installing: /home/monijesu/ros2_ws/install/turtlesim_msgs/include/turtlesim_msgs/turtlesim_msgs/srv/detail/set_pen__type_support.c
[12.724s] -- Installing: /home/monijesu/ros2_ws/install/turtlesim_msgs/include/turtlesim_msgs/turtlesim_msgs/srv/detail/kill__type_support.c
[12.724s] -- Installing: /home/monijesu/ros2_ws/install/turtlesim_msgs/include/turtlesim_msgs/turtlesim_msgs/srv/detail/teleport_absolute__functions.c
[12.724s] -- Installing: /home/monijesu/ros2_ws/install/turtlesim_msgs/include/turtlesim_msgs/turtlesim_msgs/srv/detail/set_pen__functions.c
[12.724s] -- Installing: /home/monijesu/ros2_ws/install/turtlesim_msgs/include/turtlesim_msgs/turtlesim_msgs/srv/detail/teleport_relative__type_support.c
[12.724s] -- Installing: /home/monijesu/ros2_ws/install/turtlesim_msgs/include/turtlesim_msgs/turtlesim_msgs/srv/detail/kill__functions.h
[12.724s] -- Installing: /home/monijesu/ros2_ws/install/turtlesim_msgs/include/turtlesim_msgs/turtlesim_msgs/srv/detail/teleport_relative__description.c
[12.725s] -- Installing: /home/monijesu/ros2_ws/install/turtlesim_msgs/include/turtlesim_msgs/turtlesim_msgs/srv/detail/spawn__type_support.h
[12.725s] -- Installing: /home/monijesu/ros2_ws/install/turtlesim_msgs/include/turtlesim_msgs/turtlesim_msgs/srv/detail/teleport_relative__functions.h
[12.725s] -- Installing: /home/monijesu/ros2_ws/install/turtlesim_msgs/include/turtlesim_msgs/turtlesim_msgs/srv/detail/set_pen__struct.h
[12.725s] -- Installing: /home/monijesu/ros2_ws/install/turtlesim_msgs/include/turtlesim_msgs/turtlesim_msgs/srv/detail/spawn__type_support.c
[12.725s] -- Installing: /home/monijesu/ros2_ws/install/turtlesim_msgs/include/turtlesim_msgs/turtlesim_msgs/srv/detail/set_pen__description.c
[12.726s] -- Installing: /home/monijesu/ros2_ws/install/turtlesim_msgs/include/turtlesim_msgs/turtlesim_msgs/srv/detail/spawn__functions.h
[12.726s] -- Installing: /home/monijesu/ros2_ws/install/turtlesim_msgs/include/turtlesim_msgs/turtlesim_msgs/srv/detail/kill__type_support.h
[12.726s] -- Installing: /home/monijesu/ros2_ws/install/turtlesim_msgs/include/turtlesim_msgs/turtlesim_msgs/srv/detail/kill__struct.h
[12.726s] -- Installing: /home/monijesu/ros2_ws/install/turtlesim_msgs/include/turtlesim_msgs/turtlesim_msgs/srv/detail/teleport_relative__struct.h
[12.726s] -- Installing: /home/monijesu/ros2_ws/install/turtlesim_msgs/include/turtlesim_msgs/turtlesim_msgs/srv/detail/teleport_absolute__functions.h
[12.726s] -- Installing: /home/monijesu/ros2_ws/install/turtlesim_msgs/include/turtlesim_msgs/turtlesim_msgs/srv/detail/spawn__functions.c
[12.726s] -- Installing: /home/monijesu/ros2_ws/install/turtlesim_msgs/include/turtlesim_msgs/turtlesim_msgs/srv/detail/set_pen__type_support.h
[12.726s] -- Installing: /home/monijesu/ros2_ws/install/turtlesim_msgs/include/turtlesim_msgs/turtlesim_msgs/srv/detail/teleport_absolute__type_support.c
[12.726s] -- Installing: /home/monijesu/ros2_ws/install/turtlesim_msgs/include/turtlesim_msgs/turtlesim_msgs/srv/detail/set_pen__functions.h
[12.726s] -- Installing: /home/monijesu/ros2_ws/install/turtlesim_msgs/include/turtlesim_msgs/turtlesim_msgs/srv/detail/teleport_absolute__struct.h
[12.727s] -- Installing: /home/monijesu/ros2_ws/install/turtlesim_msgs/include/turtlesim_msgs/turtlesim_msgs/srv/detail/teleport_relative__type_support.h
[12.727s] -- Installing: /home/monijesu/ros2_ws/install/turtlesim_msgs/include/turtlesim_msgs/turtlesim_msgs/srv/detail/spawn__struct.h
[12.727s] -- Installing: /home/monijesu/ros2_ws/install/turtlesim_msgs/include/turtlesim_msgs/turtlesim_msgs/srv/detail/teleport_absolute__description.c
[12.727s] -- Installing: /home/monijesu/ros2_ws/install/turtlesim_msgs/include/turtlesim_msgs/turtlesim_msgs/srv/detail/spawn__description.c
[12.727s] -- Installing: /home/monijesu/ros2_ws/install/turtlesim_msgs/share/turtlesim_msgs/environment/library_path.sh
[12.727s] -- Installing: /home/monijesu/ros2_ws/install/turtlesim_msgs/share/turtlesim_msgs/environment/library_path.dsv
[12.727s] -- Installing: /home/monijesu/ros2_ws/install/turtlesim_msgs/lib/libturtlesim_msgs__rosidl_generator_c.so
[12.728s] -- Set non-toolchain portion of runtime path of "/home/monijesu/ros2_ws/install/turtlesim_msgs/lib/libturtlesim_msgs__rosidl_generator_c.so" to ""
[12.728s] -- Up-to-date: /home/monijesu/ros2_ws/install/turtlesim_msgs/include/turtlesim_msgs/turtlesim_msgs
[12.728s] -- Up-to-date: /home/monijesu/ros2_ws/install/turtlesim_msgs/include/turtlesim_msgs/turtlesim_msgs/msg
[12.728s] -- Installing: /home/monijesu/ros2_ws/install/turtlesim_msgs/include/turtlesim_msgs/turtlesim_msgs/msg/rosidl_typesupport_fastrtps_c__visibility_control.h
[12.728s] -- Up-to-date: /home/monijesu/ros2_ws/install/turtlesim_msgs/include/turtlesim_msgs/turtlesim_msgs/msg/detail
[12.728s] -- Installing: /home/monijesu/ros2_ws/install/turtlesim_msgs/include/turtlesim_msgs/turtlesim_msgs/msg/detail/color__rosidl_typesupport_fastrtps_c.h
[12.728s] -- Installing: /home/monijesu/ros2_ws/install/turtlesim_msgs/include/turtlesim_msgs/turtlesim_msgs/msg/detail/pose__rosidl_typesupport_fastrtps_c.h
[12.728s] -- Up-to-date: /home/monijesu/ros2_ws/install/turtlesim_msgs/include/turtlesim_msgs/turtlesim_msgs/action
[12.728s] -- Up-to-date: /home/monijesu/ros2_ws/install/turtlesim_msgs/include/turtlesim_msgs/turtlesim_msgs/action/detail
[12.729s] -- Installing: /home/monijesu/ros2_ws/install/turtlesim_msgs/include/turtlesim_msgs/turtlesim_msgs/action/detail/rotate_absolute__rosidl_typesupport_fastrtps_c.h
[12.729s] -- Up-to-date: /home/monijesu/ros2_ws/install/turtlesim_msgs/include/turtlesim_msgs/turtlesim_msgs/srv
[12.729s] -- Up-to-date: /home/monijesu/ros2_ws/install/turtlesim_msgs/include/turtlesim_msgs/turtlesim_msgs/srv/detail
[12.729s] -- Installing: /home/monijesu/ros2_ws/install/turtlesim_msgs/include/turtlesim_msgs/turtlesim_msgs/srv/detail/kill__rosidl_typesupport_fastrtps_c.h
[12.729s] -- Installing: /home/monijesu/ros2_ws/install/turtlesim_msgs/include/turtlesim_msgs/turtlesim_msgs/srv/detail/set_pen__rosidl_typesupport_fastrtps_c.h
[12.729s] -- Installing: /home/monijesu/ros2_ws/install/turtlesim_msgs/include/turtlesim_msgs/turtlesim_msgs/srv/detail/spawn__rosidl_typesupport_fastrtps_c.h
[12.729s] -- Installing: /home/monijesu/ros2_ws/install/turtlesim_msgs/include/turtlesim_msgs/turtlesim_msgs/srv/detail/teleport_absolute__rosidl_typesupport_fastrtps_c.h
[12.729s] -- Installing: /home/monijesu/ros2_ws/install/turtlesim_msgs/include/turtlesim_msgs/turtlesim_msgs/srv/detail/teleport_relative__rosidl_typesupport_fastrtps_c.h
[12.729s] -- Installing: /home/monijesu/ros2_ws/install/turtlesim_msgs/lib/libturtlesim_msgs__rosidl_typesupport_fastrtps_c.so
[12.730s] -- Set non-toolchain portion of runtime path of "/home/monijesu/ros2_ws/install/turtlesim_msgs/lib/libturtlesim_msgs__rosidl_typesupport_fastrtps_c.so" to ""
[12.730s] -- Up-to-date: /home/monijesu/ros2_ws/install/turtlesim_msgs/include/turtlesim_msgs/turtlesim_msgs
[12.730s] -- Up-to-date: /home/monijesu/ros2_ws/install/turtlesim_msgs/include/turtlesim_msgs/turtlesim_msgs/msg
[12.730s] -- Installing: /home/monijesu/ros2_ws/install/turtlesim_msgs/include/turtlesim_msgs/turtlesim_msgs/msg/pose.hpp
[12.730s] -- Installing: /home/monijesu/ros2_ws/install/turtlesim_msgs/include/turtlesim_msgs/turtlesim_msgs/msg/rosidl_generator_cpp__visibility_control.hpp
[12.730s] -- Installing: /home/monijesu/ros2_ws/install/turtlesim_msgs/include/turtlesim_msgs/turtlesim_msgs/msg/color.hpp
[12.730s] -- Up-to-date: /home/monijesu/ros2_ws/install/turtlesim_msgs/include/turtlesim_msgs/turtlesim_msgs/msg/detail
[12.730s] -- Installing: /home/monijesu/ros2_ws/install/turtlesim_msgs/include/turtlesim_msgs/turtlesim_msgs/msg/detail/pose__struct.hpp
[12.730s] -- Installing: /home/monijesu/ros2_ws/install/turtlesim_msgs/include/turtlesim_msgs/turtlesim_msgs/msg/detail/pose__traits.hpp
[12.730s] -- Installing: /home/monijesu/ros2_ws/install/turtlesim_msgs/include/turtlesim_msgs/turtlesim_msgs/msg/detail/color__traits.hpp
[12.730s] -- Installing: /home/monijesu/ros2_ws/install/turtlesim_msgs/include/turtlesim_msgs/turtlesim_msgs/msg/detail/color__type_support.hpp
[12.730s] -- Installing: /home/monijesu/ros2_ws/install/turtlesim_msgs/include/turtlesim_msgs/turtlesim_msgs/msg/detail/pose__builder.hpp
[12.731s] -- Installing: /home/monijesu/ros2_ws/install/turtlesim_msgs/include/turtlesim_msgs/turtlesim_msgs/msg/detail/color__struct.hpp
[12.731s] -- Installing: /home/monijesu/ros2_ws/install/turtlesim_msgs/include/turtlesim_msgs/turtlesim_msgs/msg/detail/pose__type_support.hpp
[12.731s] -- Installing: /home/monijesu/ros2_ws/install/turtlesim_msgs/include/turtlesim_msgs/turtlesim_msgs/msg/detail/color__builder.hpp
[12.731s] -- Up-to-date: /home/monijesu/ros2_ws/install/turtlesim_msgs/include/turtlesim_msgs/turtlesim_msgs/action
[12.731s] -- Installing: /home/monijesu/ros2_ws/install/turtlesim_msgs/include/turtlesim_msgs/turtlesim_msgs/action/rotate_absolute.hpp
[12.731s] -- Up-to-date: /home/monijesu/ros2_ws/install/turtlesim_msgs/include/turtlesim_msgs/turtlesim_msgs/action/detail
[12.731s] -- Installing: /home/monijesu/ros2_ws/install/turtlesim_msgs/include/turtlesim_msgs/turtlesim_msgs/action/detail/rotate_absolute__builder.hpp
[12.731s] -- Installing: /home/monijesu/ros2_ws/install/turtlesim_msgs/include/turtlesim_msgs/turtlesim_msgs/action/detail/rotate_absolute__struct.hpp
[12.731s] -- Installing: /home/monijesu/ros2_ws/install/turtlesim_msgs/include/turtlesim_msgs/turtlesim_msgs/action/detail/rotate_absolute__traits.hpp
[12.731s] -- Installing: /home/monijesu/ros2_ws/install/turtlesim_msgs/include/turtlesim_msgs/turtlesim_msgs/action/detail/rotate_absolute__type_support.hpp
[12.731s] -- Up-to-date: /home/monijesu/ros2_ws/install/turtlesim_msgs/include/turtlesim_msgs/turtlesim_msgs/srv
[12.732s] -- Installing: /home/monijesu/ros2_ws/install/turtlesim_msgs/include/turtlesim_msgs/turtlesim_msgs/srv/teleport_absolute.hpp
[12.732s] -- Installing: /home/monijesu/ros2_ws/install/turtlesim_msgs/include/turtlesim_msgs/turtlesim_msgs/srv/set_pen.hpp
[12.732s] -- Installing: /home/monijesu/ros2_ws/install/turtlesim_msgs/include/turtlesim_msgs/turtlesim_msgs/srv/teleport_relative.hpp
[12.732s] -- Up-to-date: /home/monijesu/ros2_ws/install/turtlesim_msgs/include/turtlesim_msgs/turtlesim_msgs/srv/detail
[12.732s] -- Installing: /home/monijesu/ros2_ws/install/turtlesim_msgs/include/turtlesim_msgs/turtlesim_msgs/srv/detail/spawn__builder.hpp
[12.732s] -- Installing: /home/monijesu/ros2_ws/install/turtlesim_msgs/include/turtlesim_msgs/turtlesim_msgs/srv/detail/teleport_absolute__type_support.hpp
[12.732s] -- Installing: /home/monijesu/ros2_ws/install/turtlesim_msgs/include/turtlesim_msgs/turtlesim_msgs/srv/detail/spawn__type_support.hpp
[12.732s] -- Installing: /home/monijesu/ros2_ws/install/turtlesim_msgs/include/turtlesim_msgs/turtlesim_msgs/srv/detail/teleport_absolute__traits.hpp
[12.732s] -- Installing: /home/monijesu/ros2_ws/install/turtlesim_msgs/include/turtlesim_msgs/turtlesim_msgs/srv/detail/spawn__traits.hpp
[12.732s] -- Installing: /home/monijesu/ros2_ws/install/turtlesim_msgs/include/turtlesim_msgs/turtlesim_msgs/srv/detail/teleport_absolute__struct.hpp
[12.732s] -- Installing: /home/monijesu/ros2_ws/install/turtlesim_msgs/include/turtlesim_msgs/turtlesim_msgs/srv/detail/set_pen__struct.hpp
[12.732s] -- Installing: /home/monijesu/ros2_ws/install/turtlesim_msgs/include/turtlesim_msgs/turtlesim_msgs/srv/detail/teleport_relative__struct.hpp
[12.733s] -- Installing: /home/monijesu/ros2_ws/install/turtlesim_msgs/include/turtlesim_msgs/turtlesim_msgs/srv/detail/set_pen__type_support.hpp
[12.733s] -- Installing: /home/monijesu/ros2_ws/install/turtlesim_msgs/include/turtlesim_msgs/turtlesim_msgs/srv/detail/kill__struct.hpp
[12.733s] -- Installing: /home/monijesu/ros2_ws/install/turtlesim_msgs/include/turtlesim_msgs/turtlesim_msgs/srv/detail/teleport_relative__type_support.hpp
[12.733s] -- Installing: /home/monijesu/ros2_ws/install/turtlesim_msgs/include/turtlesim_msgs/turtlesim_msgs/srv/detail/set_pen__builder.hpp
[12.733s] -- Installing: /home/monijesu/ros2_ws/install/turtlesim_msgs/include/turtlesim_msgs/turtlesim_msgs/srv/detail/kill__traits.hpp
[12.733s] -- Installing: /home/monijesu/ros2_ws/install/turtlesim_msgs/include/turtlesim_msgs/turtlesim_msgs/srv/detail/set_pen__traits.hpp
[12.733s] -- Installing: /home/monijesu/ros2_ws/install/turtlesim_msgs/include/turtlesim_msgs/turtlesim_msgs/srv/detail/teleport_absolute__builder.hpp
[12.733s] -- Installing: /home/monijesu/ros2_ws/install/turtlesim_msgs/include/turtlesim_msgs/turtlesim_msgs/srv/detail/spawn__struct.hpp
[12.733s] -- Installing: /home/monijesu/ros2_ws/install/turtlesim_msgs/include/turtlesim_msgs/turtlesim_msgs/srv/detail/teleport_relative__traits.hpp
[12.733s] -- Installing: /home/monijesu/ros2_ws/install/turtlesim_msgs/include/turtlesim_msgs/turtlesim_msgs/srv/detail/teleport_relative__builder.hpp
[12.733s] -- Installing: /home/monijesu/ros2_ws/install/turtlesim_msgs/include/turtlesim_msgs/turtlesim_msgs/srv/detail/kill__type_support.hpp
[12.733s] -- Installing: /home/monijesu/ros2_ws/install/turtlesim_msgs/include/turtlesim_msgs/turtlesim_msgs/srv/detail/kill__builder.hpp
[12.734s] -- Installing: /home/monijesu/ros2_ws/install/turtlesim_msgs/include/turtlesim_msgs/turtlesim_msgs/srv/spawn.hpp
[12.734s] -- Installing: /home/monijesu/ros2_ws/install/turtlesim_msgs/include/turtlesim_msgs/turtlesim_msgs/srv/kill.hpp
[12.734s] -- Up-to-date: /home/monijesu/ros2_ws/install/turtlesim_msgs/include/turtlesim_msgs/turtlesim_msgs
[12.734s] -- Up-to-date: /home/monijesu/ros2_ws/install/turtlesim_msgs/include/turtlesim_msgs/turtlesim_msgs/msg
[12.734s] -- Installing: /home/monijesu/ros2_ws/install/turtlesim_msgs/include/turtlesim_msgs/turtlesim_msgs/msg/rosidl_typesupport_fastrtps_cpp__visibility_control.h
[12.734s] -- Up-to-date: /home/monijesu/ros2_ws/install/turtlesim_msgs/include/turtlesim_msgs/turtlesim_msgs/msg/detail
[12.734s] -- Installing: /home/monijesu/ros2_ws/install/turtlesim_msgs/include/turtlesim_msgs/turtlesim_msgs/msg/detail/pose__rosidl_typesupport_fastrtps_cpp.hpp
[12.734s] -- Installing: /home/monijesu/ros2_ws/install/turtlesim_msgs/include/turtlesim_msgs/turtlesim_msgs/msg/detail/color__rosidl_typesupport_fastrtps_cpp.hpp
[12.734s] -- Installing: /home/monijesu/ros2_ws/install/turtlesim_msgs/include/turtlesim_msgs/turtlesim_msgs/msg/detail/dds_fastrtps
[12.734s] -- Up-to-date: /home/monijesu/ros2_ws/install/turtlesim_msgs/include/turtlesim_msgs/turtlesim_msgs/action
[12.734s] -- Up-to-date: /home/monijesu/ros2_ws/install/turtlesim_msgs/include/turtlesim_msgs/turtlesim_msgs/action/detail
[12.734s] -- Installing: /home/monijesu/ros2_ws/install/turtlesim_msgs/include/turtlesim_msgs/turtlesim_msgs/action/detail/rotate_absolute__rosidl_typesupport_fastrtps_cpp.hpp
[12.735s] -- Installing: /home/monijesu/ros2_ws/install/turtlesim_msgs/include/turtlesim_msgs/turtlesim_msgs/action/detail/dds_fastrtps
[12.735s] -- Up-to-date: /home/monijesu/ros2_ws/install/turtlesim_msgs/include/turtlesim_msgs/turtlesim_msgs/srv
[12.735s] -- Up-to-date: /home/monijesu/ros2_ws/install/turtlesim_msgs/include/turtlesim_msgs/turtlesim_msgs/srv/detail
[12.735s] -- Installing: /home/monijesu/ros2_ws/install/turtlesim_msgs/include/turtlesim_msgs/turtlesim_msgs/srv/detail/spawn__rosidl_typesupport_fastrtps_cpp.hpp
[12.735s] -- Installing: /home/monijesu/ros2_ws/install/turtlesim_msgs/include/turtlesim_msgs/turtlesim_msgs/srv/detail/set_pen__rosidl_typesupport_fastrtps_cpp.hpp
[12.735s] -- Installing: /home/monijesu/ros2_ws/install/turtlesim_msgs/include/turtlesim_msgs/turtlesim_msgs/srv/detail/teleport_absolute__rosidl_typesupport_fastrtps_cpp.hpp
[12.735s] -- Installing: /home/monijesu/ros2_ws/install/turtlesim_msgs/include/turtlesim_msgs/turtlesim_msgs/srv/detail/teleport_relative__rosidl_typesupport_fastrtps_cpp.hpp
[12.735s] -- Installing: /home/monijesu/ros2_ws/install/turtlesim_msgs/include/turtlesim_msgs/turtlesim_msgs/srv/detail/kill__rosidl_typesupport_fastrtps_cpp.hpp
[12.735s] -- Installing: /home/monijesu/ros2_ws/install/turtlesim_msgs/include/turtlesim_msgs/turtlesim_msgs/srv/detail/dds_fastrtps
[12.735s] -- Installing: /home/monijesu/ros2_ws/install/turtlesim_msgs/lib/libturtlesim_msgs__rosidl_typesupport_fastrtps_cpp.so
[12.736s] -- Set non-toolchain portion of runtime path of "/home/monijesu/ros2_ws/install/turtlesim_msgs/lib/libturtlesim_msgs__rosidl_typesupport_fastrtps_cpp.so" to ""
[12.736s] -- Up-to-date: /home/monijesu/ros2_ws/install/turtlesim_msgs/include/turtlesim_msgs/turtlesim_msgs
[12.736s] -- Up-to-date: /home/monijesu/ros2_ws/install/turtlesim_msgs/include/turtlesim_msgs/turtlesim_msgs/msg
[12.736s] -- Installing: /home/monijesu/ros2_ws/install/turtlesim_msgs/include/turtlesim_msgs/turtlesim_msgs/msg/rosidl_typesupport_introspection_c__visibility_control.h
[12.736s] -- Up-to-date: /home/monijesu/ros2_ws/install/turtlesim_msgs/include/turtlesim_msgs/turtlesim_msgs/msg/detail
[12.736s] -- Installing: /home/monijesu/ros2_ws/install/turtlesim_msgs/include/turtlesim_msgs/turtlesim_msgs/msg/detail/pose__rosidl_typesupport_introspection_c.h
[12.736s] -- Installing: /home/monijesu/ros2_ws/install/turtlesim_msgs/include/turtlesim_msgs/turtlesim_msgs/msg/detail/pose__type_support.c
[12.737s] -- Installing: /home/monijesu/ros2_ws/install/turtlesim_msgs/include/turtlesim_msgs/turtlesim_msgs/msg/detail/color__type_support.c
[12.737s] -- Installing: /home/monijesu/ros2_ws/install/turtlesim_msgs/include/turtlesim_msgs/turtlesim_msgs/msg/detail/color__rosidl_typesupport_introspection_c.h
[12.737s] -- Up-to-date: /home/monijesu/ros2_ws/install/turtlesim_msgs/include/turtlesim_msgs/turtlesim_msgs/action
[12.737s] -- Up-to-date: /home/monijesu/ros2_ws/install/turtlesim_msgs/include/turtlesim_msgs/turtlesim_msgs/action/detail
[12.737s] -- Installing: /home/monijesu/ros2_ws/install/turtlesim_msgs/include/turtlesim_msgs/turtlesim_msgs/action/detail/rotate_absolute__rosidl_typesupport_introspection_c.h
[12.737s] -- Installing: /home/monijesu/ros2_ws/install/turtlesim_msgs/include/turtlesim_msgs/turtlesim_msgs/action/detail/rotate_absolute__type_support.c
[12.737s] -- Up-to-date: /home/monijesu/ros2_ws/install/turtlesim_msgs/include/turtlesim_msgs/turtlesim_msgs/srv
[12.737s] -- Up-to-date: /home/monijesu/ros2_ws/install/turtlesim_msgs/include/turtlesim_msgs/turtlesim_msgs/srv/detail
[12.737s] -- Installing: /home/monijesu/ros2_ws/install/turtlesim_msgs/include/turtlesim_msgs/turtlesim_msgs/srv/detail/teleport_absolute__rosidl_typesupport_introspection_c.h
[12.737s] -- Installing: /home/monijesu/ros2_ws/install/turtlesim_msgs/include/turtlesim_msgs/turtlesim_msgs/srv/detail/set_pen__rosidl_typesupport_introspection_c.h
[12.737s] -- Installing: /home/monijesu/ros2_ws/install/turtlesim_msgs/include/turtlesim_msgs/turtlesim_msgs/srv/detail/set_pen__type_support.c
[12.738s] -- Installing: /home/monijesu/ros2_ws/install/turtlesim_msgs/include/turtlesim_msgs/turtlesim_msgs/srv/detail/kill__type_support.c
[12.738s] -- Installing: /home/monijesu/ros2_ws/install/turtlesim_msgs/include/turtlesim_msgs/turtlesim_msgs/srv/detail/teleport_relative__type_support.c
[12.738s] -- Installing: /home/monijesu/ros2_ws/install/turtlesim_msgs/include/turtlesim_msgs/turtlesim_msgs/srv/detail/spawn__type_support.c
[12.738s] -- Installing: /home/monijesu/ros2_ws/install/turtlesim_msgs/include/turtlesim_msgs/turtlesim_msgs/srv/detail/teleport_relative__rosidl_typesupport_introspection_c.h
[12.738s] -- Installing: /home/monijesu/ros2_ws/install/turtlesim_msgs/include/turtlesim_msgs/turtlesim_msgs/srv/detail/teleport_absolute__type_support.c
[12.738s] -- Installing: /home/monijesu/ros2_ws/install/turtlesim_msgs/include/turtlesim_msgs/turtlesim_msgs/srv/detail/kill__rosidl_typesupport_introspection_c.h
[12.738s] -- Installing: /home/monijesu/ros2_ws/install/turtlesim_msgs/include/turtlesim_msgs/turtlesim_msgs/srv/detail/spawn__rosidl_typesupport_introspection_c.h
[12.738s] -- Installing: /home/monijesu/ros2_ws/install/turtlesim_msgs/lib/libturtlesim_msgs__rosidl_typesupport_introspection_c.so
[12.739s] -- Set non-toolchain portion of runtime path of "/home/monijesu/ros2_ws/install/turtlesim_msgs/lib/libturtlesim_msgs__rosidl_typesupport_introspection_c.so" to ""
[12.739s] -- Installing: /home/monijesu/ros2_ws/install/turtlesim_msgs/lib/libturtlesim_msgs__rosidl_typesupport_c.so
[12.739s] -- Set non-toolchain portion of runtime path of "/home/monijesu/ros2_ws/install/turtlesim_msgs/lib/libturtlesim_msgs__rosidl_typesupport_c.so" to ""
[12.739s] -- Up-to-date: /home/monijesu/ros2_ws/install/turtlesim_msgs/include/turtlesim_msgs/turtlesim_msgs
[12.739s] -- Up-to-date: /home/monijesu/ros2_ws/install/turtlesim_msgs/include/turtlesim_msgs/turtlesim_msgs/msg
[12.739s] -- Up-to-date: /home/monijesu/ros2_ws/install/turtlesim_msgs/include/turtlesim_msgs/turtlesim_msgs/msg/detail
[12.739s] -- Installing: /home/monijesu/ros2_ws/install/turtlesim_msgs/include/turtlesim_msgs/turtlesim_msgs/msg/detail/pose__rosidl_typesupport_introspection_cpp.hpp
[12.739s] -- Installing: /home/monijesu/ros2_ws/install/turtlesim_msgs/include/turtlesim_msgs/turtlesim_msgs/msg/detail/pose__type_support.cpp
[12.739s] -- Installing: /home/monijesu/ros2_ws/install/turtlesim_msgs/include/turtlesim_msgs/turtlesim_msgs/msg/detail/color__rosidl_typesupport_introspection_cpp.hpp
[12.739s] -- Installing: /home/monijesu/ros2_ws/install/turtlesim_msgs/include/turtlesim_msgs/turtlesim_msgs/msg/detail/color__type_support.cpp
[12.740s] -- Up-to-date: /home/monijesu/ros2_ws/install/turtlesim_msgs/include/turtlesim_msgs/turtlesim_msgs/action
[12.740s] -- Up-to-date: /home/monijesu/ros2_ws/install/turtlesim_msgs/include/turtlesim_msgs/turtlesim_msgs/action/detail
[12.740s] -- Installing: /home/monijesu/ros2_ws/install/turtlesim_msgs/include/turtlesim_msgs/turtlesim_msgs/action/detail/rotate_absolute__type_support.cpp
[12.740s] -- Installing: /home/monijesu/ros2_ws/install/turtlesim_msgs/include/turtlesim_msgs/turtlesim_msgs/action/detail/rotate_absolute__rosidl_typesupport_introspection_cpp.hpp
[12.740s] -- Up-to-date: /home/monijesu/ros2_ws/install/turtlesim_msgs/include/turtlesim_msgs/turtlesim_msgs/srv
[12.740s] -- Up-to-date: /home/monijesu/ros2_ws/install/turtlesim_msgs/include/turtlesim_msgs/turtlesim_msgs/srv/detail
[12.740s] -- Installing: /home/monijesu/ros2_ws/install/turtlesim_msgs/include/turtlesim_msgs/turtlesim_msgs/srv/detail/set_pen__rosidl_typesupport_introspection_cpp.hpp
[12.740s] -- Installing: /home/monijesu/ros2_ws/install/turtlesim_msgs/include/turtlesim_msgs/turtlesim_msgs/srv/detail/teleport_absolute__type_support.cpp
[12.740s] -- Installing: /home/monijesu/ros2_ws/install/turtlesim_msgs/include/turtlesim_msgs/turtlesim_msgs/srv/detail/kill__type_support.cpp
[12.740s] -- Installing: /home/monijesu/ros2_ws/install/turtlesim_msgs/include/turtlesim_msgs/turtlesim_msgs/srv/detail/set_pen__type_support.cpp
[12.740s] -- Installing: /home/monijesu/ros2_ws/install/turtlesim_msgs/include/turtlesim_msgs/turtlesim_msgs/srv/detail/teleport_absolute__rosidl_typesupport_introspection_cpp.hpp
[12.740s] -- Installing: /home/monijesu/ros2_ws/install/turtlesim_msgs/include/turtlesim_msgs/turtlesim_msgs/srv/detail/kill__rosidl_typesupport_introspection_cpp.hpp
[12.741s] -- Installing: /home/monijesu/ros2_ws/install/turtlesim_msgs/include/turtlesim_msgs/turtlesim_msgs/srv/detail/teleport_relative__rosidl_typesupport_introspection_cpp.hpp
[12.741s] -- Installing: /home/monijesu/ros2_ws/install/turtlesim_msgs/include/turtlesim_msgs/turtlesim_msgs/srv/detail/spawn__type_support.cpp
[12.741s] -- Installing: /home/monijesu/ros2_ws/install/turtlesim_msgs/include/turtlesim_msgs/turtlesim_msgs/srv/detail/spawn__rosidl_typesupport_introspection_cpp.hpp
[12.741s] -- Installing: /home/monijesu/ros2_ws/install/turtlesim_msgs/include/turtlesim_msgs/turtlesim_msgs/srv/detail/teleport_relative__type_support.cpp
[12.741s] -- Installing: /home/monijesu/ros2_ws/install/turtlesim_msgs/lib/libturtlesim_msgs__rosidl_typesupport_introspection_cpp.so
[12.741s] -- Set non-toolchain portion of runtime path of "/home/monijesu/ros2_ws/install/turtlesim_msgs/lib/libturtlesim_msgs__rosidl_typesupport_introspection_cpp.so" to ""
[12.741s] -- Installing: /home/monijesu/ros2_ws/install/turtlesim_msgs/lib/libturtlesim_msgs__rosidl_typesupport_cpp.so
[12.742s] -- Set non-toolchain portion of runtime path of "/home/monijesu/ros2_ws/install/turtlesim_msgs/lib/libturtlesim_msgs__rosidl_typesupport_cpp.so" to ""
[12.742s] -- Installing: /home/monijesu/ros2_ws/install/turtlesim_msgs/share/turtlesim_msgs/environment/pythonpath.sh
[12.742s] -- Installing: /home/monijesu/ros2_ws/install/turtlesim_msgs/share/turtlesim_msgs/environment/pythonpath.dsv
[12.742s] -- Installing: /home/monijesu/ros2_ws/install/turtlesim_msgs/lib/python3.12/site-packages/turtlesim_msgs-1.9.2-py3.12.egg-info
[12.742s] -- Installing: /home/monijesu/ros2_ws/install/turtlesim_msgs/lib/python3.12/site-packages/turtlesim_msgs-1.9.2-py3.12.egg-info/top_level.txt
[12.742s] -- Installing: /home/monijesu/ros2_ws/install/turtlesim_msgs/lib/python3.12/site-packages/turtlesim_msgs-1.9.2-py3.12.egg-info/dependency_links.txt
[12.742s] -- Installing: /home/monijesu/ros2_ws/install/turtlesim_msgs/lib/python3.12/site-packages/turtlesim_msgs-1.9.2-py3.12.egg-info/PKG-INFO
[12.743s] -- Installing: /home/monijesu/ros2_ws/install/turtlesim_msgs/lib/python3.12/site-packages/turtlesim_msgs-1.9.2-py3.12.egg-info/SOURCES.txt
[12.743s] -- Installing: /home/monijesu/ros2_ws/install/turtlesim_msgs/lib/python3.12/site-packages/turtlesim_msgs
[12.743s] -- Installing: /home/monijesu/ros2_ws/install/turtlesim_msgs/lib/python3.12/site-packages/turtlesim_msgs/msg
[12.743s] -- Installing: /home/monijesu/ros2_ws/install/turtlesim_msgs/lib/python3.12/site-packages/turtlesim_msgs/msg/_pose.py
[12.743s] -- Installing: /home/monijesu/ros2_ws/install/turtlesim_msgs/lib/python3.12/site-packages/turtlesim_msgs/msg/__init__.py
[12.743s] -- Installing: /home/monijesu/ros2_ws/install/turtlesim_msgs/lib/python3.12/site-packages/turtlesim_msgs/msg/_color.py
[12.743s] -- Installing: /home/monijesu/ros2_ws/install/turtlesim_msgs/lib/python3.12/site-packages/turtlesim_msgs/msg/_pose_s.c
[12.743s] -- Installing: /home/monijesu/ros2_ws/install/turtlesim_msgs/lib/python3.12/site-packages/turtlesim_msgs/msg/_color_s.c
[12.743s] -- Installing: /home/monijesu/ros2_ws/install/turtlesim_msgs/lib/python3.12/site-packages/turtlesim_msgs/_turtlesim_msgs_s.ep.rosidl_typesupport_introspection_c.c
[12.743s] -- Installing: /home/monijesu/ros2_ws/install/turtlesim_msgs/lib/python3.12/site-packages/turtlesim_msgs/__init__.py
[12.744s] -- Installing: /home/monijesu/ros2_ws/install/turtlesim_msgs/lib/python3.12/site-packages/turtlesim_msgs/turtlesim_msgs_s__rosidl_typesupport_c.so
[12.744s] -- Installing: /home/monijesu/ros2_ws/install/turtlesim_msgs/lib/python3.12/site-packages/turtlesim_msgs/action
[12.744s] -- Installing: /home/monijesu/ros2_ws/install/turtlesim_msgs/lib/python3.12/site-packages/turtlesim_msgs/action/__init__.py
[12.744s] -- Installing: /home/monijesu/ros2_ws/install/turtlesim_msgs/lib/python3.12/site-packages/turtlesim_msgs/action/_rotate_absolute_s.c
[12.744s] -- Installing: /home/monijesu/ros2_ws/install/turtlesim_msgs/lib/python3.12/site-packages/turtlesim_msgs/action/_rotate_absolute.py
[12.744s] -- Installing: /home/monijesu/ros2_ws/install/turtlesim_msgs/lib/python3.12/site-packages/turtlesim_msgs/turtlesim_msgs_s__rosidl_typesupport_fastrtps_c.so
[12.744s] -- Installing: /home/monijesu/ros2_ws/install/turtlesim_msgs/lib/python3.12/site-packages/turtlesim_msgs/turtlesim_msgs_s__rosidl_typesupport_introspection_c.so
[12.744s] -- Installing: /home/monijesu/ros2_ws/install/turtlesim_msgs/lib/python3.12/site-packages/turtlesim_msgs/_turtlesim_msgs_s.ep.rosidl_typesupport_c.c
[12.745s] -- Installing: /home/monijesu/ros2_ws/install/turtlesim_msgs/lib/python3.12/site-packages/turtlesim_msgs/srv
[12.745s] -- Installing: /home/monijesu/ros2_ws/install/turtlesim_msgs/lib/python3.12/site-packages/turtlesim_msgs/srv/__init__.py
[12.745s] -- Installing: /home/monijesu/ros2_ws/install/turtlesim_msgs/lib/python3.12/site-packages/turtlesim_msgs/srv/_kill.py
[12.745s] -- Installing: /home/monijesu/ros2_ws/install/turtlesim_msgs/lib/python3.12/site-packages/turtlesim_msgs/srv/_spawn_s.c
[12.745s] -- Installing: /home/monijesu/ros2_ws/install/turtlesim_msgs/lib/python3.12/site-packages/turtlesim_msgs/srv/_teleport_absolute_s.c
[12.745s] -- Installing: /home/monijesu/ros2_ws/install/turtlesim_msgs/lib/python3.12/site-packages/turtlesim_msgs/srv/_spawn.py
[12.745s] -- Installing: /home/monijesu/ros2_ws/install/turtlesim_msgs/lib/python3.12/site-packages/turtlesim_msgs/srv/_teleport_relative.py
[12.745s] -- Installing: /home/monijesu/ros2_ws/install/turtlesim_msgs/lib/python3.12/site-packages/turtlesim_msgs/srv/_set_pen.py
[12.745s] -- Installing: /home/monijesu/ros2_ws/install/turtlesim_msgs/lib/python3.12/site-packages/turtlesim_msgs/srv/_kill_s.c
[12.745s] -- Installing: /home/monijesu/ros2_ws/install/turtlesim_msgs/lib/python3.12/site-packages/turtlesim_msgs/srv/_set_pen_s.c
[12.745s] -- Installing: /home/monijesu/ros2_ws/install/turtlesim_msgs/lib/python3.12/site-packages/turtlesim_msgs/srv/_teleport_absolute.py
[12.745s] -- Installing: /home/monijesu/ros2_ws/install/turtlesim_msgs/lib/python3.12/site-packages/turtlesim_msgs/srv/_teleport_relative_s.c
[12.746s] -- Installing: /home/monijesu/ros2_ws/install/turtlesim_msgs/lib/python3.12/site-packages/turtlesim_msgs/_turtlesim_msgs_s.ep.rosidl_typesupport_fastrtps_c.c
[12.834s] Listing '/home/monijesu/ros2_ws/install/turtlesim_msgs/lib/python3.12/site-packages/turtlesim_msgs'...
[12.834s] Compiling '/home/monijesu/ros2_ws/install/turtlesim_msgs/lib/python3.12/site-packages/turtlesim_msgs/__init__.py'...
[12.834s] Listing '/home/monijesu/ros2_ws/install/turtlesim_msgs/lib/python3.12/site-packages/turtlesim_msgs/action'...
[12.834s] Compiling '/home/monijesu/ros2_ws/install/turtlesim_msgs/lib/python3.12/site-packages/turtlesim_msgs/action/__init__.py'...
[12.834s] Compiling '/home/monijesu/ros2_ws/install/turtlesim_msgs/lib/python3.12/site-packages/turtlesim_msgs/action/_rotate_absolute.py'...
[12.834s] Listing '/home/monijesu/ros2_ws/install/turtlesim_msgs/lib/python3.12/site-packages/turtlesim_msgs/msg'...
[12.834s] Compiling '/home/monijesu/ros2_ws/install/turtlesim_msgs/lib/python3.12/site-packages/turtlesim_msgs/msg/__init__.py'...
[12.834s] Compiling '/home/monijesu/ros2_ws/install/turtlesim_msgs/lib/python3.12/site-packages/turtlesim_msgs/msg/_color.py'...
[12.834s] Compiling '/home/monijesu/ros2_ws/install/turtlesim_msgs/lib/python3.12/site-packages/turtlesim_msgs/msg/_pose.py'...
[12.834s] Listing '/home/monijesu/ros2_ws/install/turtlesim_msgs/lib/python3.12/site-packages/turtlesim_msgs/srv'...
[12.834s] Compiling '/home/monijesu/ros2_ws/install/turtlesim_msgs/lib/python3.12/site-packages/turtlesim_msgs/srv/__init__.py'...
[12.834s] Compiling '/home/monijesu/ros2_ws/install/turtlesim_msgs/lib/python3.12/site-packages/turtlesim_msgs/srv/_kill.py'...
[12.835s] Compiling '/home/monijesu/ros2_ws/install/turtlesim_msgs/lib/python3.12/site-packages/turtlesim_msgs/srv/_set_pen.py'...
[12.835s] Compiling '/home/monijesu/ros2_ws/install/turtlesim_msgs/lib/python3.12/site-packages/turtlesim_msgs/srv/_spawn.py'...
[12.835s] Compiling '/home/monijesu/ros2_ws/install/turtlesim_msgs/lib/python3.12/site-packages/turtlesim_msgs/srv/_teleport_absolute.py'...
[12.835s] Compiling '/home/monijesu/ros2_ws/install/turtlesim_msgs/lib/python3.12/site-packages/turtlesim_msgs/srv/_teleport_relative.py'...
[12.840s] -- Installing: /home/monijesu/ros2_ws/install/turtlesim_msgs/lib/python3.12/site-packages/turtlesim_msgs/turtlesim_msgs_s__rosidl_typesupport_fastrtps_c.so
[12.840s] -- Set non-toolchain portion of runtime path of "/home/monijesu/ros2_ws/install/turtlesim_msgs/lib/python3.12/site-packages/turtlesim_msgs/turtlesim_msgs_s__rosidl_typesupport_fastrtps_c.so" to ""
[12.840s] -- Installing: /home/monijesu/ros2_ws/install/turtlesim_msgs/lib/python3.12/site-packages/turtlesim_msgs/turtlesim_msgs_s__rosidl_typesupport_introspection_c.so
[12.840s] -- Set non-toolchain portion of runtime path of "/home/monijesu/ros2_ws/install/turtlesim_msgs/lib/python3.12/site-packages/turtlesim_msgs/turtlesim_msgs_s__rosidl_typesupport_introspection_c.so" to ""
[12.841s] -- Installing: /home/monijesu/ros2_ws/install/turtlesim_msgs/lib/python3.12/site-packages/turtlesim_msgs/turtlesim_msgs_s__rosidl_typesupport_c.so
[12.841s] -- Set non-toolchain portion of runtime path of "/home/monijesu/ros2_ws/install/turtlesim_msgs/lib/python3.12/site-packages/turtlesim_msgs/turtlesim_msgs_s__rosidl_typesupport_c.so" to ""
[12.841s] -- Installing: /home/monijesu/ros2_ws/install/turtlesim_msgs/lib/libturtlesim_msgs__rosidl_generator_py.so
[12.842s] -- Set non-toolchain portion of runtime path of "/home/monijesu/ros2_ws/install/turtlesim_msgs/lib/libturtlesim_msgs__rosidl_generator_py.so" to ""
[12.842s] -- Installing: /home/monijesu/ros2_ws/install/turtlesim_msgs/share/turtlesim_msgs/msg/Color.idl
[12.842s] -- Installing: /home/monijesu/ros2_ws/install/turtlesim_msgs/share/turtlesim_msgs/msg/Pose.idl
[12.842s] -- Installing: /home/monijesu/ros2_ws/install/turtlesim_msgs/share/turtlesim_msgs/action/RotateAbsolute.idl
[12.842s] -- Installing: /home/monijesu/ros2_ws/install/turtlesim_msgs/share/turtlesim_msgs/srv/Kill.idl
[12.842s] -- Installing: /home/monijesu/ros2_ws/install/turtlesim_msgs/share/turtlesim_msgs/srv/SetPen.idl
[12.842s] -- Installing: /home/monijesu/ros2_ws/install/turtlesim_msgs/share/turtlesim_msgs/srv/Spawn.idl
[12.842s] -- Installing: /home/monijesu/ros2_ws/install/turtlesim_msgs/share/turtlesim_msgs/srv/TeleportAbsolute.idl
[12.842s] -- Installing: /home/monijesu/ros2_ws/install/turtlesim_msgs/share/turtlesim_msgs/srv/TeleportRelative.idl
[12.842s] -- Installing: /home/monijesu/ros2_ws/install/turtlesim_msgs/share/turtlesim_msgs/msg/Color.msg
[12.843s] -- Installing: /home/monijesu/ros2_ws/install/turtlesim_msgs/share/turtlesim_msgs/msg/Pose.msg
[12.843s] -- Installing: /home/monijesu/ros2_ws/install/turtlesim_msgs/share/turtlesim_msgs/action/RotateAbsolute.action
[12.843s] -- Installing: /home/monijesu/ros2_ws/install/turtlesim_msgs/share/turtlesim_msgs/srv/Kill.srv
[12.843s] -- Installing: /home/monijesu/ros2_ws/install/turtlesim_msgs/share/turtlesim_msgs/srv/SetPen.srv
[12.843s] -- Installing: /home/monijesu/ros2_ws/install/turtlesim_msgs/share/turtlesim_msgs/srv/Spawn.srv
[12.843s] -- Installing: /home/monijesu/ros2_ws/install/turtlesim_msgs/share/turtlesim_msgs/srv/TeleportAbsolute.srv
[12.843s] -- Installing: /home/monijesu/ros2_ws/install/turtlesim_msgs/share/turtlesim_msgs/srv/TeleportRelative.srv
[12.843s] -- Installing: /home/monijesu/ros2_ws/install/turtlesim_msgs/share/ament_index/resource_index/package_run_dependencies/turtlesim_msgs
[12.844s] -- Installing: /home/monijesu/ros2_ws/install/turtlesim_msgs/share/ament_index/resource_index/parent_prefix_path/turtlesim_msgs
[12.844s] -- Installing: /home/monijesu/ros2_ws/install/turtlesim_msgs/share/turtlesim_msgs/environment/ament_prefix_path.sh
[12.844s] -- Installing: /home/monijesu/ros2_ws/install/turtlesim_msgs/share/turtlesim_msgs/environment/ament_prefix_path.dsv
[12.844s] -- Installing: /home/monijesu/ros2_ws/install/turtlesim_msgs/share/turtlesim_msgs/environment/path.sh
[12.844s] -- Installing: /home/monijesu/ros2_ws/install/turtlesim_msgs/share/turtlesim_msgs/environment/path.dsv
[12.844s] -- Installing: /home/monijesu/ros2_ws/install/turtlesim_msgs/share/turtlesim_msgs/local_setup.bash
[12.844s] -- Installing: /home/monijesu/ros2_ws/install/turtlesim_msgs/share/turtlesim_msgs/local_setup.sh
[12.844s] -- Installing: /home/monijesu/ros2_ws/install/turtlesim_msgs/share/turtlesim_msgs/local_setup.zsh
[12.844s] -- Installing: /home/monijesu/ros2_ws/install/turtlesim_msgs/share/turtlesim_msgs/local_setup.dsv
[12.845s] -- Installing: /home/monijesu/ros2_ws/install/turtlesim_msgs/share/turtlesim_msgs/package.dsv
[12.845s] -- Installing: /home/monijesu/ros2_ws/install/turtlesim_msgs/share/ament_index/resource_index/packages/turtlesim_msgs
[12.845s] -- Installing: /home/monijesu/ros2_ws/install/turtlesim_msgs/share/turtlesim_msgs/cmake/export_turtlesim_msgs__rosidl_generator_cExport.cmake
[12.845s] -- Installing: /home/monijesu/ros2_ws/install/turtlesim_msgs/share/turtlesim_msgs/cmake/export_turtlesim_msgs__rosidl_generator_cExport-noconfig.cmake
[12.845s] -- Installing: /home/monijesu/ros2_ws/install/turtlesim_msgs/share/turtlesim_msgs/cmake/export_turtlesim_msgs__rosidl_typesupport_fastrtps_cExport.cmake
[12.845s] -- Installing: /home/monijesu/ros2_ws/install/turtlesim_msgs/share/turtlesim_msgs/cmake/export_turtlesim_msgs__rosidl_typesupport_fastrtps_cExport-noconfig.cmake
[12.845s] -- Installing: /home/monijesu/ros2_ws/install/turtlesim_msgs/share/turtlesim_msgs/cmake/export_turtlesim_msgs__rosidl_generator_cppExport.cmake
[12.845s] -- Installing: /home/monijesu/ros2_ws/install/turtlesim_msgs/share/turtlesim_msgs/cmake/export_turtlesim_msgs__rosidl_typesupport_fastrtps_cppExport.cmake
[12.846s] -- Installing: /home/monijesu/ros2_ws/install/turtlesim_msgs/share/turtlesim_msgs/cmake/export_turtlesim_msgs__rosidl_typesupport_fastrtps_cppExport-noconfig.cmake
[12.846s] -- Installing: /home/monijesu/ros2_ws/install/turtlesim_msgs/share/turtlesim_msgs/cmake/turtlesim_msgs__rosidl_typesupport_introspection_cExport.cmake
[12.846s] -- Installing: /home/monijesu/ros2_ws/install/turtlesim_msgs/share/turtlesim_msgs/cmake/turtlesim_msgs__rosidl_typesupport_introspection_cExport-noconfig.cmake
[12.846s] -- Installing: /home/monijesu/ros2_ws/install/turtlesim_msgs/share/turtlesim_msgs/cmake/turtlesim_msgs__rosidl_typesupport_cExport.cmake
[12.846s] -- Installing: /home/monijesu/ros2_ws/install/turtlesim_msgs/share/turtlesim_msgs/cmake/turtlesim_msgs__rosidl_typesupport_cExport-noconfig.cmake
[12.846s] -- Installing: /home/monijesu/ros2_ws/install/turtlesim_msgs/share/turtlesim_msgs/cmake/turtlesim_msgs__rosidl_typesupport_introspection_cppExport.cmake
[12.846s] -- Installing: /home/monijesu/ros2_ws/install/turtlesim_msgs/share/turtlesim_msgs/cmake/turtlesim_msgs__rosidl_typesupport_introspection_cppExport-noconfig.cmake
[12.846s] -- Installing: /home/monijesu/ros2_ws/install/turtlesim_msgs/share/turtlesim_msgs/cmake/turtlesim_msgs__rosidl_typesupport_cppExport.cmake
[12.847s] -- Installing: /home/monijesu/ros2_ws/install/turtlesim_msgs/share/turtlesim_msgs/cmake/turtlesim_msgs__rosidl_typesupport_cppExport-noconfig.cmake
[12.847s] -- Installing: /home/monijesu/ros2_ws/install/turtlesim_msgs/share/turtlesim_msgs/cmake/export_turtlesim_msgs__rosidl_generator_pyExport.cmake
[12.847s] -- Installing: /home/monijesu/ros2_ws/install/turtlesim_msgs/share/turtlesim_msgs/cmake/export_turtlesim_msgs__rosidl_generator_pyExport-noconfig.cmake
[12.847s] -- Installing: /home/monijesu/ros2_ws/install/turtlesim_msgs/share/turtlesim_msgs/cmake/rosidl_cmake-extras.cmake
[12.847s] -- Installing: /home/monijesu/ros2_ws/install/turtlesim_msgs/share/turtlesim_msgs/cmake/ament_cmake_export_dependencies-extras.cmake
[12.847s] -- Installing: /home/monijesu/ros2_ws/install/turtlesim_msgs/share/turtlesim_msgs/cmake/ament_cmake_export_include_directories-extras.cmake
[12.847s] -- Installing: /home/monijesu/ros2_ws/install/turtlesim_msgs/share/turtlesim_msgs/cmake/ament_cmake_export_libraries-extras.cmake
[12.847s] -- Installing: /home/monijesu/ros2_ws/install/turtlesim_msgs/share/turtlesim_msgs/cmake/ament_cmake_export_targets-extras.cmake
[12.848s] -- Installing: /home/monijesu/ros2_ws/install/turtlesim_msgs/share/turtlesim_msgs/cmake/rosidl_cmake_export_typesupport_targets-extras.cmake
[12.848s] -- Installing: /home/monijesu/ros2_ws/install/turtlesim_msgs/share/turtlesim_msgs/cmake/rosidl_cmake_export_typesupport_libraries-extras.cmake
[12.848s] -- Installing: /home/monijesu/ros2_ws/install/turtlesim_msgs/share/turtlesim_msgs/cmake/turtlesim_msgsConfig.cmake
[12.848s] -- Installing: /home/monijesu/ros2_ws/install/turtlesim_msgs/share/turtlesim_msgs/cmake/turtlesim_msgsConfig-version.cmake
[12.848s] -- Installing: /home/monijesu/ros2_ws/install/turtlesim_msgs/share/turtlesim_msgs/package.xml
[12.851s] Invoked command in '/home/monijesu/ros2_ws/build/turtlesim_msgs' returned '0': CMAKE_PREFIX_PATH=${CMAKE_PREFIX_PATH}:/home/monijesu/ros2_ws/install/turtle_path_planner:/home/monijesu/ros2_ws/install/turtle_package:/opt/ros/rolling DEBUGINFOD_URLS=https://debuginfod.ubuntu.com /usr/bin/cmake --install /home/monijesu/ros2_ws/build/turtlesim_msgs
