[0.038s] Invoking command in '/home/monijesu/ros2_ws/build/examples_rclcpp_minimal_service': CMAKE_PREFIX_PATH=${CMAKE_PREFIX_PATH}:/home/monijesu/ros2_ws/install/turtle_path_planner:/home/monijesu/ros2_ws/install/launch_testing_examples:/home/monijesu/ros2_ws/install/examples_rclpy_pointcloud_publisher:/home/monijesu/ros2_ws/install/examples_rclpy_minimal_subscriber:/home/monijesu/ros2_ws/install/examples_rclpy_minimal_service:/home/monijesu/ros2_ws/install/examples_rclpy_minimal_publisher:/home/monijesu/ros2_ws/install/examples_rclpy_minimal_client:/home/monijesu/ros2_ws/install/examples_rclpy_minimal_action_server:/home/monijesu/ros2_ws/install/examples_rclpy_guard_conditions:/home/monijesu/ros2_ws/install/examples_rclpy_executors:/home/monijesu/ros2_ws/install/examples_rclpy_minimal_action_client:/opt/ros/rolling DEBUGINFOD_URLS=https://debuginfod.ubuntu.com /usr/bin/cmake --build /home/monijesu/ros2_ws/build/examples_rclcpp_minimal_service -- -j16 -l16
[0.595s] [100%] Built target service_main
[0.601s] Invoked command in '/home/monijesu/ros2_ws/build/examples_rclcpp_minimal_service' returned '0': CMAKE_PREFIX_PATH=${CMAKE_PREFIX_PATH}:/home/monijesu/ros2_ws/install/turtle_path_planner:/home/monijesu/ros2_ws/install/launch_testing_examples:/home/monijesu/ros2_ws/install/examples_rclpy_pointcloud_publisher:/home/monijesu/ros2_ws/install/examples_rclpy_minimal_subscriber:/home/monijesu/ros2_ws/install/examples_rclpy_minimal_service:/home/monijesu/ros2_ws/install/examples_rclpy_minimal_publisher:/home/monijesu/ros2_ws/install/examples_rclpy_minimal_client:/home/monijesu/ros2_ws/install/examples_rclpy_minimal_action_server:/home/monijesu/ros2_ws/install/examples_rclpy_guard_conditions:/home/monijesu/ros2_ws/install/examples_rclpy_executors:/home/monijesu/ros2_ws/install/examples_rclpy_minimal_action_client:/opt/ros/rolling DEBUGINFOD_URLS=https://debuginfod.ubuntu.com /usr/bin/cmake --build /home/monijesu/ros2_ws/build/examples_rclcpp_minimal_service -- -j16 -l16
[0.627s] Invoking command in '/home/monijesu/ros2_ws/build/examples_rclcpp_minimal_service': CMAKE_PREFIX_PATH=${CMAKE_PREFIX_PATH}:/home/monijesu/ros2_ws/install/turtle_path_planner:/home/monijesu/ros2_ws/install/launch_testing_examples:/home/monijesu/ros2_ws/install/examples_rclpy_pointcloud_publisher:/home/monijesu/ros2_ws/install/examples_rclpy_minimal_subscriber:/home/monijesu/ros2_ws/install/examples_rclpy_minimal_service:/home/monijesu/ros2_ws/install/examples_rclpy_minimal_publisher:/home/monijesu/ros2_ws/install/examples_rclpy_minimal_client:/home/monijesu/ros2_ws/install/examples_rclpy_minimal_action_server:/home/monijesu/ros2_ws/install/examples_rclpy_guard_conditions:/home/monijesu/ros2_ws/install/examples_rclpy_executors:/home/monijesu/ros2_ws/install/examples_rclpy_minimal_action_client:/opt/ros/rolling DEBUGINFOD_URLS=https://debuginfod.ubuntu.com /usr/bin/cmake --install /home/monijesu/ros2_ws/build/examples_rclcpp_minimal_service
[0.638s] -- Install configuration: ""
[0.640s] -- Execute custom install script
[0.642s] -- Up-to-date symlink: /home/monijesu/ros2_ws/install/examples_rclcpp_minimal_service/lib/examples_rclcpp_minimal_service/service_main
[0.642s] -- Up-to-date symlink: /home/monijesu/ros2_ws/install/examples_rclcpp_minimal_service/share/ament_index/resource_index/package_run_dependencies/examples_rclcpp_minimal_service
[0.642s] -- Up-to-date symlink: /home/monijesu/ros2_ws/install/examples_rclcpp_minimal_service/share/ament_index/resource_index/parent_prefix_path/examples_rclcpp_minimal_service
[0.643s] -- Up-to-date symlink: /home/monijesu/ros2_ws/install/examples_rclcpp_minimal_service/share/examples_rclcpp_minimal_service/environment/ament_prefix_path.sh
[0.643s] -- Up-to-date symlink: /home/monijesu/ros2_ws/install/examples_rclcpp_minimal_service/share/examples_rclcpp_minimal_service/environment/ament_prefix_path.dsv
[0.643s] -- Up-to-date symlink: /home/monijesu/ros2_ws/install/examples_rclcpp_minimal_service/share/examples_rclcpp_minimal_service/environment/path.sh
[0.643s] -- Up-to-date symlink: /home/monijesu/ros2_ws/install/examples_rclcpp_minimal_service/share/examples_rclcpp_minimal_service/environment/path.dsv
[0.644s] -- Up-to-date symlink: /home/monijesu/ros2_ws/install/examples_rclcpp_minimal_service/share/examples_rclcpp_minimal_service/local_setup.bash
[0.644s] -- Up-to-date symlink: /home/monijesu/ros2_ws/install/examples_rclcpp_minimal_service/share/examples_rclcpp_minimal_service/local_setup.sh
[0.644s] -- Up-to-date symlink: /home/monijesu/ros2_ws/install/examples_rclcpp_minimal_service/share/examples_rclcpp_minimal_service/local_setup.zsh
[0.644s] -- Up-to-date symlink: /home/monijesu/ros2_ws/install/examples_rclcpp_minimal_service/share/examples_rclcpp_minimal_service/local_setup.dsv
[0.660s] -- Symlinking: /home/monijesu/ros2_ws/install/examples_rclcpp_minimal_service/share/examples_rclcpp_minimal_service/package.dsv
[0.664s] -- Up-to-date symlink: /home/monijesu/ros2_ws/install/examples_rclcpp_minimal_service/share/ament_index/resource_index/packages/examples_rclcpp_minimal_service
[0.664s] -- Up-to-date symlink: /home/monijesu/ros2_ws/install/examples_rclcpp_minimal_service/share/examples_rclcpp_minimal_service/cmake/examples_rclcpp_minimal_serviceConfig.cmake
[0.664s] -- Up-to-date symlink: /home/monijesu/ros2_ws/install/examples_rclcpp_minimal_service/share/examples_rclcpp_minimal_service/cmake/examples_rclcpp_minimal_serviceConfig-version.cmake
[0.665s] -- Up-to-date symlink: /home/monijesu/ros2_ws/install/examples_rclcpp_minimal_service/share/examples_rclcpp_minimal_service/package.xml
[0.690s] Invoked command in '/home/monijesu/ros2_ws/build/examples_rclcpp_minimal_service' returned '0': CMAKE_PREFIX_PATH=${CMAKE_PREFIX_PATH}:/home/monijesu/ros2_ws/install/turtle_path_planner:/home/monijesu/ros2_ws/install/launch_testing_examples:/home/monijesu/ros2_ws/install/examples_rclpy_pointcloud_publisher:/home/monijesu/ros2_ws/install/examples_rclpy_minimal_subscriber:/home/monijesu/ros2_ws/install/examples_rclpy_minimal_service:/home/monijesu/ros2_ws/install/examples_rclpy_minimal_publisher:/home/monijesu/ros2_ws/install/examples_rclpy_minimal_client:/home/monijesu/ros2_ws/install/examples_rclpy_minimal_action_server:/home/monijesu/ros2_ws/install/examples_rclpy_guard_conditions:/home/monijesu/ros2_ws/install/examples_rclpy_executors:/home/monijesu/ros2_ws/install/examples_rclpy_minimal_action_client:/opt/ros/rolling DEBUGINFOD_URLS=https://debuginfod.ubuntu.com /usr/bin/cmake --install /home/monijesu/ros2_ws/build/examples_rclcpp_minimal_service
