[0.015s] Invoking command in '/home/monijesu/ros2_ws/build/turtlesim': CMAKE_PREFIX_PATH=/home/monijesu/ros2_ws/install/turtlesim_msgs:/home/monijesu/ros2_ws/install/turtlesim:/opt/ros/rolling/opt/gz_math_vendor:/opt/ros/rolling/opt/gz_utils_vendor:/opt/ros/rolling/opt/gz_cmake_vendor:/home/monijesu/ros2_ws/install/turtle_path_planner:/home/monijesu/ros2_ws/install/turtle_package:/opt/ros/rolling DEBUGINFOD_URLS=https://debuginfod.ubuntu.com /usr/bin/cmake /home/monijesu/ros2_ws/src/ros_tutorials/turtlesim -DCMAKE_INSTALL_PREFIX=/home/monijesu/ros2_ws/install/turtlesim
[0.114s] -- The C compiler identification is GNU 13.2.0
[0.214s] -- The CXX compiler identification is GNU 13.2.0
[0.239s] -- Detecting C compiler ABI info
[0.386s] -- Detecting C compiler ABI info - done
[0.407s] -- Check for working C compiler: /usr/bin/cc - skipped
[0.407s] -- Detecting C compile features
[0.408s] -- Detecting C compile features - done
[0.425s] -- Detecting CXX compiler ABI info
[0.598s] -- Detecting CXX compiler ABI info - done
[0.617s] -- Check for working CXX compiler: /usr/bin/c++ - skipped
[0.617s] -- Detecting CXX compile features
[0.618s] -- Detecting CXX compile features - done
[0.623s] -- Found ament_cmake: 2.7.0 (/opt/ros/rolling/share/ament_cmake/cmake)
[0.871s] -- Found Python3: /usr/bin/python3 (found version "3.12.3") found components: Interpreter 
[0.980s] -- Found ament_index_cpp: 1.9.0 (/opt/ros/rolling/share/ament_index_cpp/cmake)
[0.984s] -- Found geometry_msgs: 5.4.1 (/opt/ros/rolling/share/geometry_msgs/cmake)
[1.035s] -- Found rosidl_generator_c: 4.8.1 (/opt/ros/rolling/share/rosidl_generator_c/cmake)
[1.048s] -- Found rosidl_generator_cpp: 4.8.1 (/opt/ros/rolling/share/rosidl_generator_cpp/cmake)
[1.065s] -- Using all available rosidl_typesupport_c: rosidl_typesupport_fastrtps_c;rosidl_typesupport_introspection_c
[1.083s] -- Using all available rosidl_typesupport_cpp: rosidl_typesupport_fastrtps_cpp;rosidl_typesupport_introspection_cpp
[1.142s] -- Found rclcpp: 28.3.3 (/opt/ros/rolling/share/rclcpp/cmake)
[1.205s] -- Found rmw_implementation_cmake: 7.4.3 (/opt/ros/rolling/share/rmw_implementation_cmake/cmake)
[1.208s] -- Found rmw_fastrtps_cpp: 9.0.1 (/opt/ros/rolling/share/rmw_fastrtps_cpp/cmake)
[1.288s] -- Found OpenSSL: /usr/lib/x86_64-linux-gnu/libcrypto.so (found version "3.0.13")  
[1.315s] -- Found FastRTPS: /opt/ros/rolling/include (Required is at least version "2.13") 
[1.338s] -- Using RMW implementation 'rmw_fastrtps_cpp' as default
[1.412s] -- Found rclcpp_action: 28.3.3 (/opt/ros/rolling/share/rclcpp_action/cmake)
[1.458s] -- Found std_srvs: 5.4.1 (/opt/ros/rolling/share/std_srvs/cmake)
[1.475s] -- Found turtlesim_msgs: 1.9.2 (/home/monijesu/ros2_ws/install/turtlesim_msgs/share/turtlesim_msgs/cmake)
[1.501s] -- Found ament_lint_auto: 0.18.1 (/opt/ros/rolling/share/ament_lint_auto/cmake)
[1.631s] -- Added test 'copyright' to check source files copyright and LICENSE
[1.634s] -- Added test 'cppcheck' to perform static code analysis on C / C++ code
[1.635s] -- Configured cppcheck include dirs: /home/monijesu/ros2_ws/src/ros_tutorials/turtlesim/include
[1.635s] -- Configured cppcheck exclude dirs and/or files: 
[1.637s] -- Added test 'cpplint' to check C / C++ code against the Google style
[1.638s] -- Configured cpplint exclude dirs and/or files: 
[1.639s] -- Added test 'flake8' to check Python code syntax and style conventions
[1.639s] -- Configured 'flake8' exclude dirs and/or files: 
[1.640s] -- Added test 'lint_cmake' to check CMake code style
[1.641s] -- Added test 'pep257' to check Python code against some of the docstring style conventions in PEP 257
[1.644s] -- Added test 'uncrustify' to check C / C++ code style
[1.644s] -- Configured uncrustify additional arguments: 
[1.645s] -- Added test 'xmllint' to check XML markup files
[1.648s] -- Configuring done (1.6s)
[1.684s] -- Generating done (0.0s)
[1.686s] -- Build files have been written to: /home/monijesu/ros2_ws/build/turtlesim
[1.699s] Invoked command in '/home/monijesu/ros2_ws/build/turtlesim' returned '0': CMAKE_PREFIX_PATH=/home/monijesu/ros2_ws/install/turtlesim_msgs:/home/monijesu/ros2_ws/install/turtlesim:/opt/ros/rolling/opt/gz_math_vendor:/opt/ros/rolling/opt/gz_utils_vendor:/opt/ros/rolling/opt/gz_cmake_vendor:/home/monijesu/ros2_ws/install/turtle_path_planner:/home/monijesu/ros2_ws/install/turtle_package:/opt/ros/rolling DEBUGINFOD_URLS=https://debuginfod.ubuntu.com /usr/bin/cmake /home/monijesu/ros2_ws/src/ros_tutorials/turtlesim -DCMAKE_INSTALL_PREFIX=/home/monijesu/ros2_ws/install/turtlesim
[1.699s] Invoking command in '/home/monijesu/ros2_ws/build/turtlesim': CMAKE_PREFIX_PATH=/home/monijesu/ros2_ws/install/turtlesim_msgs:/home/monijesu/ros2_ws/install/turtlesim:/opt/ros/rolling/opt/gz_math_vendor:/opt/ros/rolling/opt/gz_utils_vendor:/opt/ros/rolling/opt/gz_cmake_vendor:/home/monijesu/ros2_ws/install/turtle_path_planner:/home/monijesu/ros2_ws/install/turtle_package:/opt/ros/rolling DEBUGINFOD_URLS=https://debuginfod.ubuntu.com /usr/bin/cmake --build /home/monijesu/ros2_ws/build/turtlesim -- -j16 -l16
[1.758s] [  8%] [34m[1mGenerating include/turtlesim/moc_turtle_frame.cpp[0m
[1.774s] [ 16%] [32mBuilding CXX object CMakeFiles/turtle_teleop_key.dir/tutorials/teleop_turtle_key.cpp.o[0m
[1.774s] [ 25%] [32mBuilding CXX object CMakeFiles/draw_square.dir/tutorials/draw_square.cpp.o[0m
[1.775s] [ 33%] [32mBuilding CXX object CMakeFiles/mimic.dir/tutorials/mimic.cpp.o[0m
[1.856s] [ 66%] [32mBuilding CXX object CMakeFiles/turtlesim_node.dir/src/turtle_frame.cpp.o[0m
[1.857s] [ 66%] [32mBuilding CXX object CMakeFiles/turtlesim_node.dir/src/turtle.cpp.o[0m
[1.857s] [ 66%] [32mBuilding CXX object CMakeFiles/turtlesim_node.dir/src/turtlesim.cpp.o[0m
[1.857s] [ 66%] [32mBuilding CXX object CMakeFiles/turtlesim_node.dir/include/turtlesim/moc_turtle_frame.cpp.o[0m
[9.683s] [ 75%] [32m[1mLinking CXX executable turtle_teleop_key[0m
[9.926s] [ 75%] Built target turtle_teleop_key
[12.905s] [ 83%] [32m[1mLinking CXX executable mimic[0m
[13.259s] [ 83%] Built target mimic
[13.595s] [ 91%] [32m[1mLinking CXX executable draw_square[0m
[13.949s] [ 91%] Built target draw_square
[18.078s] [100%] [32m[1mLinking CXX executable turtlesim_node[0m
[19.883s] [100%] Built target turtlesim_node
[19.896s] Invoked command in '/home/monijesu/ros2_ws/build/turtlesim' returned '0': CMAKE_PREFIX_PATH=/home/monijesu/ros2_ws/install/turtlesim_msgs:/home/monijesu/ros2_ws/install/turtlesim:/opt/ros/rolling/opt/gz_math_vendor:/opt/ros/rolling/opt/gz_utils_vendor:/opt/ros/rolling/opt/gz_cmake_vendor:/home/monijesu/ros2_ws/install/turtle_path_planner:/home/monijesu/ros2_ws/install/turtle_package:/opt/ros/rolling DEBUGINFOD_URLS=https://debuginfod.ubuntu.com /usr/bin/cmake --build /home/monijesu/ros2_ws/build/turtlesim -- -j16 -l16
[19.944s] Invoking command in '/home/monijesu/ros2_ws/build/turtlesim': CMAKE_PREFIX_PATH=/home/monijesu/ros2_ws/install/turtlesim_msgs:/home/monijesu/ros2_ws/install/turtlesim:/opt/ros/rolling/opt/gz_math_vendor:/opt/ros/rolling/opt/gz_utils_vendor:/opt/ros/rolling/opt/gz_cmake_vendor:/home/monijesu/ros2_ws/install/turtle_path_planner:/home/monijesu/ros2_ws/install/turtle_package:/opt/ros/rolling DEBUGINFOD_URLS=https://debuginfod.ubuntu.com /usr/bin/cmake --install /home/monijesu/ros2_ws/build/turtlesim
[19.954s] -- Install configuration: ""
[19.955s] -- Installing: /home/monijesu/ros2_ws/install/turtlesim/lib/turtlesim/turtlesim_node
[19.966s] -- Set non-toolchain portion of runtime path of "/home/monijesu/ros2_ws/install/turtlesim/lib/turtlesim/turtlesim_node" to ""
[19.967s] -- Installing: /home/monijesu/ros2_ws/install/turtlesim/lib/turtlesim/turtle_teleop_key
[19.968s] -- Set non-toolchain portion of runtime path of "/home/monijesu/ros2_ws/install/turtlesim/lib/turtlesim/turtle_teleop_key" to ""
[19.969s] -- Installing: /home/monijesu/ros2_ws/install/turtlesim/lib/turtlesim/draw_square
[19.973s] -- Set non-toolchain portion of runtime path of "/home/monijesu/ros2_ws/install/turtlesim/lib/turtlesim/draw_square" to ""
[19.973s] -- Installing: /home/monijesu/ros2_ws/install/turtlesim/lib/turtlesim/mimic
[19.977s] -- Set non-toolchain portion of runtime path of "/home/monijesu/ros2_ws/install/turtlesim/lib/turtlesim/mimic" to ""
[19.977s] -- Installing: /home/monijesu/ros2_ws/install/turtlesim/share/turtlesim/images
[19.977s] -- Installing: /home/monijesu/ros2_ws/install/turtlesim/share/turtlesim/images/rolling.png
[19.977s] -- Installing: /home/monijesu/ros2_ws/install/turtlesim/share/turtlesim/images/foxy.png
[19.978s] -- Installing: /home/monijesu/ros2_ws/install/turtlesim/share/turtlesim/images/humble.png
[19.978s] -- Installing: /home/monijesu/ros2_ws/install/turtlesim/share/turtlesim/images/iron.png
[19.978s] -- Installing: /home/monijesu/ros2_ws/install/turtlesim/share/turtlesim/images/ardent.png
[19.978s] -- Installing: /home/monijesu/ros2_ws/install/turtlesim/share/turtlesim/images/galactic.png
[19.978s] -- Installing: /home/monijesu/ros2_ws/install/turtlesim/share/turtlesim/images/jazzy.png
[19.978s] -- Installing: /home/monijesu/ros2_ws/install/turtlesim/share/turtlesim/images/dashing.png
[19.978s] -- Installing: /home/monijesu/ros2_ws/install/turtlesim/share/turtlesim/images/eloquent.png
[19.978s] -- Installing: /home/monijesu/ros2_ws/install/turtlesim/share/turtlesim/images/bouncy.png
[19.978s] -- Installing: /home/monijesu/ros2_ws/install/turtlesim/share/turtlesim/images/crystal.png
[19.978s] -- Installing: /home/monijesu/ros2_ws/install/turtlesim/share/turtlesim/launch
[19.979s] -- Installing: /home/monijesu/ros2_ws/install/turtlesim/share/turtlesim/launch/multisim.launch.py
[19.979s] -- Installing: /home/monijesu/ros2_ws/install/turtlesim/share/ament_index/resource_index/package_run_dependencies/turtlesim
[19.979s] -- Installing: /home/monijesu/ros2_ws/install/turtlesim/share/ament_index/resource_index/parent_prefix_path/turtlesim
[19.979s] -- Installing: /home/monijesu/ros2_ws/install/turtlesim/share/turtlesim/environment/ament_prefix_path.sh
[19.979s] -- Installing: /home/monijesu/ros2_ws/install/turtlesim/share/turtlesim/environment/ament_prefix_path.dsv
[19.979s] -- Installing: /home/monijesu/ros2_ws/install/turtlesim/share/turtlesim/environment/path.sh
[19.979s] -- Installing: /home/monijesu/ros2_ws/install/turtlesim/share/turtlesim/environment/path.dsv
[19.979s] -- Installing: /home/monijesu/ros2_ws/install/turtlesim/share/turtlesim/local_setup.bash
[19.980s] -- Installing: /home/monijesu/ros2_ws/install/turtlesim/share/turtlesim/local_setup.sh
[19.980s] -- Installing: /home/monijesu/ros2_ws/install/turtlesim/share/turtlesim/local_setup.zsh
[19.980s] -- Installing: /home/monijesu/ros2_ws/install/turtlesim/share/turtlesim/local_setup.dsv
[19.980s] -- Installing: /home/monijesu/ros2_ws/install/turtlesim/share/turtlesim/package.dsv
[19.980s] -- Installing: /home/monijesu/ros2_ws/install/turtlesim/share/ament_index/resource_index/packages/turtlesim
[19.980s] -- Installing: /home/monijesu/ros2_ws/install/turtlesim/share/turtlesim/cmake/turtlesimConfig.cmake
[19.980s] -- Installing: /home/monijesu/ros2_ws/install/turtlesim/share/turtlesim/cmake/turtlesimConfig-version.cmake
[19.980s] -- Installing: /home/monijesu/ros2_ws/install/turtlesim/share/turtlesim/package.xml
[19.983s] Invoked command in '/home/monijesu/ros2_ws/build/turtlesim' returned '0': CMAKE_PREFIX_PATH=/home/monijesu/ros2_ws/install/turtlesim_msgs:/home/monijesu/ros2_ws/install/turtlesim:/opt/ros/rolling/opt/gz_math_vendor:/opt/ros/rolling/opt/gz_utils_vendor:/opt/ros/rolling/opt/gz_cmake_vendor:/home/monijesu/ros2_ws/install/turtle_path_planner:/home/monijesu/ros2_ws/install/turtle_package:/opt/ros/rolling DEBUGINFOD_URLS=https://debuginfod.ubuntu.com /usr/bin/cmake --install /home/monijesu/ros2_ws/build/turtlesim
