[3.289s] Invoking command in '/home/monijesu/ros2_ws/src/turtle_path_planner': DEBUGINFOD_URLS=https://debuginfod.ubuntu.com PYTHONPATH=/home/monijesu/ros2_ws/build/turtle_path_planner/prefix_override:/usr/lib/python3/dist-packages/colcon_core/task/python/colcon_distutils_commands:/home/monijesu/ros2_ws/install/turtle_path_planner/lib/python3.12/site-packages:${PYTHONPATH} /usr/bin/python3 -W ignore:setup.py install is deprecated setup.py egg_info --egg-base ../../build/turtle_path_planner build --build-base /home/monijesu/ros2_ws/build/turtle_path_planner/build install --record /home/monijesu/ros2_ws/build/turtle_path_planner/install.log --single-version-externally-managed install_data
[3.661s] running egg_info
[3.688s] writing ../../build/turtle_path_planner/turtle_path_planner.egg-info/PKG-INFO
[3.688s] writing dependency_links to ../../build/turtle_path_planner/turtle_path_planner.egg-info/dependency_links.txt
[3.689s] writing entry points to ../../build/turtle_path_planner/turtle_path_planner.egg-info/entry_points.txt
[3.689s] writing requirements to ../../build/turtle_path_planner/turtle_path_planner.egg-info/requires.txt
[3.689s] writing top-level names to ../../build/turtle_path_planner/turtle_path_planner.egg-info/top_level.txt
[3.743s] reading manifest file '../../build/turtle_path_planner/turtle_path_planner.egg-info/SOURCES.txt'
[3.744s] writing manifest file '../../build/turtle_path_planner/turtle_path_planner.egg-info/SOURCES.txt'
[3.744s] running build
[3.744s] running build_py
[3.744s] copying turtle_path_planner/path_planner.py -> /home/monijesu/ros2_ws/build/turtle_path_planner/build/lib/turtle_path_planner
[3.745s] running install
[3.754s] running install_lib
[3.780s] copying /home/monijesu/ros2_ws/build/turtle_path_planner/build/lib/turtle_path_planner/path_planner.py -> /home/monijesu/ros2_ws/install/turtle_path_planner/lib/python3.12/site-packages/turtle_path_planner
[3.781s] byte-compiling /home/monijesu/ros2_ws/install/turtle_path_planner/lib/python3.12/site-packages/turtle_path_planner/path_planner.py to path_planner.cpython-312.pyc
[3.782s] running install_data
[3.783s] running install_egg_info
[3.810s] removing '/home/monijesu/ros2_ws/install/turtle_path_planner/lib/python3.12/site-packages/turtle_path_planner-0.0.0-py3.12.egg-info' (and everything under it)
[3.810s] Copying ../../build/turtle_path_planner/turtle_path_planner.egg-info to /home/monijesu/ros2_ws/install/turtle_path_planner/lib/python3.12/site-packages/turtle_path_planner-0.0.0-py3.12.egg-info
[3.811s] running install_scripts
[3.986s] Installing path_planner script to /home/monijesu/ros2_ws/install/turtle_path_planner/lib/turtle_path_planner
[3.987s] writing list of installed files to '/home/monijesu/ros2_ws/build/turtle_path_planner/install.log'
[4.018s] Invoked command in '/home/monijesu/ros2_ws/src/turtle_path_planner' returned '0': DEBUGINFOD_URLS=https://debuginfod.ubuntu.com PYTHONPATH=/home/monijesu/ros2_ws/build/turtle_path_planner/prefix_override:/usr/lib/python3/dist-packages/colcon_core/task/python/colcon_distutils_commands:/home/monijesu/ros2_ws/install/turtle_path_planner/lib/python3.12/site-packages:${PYTHONPATH} /usr/bin/python3 -W ignore:setup.py install is deprecated setup.py egg_info --egg-base ../../build/turtle_path_planner build --build-base /home/monijesu/ros2_ws/build/turtle_path_planner/build install --record /home/monijesu/ros2_ws/build/turtle_path_planner/install.log --single-version-externally-managed install_data
