-- The C compiler identification is GNU 13.2.0
-- The CXX compiler identification is GNU 13.2.0
-- Detecting C compiler ABI info
-- Detecting C compiler ABI info - done
-- Check for working C compiler: /usr/bin/cc - skipped
-- Detecting C compile features
-- Detecting C compile features - done
-- Detecting CXX compiler ABI info
-- Detecting CXX compiler ABI info - done
-- Check for working CXX compiler: /usr/bin/c++ - skipped
-- Detecting CXX compile features
-- Detecting CXX compile features - done
-- Found ament_cmake: 2.7.0 (/opt/ros/rolling/share/ament_cmake/cmake)
-- Found Python3: /usr/bin/python3 (found version "3.12.3") found components: Interpreter 
-- Override CMake install command with custom implementation using symlinks instead of copying resources
-- Found example_interfaces: 0.13.0 (/opt/ros/rolling/share/example_interfaces/cmake)
-- Found rosidl_generator_c: 4.8.1 (/opt/ros/rolling/share/rosidl_generator_c/cmake)
-- Found rosidl_generator_cpp: 4.8.1 (/opt/ros/rolling/share/rosidl_generator_cpp/cmake)
-- Using all available rosidl_typesupport_c: rosidl_typesupport_fastrtps_c;rosidl_typesupport_introspection_c
-- Using all available rosidl_typesupport_cpp: rosidl_typesupport_fastrtps_cpp;rosidl_typesupport_introspection_cpp
-- Found rclcpp: 28.3.3 (/opt/ros/rolling/share/rclcpp/cmake)
-- Found rmw_implementation_cmake: 7.4.3 (/opt/ros/rolling/share/rmw_implementation_cmake/cmake)
-- Found rmw_fastrtps_cpp: 9.0.1 (/opt/ros/rolling/share/rmw_fastrtps_cpp/cmake)
-- Found OpenSSL: /usr/lib/x86_64-linux-gnu/libcrypto.so (found version "3.0.13")  
-- Found FastRTPS: /opt/ros/rolling/include (Required is at least version "2.13") 
-- Using RMW implementation 'rmw_fastrtps_cpp' as default
-- Found rclcpp_components: 28.3.3 (/opt/ros/rolling/share/rclcpp_components/cmake)
-- Found std_msgs: 5.4.1 (/opt/ros/rolling/share/std_msgs/cmake)
-- Found ament_lint_auto: 0.18.1 (/opt/ros/rolling/share/ament_lint_auto/cmake)
-- Added test 'copyright' to check source files copyright and LICENSE
-- Added test 'cppcheck' to perform static code analysis on C / C++ code
-- Configured cppcheck include dirs: /home/monijesu/ros2_ws/src/examples/rclcpp/wait_set/include
-- Configured cppcheck exclude dirs and/or files: 
-- Added test 'cpplint' to check C / C++ code against the Google style
-- Configured cpplint exclude dirs and/or files: 
-- Added test 'lint_cmake' to check CMake code style
-- Added test 'uncrustify' to check C / C++ code style
-- Configured uncrustify additional arguments: 
-- Added test 'xmllint' to check XML markup files
-- Configuring done (2.4s)
-- Generating done (0.3s)
-- Build files have been written to: /home/monijesu/ros2_ws/build/examples_rclcpp_wait_set
[  4%] [32mBuilding CXX object CMakeFiles/talker.dir/src/talker.cpp.o[0m
[  8%] [32mBuilding CXX object CMakeFiles/wait_set_talker.dir/rclcpp_components/node_main_wait_set_talker.cpp.o[0m
[ 12%] [32mBuilding CXX object CMakeFiles/wait_set_listener.dir/rclcpp_components/node_main_wait_set_listener.cpp.o[0m
[ 16%] [32mBuilding CXX object CMakeFiles/wait_set_topics_and_timer.dir/src/wait_set_topics_and_timer.cpp.o[0m
[ 20%] [32mBuilding CXX object CMakeFiles/wait_set.dir/src/wait_set.cpp.o[0m
[ 25%] [32mBuilding CXX object CMakeFiles/thread_safe_wait_set.dir/src/thread_safe_wait_set.cpp.o[0m
[ 29%] [32mBuilding CXX object CMakeFiles/listener.dir/src/listener.cpp.o[0m
[ 33%] [32mBuilding CXX object CMakeFiles/executor_random_order.dir/src/executor_random_order.cpp.o[0m
[ 37%] [32mBuilding CXX object CMakeFiles/wait_set_random_order.dir/src/wait_set_random_order.cpp.o[0m
[ 41%] [32mBuilding CXX object CMakeFiles/static_wait_set.dir/src/static_wait_set.cpp.o[0m
[ 45%] [32mBuilding CXX object CMakeFiles/wait_set_topics_with_different_rates.dir/src/wait_set_topics_with_different_rates.cpp.o[0m
[ 50%] [32m[1mLinking CXX executable wait_set_listener[0m
[ 50%] Built target wait_set_listener
[ 54%] [32m[1mLinking CXX executable wait_set_talker[0m
[ 54%] Built target wait_set_talker
[ 58%] [32m[1mLinking CXX executable wait_set[0m
[ 58%] Built target wait_set
[ 62%] [32m[1mLinking CXX executable wait_set_topics_and_timer[0m
[ 62%] Built target wait_set_topics_and_timer
[ 66%] [32m[1mLinking CXX shared library libtalker.so[0m
[ 66%] Built target talker
[ 70%] [32m[1mLinking CXX executable static_wait_set[0m
[ 70%] Built target static_wait_set
[ 75%] [32m[1mLinking CXX executable executor_random_order[0m
[ 79%] [32m[1mLinking CXX executable wait_set_topics_with_different_rates[0m
[ 79%] Built target executor_random_order
[ 79%] Built target wait_set_topics_with_different_rates
[ 83%] [32m[1mLinking CXX executable thread_safe_wait_set[0m
[ 87%] [32m[1mLinking CXX shared library liblistener.so[0m
[ 87%] Built target thread_safe_wait_set
[ 87%] Built target listener
[ 91%] [32m[1mLinking CXX executable wait_set_random_order[0m
[ 91%] Built target wait_set_random_order
[ 95%] [32mBuilding CXX object CMakeFiles/wait_set_composed.dir/src/wait_set_composed.cpp.o[0m
[100%] [32m[1mLinking CXX executable wait_set_composed[0m
[100%] Built target wait_set_composed
