[0.045s] Invoking command in '/home/monijesu/ros2_ws/build/examples_rclcpp_wait_set': CMAKE_PREFIX_PATH=${CMAKE_PREFIX_PATH}:/home/monijesu/ros2_ws/install/turtle_path_planner:/home/monijesu/ros2_ws/install/turtle_package:/opt/ros/rolling DEBUGINFOD_URLS=https://debuginfod.ubuntu.com /usr/bin/cmake /home/monijesu/ros2_ws/src/examples/rclcpp/wait_set -DAMENT_CMAKE_SYMLINK_INSTALL=1 -DCMAKE_INSTALL_PREFIX=/home/monijesu/ros2_ws/install/examples_rclcpp_wait_set
[2.162s] -- The C compiler identification is GNU 13.2.0
[2.162s] -- The CXX compiler identification is GNU 13.2.0
[2.163s] -- Detecting C compiler ABI info
[2.163s] -- Detecting C compiler ABI info - done
[2.163s] -- Check for working C compiler: /usr/bin/cc - skipped
[2.163s] -- Detecting C compile features
[2.163s] -- Detecting C compile features - done
[2.163s] -- Detecting CXX compiler ABI info
[2.163s] -- Detecting CXX compiler ABI info - done
[2.163s] -- Check for working CXX compiler: /usr/bin/c++ - skipped
[2.164s] -- Detecting CXX compile features
[2.164s] -- Detecting CXX compile features - done
[2.164s] -- Found ament_cmake: 2.7.0 (/opt/ros/rolling/share/ament_cmake/cmake)
[2.164s] -- Found Python3: /usr/bin/python3 (found version "3.12.3") found components: Interpreter 
[2.164s] -- Override CMake install command with custom implementation using symlinks instead of copying resources
[2.164s] -- Found example_interfaces: 0.13.0 (/opt/ros/rolling/share/example_interfaces/cmake)
[2.164s] -- Found rosidl_generator_c: 4.8.1 (/opt/ros/rolling/share/rosidl_generator_c/cmake)
[2.165s] -- Found rosidl_generator_cpp: 4.8.1 (/opt/ros/rolling/share/rosidl_generator_cpp/cmake)
[2.165s] -- Using all available rosidl_typesupport_c: rosidl_typesupport_fastrtps_c;rosidl_typesupport_introspection_c
[2.168s] -- Using all available rosidl_typesupport_cpp: rosidl_typesupport_fastrtps_cpp;rosidl_typesupport_introspection_cpp
[2.171s] -- Found rclcpp: 28.3.3 (/opt/ros/rolling/share/rclcpp/cmake)
[2.173s] -- Found rmw_implementation_cmake: 7.4.3 (/opt/ros/rolling/share/rmw_implementation_cmake/cmake)
[2.174s] -- Found rmw_fastrtps_cpp: 9.0.1 (/opt/ros/rolling/share/rmw_fastrtps_cpp/cmake)
[2.174s] -- Found OpenSSL: /usr/lib/x86_64-linux-gnu/libcrypto.so (found version "3.0.13")  
[2.174s] -- Found FastRTPS: /opt/ros/rolling/include (Required is at least version "2.13") 
[2.174s] -- Using RMW implementation 'rmw_fastrtps_cpp' as default
[2.174s] -- Found rclcpp_components: 28.3.3 (/opt/ros/rolling/share/rclcpp_components/cmake)
[2.174s] -- Found std_msgs: 5.4.1 (/opt/ros/rolling/share/std_msgs/cmake)
[2.174s] -- Found ament_lint_auto: 0.18.1 (/opt/ros/rolling/share/ament_lint_auto/cmake)
[2.388s] -- Added test 'copyright' to check source files copyright and LICENSE
[2.397s] -- Added test 'cppcheck' to perform static code analysis on C / C++ code
[2.398s] -- Configured cppcheck include dirs: /home/monijesu/ros2_ws/src/examples/rclcpp/wait_set/include
[2.398s] -- Configured cppcheck exclude dirs and/or files: 
[2.401s] -- Added test 'cpplint' to check C / C++ code against the Google style
[2.401s] -- Configured cpplint exclude dirs and/or files: 
[2.410s] -- Added test 'lint_cmake' to check CMake code style
[2.419s] -- Added test 'uncrustify' to check C / C++ code style
[2.419s] -- Configured uncrustify additional arguments: 
[2.422s] -- Added test 'xmllint' to check XML markup files
[2.434s] -- Configuring done (2.4s)
[2.804s] -- Generating done (0.3s)
[2.813s] -- Build files have been written to: /home/monijesu/ros2_ws/build/examples_rclcpp_wait_set
[2.856s] Invoked command in '/home/monijesu/ros2_ws/build/examples_rclcpp_wait_set' returned '0': CMAKE_PREFIX_PATH=${CMAKE_PREFIX_PATH}:/home/monijesu/ros2_ws/install/turtle_path_planner:/home/monijesu/ros2_ws/install/turtle_package:/opt/ros/rolling DEBUGINFOD_URLS=https://debuginfod.ubuntu.com /usr/bin/cmake /home/monijesu/ros2_ws/src/examples/rclcpp/wait_set -DAMENT_CMAKE_SYMLINK_INSTALL=1 -DCMAKE_INSTALL_PREFIX=/home/monijesu/ros2_ws/install/examples_rclcpp_wait_set
[2.856s] Invoking command in '/home/monijesu/ros2_ws/build/examples_rclcpp_wait_set': CMAKE_PREFIX_PATH=${CMAKE_PREFIX_PATH}:/home/monijesu/ros2_ws/install/turtle_path_planner:/home/monijesu/ros2_ws/install/turtle_package:/opt/ros/rolling DEBUGINFOD_URLS=https://debuginfod.ubuntu.com /usr/bin/cmake --build /home/monijesu/ros2_ws/build/examples_rclcpp_wait_set -- -j16 -l16
[29.011s] [  4%] [32mBuilding CXX object CMakeFiles/talker.dir/src/talker.cpp.o[0m
[29.011s] [  8%] [32mBuilding CXX object CMakeFiles/wait_set_talker.dir/rclcpp_components/node_main_wait_set_talker.cpp.o[0m
[29.011s] [ 12%] [32mBuilding CXX object CMakeFiles/wait_set_listener.dir/rclcpp_components/node_main_wait_set_listener.cpp.o[0m
[29.015s] [ 16%] [32mBuilding CXX object CMakeFiles/wait_set_topics_and_timer.dir/src/wait_set_topics_and_timer.cpp.o[0m
[29.016s] [ 20%] [32mBuilding CXX object CMakeFiles/wait_set.dir/src/wait_set.cpp.o[0m
[29.016s] [ 25%] [32mBuilding CXX object CMakeFiles/thread_safe_wait_set.dir/src/thread_safe_wait_set.cpp.o[0m
[29.016s] [ 29%] [32mBuilding CXX object CMakeFiles/listener.dir/src/listener.cpp.o[0m
[29.016s] [ 33%] [32mBuilding CXX object CMakeFiles/executor_random_order.dir/src/executor_random_order.cpp.o[0m
[29.016s] [ 37%] [32mBuilding CXX object CMakeFiles/wait_set_random_order.dir/src/wait_set_random_order.cpp.o[0m
[29.017s] [ 41%] [32mBuilding CXX object CMakeFiles/static_wait_set.dir/src/static_wait_set.cpp.o[0m
[29.020s] [ 45%] [32mBuilding CXX object CMakeFiles/wait_set_topics_with_different_rates.dir/src/wait_set_topics_with_different_rates.cpp.o[0m
[29.020s] [ 50%] [32m[1mLinking CXX executable wait_set_listener[0m
[29.020s] [ 50%] Built target wait_set_listener
[31.095s] [ 54%] [32m[1mLinking CXX executable wait_set_talker[0m
[31.810s] [ 54%] Built target wait_set_talker
[31.912s] [ 58%] [32m[1mLinking CXX executable wait_set[0m
[33.362s] [ 58%] Built target wait_set
[34.255s] [ 62%] [32m[1mLinking CXX executable wait_set_topics_and_timer[0m
[34.942s] [ 62%] Built target wait_set_topics_and_timer
[37.444s] [ 66%] [32m[1mLinking CXX shared library libtalker.so[0m
[37.787s] [ 66%] Built target talker
[43.599s] [ 70%] [32m[1mLinking CXX executable static_wait_set[0m
[44.135s] [ 70%] Built target static_wait_set
[45.088s] [ 75%] [32m[1mLinking CXX executable executor_random_order[0m
[45.362s] [ 79%] [32m[1mLinking CXX executable wait_set_topics_with_different_rates[0m
[45.514s] [ 79%] Built target executor_random_order
[45.696s] [ 79%] Built target wait_set_topics_with_different_rates
[45.801s] [ 83%] [32m[1mLinking CXX executable thread_safe_wait_set[0m
[46.087s] [ 87%] [32m[1mLinking CXX shared library liblistener.so[0m
[46.160s] [ 87%] Built target thread_safe_wait_set
[46.362s] [ 87%] Built target listener
[46.752s] [ 91%] [32m[1mLinking CXX executable wait_set_random_order[0m
[47.017s] [ 91%] Built target wait_set_random_order
[47.035s] [ 95%] [32mBuilding CXX object CMakeFiles/wait_set_composed.dir/src/wait_set_composed.cpp.o[0m
[50.294s] [100%] [32m[1mLinking CXX executable wait_set_composed[0m
[50.487s] [100%] Built target wait_set_composed
