[0.084s] Invoking command in '/home/monijesu/ros2_ws/build/examples_rclcpp_async_client': CMAKE_PREFIX_PATH=${CMAKE_PREFIX_PATH}:/home/monijesu/ros2_ws/install/turtle_path_planner:/home/monijesu/ros2_ws/install/launch_testing_examples:/home/monijesu/ros2_ws/install/examples_rclpy_pointcloud_publisher:/home/monijesu/ros2_ws/install/examples_rclpy_minimal_subscriber:/home/monijesu/ros2_ws/install/examples_rclpy_minimal_service:/home/monijesu/ros2_ws/install/examples_rclpy_minimal_publisher:/home/monijesu/ros2_ws/install/examples_rclpy_minimal_client:/home/monijesu/ros2_ws/install/examples_rclpy_minimal_action_server:/home/monijesu/ros2_ws/install/examples_rclpy_guard_conditions:/home/monijesu/ros2_ws/install/examples_rclpy_executors:/home/monijesu/ros2_ws/install/examples_rclpy_minimal_action_client:/opt/ros/rolling DEBUGINFOD_URLS=https://debuginfod.ubuntu.com /usr/bin/cmake --build /home/monijesu/ros2_ws/build/examples_rclcpp_async_client -- -j16 -l16
[0.974s] [100%] Built target client_main
[0.982s] Invoked command in '/home/monijesu/ros2_ws/build/examples_rclcpp_async_client' returned '0': CMAKE_PREFIX_PATH=${CMAKE_PREFIX_PATH}:/home/monijesu/ros2_ws/install/turtle_path_planner:/home/monijesu/ros2_ws/install/launch_testing_examples:/home/monijesu/ros2_ws/install/examples_rclpy_pointcloud_publisher:/home/monijesu/ros2_ws/install/examples_rclpy_minimal_subscriber:/home/monijesu/ros2_ws/install/examples_rclpy_minimal_service:/home/monijesu/ros2_ws/install/examples_rclpy_minimal_publisher:/home/monijesu/ros2_ws/install/examples_rclpy_minimal_client:/home/monijesu/ros2_ws/install/examples_rclpy_minimal_action_server:/home/monijesu/ros2_ws/install/examples_rclpy_guard_conditions:/home/monijesu/ros2_ws/install/examples_rclpy_executors:/home/monijesu/ros2_ws/install/examples_rclpy_minimal_action_client:/opt/ros/rolling DEBUGINFOD_URLS=https://debuginfod.ubuntu.com /usr/bin/cmake --build /home/monijesu/ros2_ws/build/examples_rclcpp_async_client -- -j16 -l16
[1.034s] Invoking command in '/home/monijesu/ros2_ws/build/examples_rclcpp_async_client': CMAKE_PREFIX_PATH=${CMAKE_PREFIX_PATH}:/home/monijesu/ros2_ws/install/turtle_path_planner:/home/monijesu/ros2_ws/install/launch_testing_examples:/home/monijesu/ros2_ws/install/examples_rclpy_pointcloud_publisher:/home/monijesu/ros2_ws/install/examples_rclpy_minimal_subscriber:/home/monijesu/ros2_ws/install/examples_rclpy_minimal_service:/home/monijesu/ros2_ws/install/examples_rclpy_minimal_publisher:/home/monijesu/ros2_ws/install/examples_rclpy_minimal_client:/home/monijesu/ros2_ws/install/examples_rclpy_minimal_action_server:/home/monijesu/ros2_ws/install/examples_rclpy_guard_conditions:/home/monijesu/ros2_ws/install/examples_rclpy_executors:/home/monijesu/ros2_ws/install/examples_rclpy_minimal_action_client:/opt/ros/rolling DEBUGINFOD_URLS=https://debuginfod.ubuntu.com /usr/bin/cmake --install /home/monijesu/ros2_ws/build/examples_rclcpp_async_client
[1.047s] -- Install configuration: ""
[1.047s] -- Execute custom install script
[1.050s] -- Up-to-date symlink: /home/monijesu/ros2_ws/install/examples_rclcpp_async_client/lib/examples_rclcpp_async_client/client_main
[1.051s] -- Up-to-date symlink: /home/monijesu/ros2_ws/install/examples_rclcpp_async_client/share/ament_index/resource_index/package_run_dependencies/examples_rclcpp_async_client
[1.051s] -- Up-to-date symlink: /home/monijesu/ros2_ws/install/examples_rclcpp_async_client/share/ament_index/resource_index/parent_prefix_path/examples_rclcpp_async_client
[1.051s] -- Up-to-date symlink: /home/monijesu/ros2_ws/install/examples_rclcpp_async_client/share/examples_rclcpp_async_client/environment/ament_prefix_path.sh
[1.051s] -- Up-to-date symlink: /home/monijesu/ros2_ws/install/examples_rclcpp_async_client/share/examples_rclcpp_async_client/environment/ament_prefix_path.dsv
[1.052s] -- Up-to-date symlink: /home/monijesu/ros2_ws/install/examples_rclcpp_async_client/share/examples_rclcpp_async_client/environment/path.sh
[1.057s] -- Up-to-date symlink: /home/monijesu/ros2_ws/install/examples_rclcpp_async_client/share/examples_rclcpp_async_client/environment/path.dsv
[1.057s] -- Up-to-date symlink: /home/monijesu/ros2_ws/install/examples_rclcpp_async_client/share/examples_rclcpp_async_client/local_setup.bash
[1.057s] -- Up-to-date symlink: /home/monijesu/ros2_ws/install/examples_rclcpp_async_client/share/examples_rclcpp_async_client/local_setup.sh
[1.058s] -- Up-to-date symlink: /home/monijesu/ros2_ws/install/examples_rclcpp_async_client/share/examples_rclcpp_async_client/local_setup.zsh
[1.058s] -- Up-to-date symlink: /home/monijesu/ros2_ws/install/examples_rclcpp_async_client/share/examples_rclcpp_async_client/local_setup.dsv
[1.058s] -- Symlinking: /home/monijesu/ros2_ws/install/examples_rclcpp_async_client/share/examples_rclcpp_async_client/package.dsv
[1.095s] -- Up-to-date symlink: /home/monijesu/ros2_ws/install/examples_rclcpp_async_client/share/ament_index/resource_index/packages/examples_rclcpp_async_client
[1.095s] -- Up-to-date symlink: /home/monijesu/ros2_ws/install/examples_rclcpp_async_client/share/examples_rclcpp_async_client/cmake/examples_rclcpp_async_clientConfig.cmake
[1.095s] -- Up-to-date symlink: /home/monijesu/ros2_ws/install/examples_rclcpp_async_client/share/examples_rclcpp_async_client/cmake/examples_rclcpp_async_clientConfig-version.cmake
[1.095s] -- Up-to-date symlink: /home/monijesu/ros2_ws/install/examples_rclcpp_async_client/share/examples_rclcpp_async_client/package.xml
[1.108s] Invoked command in '/home/monijesu/ros2_ws/build/examples_rclcpp_async_client' returned '0': CMAKE_PREFIX_PATH=${CMAKE_PREFIX_PATH}:/home/monijesu/ros2_ws/install/turtle_path_planner:/home/monijesu/ros2_ws/install/launch_testing_examples:/home/monijesu/ros2_ws/install/examples_rclpy_pointcloud_publisher:/home/monijesu/ros2_ws/install/examples_rclpy_minimal_subscriber:/home/monijesu/ros2_ws/install/examples_rclpy_minimal_service:/home/monijesu/ros2_ws/install/examples_rclpy_minimal_publisher:/home/monijesu/ros2_ws/install/examples_rclpy_minimal_client:/home/monijesu/ros2_ws/install/examples_rclpy_minimal_action_server:/home/monijesu/ros2_ws/install/examples_rclpy_guard_conditions:/home/monijesu/ros2_ws/install/examples_rclpy_executors:/home/monijesu/ros2_ws/install/examples_rclpy_minimal_action_client:/opt/ros/rolling DEBUGINFOD_URLS=https://debuginfod.ubuntu.com /usr/bin/cmake --install /home/monijesu/ros2_ws/build/examples_rclcpp_async_client
