[0.071s] Invoking command in '/home/monijesu/ros2_ws/build/examples_rclcpp_multithreaded_executor': CMAKE_PREFIX_PATH=${CMAKE_PREFIX_PATH}:/opt/ros/rolling DEBUGINFOD_URLS=https://debuginfod.ubuntu.com /usr/bin/cmake /home/monijesu/ros2_ws/src/examples/rclcpp/executors/multithreaded_executor -DCMAKE_INSTALL_PREFIX=/home/monijesu/ros2_ws/install/examples_rclcpp_multithreaded_executor
[0.942s] -- Found ament_cmake: 2.7.0 (/opt/ros/rolling/share/ament_cmake/cmake)
[0.942s] -- Override CMake install command with custom implementation using symlinks instead of copying resources
[0.942s] -- Found rclcpp: 28.3.3 (/opt/ros/rolling/share/rclcpp/cmake)
[0.942s] -- Found rosidl_generator_c: 4.8.1 (/opt/ros/rolling/share/rosidl_generator_c/cmake)
[0.943s] -- Found rosidl_generator_cpp: 4.8.1 (/opt/ros/rolling/share/rosidl_generator_cpp/cmake)
[0.943s] -- Using all available rosidl_typesupport_c: rosidl_typesupport_fastrtps_c;rosidl_typesupport_introspection_c
[0.943s] -- Using all available rosidl_typesupport_cpp: rosidl_typesupport_fastrtps_cpp;rosidl_typesupport_introspection_cpp
[0.943s] -- Found rmw_implementation_cmake: 7.4.3 (/opt/ros/rolling/share/rmw_implementation_cmake/cmake)
[0.943s] -- Found rmw_fastrtps_cpp: 9.0.1 (/opt/ros/rolling/share/rmw_fastrtps_cpp/cmake)
[0.943s] -- Using RMW implementation 'rmw_fastrtps_cpp' as default
[0.943s] -- Found std_msgs: 5.4.1 (/opt/ros/rolling/share/std_msgs/cmake)
[0.943s] -- Found ament_lint_auto: 0.18.1 (/opt/ros/rolling/share/ament_lint_auto/cmake)
[0.943s] -- Added test 'copyright' to check source files copyright and LICENSE
[0.943s] -- Added test 'cppcheck' to perform static code analysis on C / C++ code
[0.943s] -- Configured cppcheck include dirs: 
[0.944s] -- Configured cppcheck exclude dirs and/or files: 
[0.944s] -- Added test 'cpplint' to check C / C++ code against the Google style
[0.944s] -- Configured cpplint exclude dirs and/or files: 
[0.944s] -- Added test 'lint_cmake' to check CMake code style
[0.944s] -- Added test 'uncrustify' to check C / C++ code style
[0.944s] -- Configured uncrustify additional arguments: 
[0.944s] -- Added test 'xmllint' to check XML markup files
[0.944s] -- Configuring done (0.8s)
[0.944s] -- Generating done (0.0s)
[0.944s] -- Build files have been written to: /home/monijesu/ros2_ws/build/examples_rclcpp_multithreaded_executor
[0.961s] Invoked command in '/home/monijesu/ros2_ws/build/examples_rclcpp_multithreaded_executor' returned '0': CMAKE_PREFIX_PATH=${CMAKE_PREFIX_PATH}:/opt/ros/rolling DEBUGINFOD_URLS=https://debuginfod.ubuntu.com /usr/bin/cmake /home/monijesu/ros2_ws/src/examples/rclcpp/executors/multithreaded_executor -DCMAKE_INSTALL_PREFIX=/home/monijesu/ros2_ws/install/examples_rclcpp_multithreaded_executor
[0.964s] Invoking command in '/home/monijesu/ros2_ws/build/examples_rclcpp_multithreaded_executor': CMAKE_PREFIX_PATH=${CMAKE_PREFIX_PATH}:/opt/ros/rolling DEBUGINFOD_URLS=https://debuginfod.ubuntu.com /usr/bin/cmake --build /home/monijesu/ros2_ws/build/examples_rclcpp_multithreaded_executor -- -j16 -l16
[1.042s] [100%] Built target multithreaded_executor
[1.060s] Invoked command in '/home/monijesu/ros2_ws/build/examples_rclcpp_multithreaded_executor' returned '0': CMAKE_PREFIX_PATH=${CMAKE_PREFIX_PATH}:/opt/ros/rolling DEBUGINFOD_URLS=https://debuginfod.ubuntu.com /usr/bin/cmake --build /home/monijesu/ros2_ws/build/examples_rclcpp_multithreaded_executor -- -j16 -l16
[1.108s] Invoking command in '/home/monijesu/ros2_ws/build/examples_rclcpp_multithreaded_executor': CMAKE_PREFIX_PATH=${CMAKE_PREFIX_PATH}:/opt/ros/rolling DEBUGINFOD_URLS=https://debuginfod.ubuntu.com /usr/bin/cmake --install /home/monijesu/ros2_ws/build/examples_rclcpp_multithreaded_executor
[1.127s] -- Install configuration: ""
[1.127s] -- Execute custom install script
[1.128s] -- Symlinking: /home/monijesu/ros2_ws/install/examples_rclcpp_multithreaded_executor/lib/examples_rclcpp_multithreaded_executor/multithreaded_executor
[1.138s] -- Symlinking: /home/monijesu/ros2_ws/install/examples_rclcpp_multithreaded_executor/share/ament_index/resource_index/package_run_dependencies/examples_rclcpp_multithreaded_executor
[1.152s] -- Symlinking: /home/monijesu/ros2_ws/install/examples_rclcpp_multithreaded_executor/share/ament_index/resource_index/parent_prefix_path/examples_rclcpp_multithreaded_executor
[1.164s] -- Symlinking: /home/monijesu/ros2_ws/install/examples_rclcpp_multithreaded_executor/share/examples_rclcpp_multithreaded_executor/environment/ament_prefix_path.sh
[1.181s] -- Symlinking: /home/monijesu/ros2_ws/install/examples_rclcpp_multithreaded_executor/share/examples_rclcpp_multithreaded_executor/environment/ament_prefix_path.dsv
[1.196s] -- Symlinking: /home/monijesu/ros2_ws/install/examples_rclcpp_multithreaded_executor/share/examples_rclcpp_multithreaded_executor/environment/path.sh
[1.205s] -- Symlinking: /home/monijesu/ros2_ws/install/examples_rclcpp_multithreaded_executor/share/examples_rclcpp_multithreaded_executor/environment/path.dsv
[1.217s] -- Symlinking: /home/monijesu/ros2_ws/install/examples_rclcpp_multithreaded_executor/share/examples_rclcpp_multithreaded_executor/local_setup.bash
[1.225s] -- Symlinking: /home/monijesu/ros2_ws/install/examples_rclcpp_multithreaded_executor/share/examples_rclcpp_multithreaded_executor/local_setup.sh
[1.235s] -- Symlinking: /home/monijesu/ros2_ws/install/examples_rclcpp_multithreaded_executor/share/examples_rclcpp_multithreaded_executor/local_setup.zsh
[1.252s] -- Symlinking: /home/monijesu/ros2_ws/install/examples_rclcpp_multithreaded_executor/share/examples_rclcpp_multithreaded_executor/local_setup.dsv
[1.283s] -- Symlinking: /home/monijesu/ros2_ws/install/examples_rclcpp_multithreaded_executor/share/examples_rclcpp_multithreaded_executor/package.dsv
[1.291s] -- Symlinking: /home/monijesu/ros2_ws/install/examples_rclcpp_multithreaded_executor/share/ament_index/resource_index/packages/examples_rclcpp_multithreaded_executor
[1.302s] -- Symlinking: /home/monijesu/ros2_ws/install/examples_rclcpp_multithreaded_executor/share/examples_rclcpp_multithreaded_executor/cmake/examples_rclcpp_multithreaded_executorConfig.cmake
[1.313s] -- Symlinking: /home/monijesu/ros2_ws/install/examples_rclcpp_multithreaded_executor/share/examples_rclcpp_multithreaded_executor/cmake/examples_rclcpp_multithreaded_executorConfig-version.cmake
[1.324s] -- Symlinking: /home/monijesu/ros2_ws/install/examples_rclcpp_multithreaded_executor/share/examples_rclcpp_multithreaded_executor/package.xml
[1.339s] Invoked command in '/home/monijesu/ros2_ws/build/examples_rclcpp_multithreaded_executor' returned '0': CMAKE_PREFIX_PATH=${CMAKE_PREFIX_PATH}:/opt/ros/rolling DEBUGINFOD_URLS=https://debuginfod.ubuntu.com /usr/bin/cmake --install /home/monijesu/ros2_ws/build/examples_rclcpp_multithreaded_executor
