[2.075s] Invoking command in '/home/monijesu/ros2_ws/src/examples/rclpy/actions/minimal_action_client': DEBUGINFOD_URLS=https://debuginfod.ubuntu.com PYTHONPATH=/home/monijesu/ros2_ws/build/examples_rclpy_minimal_action_client/prefix_override:/usr/lib/python3/dist-packages/colcon_core/task/python/colcon_distutils_commands:/home/monijesu/ros2_ws/install/examples_rclpy_minimal_action_client/lib/python3.12/site-packages:${PYTHONPATH} /usr/bin/python3 -W ignore:setup.py install is deprecated setup.py egg_info --egg-base ../../../../../build/examples_rclpy_minimal_action_client build --build-base /home/monijesu/ros2_ws/build/examples_rclpy_minimal_action_client/build install --record /home/monijesu/ros2_ws/build/examples_rclpy_minimal_action_client/install.log --single-version-externally-managed install_data
[2.464s] running egg_info
[2.495s] writing ../../../../../build/examples_rclpy_minimal_action_client/examples_rclpy_minimal_action_client.egg-info/PKG-INFO
[2.495s] writing dependency_links to ../../../../../build/examples_rclpy_minimal_action_client/examples_rclpy_minimal_action_client.egg-info/dependency_links.txt
[2.495s] writing entry points to ../../../../../build/examples_rclpy_minimal_action_client/examples_rclpy_minimal_action_client.egg-info/entry_points.txt
[2.496s] writing requirements to ../../../../../build/examples_rclpy_minimal_action_client/examples_rclpy_minimal_action_client.egg-info/requires.txt
[2.496s] writing top-level names to ../../../../../build/examples_rclpy_minimal_action_client/examples_rclpy_minimal_action_client.egg-info/top_level.txt
[2.558s] reading manifest file '../../../../../build/examples_rclpy_minimal_action_client/examples_rclpy_minimal_action_client.egg-info/SOURCES.txt'
[2.560s] writing manifest file '../../../../../build/examples_rclpy_minimal_action_client/examples_rclpy_minimal_action_client.egg-info/SOURCES.txt'
[2.560s] running build
[2.560s] running build_py
[2.560s] running install
[2.572s] running install_lib
[2.604s] running install_data
[2.604s] running install_egg_info
[2.638s] removing '/home/monijesu/ros2_ws/install/examples_rclpy_minimal_action_client/lib/python3.12/site-packages/examples_rclpy_minimal_action_client-0.20.2-py3.12.egg-info' (and everything under it)
[2.638s] Copying ../../../../../build/examples_rclpy_minimal_action_client/examples_rclpy_minimal_action_client.egg-info to /home/monijesu/ros2_ws/install/examples_rclpy_minimal_action_client/lib/python3.12/site-packages/examples_rclpy_minimal_action_client-0.20.2-py3.12.egg-info
[2.639s] running install_scripts
[2.846s] Installing client script to /home/monijesu/ros2_ws/install/examples_rclpy_minimal_action_client/lib/examples_rclpy_minimal_action_client
[2.846s] Installing client_asyncio script to /home/monijesu/ros2_ws/install/examples_rclpy_minimal_action_client/lib/examples_rclpy_minimal_action_client
[2.846s] Installing client_cancel script to /home/monijesu/ros2_ws/install/examples_rclpy_minimal_action_client/lib/examples_rclpy_minimal_action_client
[2.846s] Installing client_not_composable script to /home/monijesu/ros2_ws/install/examples_rclpy_minimal_action_client/lib/examples_rclpy_minimal_action_client
[2.847s] writing list of installed files to '/home/monijesu/ros2_ws/build/examples_rclpy_minimal_action_client/install.log'
[2.887s] Invoked command in '/home/monijesu/ros2_ws/src/examples/rclpy/actions/minimal_action_client' returned '0': DEBUGINFOD_URLS=https://debuginfod.ubuntu.com PYTHONPATH=/home/monijesu/ros2_ws/build/examples_rclpy_minimal_action_client/prefix_override:/usr/lib/python3/dist-packages/colcon_core/task/python/colcon_distutils_commands:/home/monijesu/ros2_ws/install/examples_rclpy_minimal_action_client/lib/python3.12/site-packages:${PYTHONPATH} /usr/bin/python3 -W ignore:setup.py install is deprecated setup.py egg_info --egg-base ../../../../../build/examples_rclpy_minimal_action_client build --build-base /home/monijesu/ros2_ws/build/examples_rclpy_minimal_action_client/build install --record /home/monijesu/ros2_ws/build/examples_rclpy_minimal_action_client/install.log --single-version-externally-managed install_data
