[0.032s] Invoking command in '/home/monijesu/ros2_ws/build/examples_rclcpp_minimal_action_client': CMAKE_PREFIX_PATH=${CMAKE_PREFIX_PATH}:/opt/ros/rolling DEBUGINFOD_URLS=https://debuginfod.ubuntu.com /usr/bin/cmake /home/monijesu/ros2_ws/src/examples/rclcpp/actions/minimal_action_client -DCMAKE_INSTALL_PREFIX=/home/monijesu/ros2_ws/install/examples_rclcpp_minimal_action_client
[0.935s] -- Found ament_cmake: 2.7.0 (/opt/ros/rolling/share/ament_cmake/cmake)
[0.935s] -- Override CMake install command with custom implementation using symlinks instead of copying resources
[0.935s] -- Found example_interfaces: 0.13.0 (/opt/ros/rolling/share/example_interfaces/cmake)
[0.935s] -- Found rosidl_generator_c: 4.8.1 (/opt/ros/rolling/share/rosidl_generator_c/cmake)
[0.935s] -- Found rosidl_generator_cpp: 4.8.1 (/opt/ros/rolling/share/rosidl_generator_cpp/cmake)
[0.935s] -- Using all available rosidl_typesupport_c: rosidl_typesupport_fastrtps_c;rosidl_typesupport_introspection_c
[0.935s] -- Using all available rosidl_typesupport_cpp: rosidl_typesupport_fastrtps_cpp;rosidl_typesupport_introspection_cpp
[0.935s] -- Found rclcpp: 28.3.3 (/opt/ros/rolling/share/rclcpp/cmake)
[0.935s] -- Found rmw_implementation_cmake: 7.4.3 (/opt/ros/rolling/share/rmw_implementation_cmake/cmake)
[0.936s] -- Found rmw_fastrtps_cpp: 9.0.1 (/opt/ros/rolling/share/rmw_fastrtps_cpp/cmake)
[0.936s] -- Using RMW implementation 'rmw_fastrtps_cpp' as default
[0.936s] -- Found rclcpp_action: 28.3.3 (/opt/ros/rolling/share/rclcpp_action/cmake)
[0.936s] -- Found ament_lint_auto: 0.18.1 (/opt/ros/rolling/share/ament_lint_auto/cmake)
[0.975s] -- Added test 'copyright' to check source files copyright and LICENSE
[0.977s] -- Added test 'cppcheck' to perform static code analysis on C / C++ code
[0.977s] -- Configured cppcheck include dirs: 
[0.977s] -- Configured cppcheck exclude dirs and/or files: 
[0.977s] -- Added test 'cpplint' to check C / C++ code against the Google style
[0.977s] -- Configured cpplint exclude dirs and/or files: 
[0.982s] -- Added test 'lint_cmake' to check CMake code style
[0.982s] -- Added test 'uncrustify' to check C / C++ code style
[0.982s] -- Configured uncrustify additional arguments: 
[0.982s] -- Added test 'xmllint' to check XML markup files
[0.983s] -- Configuring done (0.9s)
[1.028s] -- Generating done (0.0s)
[1.031s] -- Build files have been written to: /home/monijesu/ros2_ws/build/examples_rclcpp_minimal_action_client
[1.049s] Invoked command in '/home/monijesu/ros2_ws/build/examples_rclcpp_minimal_action_client' returned '0': CMAKE_PREFIX_PATH=${CMAKE_PREFIX_PATH}:/opt/ros/rolling DEBUGINFOD_URLS=https://debuginfod.ubuntu.com /usr/bin/cmake /home/monijesu/ros2_ws/src/examples/rclcpp/actions/minimal_action_client -DCMAKE_INSTALL_PREFIX=/home/monijesu/ros2_ws/install/examples_rclcpp_minimal_action_client
[1.049s] Invoking command in '/home/monijesu/ros2_ws/build/examples_rclcpp_minimal_action_client': CMAKE_PREFIX_PATH=${CMAKE_PREFIX_PATH}:/opt/ros/rolling DEBUGINFOD_URLS=https://debuginfod.ubuntu.com /usr/bin/cmake --build /home/monijesu/ros2_ws/build/examples_rclcpp_minimal_action_client -- -j16 -l16
[1.133s] [ 25%] Built target action_client_member_functions
[1.134s] [ 50%] Built target action_client_not_composable_with_feedback
[1.138s] [ 75%] Built target action_client_not_composable
[1.140s] [100%] Built target action_client_not_composable_with_cancel
[1.156s] Invoked command in '/home/monijesu/ros2_ws/build/examples_rclcpp_minimal_action_client' returned '0': CMAKE_PREFIX_PATH=${CMAKE_PREFIX_PATH}:/opt/ros/rolling DEBUGINFOD_URLS=https://debuginfod.ubuntu.com /usr/bin/cmake --build /home/monijesu/ros2_ws/build/examples_rclcpp_minimal_action_client -- -j16 -l16
[1.207s] Invoking command in '/home/monijesu/ros2_ws/build/examples_rclcpp_minimal_action_client': CMAKE_PREFIX_PATH=${CMAKE_PREFIX_PATH}:/opt/ros/rolling DEBUGINFOD_URLS=https://debuginfod.ubuntu.com /usr/bin/cmake --install /home/monijesu/ros2_ws/build/examples_rclcpp_minimal_action_client
[1.217s] -- Install configuration: ""
[1.218s] -- Execute custom install script
[1.218s] -- Symlinking: /home/monijesu/ros2_ws/install/examples_rclcpp_minimal_action_client/lib/examples_rclcpp_minimal_action_client/action_client_member_functions
[1.230s] -- Symlinking: /home/monijesu/ros2_ws/install/examples_rclcpp_minimal_action_client/lib/examples_rclcpp_minimal_action_client/action_client_not_composable
[1.239s] -- Symlinking: /home/monijesu/ros2_ws/install/examples_rclcpp_minimal_action_client/lib/examples_rclcpp_minimal_action_client/action_client_not_composable_with_cancel
[1.249s] -- Symlinking: /home/monijesu/ros2_ws/install/examples_rclcpp_minimal_action_client/lib/examples_rclcpp_minimal_action_client/action_client_not_composable_with_feedback
[1.259s] -- Symlinking: /home/monijesu/ros2_ws/install/examples_rclcpp_minimal_action_client/share/ament_index/resource_index/package_run_dependencies/examples_rclcpp_minimal_action_client
[1.290s] -- Symlinking: /home/monijesu/ros2_ws/install/examples_rclcpp_minimal_action_client/share/ament_index/resource_index/parent_prefix_path/examples_rclcpp_minimal_action_client
[1.306s] -- Symlinking: /home/monijesu/ros2_ws/install/examples_rclcpp_minimal_action_client/share/examples_rclcpp_minimal_action_client/environment/ament_prefix_path.sh
[1.320s] -- Symlinking: /home/monijesu/ros2_ws/install/examples_rclcpp_minimal_action_client/share/examples_rclcpp_minimal_action_client/environment/ament_prefix_path.dsv
[1.336s] -- Symlinking: /home/monijesu/ros2_ws/install/examples_rclcpp_minimal_action_client/share/examples_rclcpp_minimal_action_client/environment/path.sh
[1.342s] -- Symlinking: /home/monijesu/ros2_ws/install/examples_rclcpp_minimal_action_client/share/examples_rclcpp_minimal_action_client/environment/path.dsv
[1.354s] -- Symlinking: /home/monijesu/ros2_ws/install/examples_rclcpp_minimal_action_client/share/examples_rclcpp_minimal_action_client/local_setup.bash
[1.363s] -- Symlinking: /home/monijesu/ros2_ws/install/examples_rclcpp_minimal_action_client/share/examples_rclcpp_minimal_action_client/local_setup.sh
[1.370s] -- Symlinking: /home/monijesu/ros2_ws/install/examples_rclcpp_minimal_action_client/share/examples_rclcpp_minimal_action_client/local_setup.zsh
[1.377s] -- Symlinking: /home/monijesu/ros2_ws/install/examples_rclcpp_minimal_action_client/share/examples_rclcpp_minimal_action_client/local_setup.dsv
[1.386s] -- Symlinking: /home/monijesu/ros2_ws/install/examples_rclcpp_minimal_action_client/share/examples_rclcpp_minimal_action_client/package.dsv
[1.394s] -- Symlinking: /home/monijesu/ros2_ws/install/examples_rclcpp_minimal_action_client/share/ament_index/resource_index/packages/examples_rclcpp_minimal_action_client
[1.404s] -- Symlinking: /home/monijesu/ros2_ws/install/examples_rclcpp_minimal_action_client/share/examples_rclcpp_minimal_action_client/cmake/examples_rclcpp_minimal_action_clientConfig.cmake
[1.414s] -- Symlinking: /home/monijesu/ros2_ws/install/examples_rclcpp_minimal_action_client/share/examples_rclcpp_minimal_action_client/cmake/examples_rclcpp_minimal_action_clientConfig-version.cmake
[1.423s] -- Symlinking: /home/monijesu/ros2_ws/install/examples_rclcpp_minimal_action_client/share/examples_rclcpp_minimal_action_client/package.xml
[1.488s] Invoked command in '/home/monijesu/ros2_ws/build/examples_rclcpp_minimal_action_client' returned '0': CMAKE_PREFIX_PATH=${CMAKE_PREFIX_PATH}:/opt/ros/rolling DEBUGINFOD_URLS=https://debuginfod.ubuntu.com /usr/bin/cmake --install /home/monijesu/ros2_ws/build/examples_rclcpp_minimal_action_client
