[3.444s] Invoking command in '/home/monijesu/ros2_ws/src/examples/rclpy/services/minimal_client': DEBUGINFOD_URLS=https://debuginfod.ubuntu.com PYTHONPATH=/home/monijesu/ros2_ws/build/examples_rclpy_minimal_client/prefix_override:/usr/lib/python3/dist-packages/colcon_core/task/python/colcon_distutils_commands:/home/monijesu/ros2_ws/install/examples_rclpy_minimal_client/lib/python3.12/site-packages:${PYTHONPATH} /usr/bin/python3 -W ignore:setup.py install is deprecated setup.py egg_info --egg-base ../../../../../build/examples_rclpy_minimal_client build --build-base /home/monijesu/ros2_ws/build/examples_rclpy_minimal_client/build install --record /home/monijesu/ros2_ws/build/examples_rclpy_minimal_client/install.log --single-version-externally-managed install_data
[3.864s] running egg_info
[3.894s] writing ../../../../../build/examples_rclpy_minimal_client/examples_rclpy_minimal_client.egg-info/PKG-INFO
[3.894s] writing dependency_links to ../../../../../build/examples_rclpy_minimal_client/examples_rclpy_minimal_client.egg-info/dependency_links.txt
[3.895s] writing entry points to ../../../../../build/examples_rclpy_minimal_client/examples_rclpy_minimal_client.egg-info/entry_points.txt
[3.895s] writing requirements to ../../../../../build/examples_rclpy_minimal_client/examples_rclpy_minimal_client.egg-info/requires.txt
[3.895s] writing top-level names to ../../../../../build/examples_rclpy_minimal_client/examples_rclpy_minimal_client.egg-info/top_level.txt
[3.950s] reading manifest file '../../../../../build/examples_rclpy_minimal_client/examples_rclpy_minimal_client.egg-info/SOURCES.txt'
[3.951s] writing manifest file '../../../../../build/examples_rclpy_minimal_client/examples_rclpy_minimal_client.egg-info/SOURCES.txt'
[3.951s] running build
[3.951s] running build_py
[3.951s] running install
[3.962s] running install_lib
[3.989s] running install_data
[3.989s] running install_egg_info
[4.018s] removing '/home/monijesu/ros2_ws/install/examples_rclpy_minimal_client/lib/python3.12/site-packages/examples_rclpy_minimal_client-0.20.2-py3.12.egg-info' (and everything under it)
[4.019s] Copying ../../../../../build/examples_rclpy_minimal_client/examples_rclpy_minimal_client.egg-info to /home/monijesu/ros2_ws/install/examples_rclpy_minimal_client/lib/python3.12/site-packages/examples_rclpy_minimal_client-0.20.2-py3.12.egg-info
[4.020s] running install_scripts
[4.197s] Installing client script to /home/monijesu/ros2_ws/install/examples_rclpy_minimal_client/lib/examples_rclpy_minimal_client
[4.197s] Installing client_async script to /home/monijesu/ros2_ws/install/examples_rclpy_minimal_client/lib/examples_rclpy_minimal_client
[4.197s] Installing client_async_callback script to /home/monijesu/ros2_ws/install/examples_rclpy_minimal_client/lib/examples_rclpy_minimal_client
[4.198s] Installing client_async_member_function script to /home/monijesu/ros2_ws/install/examples_rclpy_minimal_client/lib/examples_rclpy_minimal_client
[4.198s] writing list of installed files to '/home/monijesu/ros2_ws/build/examples_rclpy_minimal_client/install.log'
[4.232s] Invoked command in '/home/monijesu/ros2_ws/src/examples/rclpy/services/minimal_client' returned '0': DEBUGINFOD_URLS=https://debuginfod.ubuntu.com PYTHONPATH=/home/monijesu/ros2_ws/build/examples_rclpy_minimal_client/prefix_override:/usr/lib/python3/dist-packages/colcon_core/task/python/colcon_distutils_commands:/home/monijesu/ros2_ws/install/examples_rclpy_minimal_client/lib/python3.12/site-packages:${PYTHONPATH} /usr/bin/python3 -W ignore:setup.py install is deprecated setup.py egg_info --egg-base ../../../../../build/examples_rclpy_minimal_client build --build-base /home/monijesu/ros2_ws/build/examples_rclpy_minimal_client/build install --record /home/monijesu/ros2_ws/build/examples_rclpy_minimal_client/install.log --single-version-externally-managed install_data
