[1.474s] Invoking command in '/home/monijesu/ros2_ws/build/examples_rclpy_minimal_action_server': DEBUGINFOD_URLS=https://debuginfod.ubuntu.com PYTHONPATH=/home/monijesu/ros2_ws/build/examples_rclpy_minimal_action_server/prefix_override:/usr/lib/python3/dist-packages/colcon_core/task/python/colcon_distutils_commands:/home/monijesu/ros2_ws/install/examples_rclpy_minimal_action_server/lib/python3.12/site-packages:${PYTHONPATH} /usr/bin/python3 -W ignore:setup.py install is deprecated setup.py develop --editable --build-directory /home/monijesu/ros2_ws/build/examples_rclpy_minimal_action_server/build --no-deps symlink_data --force
[1.852s] running develop
[1.852s] /usr/lib/python3/dist-packages/setuptools/command/develop.py:40: EasyInstallDeprecationWarning: easy_install command is deprecated.
[1.852s] !!
[1.852s] 
[1.852s]         ********************************************************************************
[1.853s]         Please avoid running ``setup.py`` and ``easy_install``.
[1.853s]         Instead, use pypa/build, pypa/installer or other
[1.853s]         standards-based tools.
[1.853s] 
[1.853s]         See https://github.com/pypa/setuptools/issues/917 for details.
[1.853s]         ********************************************************************************
[1.853s] 
[1.853s] !!
[1.853s]   easy_install.initialize_options(self)
[2.028s] running egg_info
[2.044s] writing examples_rclpy_minimal_action_server.egg-info/PKG-INFO
[2.044s] writing dependency_links to examples_rclpy_minimal_action_server.egg-info/dependency_links.txt
[2.044s] writing entry points to examples_rclpy_minimal_action_server.egg-info/entry_points.txt
[2.044s] writing requirements to examples_rclpy_minimal_action_server.egg-info/requires.txt
[2.044s] writing top-level names to examples_rclpy_minimal_action_server.egg-info/top_level.txt
[2.076s] reading manifest file 'examples_rclpy_minimal_action_server.egg-info/SOURCES.txt'
[2.076s] writing manifest file 'examples_rclpy_minimal_action_server.egg-info/SOURCES.txt'
[2.092s] running build_ext
[2.092s] Creating /home/monijesu/ros2_ws/install/examples_rclpy_minimal_action_server/lib/python3.12/site-packages/examples-rclpy-minimal-action-server.egg-link (link to .)
[2.093s] Installing server script to /home/monijesu/ros2_ws/install/examples_rclpy_minimal_action_server/lib/examples_rclpy_minimal_action_server
[2.093s] Installing server_defer script to /home/monijesu/ros2_ws/install/examples_rclpy_minimal_action_server/lib/examples_rclpy_minimal_action_server
[2.093s] Installing server_not_composable script to /home/monijesu/ros2_ws/install/examples_rclpy_minimal_action_server/lib/examples_rclpy_minimal_action_server
[2.093s] Installing server_queue_goals script to /home/monijesu/ros2_ws/install/examples_rclpy_minimal_action_server/lib/examples_rclpy_minimal_action_server
[2.093s] Installing server_single_goal script to /home/monijesu/ros2_ws/install/examples_rclpy_minimal_action_server/lib/examples_rclpy_minimal_action_server
[2.093s] 
[2.093s] Installed /home/monijesu/ros2_ws/build/examples_rclpy_minimal_action_server
[2.093s] running symlink_data
[2.093s] symbolically linking /home/monijesu/ros2_ws/build/examples_rclpy_minimal_action_server/resource/examples_rclpy_minimal_action_server -> /home/monijesu/ros2_ws/install/examples_rclpy_minimal_action_server/share/ament_index/resource_index/packages
[2.093s] symbolically linking /home/monijesu/ros2_ws/build/examples_rclpy_minimal_action_server/package.xml -> /home/monijesu/ros2_ws/install/examples_rclpy_minimal_action_server/share/examples_rclpy_minimal_action_server
