-- Found ament_cmake: 2.7.0 (/opt/ros/rolling/share/ament_cmake/cmake)
-- Override CMake install command with custom implementation using symlinks instead of copying resources
-- Found ament_index_cpp: 1.9.0 (/opt/ros/rolling/share/ament_index_cpp/cmake)
-- Found geometry_msgs: 5.4.1 (/opt/ros/rolling/share/geometry_msgs/cmake)
-- Found rosidl_generator_c: 4.8.1 (/opt/ros/rolling/share/rosidl_generator_c/cmake)
-- Found rosidl_generator_cpp: 4.8.1 (/opt/ros/rolling/share/rosidl_generator_cpp/cmake)
-- Using all available rosidl_typesupport_c: rosidl_typesupport_fastrtps_c;rosidl_typesupport_introspection_c
-- Using all available rosidl_typesupport_cpp: rosidl_typesupport_fastrtps_cpp;rosidl_typesupport_introspection_cpp
-- Found rclcpp: 28.3.3 (/opt/ros/rolling/share/rclcpp/cmake)
-- Found rmw_implementation_cmake: 7.4.3 (/opt/ros/rolling/share/rmw_implementation_cmake/cmake)
-- Found rmw_fastrtps_cpp: 9.0.1 (/opt/ros/rolling/share/rmw_fastrtps_cpp/cmake)
-- Using RMW implementation 'rmw_fastrtps_cpp' as default
-- Found rclcpp_action: 28.3.3 (/opt/ros/rolling/share/rclcpp_action/cmake)
-- Found std_srvs: 5.4.1 (/opt/ros/rolling/share/std_srvs/cmake)
-- Found turtlesim_msgs: 1.9.2 (/home/monijesu/ros2_ws/install/turtlesim_msgs/share/turtlesim_msgs/cmake)
-- Found ament_lint_auto: 0.18.1 (/opt/ros/rolling/share/ament_lint_auto/cmake)
-- Added test 'copyright' to check source files copyright and LICENSE
-- Added test 'cppcheck' to perform static code analysis on C / C++ code
-- Configured cppcheck include dirs: /home/monijesu/ros2_ws/src/ros_tutorials/turtlesim/include
-- Configured cppcheck exclude dirs and/or files: 
-- Added test 'cpplint' to check C / C++ code against the Google style
-- Configured cpplint exclude dirs and/or files: 
-- Added test 'flake8' to check Python code syntax and style conventions
-- Configured 'flake8' exclude dirs and/or files: 
-- Added test 'lint_cmake' to check CMake code style
-- Added test 'pep257' to check Python code against some of the docstring style conventions in PEP 257
-- Added test 'uncrustify' to check C / C++ code style
-- Configured uncrustify additional arguments: 
-- Added test 'xmllint' to check XML markup files
-- Configuring done (0.5s)
-- Generating done (0.0s)
-- Build files have been written to: /home/monijesu/ros2_ws/build/turtlesim
[ 25%] [32mBuilding CXX object CMakeFiles/draw_square.dir/tutorials/draw_square.cpp.o[0m
[ 25%] [32mBuilding CXX object CMakeFiles/turtle_teleop_key.dir/tutorials/teleop_turtle_key.cpp.o[0m
[ 25%] [32mBuilding CXX object CMakeFiles/mimic.dir/tutorials/mimic.cpp.o[0m
[ 33%] [32mBuilding CXX object CMakeFiles/turtlesim_node.dir/src/turtlesim.cpp.o[0m
[ 41%] [32mBuilding CXX object CMakeFiles/turtlesim_node.dir/src/turtle.cpp.o[0m
[ 50%] [32mBuilding CXX object CMakeFiles/turtlesim_node.dir/src/turtle_frame.cpp.o[0m
[ 58%] [32mBuilding CXX object CMakeFiles/turtlesim_node.dir/include/turtlesim/moc_turtle_frame.cpp.o[0m
[ 66%] [32m[1mLinking CXX executable turtle_teleop_key[0m
[ 66%] Built target turtle_teleop_key
[ 75%] [32m[1mLinking CXX executable mimic[0m
[ 75%] Built target mimic
[ 83%] [32m[1mLinking CXX executable draw_square[0m
[ 83%] Built target draw_square
[ 91%] [32m[1mLinking CXX executable turtlesim_node[0m
[100%] Built target turtlesim_node
-- Install configuration: ""
-- Execute custom install script
-- Symlinking: /home/monijesu/ros2_ws/install/turtlesim/lib/turtlesim/turtlesim_node
-- Symlinking: /home/monijesu/ros2_ws/install/turtlesim/lib/turtlesim/turtle_teleop_key
-- Symlinking: /home/monijesu/ros2_ws/install/turtlesim/lib/turtlesim/draw_square
-- Symlinking: /home/monijesu/ros2_ws/install/turtlesim/lib/turtlesim/mimic
-- Symlinking: /home/monijesu/ros2_ws/install/turtlesim/share/turtlesim/launch/multisim.launch.py
-- Symlinking: /home/monijesu/ros2_ws/install/turtlesim/share/ament_index/resource_index/package_run_dependencies/turtlesim
-- Symlinking: /home/monijesu/ros2_ws/install/turtlesim/share/ament_index/resource_index/parent_prefix_path/turtlesim
-- Symlinking: /home/monijesu/ros2_ws/install/turtlesim/share/turtlesim/environment/ament_prefix_path.sh
-- Symlinking: /home/monijesu/ros2_ws/install/turtlesim/share/turtlesim/environment/ament_prefix_path.dsv
-- Symlinking: /home/monijesu/ros2_ws/install/turtlesim/share/turtlesim/environment/path.sh
-- Symlinking: /home/monijesu/ros2_ws/install/turtlesim/share/turtlesim/environment/path.dsv
-- Symlinking: /home/monijesu/ros2_ws/install/turtlesim/share/turtlesim/local_setup.bash
-- Symlinking: /home/monijesu/ros2_ws/install/turtlesim/share/turtlesim/local_setup.sh
-- Symlinking: /home/monijesu/ros2_ws/install/turtlesim/share/turtlesim/local_setup.zsh
-- Symlinking: /home/monijesu/ros2_ws/install/turtlesim/share/turtlesim/local_setup.dsv
-- Symlinking: /home/monijesu/ros2_ws/install/turtlesim/share/turtlesim/package.dsv
-- Symlinking: /home/monijesu/ros2_ws/install/turtlesim/share/ament_index/resource_index/packages/turtlesim
-- Symlinking: /home/monijesu/ros2_ws/install/turtlesim/share/turtlesim/cmake/turtlesimConfig.cmake
-- Symlinking: /home/monijesu/ros2_ws/install/turtlesim/share/turtlesim/cmake/turtlesimConfig-version.cmake
-- Symlinking: /home/monijesu/ros2_ws/install/turtlesim/share/turtlesim/package.xml
-- Installing: /home/monijesu/ros2_ws/install/turtlesim/share/turtlesim/images
-- Installing: /home/monijesu/ros2_ws/install/turtlesim/share/turtlesim/images/rolling.png
-- Installing: /home/monijesu/ros2_ws/install/turtlesim/share/turtlesim/images/foxy.png
-- Installing: /home/monijesu/ros2_ws/install/turtlesim/share/turtlesim/images/humble.png
-- Installing: /home/monijesu/ros2_ws/install/turtlesim/share/turtlesim/images/iron.png
-- Installing: /home/monijesu/ros2_ws/install/turtlesim/share/turtlesim/images/ardent.png
-- Installing: /home/monijesu/ros2_ws/install/turtlesim/share/turtlesim/images/galactic.png
-- Installing: /home/monijesu/ros2_ws/install/turtlesim/share/turtlesim/images/jazzy.png
-- Installing: /home/monijesu/ros2_ws/install/turtlesim/share/turtlesim/images/dashing.png
-- Installing: /home/monijesu/ros2_ws/install/turtlesim/share/turtlesim/images/eloquent.png
-- Installing: /home/monijesu/ros2_ws/install/turtlesim/share/turtlesim/images/bouncy.png
-- Installing: /home/monijesu/ros2_ws/install/turtlesim/share/turtlesim/images/crystal.png
