[0.041s] Invoking command in '/home/monijesu/ros2_ws/build/turtlesim_msgs': CMAKE_PREFIX_PATH=${CMAKE_PREFIX_PATH}:/home/monijesu/ros2_ws/install/examples_rclpy_minimal_action_client:/opt/ros/rolling DEBUGINFOD_URLS=https://debuginfod.ubuntu.com /usr/bin/cmake /home/monijesu/ros2_ws/src/ros_tutorials/turtlesim_msgs -DAMENT_CMAKE_SYMLINK_INSTALL=1 -DCMAKE_INSTALL_PREFIX=/home/monijesu/ros2_ws/install/turtlesim_msgs
[0.538s] -- The C compiler identification is GNU 13.2.0
[0.539s] -- The CXX compiler identification is GNU 13.2.0
[0.539s] -- Detecting C compiler ABI info
[0.539s] -- Detecting C compiler ABI info - done
[0.539s] -- Check for working C compiler: /usr/bin/cc - skipped
[0.539s] -- Detecting C compile features
[0.539s] -- Detecting C compile features - done
[0.539s] -- Detecting CXX compiler ABI info
[0.539s] -- Detecting CXX compiler ABI info - done
[0.539s] -- Check for working CXX compiler: /usr/bin/c++ - skipped
[0.539s] -- Detecting CXX compile features
[0.539s] -- Detecting CXX compile features - done
[0.539s] -- Found ament_cmake: 2.7.0 (/opt/ros/rolling/share/ament_cmake/cmake)
[0.539s] -- Found Python3: /usr/bin/python3 (found version "3.12.3") found components: Interpreter 
[0.558s] -- Override CMake install command with custom implementation using symlinks instead of copying resources
[0.597s] -- Found builtin_interfaces: 2.2.0 (/opt/ros/rolling/share/builtin_interfaces/cmake)
[0.624s] -- Found rosidl_generator_c: 4.8.1 (/opt/ros/rolling/share/rosidl_generator_c/cmake)
[0.635s] -- Found rosidl_generator_cpp: 4.8.1 (/opt/ros/rolling/share/rosidl_generator_cpp/cmake)
[0.648s] -- Using all available rosidl_typesupport_c: rosidl_typesupport_fastrtps_c;rosidl_typesupport_introspection_c
[0.664s] -- Using all available rosidl_typesupport_cpp: rosidl_typesupport_fastrtps_cpp;rosidl_typesupport_introspection_cpp
[0.675s] -- Found rosidl_default_generators: 1.7.1 (/opt/ros/rolling/share/rosidl_default_generators/cmake)
[0.687s] -- Found rosidl_adapter: 4.8.1 (/opt/ros/rolling/share/rosidl_adapter/cmake)
[1.197s] -- Found ament_cmake_cppcheck: 0.18.1 (/opt/ros/rolling/share/ament_cmake_cppcheck/cmake)
[1.199s] -- Found ament_cmake_cpplint: 0.18.1 (/opt/ros/rolling/share/ament_cmake_cpplint/cmake)
[1.201s] -- Found ament_cmake_uncrustify: 0.18.1 (/opt/ros/rolling/share/ament_cmake_uncrustify/cmake)
[1.204s] -- Found ament_cmake_ros: 0.13.0 (/opt/ros/rolling/share/ament_cmake_ros/cmake)
[1.668s] -- Using all available rosidl_typesupport_c: rosidl_typesupport_fastrtps_c;rosidl_typesupport_introspection_c
[1.853s] -- Using all available rosidl_typesupport_cpp: rosidl_typesupport_fastrtps_cpp;rosidl_typesupport_introspection_cpp
[1.856s] -- Found python_cmake_module: 0.12.0 (/opt/ros/rolling/share/python_cmake_module/cmake)
[1.949s] -- Found PythonExtra: /usr/bin/python3  
[2.524s] -- Found Python3: /usr/bin/python3 (found version "3.12.3") found components: Interpreter Development NumPy Development.Module Development.Embed 
[2.570s] -- Found ament_cmake_flake8: 0.18.1 (/opt/ros/rolling/share/ament_cmake_flake8/cmake)
[2.574s] -- Found ament_cmake_pep257: 0.18.1 (/opt/ros/rolling/share/ament_cmake_pep257/cmake)
[2.592s] -- Configuring done (2.5s)
[2.668s] -- Generating done (0.1s)
[2.672s] -- Build files have been written to: /home/monijesu/ros2_ws/build/turtlesim_msgs
[2.684s] Invoked command in '/home/monijesu/ros2_ws/build/turtlesim_msgs' returned '0': CMAKE_PREFIX_PATH=${CMAKE_PREFIX_PATH}:/home/monijesu/ros2_ws/install/examples_rclpy_minimal_action_client:/opt/ros/rolling DEBUGINFOD_URLS=https://debuginfod.ubuntu.com /usr/bin/cmake /home/monijesu/ros2_ws/src/ros_tutorials/turtlesim_msgs -DAMENT_CMAKE_SYMLINK_INSTALL=1 -DCMAKE_INSTALL_PREFIX=/home/monijesu/ros2_ws/install/turtlesim_msgs
[2.686s] Invoking command in '/home/monijesu/ros2_ws/build/turtlesim_msgs': CMAKE_PREFIX_PATH=${CMAKE_PREFIX_PATH}:/home/monijesu/ros2_ws/install/examples_rclpy_minimal_action_client:/opt/ros/rolling DEBUGINFOD_URLS=https://debuginfod.ubuntu.com /usr/bin/cmake --build /home/monijesu/ros2_ws/build/turtlesim_msgs -- -j16 -l16
[2.750s] [  1%] [34m[1mGenerating type hashes for ROS interfaces[0m
[2.760s] [  1%] Built target ament_cmake_python_symlink_turtlesim_msgs
[3.077s] running egg_info
[3.078s] creating turtlesim_msgs.egg-info
[3.108s] writing turtlesim_msgs.egg-info/PKG-INFO
[3.109s] writing dependency_links to turtlesim_msgs.egg-info/dependency_links.txt
[3.109s] writing top-level names to turtlesim_msgs.egg-info/top_level.txt
[3.109s] writing manifest file 'turtlesim_msgs.egg-info/SOURCES.txt'
[3.200s] reading manifest file 'turtlesim_msgs.egg-info/SOURCES.txt'
[3.200s] writing manifest file 'turtlesim_msgs.egg-info/SOURCES.txt'
[3.232s] [  1%] Built target ament_cmake_python_build_turtlesim_msgs_egg
[3.243s] [  1%] Built target turtlesim_msgs__rosidl_generator_type_description
[3.251s] [  2%] [34m[1mGenerating C code for ROS interfaces[0m
[3.258s] [  2%] [34m[1mGenerating C++ code for ROS interfaces[0m
[3.914s] [  2%] Built target turtlesim_msgs__cpp
[4.046s] [  6%] [32mBuilding C object CMakeFiles/turtlesim_msgs__rosidl_generator_c.dir/rosidl_generator_c/turtlesim_msgs/msg/detail/color__type_support.c.o[0m
[4.046s] [  6%] [32mBuilding C object CMakeFiles/turtlesim_msgs__rosidl_generator_c.dir/rosidl_generator_c/turtlesim_msgs/msg/detail/color__description.c.o[0m
[4.047s] [  6%] [32mBuilding C object CMakeFiles/turtlesim_msgs__rosidl_generator_c.dir/rosidl_generator_c/turtlesim_msgs/msg/detail/pose__type_support.c.o[0m
[4.047s] [  6%] [32mBuilding C object CMakeFiles/turtlesim_msgs__rosidl_generator_c.dir/rosidl_generator_c/turtlesim_msgs/msg/detail/color__functions.c.o[0m
[4.047s] [  7%] [32mBuilding C object CMakeFiles/turtlesim_msgs__rosidl_generator_c.dir/rosidl_generator_c/turtlesim_msgs/msg/detail/pose__description.c.o[0m
[4.047s] [  8%] [32mBuilding C object CMakeFiles/turtlesim_msgs__rosidl_generator_c.dir/rosidl_generator_c/turtlesim_msgs/msg/detail/pose__functions.c.o[0m
[4.047s] [  9%] [32mBuilding C object CMakeFiles/turtlesim_msgs__rosidl_generator_c.dir/rosidl_generator_c/turtlesim_msgs/action/detail/rotate_absolute__description.c.o[0m
[4.047s] [ 10%] [32mBuilding C object CMakeFiles/turtlesim_msgs__rosidl_generator_c.dir/rosidl_generator_c/turtlesim_msgs/action/detail/rotate_absolute__functions.c.o[0m
[4.047s] [ 11%] [32mBuilding C object CMakeFiles/turtlesim_msgs__rosidl_generator_c.dir/rosidl_generator_c/turtlesim_msgs/srv/detail/kill__description.c.o[0m
[4.047s] [ 12%] [32mBuilding C object CMakeFiles/turtlesim_msgs__rosidl_generator_c.dir/rosidl_generator_c/turtlesim_msgs/action/detail/rotate_absolute__type_support.c.o[0m
[4.047s] [ 13%] [32mBuilding C object CMakeFiles/turtlesim_msgs__rosidl_generator_c.dir/rosidl_generator_c/turtlesim_msgs/srv/detail/kill__functions.c.o[0m
[4.047s] [ 14%] [32mBuilding C object CMakeFiles/turtlesim_msgs__rosidl_generator_c.dir/rosidl_generator_c/turtlesim_msgs/srv/detail/kill__type_support.c.o[0m
[4.047s] [ 15%] [32mBuilding C object CMakeFiles/turtlesim_msgs__rosidl_generator_c.dir/rosidl_generator_c/turtlesim_msgs/srv/detail/set_pen__description.c.o[0m
[4.047s] [ 16%] [32mBuilding C object CMakeFiles/turtlesim_msgs__rosidl_generator_c.dir/rosidl_generator_c/turtlesim_msgs/srv/detail/set_pen__functions.c.o[0m
[4.048s] [ 17%] [32mBuilding C object CMakeFiles/turtlesim_msgs__rosidl_generator_c.dir/rosidl_generator_c/turtlesim_msgs/srv/detail/spawn__description.c.o[0m
[4.049s] [ 18%] [32mBuilding C object CMakeFiles/turtlesim_msgs__rosidl_generator_c.dir/rosidl_generator_c/turtlesim_msgs/srv/detail/set_pen__type_support.c.o[0m
[4.087s] [ 19%] [32mBuilding C object CMakeFiles/turtlesim_msgs__rosidl_generator_c.dir/rosidl_generator_c/turtlesim_msgs/srv/detail/spawn__functions.c.o[0m
[4.087s] [ 20%] [32mBuilding C object CMakeFiles/turtlesim_msgs__rosidl_generator_c.dir/rosidl_generator_c/turtlesim_msgs/srv/detail/spawn__type_support.c.o[0m
[4.100s] [ 22%] [32mBuilding C object CMakeFiles/turtlesim_msgs__rosidl_generator_c.dir/rosidl_generator_c/turtlesim_msgs/srv/detail/teleport_absolute__description.c.o[0m
[4.100s] [ 22%] [32mBuilding C object CMakeFiles/turtlesim_msgs__rosidl_generator_c.dir/rosidl_generator_c/turtlesim_msgs/srv/detail/teleport_absolute__functions.c.o[0m
[4.100s] [ 23%] [32mBuilding C object CMakeFiles/turtlesim_msgs__rosidl_generator_c.dir/rosidl_generator_c/turtlesim_msgs/srv/detail/teleport_absolute__type_support.c.o[0m
[4.101s] [ 24%] [32mBuilding C object CMakeFiles/turtlesim_msgs__rosidl_generator_c.dir/rosidl_generator_c/turtlesim_msgs/srv/detail/teleport_relative__description.c.o[0m
[4.105s] [ 25%] [32mBuilding C object CMakeFiles/turtlesim_msgs__rosidl_generator_c.dir/rosidl_generator_c/turtlesim_msgs/srv/detail/teleport_relative__functions.c.o[0m
[4.113s] [ 25%] [32mBuilding C object CMakeFiles/turtlesim_msgs__rosidl_generator_c.dir/rosidl_generator_c/turtlesim_msgs/srv/detail/teleport_relative__type_support.c.o[0m
[4.225s] [ 26%] [32m[1mLinking C shared library libturtlesim_msgs__rosidl_generator_c.so[0m
[4.259s] [ 26%] Built target turtlesim_msgs__rosidl_generator_c
[4.265s] [ 27%] [34m[1mGenerating C++ type support dispatch for ROS interfaces[0m
[4.265s] [ 28%] [34m[1mGenerating C++ type support for eProsima Fast-RTPS[0m
[4.265s] [ 29%] [34m[1mGenerating C type support for eProsima Fast-RTPS[0m
[4.265s] [ 29%] [34m[1mGenerating C introspection for ROS interfaces[0m
[4.265s] [ 30%] [34m[1mGenerating C type support dispatch for ROS interfaces[0m
[4.266s] [ 31%] [34m[1mGenerating C++ introspection for ROS interfaces[0m
[4.666s] [ 32%] [32mBuilding CXX object CMakeFiles/turtlesim_msgs__rosidl_typesupport_c.dir/rosidl_typesupport_c/turtlesim_msgs/msg/color__type_support.cpp.o[0m
[4.667s] [ 34%] [32mBuilding CXX object CMakeFiles/turtlesim_msgs__rosidl_typesupport_c.dir/rosidl_typesupport_c/turtlesim_msgs/srv/set_pen__type_support.cpp.o[0m
[4.667s] [ 34%] [32mBuilding CXX object CMakeFiles/turtlesim_msgs__rosidl_typesupport_c.dir/rosidl_typesupport_c/turtlesim_msgs/msg/pose__type_support.cpp.o[0m
[4.667s] [ 35%] [32mBuilding CXX object CMakeFiles/turtlesim_msgs__rosidl_typesupport_c.dir/rosidl_typesupport_c/turtlesim_msgs/action/rotate_absolute__type_support.cpp.o[0m
[4.667s] [ 36%] [32mBuilding CXX object CMakeFiles/turtlesim_msgs__rosidl_typesupport_c.dir/rosidl_typesupport_c/turtlesim_msgs/srv/kill__type_support.cpp.o[0m
[4.673s] [ 37%] [32mBuilding CXX object CMakeFiles/turtlesim_msgs__rosidl_typesupport_c.dir/rosidl_typesupport_c/turtlesim_msgs/srv/spawn__type_support.cpp.o[0m
[4.673s] [ 39%] [32mBuilding CXX object CMakeFiles/turtlesim_msgs__rosidl_typesupport_c.dir/rosidl_typesupport_c/turtlesim_msgs/srv/teleport_absolute__type_support.cpp.o[0m
[4.673s] [ 39%] [32mBuilding CXX object CMakeFiles/turtlesim_msgs__rosidl_typesupport_c.dir/rosidl_typesupport_c/turtlesim_msgs/srv/teleport_relative__type_support.cpp.o[0m
[4.685s] [ 40%] [32mBuilding CXX object CMakeFiles/turtlesim_msgs__rosidl_typesupport_cpp.dir/rosidl_typesupport_cpp/turtlesim_msgs/msg/color__type_support.cpp.o[0m
[4.685s] [ 42%] [32mBuilding CXX object CMakeFiles/turtlesim_msgs__rosidl_typesupport_cpp.dir/rosidl_typesupport_cpp/turtlesim_msgs/msg/pose__type_support.cpp.o[0m
[4.685s] [ 42%] [32mBuilding CXX object CMakeFiles/turtlesim_msgs__rosidl_typesupport_cpp.dir/rosidl_typesupport_cpp/turtlesim_msgs/action/rotate_absolute__type_support.cpp.o[0m
[4.685s] [ 42%] [32mBuilding CXX object CMakeFiles/turtlesim_msgs__rosidl_typesupport_cpp.dir/rosidl_typesupport_cpp/turtlesim_msgs/srv/kill__type_support.cpp.o[0m
[4.727s] [ 43%] [32mBuilding CXX object CMakeFiles/turtlesim_msgs__rosidl_typesupport_cpp.dir/rosidl_typesupport_cpp/turtlesim_msgs/srv/set_pen__type_support.cpp.o[0m
[4.729s] [ 44%] [32mBuilding CXX object CMakeFiles/turtlesim_msgs__rosidl_typesupport_cpp.dir/rosidl_typesupport_cpp/turtlesim_msgs/srv/spawn__type_support.cpp.o[0m
[4.732s] [ 45%] [32mBuilding CXX object CMakeFiles/turtlesim_msgs__rosidl_typesupport_cpp.dir/rosidl_typesupport_cpp/turtlesim_msgs/srv/teleport_absolute__type_support.cpp.o[0m
[4.733s] [ 46%] [32mBuilding CXX object CMakeFiles/turtlesim_msgs__rosidl_typesupport_cpp.dir/rosidl_typesupport_cpp/turtlesim_msgs/srv/teleport_relative__type_support.cpp.o[0m
[4.754s] [ 47%] [32m[1mLinking CXX shared library libturtlesim_msgs__rosidl_typesupport_c.so[0m
[4.792s] [ 47%] Built target turtlesim_msgs__rosidl_typesupport_c
[4.937s] [ 48%] [32mBuilding C object CMakeFiles/turtlesim_msgs__rosidl_typesupport_introspection_c.dir/rosidl_typesupport_introspection_c/turtlesim_msgs/msg/detail/color__type_support.c.o[0m
[4.937s] [ 50%] [32mBuilding C object CMakeFiles/turtlesim_msgs__rosidl_typesupport_introspection_c.dir/rosidl_typesupport_introspection_c/turtlesim_msgs/msg/detail/pose__type_support.c.o[0m
[4.937s] [ 50%] [32mBuilding C object CMakeFiles/turtlesim_msgs__rosidl_typesupport_introspection_c.dir/rosidl_typesupport_introspection_c/turtlesim_msgs/action/detail/rotate_absolute__type_support.c.o[0m
[4.937s] [ 51%] [32mBuilding C object CMakeFiles/turtlesim_msgs__rosidl_typesupport_introspection_c.dir/rosidl_typesupport_introspection_c/turtlesim_msgs/srv/detail/kill__type_support.c.o[0m
[4.937s] [ 52%] [32mBuilding C object CMakeFiles/turtlesim_msgs__rosidl_typesupport_introspection_c.dir/rosidl_typesupport_introspection_c/turtlesim_msgs/srv/detail/set_pen__type_support.c.o[0m
[4.948s] [ 53%] [32mBuilding CXX object CMakeFiles/turtlesim_msgs__rosidl_typesupport_introspection_cpp.dir/rosidl_typesupport_introspection_cpp/turtlesim_msgs/msg/detail/color__type_support.cpp.o[0m
[4.986s] [ 54%] [32mBuilding CXX object CMakeFiles/turtlesim_msgs__rosidl_typesupport_introspection_cpp.dir/rosidl_typesupport_introspection_cpp/turtlesim_msgs/msg/detail/pose__type_support.cpp.o[0m
[4.991s] [ 55%] [32mBuilding CXX object CMakeFiles/turtlesim_msgs__rosidl_typesupport_introspection_cpp.dir/rosidl_typesupport_introspection_cpp/turtlesim_msgs/action/detail/rotate_absolute__type_support.cpp.o[0m
[5.007s] [ 57%] [32mBuilding CXX object CMakeFiles/turtlesim_msgs__rosidl_typesupport_introspection_cpp.dir/rosidl_typesupport_introspection_cpp/turtlesim_msgs/srv/detail/kill__type_support.cpp.o[0m
[5.007s] [ 57%] [32mBuilding C object CMakeFiles/turtlesim_msgs__rosidl_typesupport_introspection_c.dir/rosidl_typesupport_introspection_c/turtlesim_msgs/srv/detail/spawn__type_support.c.o[0m
[5.037s] [ 58%] [32mBuilding CXX object CMakeFiles/turtlesim_msgs__rosidl_typesupport_introspection_cpp.dir/rosidl_typesupport_introspection_cpp/turtlesim_msgs/srv/detail/set_pen__type_support.cpp.o[0m
[5.084s] [ 59%] [32mBuilding C object CMakeFiles/turtlesim_msgs__rosidl_typesupport_introspection_c.dir/rosidl_typesupport_introspection_c/turtlesim_msgs/srv/detail/teleport_absolute__type_support.c.o[0m
[5.158s] [ 60%] [32mBuilding C object CMakeFiles/turtlesim_msgs__rosidl_typesupport_introspection_c.dir/rosidl_typesupport_introspection_c/turtlesim_msgs/srv/detail/teleport_relative__type_support.c.o[0m
[5.179s] [ 61%] [32mBuilding CXX object CMakeFiles/turtlesim_msgs__rosidl_typesupport_introspection_cpp.dir/rosidl_typesupport_introspection_cpp/turtlesim_msgs/srv/detail/spawn__type_support.cpp.o[0m
[5.194s] [ 62%] [32mBuilding CXX object CMakeFiles/turtlesim_msgs__rosidl_typesupport_introspection_cpp.dir/rosidl_typesupport_introspection_cpp/turtlesim_msgs/srv/detail/teleport_absolute__type_support.cpp.o[0m
[5.234s] [ 63%] [32m[1mLinking C shared library libturtlesim_msgs__rosidl_typesupport_introspection_c.so[0m
[5.258s] [ 64%] [32mBuilding CXX object CMakeFiles/turtlesim_msgs__rosidl_typesupport_introspection_cpp.dir/rosidl_typesupport_introspection_cpp/turtlesim_msgs/srv/detail/teleport_relative__type_support.cpp.o[0m
[5.274s] [ 64%] Built target turtlesim_msgs__rosidl_typesupport_introspection_c
[5.585s] [ 65%] [32mBuilding CXX object CMakeFiles/turtlesim_msgs__rosidl_typesupport_fastrtps_cpp.dir/rosidl_typesupport_fastrtps_cpp/turtlesim_msgs/msg/detail/dds_fastrtps/color__type_support.cpp.o[0m
[5.586s] [ 70%] [32mBuilding CXX object CMakeFiles/turtlesim_msgs__rosidl_typesupport_fastrtps_cpp.dir/rosidl_typesupport_fastrtps_cpp/turtlesim_msgs/srv/detail/dds_fastrtps/set_pen__type_support.cpp.o[0m
[5.586s] [ 70%] [32mBuilding CXX object CMakeFiles/turtlesim_msgs__rosidl_typesupport_fastrtps_cpp.dir/rosidl_typesupport_fastrtps_cpp/turtlesim_msgs/msg/detail/dds_fastrtps/pose__type_support.cpp.o[0m
[5.586s] [ 70%] [32mBuilding CXX object CMakeFiles/turtlesim_msgs__rosidl_typesupport_fastrtps_cpp.dir/rosidl_typesupport_fastrtps_cpp/turtlesim_msgs/action/detail/dds_fastrtps/rotate_absolute__type_support.cpp.o[0m
[5.586s] [ 70%] [32mBuilding CXX object CMakeFiles/turtlesim_msgs__rosidl_typesupport_fastrtps_cpp.dir/rosidl_typesupport_fastrtps_cpp/turtlesim_msgs/srv/detail/dds_fastrtps/kill__type_support.cpp.o[0m
[5.586s] [ 70%] [32mBuilding CXX object CMakeFiles/turtlesim_msgs__rosidl_typesupport_fastrtps_cpp.dir/rosidl_typesupport_fastrtps_cpp/turtlesim_msgs/srv/detail/dds_fastrtps/spawn__type_support.cpp.o[0m
[5.586s] [ 71%] [32mBuilding CXX object CMakeFiles/turtlesim_msgs__rosidl_typesupport_fastrtps_cpp.dir/rosidl_typesupport_fastrtps_cpp/turtlesim_msgs/srv/detail/dds_fastrtps/teleport_absolute__type_support.cpp.o[0m
[5.586s] [ 72%] [32mBuilding CXX object CMakeFiles/turtlesim_msgs__rosidl_typesupport_fastrtps_cpp.dir/rosidl_typesupport_fastrtps_cpp/turtlesim_msgs/srv/detail/dds_fastrtps/teleport_relative__type_support.cpp.o[0m
[5.721s] [ 73%] [32m[1mLinking CXX shared library libturtlesim_msgs__rosidl_typesupport_cpp.so[0m
[5.792s] [ 77%] [32mBuilding CXX object CMakeFiles/turtlesim_msgs__rosidl_typesupport_fastrtps_c.dir/rosidl_typesupport_fastrtps_c/turtlesim_msgs/msg/detail/pose__type_support_c.cpp.o[0m
[5.792s] [ 77%] [32mBuilding CXX object CMakeFiles/turtlesim_msgs__rosidl_typesupport_fastrtps_c.dir/rosidl_typesupport_fastrtps_c/turtlesim_msgs/msg/detail/color__type_support_c.cpp.o[0m
[5.793s] [ 77%] [32mBuilding CXX object CMakeFiles/turtlesim_msgs__rosidl_typesupport_fastrtps_c.dir/rosidl_typesupport_fastrtps_c/turtlesim_msgs/srv/detail/kill__type_support_c.cpp.o[0m
[5.793s] [ 77%] [32mBuilding CXX object CMakeFiles/turtlesim_msgs__rosidl_typesupport_fastrtps_c.dir/rosidl_typesupport_fastrtps_c/turtlesim_msgs/srv/detail/set_pen__type_support_c.cpp.o[0m
[5.794s] [ 78%] [32mBuilding CXX object CMakeFiles/turtlesim_msgs__rosidl_typesupport_fastrtps_c.dir/rosidl_typesupport_fastrtps_c/turtlesim_msgs/action/detail/rotate_absolute__type_support_c.cpp.o[0m
[5.825s] [ 78%] Built target turtlesim_msgs__rosidl_typesupport_cpp
[5.833s] [ 79%] [32mBuilding CXX object CMakeFiles/turtlesim_msgs__rosidl_typesupport_fastrtps_c.dir/rosidl_typesupport_fastrtps_c/turtlesim_msgs/srv/detail/spawn__type_support_c.cpp.o[0m
[5.838s] [ 80%] [32mBuilding CXX object CMakeFiles/turtlesim_msgs__rosidl_typesupport_fastrtps_c.dir/rosidl_typesupport_fastrtps_c/turtlesim_msgs/srv/detail/teleport_absolute__type_support_c.cpp.o[0m
[6.140s] [ 81%] [32m[1mLinking CXX shared library libturtlesim_msgs__rosidl_typesupport_introspection_cpp.so[0m
[6.253s] [ 81%] Built target turtlesim_msgs__rosidl_typesupport_introspection_cpp
[6.264s] [ 82%] [32mBuilding CXX object CMakeFiles/turtlesim_msgs__rosidl_typesupport_fastrtps_c.dir/rosidl_typesupport_fastrtps_c/turtlesim_msgs/srv/detail/teleport_relative__type_support_c.cpp.o[0m
[6.821s] [ 83%] [32m[1mLinking CXX shared library libturtlesim_msgs__rosidl_typesupport_fastrtps_c.so[0m
[6.872s] [ 84%] [32m[1mLinking CXX shared library libturtlesim_msgs__rosidl_typesupport_fastrtps_cpp.so[0m
[6.872s] [ 84%] Built target turtlesim_msgs__rosidl_typesupport_fastrtps_c
[6.924s] [ 84%] Built target turtlesim_msgs__rosidl_typesupport_fastrtps_cpp
[6.936s] [ 84%] Built target turtlesim_msgs
[6.957s] [ 85%] [34m[1mGenerating Python code for ROS interfaces[0m
[8.079s] [ 85%] Built target turtlesim_msgs__py
[8.093s] [ 86%] [32mBuilding C object CMakeFiles/turtlesim_msgs__rosidl_generator_py.dir/rosidl_generator_py/turtlesim_msgs/msg/_color_s.c.o[0m
[8.093s] [ 88%] [32mBuilding C object CMakeFiles/turtlesim_msgs__rosidl_generator_py.dir/rosidl_generator_py/turtlesim_msgs/msg/_pose_s.c.o[0m
[8.093s] [ 88%] [32mBuilding C object CMakeFiles/turtlesim_msgs__rosidl_generator_py.dir/rosidl_generator_py/turtlesim_msgs/action/_rotate_absolute_s.c.o[0m
[8.093s] [ 90%] [32mBuilding C object CMakeFiles/turtlesim_msgs__rosidl_generator_py.dir/rosidl_generator_py/turtlesim_msgs/srv/_kill_s.c.o[0m
[8.093s] [ 90%] [32mBuilding C object CMakeFiles/turtlesim_msgs__rosidl_generator_py.dir/rosidl_generator_py/turtlesim_msgs/srv/_set_pen_s.c.o[0m
[8.093s] [ 91%] [32mBuilding C object CMakeFiles/turtlesim_msgs__rosidl_generator_py.dir/rosidl_generator_py/turtlesim_msgs/srv/_spawn_s.c.o[0m
[8.093s] [ 92%] [32mBuilding C object CMakeFiles/turtlesim_msgs__rosidl_generator_py.dir/rosidl_generator_py/turtlesim_msgs/srv/_teleport_absolute_s.c.o[0m
[8.093s] [ 93%] [32mBuilding C object CMakeFiles/turtlesim_msgs__rosidl_generator_py.dir/rosidl_generator_py/turtlesim_msgs/srv/_teleport_relative_s.c.o[0m
[8.267s] [ 94%] [32m[1mLinking C shared library libturtlesim_msgs__rosidl_generator_py.so[0m
[8.301s] [ 94%] Built target turtlesim_msgs__rosidl_generator_py
[8.313s] [ 95%] [32mBuilding C object CMakeFiles/turtlesim_msgs_s__rosidl_typesupport_fastrtps_c.dir/rosidl_generator_py/turtlesim_msgs/_turtlesim_msgs_s.ep.rosidl_typesupport_fastrtps_c.c.o[0m
[8.313s] [ 97%] [32mBuilding C object CMakeFiles/turtlesim_msgs_s__rosidl_typesupport_introspection_c.dir/rosidl_generator_py/turtlesim_msgs/_turtlesim_msgs_s.ep.rosidl_typesupport_introspection_c.c.o[0m
[8.313s] [ 97%] [32mBuilding C object CMakeFiles/turtlesim_msgs_s__rosidl_typesupport_c.dir/rosidl_generator_py/turtlesim_msgs/_turtlesim_msgs_s.ep.rosidl_typesupport_c.c.o[0m
[8.454s] [ 99%] [32m[1mLinking C shared module rosidl_generator_py/turtlesim_msgs/turtlesim_msgs_s__rosidl_typesupport_c.so[0m
[8.454s] [ 99%] [32m[1mLinking C shared module rosidl_generator_py/turtlesim_msgs/turtlesim_msgs_s__rosidl_typesupport_introspection_c.so[0m
[8.455s] [100%] [32m[1mLinking C shared module rosidl_generator_py/turtlesim_msgs/turtlesim_msgs_s__rosidl_typesupport_fastrtps_c.so[0m
[8.472s] [100%] Built target turtlesim_msgs_s__rosidl_typesupport_c
[8.473s] [100%] Built target turtlesim_msgs_s__rosidl_typesupport_introspection_c
[8.473s] [100%] Built target turtlesim_msgs_s__rosidl_typesupport_fastrtps_c
[8.480s] Invoked command in '/home/monijesu/ros2_ws/build/turtlesim_msgs' returned '0': CMAKE_PREFIX_PATH=${CMAKE_PREFIX_PATH}:/home/monijesu/ros2_ws/install/examples_rclpy_minimal_action_client:/opt/ros/rolling DEBUGINFOD_URLS=https://debuginfod.ubuntu.com /usr/bin/cmake --build /home/monijesu/ros2_ws/build/turtlesim_msgs -- -j16 -l16
[8.592s] Invoking command in '/home/monijesu/ros2_ws/build/turtlesim_msgs': CMAKE_PREFIX_PATH=${CMAKE_PREFIX_PATH}:/home/monijesu/ros2_ws/install/examples_rclpy_minimal_action_client:/opt/ros/rolling DEBUGINFOD_URLS=https://debuginfod.ubuntu.com /usr/bin/cmake --install /home/monijesu/ros2_ws/build/turtlesim_msgs
[8.596s] -- Install configuration: ""
[8.597s] -- Execute custom install script
[8.597s] -- Symlinking: /home/monijesu/ros2_ws/install/turtlesim_msgs/share/ament_index/resource_index/rosidl_interfaces/turtlesim_msgs
[8.602s] -- Symlinking: /home/monijesu/ros2_ws/install/turtlesim_msgs/share/turtlesim_msgs/msg/Color.json
[8.607s] -- Symlinking: /home/monijesu/ros2_ws/install/turtlesim_msgs/share/turtlesim_msgs/msg/Pose.json
[8.611s] -- Symlinking: /home/monijesu/ros2_ws/install/turtlesim_msgs/share/turtlesim_msgs/action/RotateAbsolute.json
[8.615s] -- Symlinking: /home/monijesu/ros2_ws/install/turtlesim_msgs/share/turtlesim_msgs/srv/Kill.json
[8.620s] -- Symlinking: /home/monijesu/ros2_ws/install/turtlesim_msgs/share/turtlesim_msgs/srv/SetPen.json
[8.624s] -- Symlinking: /home/monijesu/ros2_ws/install/turtlesim_msgs/share/turtlesim_msgs/srv/Spawn.json
[8.629s] -- Symlinking: /home/monijesu/ros2_ws/install/turtlesim_msgs/share/turtlesim_msgs/srv/TeleportAbsolute.json
[8.633s] -- Symlinking: /home/monijesu/ros2_ws/install/turtlesim_msgs/share/turtlesim_msgs/srv/TeleportRelative.json
[8.638s] -- Symlinking: /home/monijesu/ros2_ws/install/turtlesim_msgs/include/turtlesim_msgs/turtlesim_msgs/action/detail/rotate_absolute__functions.h
[8.643s] -- Symlinking: /home/monijesu/ros2_ws/install/turtlesim_msgs/include/turtlesim_msgs/turtlesim_msgs/action/detail/rotate_absolute__struct.h
[8.647s] -- Symlinking: /home/monijesu/ros2_ws/install/turtlesim_msgs/include/turtlesim_msgs/turtlesim_msgs/action/detail/rotate_absolute__type_support.h
[8.651s] -- Symlinking: /home/monijesu/ros2_ws/install/turtlesim_msgs/include/turtlesim_msgs/turtlesim_msgs/action/rotate_absolute.h
[8.656s] -- Symlinking: /home/monijesu/ros2_ws/install/turtlesim_msgs/include/turtlesim_msgs/turtlesim_msgs/msg/color.h
[8.660s] -- Symlinking: /home/monijesu/ros2_ws/install/turtlesim_msgs/include/turtlesim_msgs/turtlesim_msgs/msg/detail/color__functions.h
[8.664s] -- Symlinking: /home/monijesu/ros2_ws/install/turtlesim_msgs/include/turtlesim_msgs/turtlesim_msgs/msg/detail/color__struct.h
[8.669s] -- Symlinking: /home/monijesu/ros2_ws/install/turtlesim_msgs/include/turtlesim_msgs/turtlesim_msgs/msg/detail/color__type_support.h
[8.674s] -- Symlinking: /home/monijesu/ros2_ws/install/turtlesim_msgs/include/turtlesim_msgs/turtlesim_msgs/msg/detail/pose__functions.h
[8.678s] -- Symlinking: /home/monijesu/ros2_ws/install/turtlesim_msgs/include/turtlesim_msgs/turtlesim_msgs/msg/detail/pose__struct.h
[8.683s] -- Symlinking: /home/monijesu/ros2_ws/install/turtlesim_msgs/include/turtlesim_msgs/turtlesim_msgs/msg/detail/pose__type_support.h
[8.687s] -- Symlinking: /home/monijesu/ros2_ws/install/turtlesim_msgs/include/turtlesim_msgs/turtlesim_msgs/msg/pose.h
[8.692s] -- Symlinking: /home/monijesu/ros2_ws/install/turtlesim_msgs/include/turtlesim_msgs/turtlesim_msgs/msg/rosidl_generator_c__visibility_control.h
[8.697s] -- Symlinking: /home/monijesu/ros2_ws/install/turtlesim_msgs/include/turtlesim_msgs/turtlesim_msgs/srv/detail/kill__functions.h
[8.702s] -- Symlinking: /home/monijesu/ros2_ws/install/turtlesim_msgs/include/turtlesim_msgs/turtlesim_msgs/srv/detail/kill__struct.h
[8.710s] -- Symlinking: /home/monijesu/ros2_ws/install/turtlesim_msgs/include/turtlesim_msgs/turtlesim_msgs/srv/detail/kill__type_support.h
[8.718s] -- Symlinking: /home/monijesu/ros2_ws/install/turtlesim_msgs/include/turtlesim_msgs/turtlesim_msgs/srv/detail/set_pen__functions.h
[8.730s] -- Symlinking: /home/monijesu/ros2_ws/install/turtlesim_msgs/include/turtlesim_msgs/turtlesim_msgs/srv/detail/set_pen__struct.h
[8.740s] -- Symlinking: /home/monijesu/ros2_ws/install/turtlesim_msgs/include/turtlesim_msgs/turtlesim_msgs/srv/detail/set_pen__type_support.h
[8.751s] -- Symlinking: /home/monijesu/ros2_ws/install/turtlesim_msgs/include/turtlesim_msgs/turtlesim_msgs/srv/detail/spawn__functions.h
[8.762s] -- Symlinking: /home/monijesu/ros2_ws/install/turtlesim_msgs/include/turtlesim_msgs/turtlesim_msgs/srv/detail/spawn__struct.h
[8.772s] -- Symlinking: /home/monijesu/ros2_ws/install/turtlesim_msgs/include/turtlesim_msgs/turtlesim_msgs/srv/detail/spawn__type_support.h
[8.784s] -- Symlinking: /home/monijesu/ros2_ws/install/turtlesim_msgs/include/turtlesim_msgs/turtlesim_msgs/srv/detail/teleport_absolute__functions.h
[8.797s] -- Symlinking: /home/monijesu/ros2_ws/install/turtlesim_msgs/include/turtlesim_msgs/turtlesim_msgs/srv/detail/teleport_absolute__struct.h
[8.807s] -- Symlinking: /home/monijesu/ros2_ws/install/turtlesim_msgs/include/turtlesim_msgs/turtlesim_msgs/srv/detail/teleport_absolute__type_support.h
[8.812s] -- Symlinking: /home/monijesu/ros2_ws/install/turtlesim_msgs/include/turtlesim_msgs/turtlesim_msgs/srv/detail/teleport_relative__functions.h
[8.816s] -- Symlinking: /home/monijesu/ros2_ws/install/turtlesim_msgs/include/turtlesim_msgs/turtlesim_msgs/srv/detail/teleport_relative__struct.h
[8.821s] -- Symlinking: /home/monijesu/ros2_ws/install/turtlesim_msgs/include/turtlesim_msgs/turtlesim_msgs/srv/detail/teleport_relative__type_support.h
[8.831s] -- Symlinking: /home/monijesu/ros2_ws/install/turtlesim_msgs/include/turtlesim_msgs/turtlesim_msgs/srv/kill.h
[8.842s] -- Symlinking: /home/monijesu/ros2_ws/install/turtlesim_msgs/include/turtlesim_msgs/turtlesim_msgs/srv/set_pen.h
[8.850s] -- Symlinking: /home/monijesu/ros2_ws/install/turtlesim_msgs/include/turtlesim_msgs/turtlesim_msgs/srv/spawn.h
[8.862s] -- Symlinking: /home/monijesu/ros2_ws/install/turtlesim_msgs/include/turtlesim_msgs/turtlesim_msgs/srv/teleport_absolute.h
[8.874s] -- Symlinking: /home/monijesu/ros2_ws/install/turtlesim_msgs/include/turtlesim_msgs/turtlesim_msgs/srv/teleport_relative.h
[8.887s] -- Symlinking: /home/monijesu/ros2_ws/install/turtlesim_msgs/share/turtlesim_msgs/environment/library_path.sh
[8.900s] -- Symlinking: /home/monijesu/ros2_ws/install/turtlesim_msgs/share/turtlesim_msgs/environment/library_path.dsv
[8.913s] -- Symlinking: /home/monijesu/ros2_ws/install/turtlesim_msgs/include/turtlesim_msgs/turtlesim_msgs/action/detail/rotate_absolute__rosidl_typesupport_fastrtps_c.h
[8.926s] -- Symlinking: /home/monijesu/ros2_ws/install/turtlesim_msgs/include/turtlesim_msgs/turtlesim_msgs/msg/detail/color__rosidl_typesupport_fastrtps_c.h
[8.934s] -- Symlinking: /home/monijesu/ros2_ws/install/turtlesim_msgs/include/turtlesim_msgs/turtlesim_msgs/msg/detail/pose__rosidl_typesupport_fastrtps_c.h
[8.944s] -- Symlinking: /home/monijesu/ros2_ws/install/turtlesim_msgs/include/turtlesim_msgs/turtlesim_msgs/msg/rosidl_typesupport_fastrtps_c__visibility_control.h
[8.956s] -- Symlinking: /home/monijesu/ros2_ws/install/turtlesim_msgs/include/turtlesim_msgs/turtlesim_msgs/srv/detail/kill__rosidl_typesupport_fastrtps_c.h
[8.968s] -- Symlinking: /home/monijesu/ros2_ws/install/turtlesim_msgs/include/turtlesim_msgs/turtlesim_msgs/srv/detail/set_pen__rosidl_typesupport_fastrtps_c.h
[8.978s] -- Symlinking: /home/monijesu/ros2_ws/install/turtlesim_msgs/include/turtlesim_msgs/turtlesim_msgs/srv/detail/spawn__rosidl_typesupport_fastrtps_c.h
[8.984s] -- Symlinking: /home/monijesu/ros2_ws/install/turtlesim_msgs/include/turtlesim_msgs/turtlesim_msgs/srv/detail/teleport_absolute__rosidl_typesupport_fastrtps_c.h
[8.994s] -- Symlinking: /home/monijesu/ros2_ws/install/turtlesim_msgs/include/turtlesim_msgs/turtlesim_msgs/srv/detail/teleport_relative__rosidl_typesupport_fastrtps_c.h
[9.003s] -- Symlinking: /home/monijesu/ros2_ws/install/turtlesim_msgs/include/turtlesim_msgs/turtlesim_msgs/action/detail/rotate_absolute__builder.hpp
[9.016s] -- Symlinking: /home/monijesu/ros2_ws/install/turtlesim_msgs/include/turtlesim_msgs/turtlesim_msgs/action/detail/rotate_absolute__struct.hpp
[9.028s] -- Symlinking: /home/monijesu/ros2_ws/install/turtlesim_msgs/include/turtlesim_msgs/turtlesim_msgs/action/detail/rotate_absolute__traits.hpp
[9.041s] -- Symlinking: /home/monijesu/ros2_ws/install/turtlesim_msgs/include/turtlesim_msgs/turtlesim_msgs/action/detail/rotate_absolute__type_support.hpp
[9.055s] -- Symlinking: /home/monijesu/ros2_ws/install/turtlesim_msgs/include/turtlesim_msgs/turtlesim_msgs/action/rotate_absolute.hpp
[9.063s] -- Symlinking: /home/monijesu/ros2_ws/install/turtlesim_msgs/include/turtlesim_msgs/turtlesim_msgs/msg/color.hpp
[9.074s] -- Symlinking: /home/monijesu/ros2_ws/install/turtlesim_msgs/include/turtlesim_msgs/turtlesim_msgs/msg/detail/color__builder.hpp
[9.085s] -- Symlinking: /home/monijesu/ros2_ws/install/turtlesim_msgs/include/turtlesim_msgs/turtlesim_msgs/msg/detail/color__struct.hpp
[9.096s] -- Symlinking: /home/monijesu/ros2_ws/install/turtlesim_msgs/include/turtlesim_msgs/turtlesim_msgs/msg/detail/color__traits.hpp
[9.109s] -- Symlinking: /home/monijesu/ros2_ws/install/turtlesim_msgs/include/turtlesim_msgs/turtlesim_msgs/msg/detail/color__type_support.hpp
[9.121s] -- Symlinking: /home/monijesu/ros2_ws/install/turtlesim_msgs/include/turtlesim_msgs/turtlesim_msgs/msg/detail/pose__builder.hpp
[9.134s] -- Symlinking: /home/monijesu/ros2_ws/install/turtlesim_msgs/include/turtlesim_msgs/turtlesim_msgs/msg/detail/pose__struct.hpp
[9.145s] -- Symlinking: /home/monijesu/ros2_ws/install/turtlesim_msgs/include/turtlesim_msgs/turtlesim_msgs/msg/detail/pose__traits.hpp
[9.155s] -- Symlinking: /home/monijesu/ros2_ws/install/turtlesim_msgs/include/turtlesim_msgs/turtlesim_msgs/msg/detail/pose__type_support.hpp
[9.162s] -- Symlinking: /home/monijesu/ros2_ws/install/turtlesim_msgs/include/turtlesim_msgs/turtlesim_msgs/msg/pose.hpp
[9.174s] -- Symlinking: /home/monijesu/ros2_ws/install/turtlesim_msgs/include/turtlesim_msgs/turtlesim_msgs/msg/rosidl_generator_cpp__visibility_control.hpp
[9.186s] -- Symlinking: /home/monijesu/ros2_ws/install/turtlesim_msgs/include/turtlesim_msgs/turtlesim_msgs/srv/detail/kill__builder.hpp
[9.198s] -- Symlinking: /home/monijesu/ros2_ws/install/turtlesim_msgs/include/turtlesim_msgs/turtlesim_msgs/srv/detail/kill__struct.hpp
[9.209s] -- Symlinking: /home/monijesu/ros2_ws/install/turtlesim_msgs/include/turtlesim_msgs/turtlesim_msgs/srv/detail/kill__traits.hpp
[9.221s] -- Symlinking: /home/monijesu/ros2_ws/install/turtlesim_msgs/include/turtlesim_msgs/turtlesim_msgs/srv/detail/kill__type_support.hpp
[9.233s] -- Symlinking: /home/monijesu/ros2_ws/install/turtlesim_msgs/include/turtlesim_msgs/turtlesim_msgs/srv/detail/set_pen__builder.hpp
[9.246s] -- Symlinking: /home/monijesu/ros2_ws/install/turtlesim_msgs/include/turtlesim_msgs/turtlesim_msgs/srv/detail/set_pen__struct.hpp
[9.258s] -- Symlinking: /home/monijesu/ros2_ws/install/turtlesim_msgs/include/turtlesim_msgs/turtlesim_msgs/srv/detail/set_pen__traits.hpp
[9.271s] -- Symlinking: /home/monijesu/ros2_ws/install/turtlesim_msgs/include/turtlesim_msgs/turtlesim_msgs/srv/detail/set_pen__type_support.hpp
[9.284s] -- Symlinking: /home/monijesu/ros2_ws/install/turtlesim_msgs/include/turtlesim_msgs/turtlesim_msgs/srv/detail/spawn__builder.hpp
[9.296s] -- Symlinking: /home/monijesu/ros2_ws/install/turtlesim_msgs/include/turtlesim_msgs/turtlesim_msgs/srv/detail/spawn__struct.hpp
[9.308s] -- Symlinking: /home/monijesu/ros2_ws/install/turtlesim_msgs/include/turtlesim_msgs/turtlesim_msgs/srv/detail/spawn__traits.hpp
[9.320s] -- Symlinking: /home/monijesu/ros2_ws/install/turtlesim_msgs/include/turtlesim_msgs/turtlesim_msgs/srv/detail/spawn__type_support.hpp
[9.333s] -- Symlinking: /home/monijesu/ros2_ws/install/turtlesim_msgs/include/turtlesim_msgs/turtlesim_msgs/srv/detail/teleport_absolute__builder.hpp
[9.345s] -- Symlinking: /home/monijesu/ros2_ws/install/turtlesim_msgs/include/turtlesim_msgs/turtlesim_msgs/srv/detail/teleport_absolute__struct.hpp
[9.358s] -- Symlinking: /home/monijesu/ros2_ws/install/turtlesim_msgs/include/turtlesim_msgs/turtlesim_msgs/srv/detail/teleport_absolute__traits.hpp
[9.371s] -- Symlinking: /home/monijesu/ros2_ws/install/turtlesim_msgs/include/turtlesim_msgs/turtlesim_msgs/srv/detail/teleport_absolute__type_support.hpp
[9.383s] -- Symlinking: /home/monijesu/ros2_ws/install/turtlesim_msgs/include/turtlesim_msgs/turtlesim_msgs/srv/detail/teleport_relative__builder.hpp
[9.395s] -- Symlinking: /home/monijesu/ros2_ws/install/turtlesim_msgs/include/turtlesim_msgs/turtlesim_msgs/srv/detail/teleport_relative__struct.hpp
[9.405s] -- Symlinking: /home/monijesu/ros2_ws/install/turtlesim_msgs/include/turtlesim_msgs/turtlesim_msgs/srv/detail/teleport_relative__traits.hpp
[9.411s] -- Symlinking: /home/monijesu/ros2_ws/install/turtlesim_msgs/include/turtlesim_msgs/turtlesim_msgs/srv/detail/teleport_relative__type_support.hpp
[9.418s] -- Symlinking: /home/monijesu/ros2_ws/install/turtlesim_msgs/include/turtlesim_msgs/turtlesim_msgs/srv/kill.hpp
[9.424s] -- Symlinking: /home/monijesu/ros2_ws/install/turtlesim_msgs/include/turtlesim_msgs/turtlesim_msgs/srv/set_pen.hpp
[9.434s] -- Symlinking: /home/monijesu/ros2_ws/install/turtlesim_msgs/include/turtlesim_msgs/turtlesim_msgs/srv/spawn.hpp
[9.447s] -- Symlinking: /home/monijesu/ros2_ws/install/turtlesim_msgs/include/turtlesim_msgs/turtlesim_msgs/srv/teleport_absolute.hpp
[9.459s] -- Symlinking: /home/monijesu/ros2_ws/install/turtlesim_msgs/include/turtlesim_msgs/turtlesim_msgs/srv/teleport_relative.hpp
[9.472s] -- Symlinking: /home/monijesu/ros2_ws/install/turtlesim_msgs/include/turtlesim_msgs/turtlesim_msgs/action/detail/rotate_absolute__rosidl_typesupport_fastrtps_cpp.hpp
[9.484s] -- Symlinking: /home/monijesu/ros2_ws/install/turtlesim_msgs/include/turtlesim_msgs/turtlesim_msgs/msg/detail/color__rosidl_typesupport_fastrtps_cpp.hpp
[9.490s] -- Symlinking: /home/monijesu/ros2_ws/install/turtlesim_msgs/include/turtlesim_msgs/turtlesim_msgs/msg/detail/pose__rosidl_typesupport_fastrtps_cpp.hpp
[9.495s] -- Symlinking: /home/monijesu/ros2_ws/install/turtlesim_msgs/include/turtlesim_msgs/turtlesim_msgs/msg/rosidl_typesupport_fastrtps_cpp__visibility_control.h
[9.503s] -- Symlinking: /home/monijesu/ros2_ws/install/turtlesim_msgs/include/turtlesim_msgs/turtlesim_msgs/srv/detail/kill__rosidl_typesupport_fastrtps_cpp.hpp
[9.511s] -- Symlinking: /home/monijesu/ros2_ws/install/turtlesim_msgs/include/turtlesim_msgs/turtlesim_msgs/srv/detail/set_pen__rosidl_typesupport_fastrtps_cpp.hpp
[9.517s] -- Symlinking: /home/monijesu/ros2_ws/install/turtlesim_msgs/include/turtlesim_msgs/turtlesim_msgs/srv/detail/spawn__rosidl_typesupport_fastrtps_cpp.hpp
[9.528s] -- Symlinking: /home/monijesu/ros2_ws/install/turtlesim_msgs/include/turtlesim_msgs/turtlesim_msgs/srv/detail/teleport_absolute__rosidl_typesupport_fastrtps_cpp.hpp
[9.537s] -- Symlinking: /home/monijesu/ros2_ws/install/turtlesim_msgs/include/turtlesim_msgs/turtlesim_msgs/srv/detail/teleport_relative__rosidl_typesupport_fastrtps_cpp.hpp
[9.550s] -- Symlinking: /home/monijesu/ros2_ws/install/turtlesim_msgs/include/turtlesim_msgs/turtlesim_msgs/action/detail/rotate_absolute__rosidl_typesupport_introspection_c.h
[9.564s] -- Symlinking: /home/monijesu/ros2_ws/install/turtlesim_msgs/include/turtlesim_msgs/turtlesim_msgs/msg/detail/color__rosidl_typesupport_introspection_c.h
[9.577s] -- Symlinking: /home/monijesu/ros2_ws/install/turtlesim_msgs/include/turtlesim_msgs/turtlesim_msgs/msg/detail/pose__rosidl_typesupport_introspection_c.h
[9.589s] -- Symlinking: /home/monijesu/ros2_ws/install/turtlesim_msgs/include/turtlesim_msgs/turtlesim_msgs/msg/rosidl_typesupport_introspection_c__visibility_control.h
[9.602s] -- Symlinking: /home/monijesu/ros2_ws/install/turtlesim_msgs/include/turtlesim_msgs/turtlesim_msgs/srv/detail/kill__rosidl_typesupport_introspection_c.h
[9.614s] -- Symlinking: /home/monijesu/ros2_ws/install/turtlesim_msgs/include/turtlesim_msgs/turtlesim_msgs/srv/detail/set_pen__rosidl_typesupport_introspection_c.h
[9.626s] -- Symlinking: /home/monijesu/ros2_ws/install/turtlesim_msgs/include/turtlesim_msgs/turtlesim_msgs/srv/detail/spawn__rosidl_typesupport_introspection_c.h
[9.639s] -- Symlinking: /home/monijesu/ros2_ws/install/turtlesim_msgs/include/turtlesim_msgs/turtlesim_msgs/srv/detail/teleport_absolute__rosidl_typesupport_introspection_c.h
[9.651s] -- Symlinking: /home/monijesu/ros2_ws/install/turtlesim_msgs/include/turtlesim_msgs/turtlesim_msgs/srv/detail/teleport_relative__rosidl_typesupport_introspection_c.h
[9.665s] -- Symlinking: /home/monijesu/ros2_ws/install/turtlesim_msgs/include/turtlesim_msgs/turtlesim_msgs/action/detail/rotate_absolute__rosidl_typesupport_introspection_cpp.hpp
[9.677s] -- Symlinking: /home/monijesu/ros2_ws/install/turtlesim_msgs/include/turtlesim_msgs/turtlesim_msgs/msg/detail/color__rosidl_typesupport_introspection_cpp.hpp
[9.689s] -- Symlinking: /home/monijesu/ros2_ws/install/turtlesim_msgs/include/turtlesim_msgs/turtlesim_msgs/msg/detail/pose__rosidl_typesupport_introspection_cpp.hpp
[9.702s] -- Symlinking: /home/monijesu/ros2_ws/install/turtlesim_msgs/include/turtlesim_msgs/turtlesim_msgs/srv/detail/kill__rosidl_typesupport_introspection_cpp.hpp
[9.715s] -- Symlinking: /home/monijesu/ros2_ws/install/turtlesim_msgs/include/turtlesim_msgs/turtlesim_msgs/srv/detail/set_pen__rosidl_typesupport_introspection_cpp.hpp
[9.722s] -- Symlinking: /home/monijesu/ros2_ws/install/turtlesim_msgs/include/turtlesim_msgs/turtlesim_msgs/srv/detail/spawn__rosidl_typesupport_introspection_cpp.hpp
[9.732s] -- Symlinking: /home/monijesu/ros2_ws/install/turtlesim_msgs/include/turtlesim_msgs/turtlesim_msgs/srv/detail/teleport_absolute__rosidl_typesupport_introspection_cpp.hpp
[9.745s] -- Symlinking: /home/monijesu/ros2_ws/install/turtlesim_msgs/include/turtlesim_msgs/turtlesim_msgs/srv/detail/teleport_relative__rosidl_typesupport_introspection_cpp.hpp
[9.757s] -- Symlinking: /home/monijesu/ros2_ws/install/turtlesim_msgs/share/turtlesim_msgs/environment/pythonpath.sh
[9.771s] -- Symlinking: /home/monijesu/ros2_ws/install/turtlesim_msgs/share/turtlesim_msgs/environment/pythonpath.dsv
[9.784s] -- Symlinking: /home/monijesu/ros2_ws/install/turtlesim_msgs/lib/python3.12/site-packages/turtlesim_msgs-1.9.2-py3.12.egg-info/PKG-INFO
[9.797s] -- Symlinking: /home/monijesu/ros2_ws/install/turtlesim_msgs/lib/python3.12/site-packages/turtlesim_msgs-1.9.2-py3.12.egg-info/SOURCES.txt
[9.809s] -- Symlinking: /home/monijesu/ros2_ws/install/turtlesim_msgs/lib/python3.12/site-packages/turtlesim_msgs-1.9.2-py3.12.egg-info/dependency_links.txt
[9.821s] -- Symlinking: /home/monijesu/ros2_ws/install/turtlesim_msgs/lib/python3.12/site-packages/turtlesim_msgs-1.9.2-py3.12.egg-info/top_level.txt
[9.835s] -- Symlinking: /home/monijesu/ros2_ws/install/turtlesim_msgs/lib/python3.12/site-packages/turtlesim_msgs/__init__.py
[9.846s] -- Symlinking: /home/monijesu/ros2_ws/install/turtlesim_msgs/lib/python3.12/site-packages/turtlesim_msgs/_turtlesim_msgs_s.ep.rosidl_typesupport_c.c
[9.853s] -- Symlinking: /home/monijesu/ros2_ws/install/turtlesim_msgs/lib/python3.12/site-packages/turtlesim_msgs/_turtlesim_msgs_s.ep.rosidl_typesupport_fastrtps_c.c
[9.863s] -- Symlinking: /home/monijesu/ros2_ws/install/turtlesim_msgs/lib/python3.12/site-packages/turtlesim_msgs/_turtlesim_msgs_s.ep.rosidl_typesupport_introspection_c.c
[9.871s] -- Symlinking: /home/monijesu/ros2_ws/install/turtlesim_msgs/lib/python3.12/site-packages/turtlesim_msgs/action/__init__.py
[9.881s] -- Symlinking: /home/monijesu/ros2_ws/install/turtlesim_msgs/lib/python3.12/site-packages/turtlesim_msgs/action/_rotate_absolute.py
[9.893s] -- Symlinking: /home/monijesu/ros2_ws/install/turtlesim_msgs/lib/python3.12/site-packages/turtlesim_msgs/action/_rotate_absolute_s.c
[9.906s] -- Symlinking: /home/monijesu/ros2_ws/install/turtlesim_msgs/lib/python3.12/site-packages/turtlesim_msgs/msg/__init__.py
[9.919s] -- Symlinking: /home/monijesu/ros2_ws/install/turtlesim_msgs/lib/python3.12/site-packages/turtlesim_msgs/msg/_color.py
[9.931s] -- Symlinking: /home/monijesu/ros2_ws/install/turtlesim_msgs/lib/python3.12/site-packages/turtlesim_msgs/msg/_color_s.c
[9.942s] -- Symlinking: /home/monijesu/ros2_ws/install/turtlesim_msgs/lib/python3.12/site-packages/turtlesim_msgs/msg/_pose.py
[9.955s] -- Symlinking: /home/monijesu/ros2_ws/install/turtlesim_msgs/lib/python3.12/site-packages/turtlesim_msgs/msg/_pose_s.c
[9.967s] -- Symlinking: /home/monijesu/ros2_ws/install/turtlesim_msgs/lib/python3.12/site-packages/turtlesim_msgs/srv/__init__.py
[9.980s] -- Symlinking: /home/monijesu/ros2_ws/install/turtlesim_msgs/lib/python3.12/site-packages/turtlesim_msgs/srv/_kill.py
[9.992s] -- Symlinking: /home/monijesu/ros2_ws/install/turtlesim_msgs/lib/python3.12/site-packages/turtlesim_msgs/srv/_kill_s.c
[10.005s] -- Symlinking: /home/monijesu/ros2_ws/install/turtlesim_msgs/lib/python3.12/site-packages/turtlesim_msgs/srv/_set_pen.py
[10.018s] -- Symlinking: /home/monijesu/ros2_ws/install/turtlesim_msgs/lib/python3.12/site-packages/turtlesim_msgs/srv/_set_pen_s.c
[10.029s] -- Symlinking: /home/monijesu/ros2_ws/install/turtlesim_msgs/lib/python3.12/site-packages/turtlesim_msgs/srv/_spawn.py
[10.041s] -- Symlinking: /home/monijesu/ros2_ws/install/turtlesim_msgs/lib/python3.12/site-packages/turtlesim_msgs/srv/_spawn_s.c
[10.053s] -- Symlinking: /home/monijesu/ros2_ws/install/turtlesim_msgs/lib/python3.12/site-packages/turtlesim_msgs/srv/_teleport_absolute.py
[10.066s] -- Symlinking: /home/monijesu/ros2_ws/install/turtlesim_msgs/lib/python3.12/site-packages/turtlesim_msgs/srv/_teleport_absolute_s.c
[10.070s] -- Symlinking: /home/monijesu/ros2_ws/install/turtlesim_msgs/lib/python3.12/site-packages/turtlesim_msgs/srv/_teleport_relative.py
[10.074s] -- Symlinking: /home/monijesu/ros2_ws/install/turtlesim_msgs/lib/python3.12/site-packages/turtlesim_msgs/srv/_teleport_relative_s.c
[10.078s] -- Symlinking: /home/monijesu/ros2_ws/install/turtlesim_msgs/lib/python3.12/site-packages/turtlesim_msgs/turtlesim_msgs_s__rosidl_typesupport_c.so
[10.083s] -- Symlinking: /home/monijesu/ros2_ws/install/turtlesim_msgs/lib/python3.12/site-packages/turtlesim_msgs/turtlesim_msgs_s__rosidl_typesupport_fastrtps_c.so
[10.087s] -- Symlinking: /home/monijesu/ros2_ws/install/turtlesim_msgs/lib/python3.12/site-packages/turtlesim_msgs/turtlesim_msgs_s__rosidl_typesupport_introspection_c.so
[10.091s] -- Up-to-date symlink: /home/monijesu/ros2_ws/install/turtlesim_msgs/lib/python3.12/site-packages/turtlesim_msgs/turtlesim_msgs_s__rosidl_typesupport_fastrtps_c.so
[10.091s] -- Up-to-date symlink: /home/monijesu/ros2_ws/install/turtlesim_msgs/lib/python3.12/site-packages/turtlesim_msgs/turtlesim_msgs_s__rosidl_typesupport_introspection_c.so
[10.091s] -- Up-to-date symlink: /home/monijesu/ros2_ws/install/turtlesim_msgs/lib/python3.12/site-packages/turtlesim_msgs/turtlesim_msgs_s__rosidl_typesupport_c.so
[10.091s] -- Symlinking: /home/monijesu/ros2_ws/install/turtlesim_msgs/share/turtlesim_msgs/msg/Color.idl
[10.096s] -- Symlinking: /home/monijesu/ros2_ws/install/turtlesim_msgs/share/turtlesim_msgs/msg/Pose.idl
[10.101s] -- Symlinking: /home/monijesu/ros2_ws/install/turtlesim_msgs/share/turtlesim_msgs/action/RotateAbsolute.idl
[10.110s] -- Symlinking: /home/monijesu/ros2_ws/install/turtlesim_msgs/share/turtlesim_msgs/srv/Kill.idl
[10.120s] -- Symlinking: /home/monijesu/ros2_ws/install/turtlesim_msgs/share/turtlesim_msgs/srv/SetPen.idl
[10.131s] -- Symlinking: /home/monijesu/ros2_ws/install/turtlesim_msgs/share/turtlesim_msgs/srv/Spawn.idl
[10.144s] -- Symlinking: /home/monijesu/ros2_ws/install/turtlesim_msgs/share/turtlesim_msgs/srv/TeleportAbsolute.idl
[10.156s] -- Symlinking: /home/monijesu/ros2_ws/install/turtlesim_msgs/share/turtlesim_msgs/srv/TeleportRelative.idl
[10.169s] -- Symlinking: /home/monijesu/ros2_ws/install/turtlesim_msgs/share/turtlesim_msgs/msg/Color.msg
[10.181s] -- Symlinking: /home/monijesu/ros2_ws/install/turtlesim_msgs/share/turtlesim_msgs/msg/Pose.msg
[10.193s] -- Symlinking: /home/monijesu/ros2_ws/install/turtlesim_msgs/share/turtlesim_msgs/action/RotateAbsolute.action
[10.204s] -- Symlinking: /home/monijesu/ros2_ws/install/turtlesim_msgs/share/turtlesim_msgs/srv/Kill.srv
[10.215s] -- Symlinking: /home/monijesu/ros2_ws/install/turtlesim_msgs/share/turtlesim_msgs/srv/SetPen.srv
[10.223s] -- Symlinking: /home/monijesu/ros2_ws/install/turtlesim_msgs/share/turtlesim_msgs/srv/Spawn.srv
[10.230s] -- Symlinking: /home/monijesu/ros2_ws/install/turtlesim_msgs/share/turtlesim_msgs/srv/TeleportAbsolute.srv
[10.242s] -- Symlinking: /home/monijesu/ros2_ws/install/turtlesim_msgs/share/turtlesim_msgs/srv/TeleportRelative.srv
[10.255s] -- Symlinking: /home/monijesu/ros2_ws/install/turtlesim_msgs/share/ament_index/resource_index/package_run_dependencies/turtlesim_msgs
[10.267s] -- Symlinking: /home/monijesu/ros2_ws/install/turtlesim_msgs/share/ament_index/resource_index/parent_prefix_path/turtlesim_msgs
[10.281s] -- Symlinking: /home/monijesu/ros2_ws/install/turtlesim_msgs/share/turtlesim_msgs/environment/ament_prefix_path.sh
[10.293s] -- Symlinking: /home/monijesu/ros2_ws/install/turtlesim_msgs/share/turtlesim_msgs/environment/ament_prefix_path.dsv
[10.306s] -- Symlinking: /home/monijesu/ros2_ws/install/turtlesim_msgs/share/turtlesim_msgs/environment/path.sh
[10.316s] -- Symlinking: /home/monijesu/ros2_ws/install/turtlesim_msgs/share/turtlesim_msgs/environment/path.dsv
[10.323s] -- Symlinking: /home/monijesu/ros2_ws/install/turtlesim_msgs/share/turtlesim_msgs/local_setup.bash
[10.335s] -- Symlinking: /home/monijesu/ros2_ws/install/turtlesim_msgs/share/turtlesim_msgs/local_setup.sh
[10.348s] -- Symlinking: /home/monijesu/ros2_ws/install/turtlesim_msgs/share/turtlesim_msgs/local_setup.zsh
[10.361s] -- Symlinking: /home/monijesu/ros2_ws/install/turtlesim_msgs/share/turtlesim_msgs/local_setup.dsv
[10.373s] -- Symlinking: /home/monijesu/ros2_ws/install/turtlesim_msgs/share/turtlesim_msgs/package.dsv
[10.382s] -- Symlinking: /home/monijesu/ros2_ws/install/turtlesim_msgs/share/ament_index/resource_index/packages/turtlesim_msgs
[10.389s] -- Symlinking: /home/monijesu/ros2_ws/install/turtlesim_msgs/share/turtlesim_msgs/cmake/rosidl_cmake-extras.cmake
[10.402s] -- Symlinking: /home/monijesu/ros2_ws/install/turtlesim_msgs/share/turtlesim_msgs/cmake/ament_cmake_export_dependencies-extras.cmake
[10.414s] -- Symlinking: /home/monijesu/ros2_ws/install/turtlesim_msgs/share/turtlesim_msgs/cmake/ament_cmake_export_include_directories-extras.cmake
[10.426s] -- Symlinking: /home/monijesu/ros2_ws/install/turtlesim_msgs/share/turtlesim_msgs/cmake/ament_cmake_export_libraries-extras.cmake
[10.438s] -- Symlinking: /home/monijesu/ros2_ws/install/turtlesim_msgs/share/turtlesim_msgs/cmake/ament_cmake_export_targets-extras.cmake
[10.451s] -- Symlinking: /home/monijesu/ros2_ws/install/turtlesim_msgs/share/turtlesim_msgs/cmake/rosidl_cmake_export_typesupport_targets-extras.cmake
[10.463s] -- Symlinking: /home/monijesu/ros2_ws/install/turtlesim_msgs/share/turtlesim_msgs/cmake/rosidl_cmake_export_typesupport_libraries-extras.cmake
[10.474s] -- Symlinking: /home/monijesu/ros2_ws/install/turtlesim_msgs/share/turtlesim_msgs/cmake/turtlesim_msgsConfig.cmake
[10.487s] -- Symlinking: /home/monijesu/ros2_ws/install/turtlesim_msgs/share/turtlesim_msgs/cmake/turtlesim_msgsConfig-version.cmake
[10.499s] -- Symlinking: /home/monijesu/ros2_ws/install/turtlesim_msgs/share/turtlesim_msgs/package.xml
[10.511s] -- Installing: /home/monijesu/ros2_ws/install/turtlesim_msgs/lib/libturtlesim_msgs__rosidl_generator_c.so
[10.512s] -- Set non-toolchain portion of runtime path of "/home/monijesu/ros2_ws/install/turtlesim_msgs/lib/libturtlesim_msgs__rosidl_generator_c.so" to ""
[10.512s] -- Installing: /home/monijesu/ros2_ws/install/turtlesim_msgs/lib/libturtlesim_msgs__rosidl_typesupport_fastrtps_c.so
[10.513s] -- Set non-toolchain portion of runtime path of "/home/monijesu/ros2_ws/install/turtlesim_msgs/lib/libturtlesim_msgs__rosidl_typesupport_fastrtps_c.so" to ""
[10.513s] -- Installing: /home/monijesu/ros2_ws/install/turtlesim_msgs/lib/libturtlesim_msgs__rosidl_typesupport_fastrtps_cpp.so
[10.513s] -- Set non-toolchain portion of runtime path of "/home/monijesu/ros2_ws/install/turtlesim_msgs/lib/libturtlesim_msgs__rosidl_typesupport_fastrtps_cpp.so" to ""
[10.513s] -- Installing: /home/monijesu/ros2_ws/install/turtlesim_msgs/lib/libturtlesim_msgs__rosidl_typesupport_introspection_c.so
[10.514s] -- Set non-toolchain portion of runtime path of "/home/monijesu/ros2_ws/install/turtlesim_msgs/lib/libturtlesim_msgs__rosidl_typesupport_introspection_c.so" to ""
[10.514s] -- Installing: /home/monijesu/ros2_ws/install/turtlesim_msgs/lib/libturtlesim_msgs__rosidl_typesupport_c.so
[10.514s] -- Set non-toolchain portion of runtime path of "/home/monijesu/ros2_ws/install/turtlesim_msgs/lib/libturtlesim_msgs__rosidl_typesupport_c.so" to ""
[10.514s] -- Installing: /home/monijesu/ros2_ws/install/turtlesim_msgs/lib/libturtlesim_msgs__rosidl_typesupport_introspection_cpp.so
[10.515s] -- Set non-toolchain portion of runtime path of "/home/monijesu/ros2_ws/install/turtlesim_msgs/lib/libturtlesim_msgs__rosidl_typesupport_introspection_cpp.so" to ""
[10.515s] -- Installing: /home/monijesu/ros2_ws/install/turtlesim_msgs/lib/libturtlesim_msgs__rosidl_typesupport_cpp.so
[10.516s] -- Set non-toolchain portion of runtime path of "/home/monijesu/ros2_ws/install/turtlesim_msgs/lib/libturtlesim_msgs__rosidl_typesupport_cpp.so" to ""
[10.580s] Listing '/home/monijesu/ros2_ws/install/turtlesim_msgs/lib/python3.12/site-packages/turtlesim_msgs'...
[10.580s] Compiling '/home/monijesu/ros2_ws/install/turtlesim_msgs/lib/python3.12/site-packages/turtlesim_msgs/__init__.py'...
[10.580s] Listing '/home/monijesu/ros2_ws/install/turtlesim_msgs/lib/python3.12/site-packages/turtlesim_msgs/action'...
[10.580s] Compiling '/home/monijesu/ros2_ws/install/turtlesim_msgs/lib/python3.12/site-packages/turtlesim_msgs/action/__init__.py'...
[10.580s] Compiling '/home/monijesu/ros2_ws/install/turtlesim_msgs/lib/python3.12/site-packages/turtlesim_msgs/action/_rotate_absolute.py'...
[10.580s] Listing '/home/monijesu/ros2_ws/install/turtlesim_msgs/lib/python3.12/site-packages/turtlesim_msgs/msg'...
[10.580s] Compiling '/home/monijesu/ros2_ws/install/turtlesim_msgs/lib/python3.12/site-packages/turtlesim_msgs/msg/__init__.py'...
[10.580s] Compiling '/home/monijesu/ros2_ws/install/turtlesim_msgs/lib/python3.12/site-packages/turtlesim_msgs/msg/_color.py'...
[10.580s] Compiling '/home/monijesu/ros2_ws/install/turtlesim_msgs/lib/python3.12/site-packages/turtlesim_msgs/msg/_pose.py'...
[10.580s] Listing '/home/monijesu/ros2_ws/install/turtlesim_msgs/lib/python3.12/site-packages/turtlesim_msgs/srv'...
[10.580s] Compiling '/home/monijesu/ros2_ws/install/turtlesim_msgs/lib/python3.12/site-packages/turtlesim_msgs/srv/__init__.py'...
[10.580s] Compiling '/home/monijesu/ros2_ws/install/turtlesim_msgs/lib/python3.12/site-packages/turtlesim_msgs/srv/_kill.py'...
[10.580s] Compiling '/home/monijesu/ros2_ws/install/turtlesim_msgs/lib/python3.12/site-packages/turtlesim_msgs/srv/_set_pen.py'...
[10.580s] Compiling '/home/monijesu/ros2_ws/install/turtlesim_msgs/lib/python3.12/site-packages/turtlesim_msgs/srv/_spawn.py'...
[10.580s] Compiling '/home/monijesu/ros2_ws/install/turtlesim_msgs/lib/python3.12/site-packages/turtlesim_msgs/srv/_teleport_absolute.py'...
[10.580s] Compiling '/home/monijesu/ros2_ws/install/turtlesim_msgs/lib/python3.12/site-packages/turtlesim_msgs/srv/_teleport_relative.py'...
[10.583s] -- Installing: /home/monijesu/ros2_ws/install/turtlesim_msgs/lib/libturtlesim_msgs__rosidl_generator_py.so
[10.583s] -- Set non-toolchain portion of runtime path of "/home/monijesu/ros2_ws/install/turtlesim_msgs/lib/libturtlesim_msgs__rosidl_generator_py.so" to ""
[10.583s] -- Installing: /home/monijesu/ros2_ws/install/turtlesim_msgs/share/turtlesim_msgs/cmake/export_turtlesim_msgs__rosidl_generator_cExport.cmake
[10.583s] -- Installing: /home/monijesu/ros2_ws/install/turtlesim_msgs/share/turtlesim_msgs/cmake/export_turtlesim_msgs__rosidl_generator_cExport-noconfig.cmake
[10.583s] -- Installing: /home/monijesu/ros2_ws/install/turtlesim_msgs/share/turtlesim_msgs/cmake/export_turtlesim_msgs__rosidl_typesupport_fastrtps_cExport.cmake
[10.583s] -- Installing: /home/monijesu/ros2_ws/install/turtlesim_msgs/share/turtlesim_msgs/cmake/export_turtlesim_msgs__rosidl_typesupport_fastrtps_cExport-noconfig.cmake
[10.583s] -- Installing: /home/monijesu/ros2_ws/install/turtlesim_msgs/share/turtlesim_msgs/cmake/export_turtlesim_msgs__rosidl_generator_cppExport.cmake
[10.583s] -- Installing: /home/monijesu/ros2_ws/install/turtlesim_msgs/share/turtlesim_msgs/cmake/export_turtlesim_msgs__rosidl_typesupport_fastrtps_cppExport.cmake
[10.583s] -- Installing: /home/monijesu/ros2_ws/install/turtlesim_msgs/share/turtlesim_msgs/cmake/export_turtlesim_msgs__rosidl_typesupport_fastrtps_cppExport-noconfig.cmake
[10.583s] -- Installing: /home/monijesu/ros2_ws/install/turtlesim_msgs/share/turtlesim_msgs/cmake/turtlesim_msgs__rosidl_typesupport_introspection_cExport.cmake
[10.583s] -- Installing: /home/monijesu/ros2_ws/install/turtlesim_msgs/share/turtlesim_msgs/cmake/turtlesim_msgs__rosidl_typesupport_introspection_cExport-noconfig.cmake
[10.584s] -- Installing: /home/monijesu/ros2_ws/install/turtlesim_msgs/share/turtlesim_msgs/cmake/turtlesim_msgs__rosidl_typesupport_cExport.cmake
[10.584s] -- Installing: /home/monijesu/ros2_ws/install/turtlesim_msgs/share/turtlesim_msgs/cmake/turtlesim_msgs__rosidl_typesupport_cExport-noconfig.cmake
[10.584s] -- Installing: /home/monijesu/ros2_ws/install/turtlesim_msgs/share/turtlesim_msgs/cmake/turtlesim_msgs__rosidl_typesupport_introspection_cppExport.cmake
[10.584s] -- Installing: /home/monijesu/ros2_ws/install/turtlesim_msgs/share/turtlesim_msgs/cmake/turtlesim_msgs__rosidl_typesupport_introspection_cppExport-noconfig.cmake
[10.584s] -- Installing: /home/monijesu/ros2_ws/install/turtlesim_msgs/share/turtlesim_msgs/cmake/turtlesim_msgs__rosidl_typesupport_cppExport.cmake
[10.584s] -- Installing: /home/monijesu/ros2_ws/install/turtlesim_msgs/share/turtlesim_msgs/cmake/turtlesim_msgs__rosidl_typesupport_cppExport-noconfig.cmake
[10.584s] -- Installing: /home/monijesu/ros2_ws/install/turtlesim_msgs/share/turtlesim_msgs/cmake/export_turtlesim_msgs__rosidl_generator_pyExport.cmake
[10.584s] -- Installing: /home/monijesu/ros2_ws/install/turtlesim_msgs/share/turtlesim_msgs/cmake/export_turtlesim_msgs__rosidl_generator_pyExport-noconfig.cmake
[10.585s] Invoked command in '/home/monijesu/ros2_ws/build/turtlesim_msgs' returned '0': CMAKE_PREFIX_PATH=${CMAKE_PREFIX_PATH}:/home/monijesu/ros2_ws/install/examples_rclpy_minimal_action_client:/opt/ros/rolling DEBUGINFOD_URLS=https://debuginfod.ubuntu.com /usr/bin/cmake --install /home/monijesu/ros2_ws/build/turtlesim_msgs
