[0.011s] Invoking command in '/home/monijesu/ros2_ws/build/turtlesim': AMENT_PREFIX_PATH=/home/monijesu/ros2_ws/install/turtlesim_msgs:${AMENT_PREFIX_PATH} CMAKE_PREFIX_PATH=/home/monijesu/ros2_ws/install/turtlesim_msgs:/home/monijesu/ros2_ws/install/examples_rclcpp_wait_set:/home/monijesu/ros2_ws/install/examples_rclcpp_multithreaded_executor:/home/monijesu/ros2_ws/install/examples_rclcpp_minimal_timer:/home/monijesu/ros2_ws/install/examples_rclcpp_minimal_subscriber:/home/monijesu/ros2_ws/install/examples_rclcpp_minimal_service:/home/monijesu/ros2_ws/install/examples_rclcpp_minimal_publisher:/home/monijesu/ros2_ws/install/examples_rclcpp_minimal_composition:/home/monijesu/ros2_ws/install/examples_rclcpp_minimal_client:/home/monijesu/ros2_ws/install/examples_rclcpp_minimal_action_server:/home/monijesu/ros2_ws/install/examples_rclcpp_minimal_action_client:/home/monijesu/ros2_ws/install/examples_rclcpp_cbg_executor:/home/monijesu/ros2_ws/install/examples_rclcpp_async_client:/opt/ros/rolling/opt/gz_math_vendor:/opt/ros/rolling/opt/gz_utils_vendor:/opt/ros/rolling/opt/gz_cmake_vendor:/home/monijesu/ros2_ws/install/examples_rclpy_minimal_action_client:/opt/ros/rolling DEBUGINFOD_URLS=https://debuginfod.ubuntu.com LD_LIBRARY_PATH=/home/monijesu/ros2_ws/install/turtlesim_msgs/lib:${LD_LIBRARY_PATH} PYTHONPATH=/home/monijesu/ros2_ws/install/turtlesim_msgs/lib/python3.12/site-packages:${PYTHONPATH} /usr/bin/cmake /home/monijesu/ros2_ws/src/ros_tutorials/turtlesim -DCMAKE_INSTALL_PREFIX=/home/monijesu/ros2_ws/install/turtlesim
[0.213s] -- Found ament_cmake: 2.7.0 (/opt/ros/rolling/share/ament_cmake/cmake)
[0.226s] -- Override CMake install command with custom implementation using symlinks instead of copying resources
[0.232s] -- Found ament_index_cpp: 1.9.0 (/opt/ros/rolling/share/ament_index_cpp/cmake)
[0.232s] -- Found geometry_msgs: 5.4.1 (/opt/ros/rolling/share/geometry_msgs/cmake)
[0.260s] -- Found rosidl_generator_c: 4.8.1 (/opt/ros/rolling/share/rosidl_generator_c/cmake)
[0.268s] -- Found rosidl_generator_cpp: 4.8.1 (/opt/ros/rolling/share/rosidl_generator_cpp/cmake)
[0.280s] -- Using all available rosidl_typesupport_c: rosidl_typesupport_fastrtps_c;rosidl_typesupport_introspection_c
[0.292s] -- Using all available rosidl_typesupport_cpp: rosidl_typesupport_fastrtps_cpp;rosidl_typesupport_introspection_cpp
[0.343s] -- Found rclcpp: 28.3.3 (/opt/ros/rolling/share/rclcpp/cmake)
[0.417s] -- Found rmw_implementation_cmake: 7.4.3 (/opt/ros/rolling/share/rmw_implementation_cmake/cmake)
[0.419s] -- Found rmw_fastrtps_cpp: 9.0.1 (/opt/ros/rolling/share/rmw_fastrtps_cpp/cmake)
[0.514s] -- Using RMW implementation 'rmw_fastrtps_cpp' as default
[0.617s] -- Found rclcpp_action: 28.3.3 (/opt/ros/rolling/share/rclcpp_action/cmake)
[0.684s] -- Found std_srvs: 5.4.1 (/opt/ros/rolling/share/std_srvs/cmake)
[0.711s] -- Found turtlesim_msgs: 1.9.2 (/home/monijesu/ros2_ws/install/turtlesim_msgs/share/turtlesim_msgs/cmake)
[0.750s] -- Found ament_lint_auto: 0.18.1 (/opt/ros/rolling/share/ament_lint_auto/cmake)
[0.845s] -- Added test 'copyright' to check source files copyright and LICENSE
[0.848s] -- Added test 'cppcheck' to perform static code analysis on C / C++ code
[0.848s] -- Configured cppcheck include dirs: /home/monijesu/ros2_ws/src/ros_tutorials/turtlesim/include
[0.848s] -- Configured cppcheck exclude dirs and/or files: 
[0.850s] -- Added test 'cpplint' to check C / C++ code against the Google style
[0.850s] -- Configured cpplint exclude dirs and/or files: 
[0.851s] -- Added test 'flake8' to check Python code syntax and style conventions
[0.851s] -- Configured 'flake8' exclude dirs and/or files: 
[0.852s] -- Added test 'lint_cmake' to check CMake code style
[0.852s] -- Added test 'pep257' to check Python code against some of the docstring style conventions in PEP 257
[0.854s] -- Added test 'uncrustify' to check C / C++ code style
[0.854s] -- Configured uncrustify additional arguments: 
[0.855s] -- Added test 'xmllint' to check XML markup files
[0.856s] -- Configuring done (0.8s)
[0.892s] -- Generating done (0.0s)
[0.894s] -- Build files have been written to: /home/monijesu/ros2_ws/build/turtlesim
[0.902s] Invoked command in '/home/monijesu/ros2_ws/build/turtlesim' returned '0': AMENT_PREFIX_PATH=/home/monijesu/ros2_ws/install/turtlesim_msgs:${AMENT_PREFIX_PATH} CMAKE_PREFIX_PATH=/home/monijesu/ros2_ws/install/turtlesim_msgs:/home/monijesu/ros2_ws/install/examples_rclcpp_wait_set:/home/monijesu/ros2_ws/install/examples_rclcpp_multithreaded_executor:/home/monijesu/ros2_ws/install/examples_rclcpp_minimal_timer:/home/monijesu/ros2_ws/install/examples_rclcpp_minimal_subscriber:/home/monijesu/ros2_ws/install/examples_rclcpp_minimal_service:/home/monijesu/ros2_ws/install/examples_rclcpp_minimal_publisher:/home/monijesu/ros2_ws/install/examples_rclcpp_minimal_composition:/home/monijesu/ros2_ws/install/examples_rclcpp_minimal_client:/home/monijesu/ros2_ws/install/examples_rclcpp_minimal_action_server:/home/monijesu/ros2_ws/install/examples_rclcpp_minimal_action_client:/home/monijesu/ros2_ws/install/examples_rclcpp_cbg_executor:/home/monijesu/ros2_ws/install/examples_rclcpp_async_client:/opt/ros/rolling/opt/gz_math_vendor:/opt/ros/rolling/opt/gz_utils_vendor:/opt/ros/rolling/opt/gz_cmake_vendor:/home/monijesu/ros2_ws/install/examples_rclpy_minimal_action_client:/opt/ros/rolling DEBUGINFOD_URLS=https://debuginfod.ubuntu.com LD_LIBRARY_PATH=/home/monijesu/ros2_ws/install/turtlesim_msgs/lib:${LD_LIBRARY_PATH} PYTHONPATH=/home/monijesu/ros2_ws/install/turtlesim_msgs/lib/python3.12/site-packages:${PYTHONPATH} /usr/bin/cmake /home/monijesu/ros2_ws/src/ros_tutorials/turtlesim -DCMAKE_INSTALL_PREFIX=/home/monijesu/ros2_ws/install/turtlesim
[0.903s] Invoking command in '/home/monijesu/ros2_ws/build/turtlesim': AMENT_PREFIX_PATH=/home/monijesu/ros2_ws/install/turtlesim_msgs:${AMENT_PREFIX_PATH} CMAKE_PREFIX_PATH=/home/monijesu/ros2_ws/install/turtlesim_msgs:/home/monijesu/ros2_ws/install/examples_rclcpp_wait_set:/home/monijesu/ros2_ws/install/examples_rclcpp_multithreaded_executor:/home/monijesu/ros2_ws/install/examples_rclcpp_minimal_timer:/home/monijesu/ros2_ws/install/examples_rclcpp_minimal_subscriber:/home/monijesu/ros2_ws/install/examples_rclcpp_minimal_service:/home/monijesu/ros2_ws/install/examples_rclcpp_minimal_publisher:/home/monijesu/ros2_ws/install/examples_rclcpp_minimal_composition:/home/monijesu/ros2_ws/install/examples_rclcpp_minimal_client:/home/monijesu/ros2_ws/install/examples_rclcpp_minimal_action_server:/home/monijesu/ros2_ws/install/examples_rclcpp_minimal_action_client:/home/monijesu/ros2_ws/install/examples_rclcpp_cbg_executor:/home/monijesu/ros2_ws/install/examples_rclcpp_async_client:/opt/ros/rolling/opt/gz_math_vendor:/opt/ros/rolling/opt/gz_utils_vendor:/opt/ros/rolling/opt/gz_cmake_vendor:/home/monijesu/ros2_ws/install/examples_rclpy_minimal_action_client:/opt/ros/rolling DEBUGINFOD_URLS=https://debuginfod.ubuntu.com LD_LIBRARY_PATH=/home/monijesu/ros2_ws/install/turtlesim_msgs/lib:${LD_LIBRARY_PATH} PYTHONPATH=/home/monijesu/ros2_ws/install/turtlesim_msgs/lib/python3.12/site-packages:${PYTHONPATH} /usr/bin/cmake --build /home/monijesu/ros2_ws/build/turtlesim -- -j16 -l16
[0.955s] [ 16%] Built target draw_square
[0.960s] [ 50%] Built target mimic
[0.960s] [ 50%] Built target turtle_teleop_key
[0.970s] [100%] Built target turtlesim_node
[0.980s] Invoked command in '/home/monijesu/ros2_ws/build/turtlesim' returned '0': AMENT_PREFIX_PATH=/home/monijesu/ros2_ws/install/turtlesim_msgs:${AMENT_PREFIX_PATH} CMAKE_PREFIX_PATH=/home/monijesu/ros2_ws/install/turtlesim_msgs:/home/monijesu/ros2_ws/install/examples_rclcpp_wait_set:/home/monijesu/ros2_ws/install/examples_rclcpp_multithreaded_executor:/home/monijesu/ros2_ws/install/examples_rclcpp_minimal_timer:/home/monijesu/ros2_ws/install/examples_rclcpp_minimal_subscriber:/home/monijesu/ros2_ws/install/examples_rclcpp_minimal_service:/home/monijesu/ros2_ws/install/examples_rclcpp_minimal_publisher:/home/monijesu/ros2_ws/install/examples_rclcpp_minimal_composition:/home/monijesu/ros2_ws/install/examples_rclcpp_minimal_client:/home/monijesu/ros2_ws/install/examples_rclcpp_minimal_action_server:/home/monijesu/ros2_ws/install/examples_rclcpp_minimal_action_client:/home/monijesu/ros2_ws/install/examples_rclcpp_cbg_executor:/home/monijesu/ros2_ws/install/examples_rclcpp_async_client:/opt/ros/rolling/opt/gz_math_vendor:/opt/ros/rolling/opt/gz_utils_vendor:/opt/ros/rolling/opt/gz_cmake_vendor:/home/monijesu/ros2_ws/install/examples_rclpy_minimal_action_client:/opt/ros/rolling DEBUGINFOD_URLS=https://debuginfod.ubuntu.com LD_LIBRARY_PATH=/home/monijesu/ros2_ws/install/turtlesim_msgs/lib:${LD_LIBRARY_PATH} PYTHONPATH=/home/monijesu/ros2_ws/install/turtlesim_msgs/lib/python3.12/site-packages:${PYTHONPATH} /usr/bin/cmake --build /home/monijesu/ros2_ws/build/turtlesim -- -j16 -l16
[1.009s] Invoking command in '/home/monijesu/ros2_ws/build/turtlesim': AMENT_PREFIX_PATH=/home/monijesu/ros2_ws/install/turtlesim_msgs:${AMENT_PREFIX_PATH} CMAKE_PREFIX_PATH=/home/monijesu/ros2_ws/install/turtlesim_msgs:/home/monijesu/ros2_ws/install/examples_rclcpp_wait_set:/home/monijesu/ros2_ws/install/examples_rclcpp_multithreaded_executor:/home/monijesu/ros2_ws/install/examples_rclcpp_minimal_timer:/home/monijesu/ros2_ws/install/examples_rclcpp_minimal_subscriber:/home/monijesu/ros2_ws/install/examples_rclcpp_minimal_service:/home/monijesu/ros2_ws/install/examples_rclcpp_minimal_publisher:/home/monijesu/ros2_ws/install/examples_rclcpp_minimal_composition:/home/monijesu/ros2_ws/install/examples_rclcpp_minimal_client:/home/monijesu/ros2_ws/install/examples_rclcpp_minimal_action_server:/home/monijesu/ros2_ws/install/examples_rclcpp_minimal_action_client:/home/monijesu/ros2_ws/install/examples_rclcpp_cbg_executor:/home/monijesu/ros2_ws/install/examples_rclcpp_async_client:/opt/ros/rolling/opt/gz_math_vendor:/opt/ros/rolling/opt/gz_utils_vendor:/opt/ros/rolling/opt/gz_cmake_vendor:/home/monijesu/ros2_ws/install/examples_rclpy_minimal_action_client:/opt/ros/rolling DEBUGINFOD_URLS=https://debuginfod.ubuntu.com LD_LIBRARY_PATH=/home/monijesu/ros2_ws/install/turtlesim_msgs/lib:${LD_LIBRARY_PATH} PYTHONPATH=/home/monijesu/ros2_ws/install/turtlesim_msgs/lib/python3.12/site-packages:${PYTHONPATH} /usr/bin/cmake --install /home/monijesu/ros2_ws/build/turtlesim
[1.015s] -- Install configuration: ""
[1.015s] -- Execute custom install script
[1.015s] -- Up-to-date symlink: /home/monijesu/ros2_ws/install/turtlesim/lib/turtlesim/turtlesim_node
[1.016s] -- Up-to-date symlink: /home/monijesu/ros2_ws/install/turtlesim/lib/turtlesim/turtle_teleop_key
[1.016s] -- Up-to-date symlink: /home/monijesu/ros2_ws/install/turtlesim/lib/turtlesim/draw_square
[1.016s] -- Up-to-date symlink: /home/monijesu/ros2_ws/install/turtlesim/lib/turtlesim/mimic
[1.016s] -- Up-to-date symlink: /home/monijesu/ros2_ws/install/turtlesim/share/turtlesim/launch/multisim.launch.py
[1.016s] -- Up-to-date symlink: /home/monijesu/ros2_ws/install/turtlesim/share/ament_index/resource_index/package_run_dependencies/turtlesim
[1.016s] -- Up-to-date symlink: /home/monijesu/ros2_ws/install/turtlesim/share/ament_index/resource_index/parent_prefix_path/turtlesim
[1.016s] -- Up-to-date symlink: /home/monijesu/ros2_ws/install/turtlesim/share/turtlesim/environment/ament_prefix_path.sh
[1.016s] -- Up-to-date symlink: /home/monijesu/ros2_ws/install/turtlesim/share/turtlesim/environment/ament_prefix_path.dsv
[1.017s] -- Up-to-date symlink: /home/monijesu/ros2_ws/install/turtlesim/share/turtlesim/environment/path.sh
[1.017s] -- Up-to-date symlink: /home/monijesu/ros2_ws/install/turtlesim/share/turtlesim/environment/path.dsv
[1.017s] -- Up-to-date symlink: /home/monijesu/ros2_ws/install/turtlesim/share/turtlesim/local_setup.bash
[1.017s] -- Up-to-date symlink: /home/monijesu/ros2_ws/install/turtlesim/share/turtlesim/local_setup.sh
[1.017s] -- Up-to-date symlink: /home/monijesu/ros2_ws/install/turtlesim/share/turtlesim/local_setup.zsh
[1.017s] -- Up-to-date symlink: /home/monijesu/ros2_ws/install/turtlesim/share/turtlesim/local_setup.dsv
[1.017s] -- Symlinking: /home/monijesu/ros2_ws/install/turtlesim/share/turtlesim/package.dsv
[1.025s] -- Up-to-date symlink: /home/monijesu/ros2_ws/install/turtlesim/share/ament_index/resource_index/packages/turtlesim
[1.026s] -- Up-to-date symlink: /home/monijesu/ros2_ws/install/turtlesim/share/turtlesim/cmake/turtlesimConfig.cmake
[1.026s] -- Up-to-date symlink: /home/monijesu/ros2_ws/install/turtlesim/share/turtlesim/cmake/turtlesimConfig-version.cmake
[1.026s] -- Up-to-date symlink: /home/monijesu/ros2_ws/install/turtlesim/share/turtlesim/package.xml
[1.026s] -- Up-to-date: /home/monijesu/ros2_ws/install/turtlesim/share/turtlesim/images
[1.026s] -- Up-to-date: /home/monijesu/ros2_ws/install/turtlesim/share/turtlesim/images/rolling.png
[1.027s] -- Up-to-date: /home/monijesu/ros2_ws/install/turtlesim/share/turtlesim/images/foxy.png
[1.027s] -- Up-to-date: /home/monijesu/ros2_ws/install/turtlesim/share/turtlesim/images/humble.png
[1.027s] -- Up-to-date: /home/monijesu/ros2_ws/install/turtlesim/share/turtlesim/images/iron.png
[1.027s] -- Up-to-date: /home/monijesu/ros2_ws/install/turtlesim/share/turtlesim/images/ardent.png
[1.027s] -- Up-to-date: /home/monijesu/ros2_ws/install/turtlesim/share/turtlesim/images/galactic.png
[1.027s] -- Up-to-date: /home/monijesu/ros2_ws/install/turtlesim/share/turtlesim/images/jazzy.png
[1.027s] -- Up-to-date: /home/monijesu/ros2_ws/install/turtlesim/share/turtlesim/images/dashing.png
[1.027s] -- Up-to-date: /home/monijesu/ros2_ws/install/turtlesim/share/turtlesim/images/eloquent.png
[1.027s] -- Up-to-date: /home/monijesu/ros2_ws/install/turtlesim/share/turtlesim/images/bouncy.png
[1.027s] -- Up-to-date: /home/monijesu/ros2_ws/install/turtlesim/share/turtlesim/images/crystal.png
[1.030s] Invoked command in '/home/monijesu/ros2_ws/build/turtlesim' returned '0': AMENT_PREFIX_PATH=/home/monijesu/ros2_ws/install/turtlesim_msgs:${AMENT_PREFIX_PATH} CMAKE_PREFIX_PATH=/home/monijesu/ros2_ws/install/turtlesim_msgs:/home/monijesu/ros2_ws/install/examples_rclcpp_wait_set:/home/monijesu/ros2_ws/install/examples_rclcpp_multithreaded_executor:/home/monijesu/ros2_ws/install/examples_rclcpp_minimal_timer:/home/monijesu/ros2_ws/install/examples_rclcpp_minimal_subscriber:/home/monijesu/ros2_ws/install/examples_rclcpp_minimal_service:/home/monijesu/ros2_ws/install/examples_rclcpp_minimal_publisher:/home/monijesu/ros2_ws/install/examples_rclcpp_minimal_composition:/home/monijesu/ros2_ws/install/examples_rclcpp_minimal_client:/home/monijesu/ros2_ws/install/examples_rclcpp_minimal_action_server:/home/monijesu/ros2_ws/install/examples_rclcpp_minimal_action_client:/home/monijesu/ros2_ws/install/examples_rclcpp_cbg_executor:/home/monijesu/ros2_ws/install/examples_rclcpp_async_client:/opt/ros/rolling/opt/gz_math_vendor:/opt/ros/rolling/opt/gz_utils_vendor:/opt/ros/rolling/opt/gz_cmake_vendor:/home/monijesu/ros2_ws/install/examples_rclpy_minimal_action_client:/opt/ros/rolling DEBUGINFOD_URLS=https://debuginfod.ubuntu.com LD_LIBRARY_PATH=/home/monijesu/ros2_ws/install/turtlesim_msgs/lib:${LD_LIBRARY_PATH} PYTHONPATH=/home/monijesu/ros2_ws/install/turtlesim_msgs/lib/python3.12/site-packages:${PYTHONPATH} /usr/bin/cmake --install /home/monijesu/ros2_ws/build/turtlesim
