[0.038s] Invoking command in '/home/monijesu/ros2_ws/build/examples_rclcpp_minimal_timer': CMAKE_PREFIX_PATH=${CMAKE_PREFIX_PATH}:/home/monijesu/ros2_ws/install/turtle_path_planner:/home/monijesu/ros2_ws/install/launch_testing_examples:/home/monijesu/ros2_ws/install/examples_rclpy_pointcloud_publisher:/home/monijesu/ros2_ws/install/examples_rclpy_minimal_subscriber:/home/monijesu/ros2_ws/install/examples_rclpy_minimal_service:/home/monijesu/ros2_ws/install/examples_rclpy_minimal_publisher:/home/monijesu/ros2_ws/install/examples_rclpy_minimal_client:/home/monijesu/ros2_ws/install/examples_rclpy_minimal_action_server:/home/monijesu/ros2_ws/install/examples_rclpy_guard_conditions:/home/monijesu/ros2_ws/install/examples_rclpy_executors:/home/monijesu/ros2_ws/install/examples_rclpy_minimal_action_client:/opt/ros/rolling DEBUGINFOD_URLS=https://debuginfod.ubuntu.com /usr/bin/cmake --build /home/monijesu/ros2_ws/build/examples_rclcpp_minimal_timer -- -j16 -l16
[0.575s] [ 50%] Built target timer_member_function
[0.575s] [100%] Built target timer_lambda
[0.582s] Invoked command in '/home/monijesu/ros2_ws/build/examples_rclcpp_minimal_timer' returned '0': CMAKE_PREFIX_PATH=${CMAKE_PREFIX_PATH}:/home/monijesu/ros2_ws/install/turtle_path_planner:/home/monijesu/ros2_ws/install/launch_testing_examples:/home/monijesu/ros2_ws/install/examples_rclpy_pointcloud_publisher:/home/monijesu/ros2_ws/install/examples_rclpy_minimal_subscriber:/home/monijesu/ros2_ws/install/examples_rclpy_minimal_service:/home/monijesu/ros2_ws/install/examples_rclpy_minimal_publisher:/home/monijesu/ros2_ws/install/examples_rclpy_minimal_client:/home/monijesu/ros2_ws/install/examples_rclpy_minimal_action_server:/home/monijesu/ros2_ws/install/examples_rclpy_guard_conditions:/home/monijesu/ros2_ws/install/examples_rclpy_executors:/home/monijesu/ros2_ws/install/examples_rclpy_minimal_action_client:/opt/ros/rolling DEBUGINFOD_URLS=https://debuginfod.ubuntu.com /usr/bin/cmake --build /home/monijesu/ros2_ws/build/examples_rclcpp_minimal_timer -- -j16 -l16
[0.609s] Invoking command in '/home/monijesu/ros2_ws/build/examples_rclcpp_minimal_timer': CMAKE_PREFIX_PATH=${CMAKE_PREFIX_PATH}:/home/monijesu/ros2_ws/install/turtle_path_planner:/home/monijesu/ros2_ws/install/launch_testing_examples:/home/monijesu/ros2_ws/install/examples_rclpy_pointcloud_publisher:/home/monijesu/ros2_ws/install/examples_rclpy_minimal_subscriber:/home/monijesu/ros2_ws/install/examples_rclpy_minimal_service:/home/monijesu/ros2_ws/install/examples_rclpy_minimal_publisher:/home/monijesu/ros2_ws/install/examples_rclpy_minimal_client:/home/monijesu/ros2_ws/install/examples_rclpy_minimal_action_server:/home/monijesu/ros2_ws/install/examples_rclpy_guard_conditions:/home/monijesu/ros2_ws/install/examples_rclpy_executors:/home/monijesu/ros2_ws/install/examples_rclpy_minimal_action_client:/opt/ros/rolling DEBUGINFOD_URLS=https://debuginfod.ubuntu.com /usr/bin/cmake --install /home/monijesu/ros2_ws/build/examples_rclcpp_minimal_timer
[0.638s] -- Install configuration: ""
[0.638s] -- Execute custom install script
[0.640s] -- Up-to-date symlink: /home/monijesu/ros2_ws/install/examples_rclcpp_minimal_timer/lib/examples_rclcpp_minimal_timer/timer_lambda
[0.641s] -- Up-to-date symlink: /home/monijesu/ros2_ws/install/examples_rclcpp_minimal_timer/lib/examples_rclcpp_minimal_timer/timer_member_function
[0.641s] -- Up-to-date symlink: /home/monijesu/ros2_ws/install/examples_rclcpp_minimal_timer/share/ament_index/resource_index/package_run_dependencies/examples_rclcpp_minimal_timer
[0.642s] -- Up-to-date symlink: /home/monijesu/ros2_ws/install/examples_rclcpp_minimal_timer/share/ament_index/resource_index/parent_prefix_path/examples_rclcpp_minimal_timer
[0.643s] -- Up-to-date symlink: /home/monijesu/ros2_ws/install/examples_rclcpp_minimal_timer/share/examples_rclcpp_minimal_timer/environment/ament_prefix_path.sh
[0.643s] -- Up-to-date symlink: /home/monijesu/ros2_ws/install/examples_rclcpp_minimal_timer/share/examples_rclcpp_minimal_timer/environment/ament_prefix_path.dsv
[0.643s] -- Up-to-date symlink: /home/monijesu/ros2_ws/install/examples_rclcpp_minimal_timer/share/examples_rclcpp_minimal_timer/environment/path.sh
[0.643s] -- Up-to-date symlink: /home/monijesu/ros2_ws/install/examples_rclcpp_minimal_timer/share/examples_rclcpp_minimal_timer/environment/path.dsv
[0.643s] -- Up-to-date symlink: /home/monijesu/ros2_ws/install/examples_rclcpp_minimal_timer/share/examples_rclcpp_minimal_timer/local_setup.bash
[0.643s] -- Up-to-date symlink: /home/monijesu/ros2_ws/install/examples_rclcpp_minimal_timer/share/examples_rclcpp_minimal_timer/local_setup.sh
[0.643s] -- Up-to-date symlink: /home/monijesu/ros2_ws/install/examples_rclcpp_minimal_timer/share/examples_rclcpp_minimal_timer/local_setup.zsh
[0.643s] -- Up-to-date symlink: /home/monijesu/ros2_ws/install/examples_rclcpp_minimal_timer/share/examples_rclcpp_minimal_timer/local_setup.dsv
[0.643s] -- Symlinking: /home/monijesu/ros2_ws/install/examples_rclcpp_minimal_timer/share/examples_rclcpp_minimal_timer/package.dsv
[0.644s] -- Up-to-date symlink: /home/monijesu/ros2_ws/install/examples_rclcpp_minimal_timer/share/ament_index/resource_index/packages/examples_rclcpp_minimal_timer
[0.644s] -- Up-to-date symlink: /home/monijesu/ros2_ws/install/examples_rclcpp_minimal_timer/share/examples_rclcpp_minimal_timer/cmake/examples_rclcpp_minimal_timerConfig.cmake
[0.644s] -- Up-to-date symlink: /home/monijesu/ros2_ws/install/examples_rclcpp_minimal_timer/share/examples_rclcpp_minimal_timer/cmake/examples_rclcpp_minimal_timerConfig-version.cmake
[0.644s] -- Up-to-date symlink: /home/monijesu/ros2_ws/install/examples_rclcpp_minimal_timer/share/examples_rclcpp_minimal_timer/package.xml
[0.679s] Invoked command in '/home/monijesu/ros2_ws/build/examples_rclcpp_minimal_timer' returned '0': CMAKE_PREFIX_PATH=${CMAKE_PREFIX_PATH}:/home/monijesu/ros2_ws/install/turtle_path_planner:/home/monijesu/ros2_ws/install/launch_testing_examples:/home/monijesu/ros2_ws/install/examples_rclpy_pointcloud_publisher:/home/monijesu/ros2_ws/install/examples_rclpy_minimal_subscriber:/home/monijesu/ros2_ws/install/examples_rclpy_minimal_service:/home/monijesu/ros2_ws/install/examples_rclpy_minimal_publisher:/home/monijesu/ros2_ws/install/examples_rclpy_minimal_client:/home/monijesu/ros2_ws/install/examples_rclpy_minimal_action_server:/home/monijesu/ros2_ws/install/examples_rclpy_guard_conditions:/home/monijesu/ros2_ws/install/examples_rclpy_executors:/home/monijesu/ros2_ws/install/examples_rclpy_minimal_action_client:/opt/ros/rolling DEBUGINFOD_URLS=https://debuginfod.ubuntu.com /usr/bin/cmake --install /home/monijesu/ros2_ws/build/examples_rclcpp_minimal_timer
