[0.034s] Invoking command in '/home/monijesu/ros2_ws/build/examples_rclcpp_wait_set': CMAKE_PREFIX_PATH=${CMAKE_PREFIX_PATH}:/opt/ros/rolling DEBUGINFOD_URLS=https://debuginfod.ubuntu.com /usr/bin/cmake --build /home/monijesu/ros2_ws/build/examples_rclcpp_wait_set -- -j16 -l16
[0.538s] [  8%] Built target listener
[0.538s] [ 16%] Built target talker
[0.538s] [ 25%] Built target wait_set_talker
[0.538s] [ 33%] Built target static_wait_set
[0.538s] [ 41%] Built target wait_set_listener
[0.538s] [ 50%] Built target wait_set_random_order
[0.538s] [ 58%] Built target wait_set_topics_and_timer
[0.538s] [ 66%] Built target wait_set
[0.538s] [ 75%] Built target thread_safe_wait_set
[0.538s] [ 83%] Built target executor_random_order
[0.538s] [ 91%] Built target wait_set_topics_with_different_rates
[0.538s] [100%] Built target wait_set_composed
[0.545s] Invoked command in '/home/monijesu/ros2_ws/build/examples_rclcpp_wait_set' returned '0': CMAKE_PREFIX_PATH=${CMAKE_PREFIX_PATH}:/opt/ros/rolling DEBUGINFOD_URLS=https://debuginfod.ubuntu.com /usr/bin/cmake --build /home/monijesu/ros2_ws/build/examples_rclcpp_wait_set -- -j16 -l16
[0.610s] Invoking command in '/home/monijesu/ros2_ws/build/examples_rclcpp_wait_set': CMAKE_PREFIX_PATH=${CMAKE_PREFIX_PATH}:/opt/ros/rolling DEBUGINFOD_URLS=https://debuginfod.ubuntu.com /usr/bin/cmake --install /home/monijesu/ros2_ws/build/examples_rclcpp_wait_set
[0.635s] -- Install configuration: ""
[0.635s] -- Execute custom install script
[0.635s] -- Up-to-date symlink: /home/monijesu/ros2_ws/install/examples_rclcpp_wait_set/lib/examples_rclcpp_wait_set/wait_set_talker
[0.636s] -- Up-to-date symlink: /home/monijesu/ros2_ws/install/examples_rclcpp_wait_set/lib/examples_rclcpp_wait_set/wait_set_listener
[0.636s] -- Up-to-date symlink: /home/monijesu/ros2_ws/install/examples_rclcpp_wait_set/lib/libtalker.so
[0.636s] -- Up-to-date symlink: /home/monijesu/ros2_ws/install/examples_rclcpp_wait_set/lib/liblistener.so
[0.636s] -- Up-to-date symlink: /home/monijesu/ros2_ws/install/examples_rclcpp_wait_set/lib/examples_rclcpp_wait_set/wait_set
[0.636s] -- Up-to-date symlink: /home/monijesu/ros2_ws/install/examples_rclcpp_wait_set/lib/examples_rclcpp_wait_set/static_wait_set
[0.636s] -- Up-to-date symlink: /home/monijesu/ros2_ws/install/examples_rclcpp_wait_set/lib/examples_rclcpp_wait_set/thread_safe_wait_set
[0.636s] -- Up-to-date symlink: /home/monijesu/ros2_ws/install/examples_rclcpp_wait_set/lib/examples_rclcpp_wait_set/wait_set_topics_and_timer
[0.636s] -- Up-to-date symlink: /home/monijesu/ros2_ws/install/examples_rclcpp_wait_set/lib/examples_rclcpp_wait_set/wait_set_random_order
[0.636s] -- Up-to-date symlink: /home/monijesu/ros2_ws/install/examples_rclcpp_wait_set/lib/examples_rclcpp_wait_set/executor_random_order
[0.636s] -- Up-to-date symlink: /home/monijesu/ros2_ws/install/examples_rclcpp_wait_set/lib/examples_rclcpp_wait_set/wait_set_topics_with_different_rates
[0.636s] -- Up-to-date symlink: /home/monijesu/ros2_ws/install/examples_rclcpp_wait_set/lib/examples_rclcpp_wait_set/wait_set_composed
[0.636s] -- Up-to-date symlink: /home/monijesu/ros2_ws/install/examples_rclcpp_wait_set/share/ament_index/resource_index/package_run_dependencies/examples_rclcpp_wait_set
[0.636s] -- Up-to-date symlink: /home/monijesu/ros2_ws/install/examples_rclcpp_wait_set/share/ament_index/resource_index/parent_prefix_path/examples_rclcpp_wait_set
[0.636s] -- Up-to-date symlink: /home/monijesu/ros2_ws/install/examples_rclcpp_wait_set/share/examples_rclcpp_wait_set/environment/ament_prefix_path.sh
[0.636s] -- Up-to-date symlink: /home/monijesu/ros2_ws/install/examples_rclcpp_wait_set/share/examples_rclcpp_wait_set/environment/ament_prefix_path.dsv
[0.636s] -- Up-to-date symlink: /home/monijesu/ros2_ws/install/examples_rclcpp_wait_set/share/examples_rclcpp_wait_set/environment/path.sh
[0.636s] -- Up-to-date symlink: /home/monijesu/ros2_ws/install/examples_rclcpp_wait_set/share/examples_rclcpp_wait_set/environment/path.dsv
[0.637s] -- Up-to-date symlink: /home/monijesu/ros2_ws/install/examples_rclcpp_wait_set/share/examples_rclcpp_wait_set/local_setup.bash
[0.637s] -- Up-to-date symlink: /home/monijesu/ros2_ws/install/examples_rclcpp_wait_set/share/examples_rclcpp_wait_set/local_setup.sh
[0.637s] -- Up-to-date symlink: /home/monijesu/ros2_ws/install/examples_rclcpp_wait_set/share/examples_rclcpp_wait_set/local_setup.zsh
[0.637s] -- Up-to-date symlink: /home/monijesu/ros2_ws/install/examples_rclcpp_wait_set/share/examples_rclcpp_wait_set/local_setup.dsv
[0.637s] -- Symlinking: /home/monijesu/ros2_ws/install/examples_rclcpp_wait_set/share/examples_rclcpp_wait_set/package.dsv
[0.637s] -- Up-to-date symlink: /home/monijesu/ros2_ws/install/examples_rclcpp_wait_set/share/ament_index/resource_index/packages/examples_rclcpp_wait_set
[0.637s] -- Up-to-date symlink: /home/monijesu/ros2_ws/install/examples_rclcpp_wait_set/share/ament_index/resource_index/rclcpp_components/examples_rclcpp_wait_set
[0.637s] -- Up-to-date symlink: /home/monijesu/ros2_ws/install/examples_rclcpp_wait_set/share/examples_rclcpp_wait_set/cmake/examples_rclcpp_wait_setConfig.cmake
[0.637s] -- Up-to-date symlink: /home/monijesu/ros2_ws/install/examples_rclcpp_wait_set/share/examples_rclcpp_wait_set/cmake/examples_rclcpp_wait_setConfig-version.cmake
[0.637s] -- Up-to-date symlink: /home/monijesu/ros2_ws/install/examples_rclcpp_wait_set/share/examples_rclcpp_wait_set/package.xml
[0.690s] Invoked command in '/home/monijesu/ros2_ws/build/examples_rclcpp_wait_set' returned '0': CMAKE_PREFIX_PATH=${CMAKE_PREFIX_PATH}:/opt/ros/rolling DEBUGINFOD_URLS=https://debuginfod.ubuntu.com /usr/bin/cmake --install /home/monijesu/ros2_ws/build/examples_rclcpp_wait_set
