[3.029s] Invoking command in '/home/monijesu/ros2_ws/src/examples/rclpy/topics/minimal_publisher': DEBUGINFOD_URLS=https://debuginfod.ubuntu.com PYTHONPATH=/home/monijesu/ros2_ws/build/examples_rclpy_minimal_publisher/prefix_override:/usr/lib/python3/dist-packages/colcon_core/task/python/colcon_distutils_commands:/home/monijesu/ros2_ws/install/examples_rclpy_minimal_publisher/lib/python3.12/site-packages:${PYTHONPATH} /usr/bin/python3 -W ignore:setup.py install is deprecated setup.py egg_info --egg-base ../../../../../build/examples_rclpy_minimal_publisher build --build-base /home/monijesu/ros2_ws/build/examples_rclpy_minimal_publisher/build install --record /home/monijesu/ros2_ws/build/examples_rclpy_minimal_publisher/install.log --single-version-externally-managed install_data
[3.436s] running egg_info
[3.468s] writing ../../../../../build/examples_rclpy_minimal_publisher/examples_rclpy_minimal_publisher.egg-info/PKG-INFO
[3.468s] writing dependency_links to ../../../../../build/examples_rclpy_minimal_publisher/examples_rclpy_minimal_publisher.egg-info/dependency_links.txt
[3.468s] writing entry points to ../../../../../build/examples_rclpy_minimal_publisher/examples_rclpy_minimal_publisher.egg-info/entry_points.txt
[3.468s] writing requirements to ../../../../../build/examples_rclpy_minimal_publisher/examples_rclpy_minimal_publisher.egg-info/requires.txt
[3.469s] writing top-level names to ../../../../../build/examples_rclpy_minimal_publisher/examples_rclpy_minimal_publisher.egg-info/top_level.txt
[3.528s] reading manifest file '../../../../../build/examples_rclpy_minimal_publisher/examples_rclpy_minimal_publisher.egg-info/SOURCES.txt'
[3.529s] writing manifest file '../../../../../build/examples_rclpy_minimal_publisher/examples_rclpy_minimal_publisher.egg-info/SOURCES.txt'
[3.530s] running build
[3.530s] running build_py
[3.530s] running install
[3.540s] running install_lib
[3.571s] running install_data
[3.571s] running install_egg_info
[3.602s] removing '/home/monijesu/ros2_ws/install/examples_rclpy_minimal_publisher/lib/python3.12/site-packages/examples_rclpy_minimal_publisher-0.20.2-py3.12.egg-info' (and everything under it)
[3.602s] Copying ../../../../../build/examples_rclpy_minimal_publisher/examples_rclpy_minimal_publisher.egg-info to /home/monijesu/ros2_ws/install/examples_rclpy_minimal_publisher/lib/python3.12/site-packages/examples_rclpy_minimal_publisher-0.20.2-py3.12.egg-info
[3.603s] running install_scripts
[3.806s] Installing publisher_local_function script to /home/monijesu/ros2_ws/install/examples_rclpy_minimal_publisher/lib/examples_rclpy_minimal_publisher
[3.806s] Installing publisher_member_function script to /home/monijesu/ros2_ws/install/examples_rclpy_minimal_publisher/lib/examples_rclpy_minimal_publisher
[3.806s] Installing publisher_old_school script to /home/monijesu/ros2_ws/install/examples_rclpy_minimal_publisher/lib/examples_rclpy_minimal_publisher
[3.806s] writing list of installed files to '/home/monijesu/ros2_ws/build/examples_rclpy_minimal_publisher/install.log'
[3.845s] Invoked command in '/home/monijesu/ros2_ws/src/examples/rclpy/topics/minimal_publisher' returned '0': DEBUGINFOD_URLS=https://debuginfod.ubuntu.com PYTHONPATH=/home/monijesu/ros2_ws/build/examples_rclpy_minimal_publisher/prefix_override:/usr/lib/python3/dist-packages/colcon_core/task/python/colcon_distutils_commands:/home/monijesu/ros2_ws/install/examples_rclpy_minimal_publisher/lib/python3.12/site-packages:${PYTHONPATH} /usr/bin/python3 -W ignore:setup.py install is deprecated setup.py egg_info --egg-base ../../../../../build/examples_rclpy_minimal_publisher build --build-base /home/monijesu/ros2_ws/build/examples_rclpy_minimal_publisher/build install --record /home/monijesu/ros2_ws/build/examples_rclpy_minimal_publisher/install.log --single-version-externally-managed install_data
