[1.691s] Invoking command in '/home/monijesu/ros2_ws/build/examples_rclpy_minimal_client': DEBUGINFOD_URLS=https://debuginfod.ubuntu.com PYTHONPATH=/home/monijesu/ros2_ws/build/examples_rclpy_minimal_client/prefix_override:/usr/lib/python3/dist-packages/colcon_core/task/python/colcon_distutils_commands:/home/monijesu/ros2_ws/install/examples_rclpy_minimal_client/lib/python3.12/site-packages:${PYTHONPATH} /usr/bin/python3 -W ignore:setup.py install is deprecated setup.py develop --uninstall --editable --build-directory /home/monijesu/ros2_ws/build/examples_rclpy_minimal_client/build
[1.994s] running develop
[1.994s] /usr/lib/python3/dist-packages/setuptools/command/develop.py:40: EasyInstallDeprecationWarning: easy_install command is deprecated.
[1.995s] !!
[1.995s] 
[1.995s]         ********************************************************************************
[1.995s]         Please avoid running ``setup.py`` and ``easy_install``.
[1.995s]         Instead, use pypa/build, pypa/installer or other
[1.995s]         standards-based tools.
[1.995s] 
[1.995s]         See https://github.com/pypa/setuptools/issues/917 for details.
[1.996s]         ********************************************************************************
[1.996s] 
[1.996s] !!
[1.996s]   easy_install.initialize_options(self)
[2.286s] Removing /home/monijesu/ros2_ws/install/examples_rclpy_minimal_client/lib/python3.12/site-packages/examples-rclpy-minimal-client.egg-link (link to .)
[2.324s] Invoked command in '/home/monijesu/ros2_ws/build/examples_rclpy_minimal_client' returned '0': DEBUGINFOD_URLS=https://debuginfod.ubuntu.com PYTHONPATH=/home/monijesu/ros2_ws/build/examples_rclpy_minimal_client/prefix_override:/usr/lib/python3/dist-packages/colcon_core/task/python/colcon_distutils_commands:/home/monijesu/ros2_ws/install/examples_rclpy_minimal_client/lib/python3.12/site-packages:${PYTHONPATH} /usr/bin/python3 -W ignore:setup.py install is deprecated setup.py develop --uninstall --editable --build-directory /home/monijesu/ros2_ws/build/examples_rclpy_minimal_client/build
[2.326s] Invoking command in '/home/monijesu/ros2_ws/src/examples/rclpy/services/minimal_client': DEBUGINFOD_URLS=https://debuginfod.ubuntu.com PYTHONPATH=/home/monijesu/ros2_ws/build/examples_rclpy_minimal_client/prefix_override:/usr/lib/python3/dist-packages/colcon_core/task/python/colcon_distutils_commands:/home/monijesu/ros2_ws/install/examples_rclpy_minimal_client/lib/python3.12/site-packages:${PYTHONPATH} /usr/bin/python3 -W ignore:setup.py install is deprecated setup.py egg_info --egg-base ../../../../../build/examples_rclpy_minimal_client build --build-base /home/monijesu/ros2_ws/build/examples_rclpy_minimal_client/build install --record /home/monijesu/ros2_ws/build/examples_rclpy_minimal_client/install.log --single-version-externally-managed install_data --force
[2.598s] running egg_info
[2.617s] writing ../../../../../build/examples_rclpy_minimal_client/examples_rclpy_minimal_client.egg-info/PKG-INFO
[2.617s] writing dependency_links to ../../../../../build/examples_rclpy_minimal_client/examples_rclpy_minimal_client.egg-info/dependency_links.txt
[2.617s] writing entry points to ../../../../../build/examples_rclpy_minimal_client/examples_rclpy_minimal_client.egg-info/entry_points.txt
[2.617s] writing requirements to ../../../../../build/examples_rclpy_minimal_client/examples_rclpy_minimal_client.egg-info/requires.txt
[2.617s] writing top-level names to ../../../../../build/examples_rclpy_minimal_client/examples_rclpy_minimal_client.egg-info/top_level.txt
[2.656s] reading manifest file '../../../../../build/examples_rclpy_minimal_client/examples_rclpy_minimal_client.egg-info/SOURCES.txt'
[2.656s] writing manifest file '../../../../../build/examples_rclpy_minimal_client/examples_rclpy_minimal_client.egg-info/SOURCES.txt'
[2.656s] running build
[2.656s] running build_py
[2.657s] creating /home/monijesu/ros2_ws/build/examples_rclpy_minimal_client/build
[2.657s] creating /home/monijesu/ros2_ws/build/examples_rclpy_minimal_client/build/lib
[2.657s] creating /home/monijesu/ros2_ws/build/examples_rclpy_minimal_client/build/lib/examples_rclpy_minimal_client
[2.657s] copying examples_rclpy_minimal_client/client_async_callback.py -> /home/monijesu/ros2_ws/build/examples_rclpy_minimal_client/build/lib/examples_rclpy_minimal_client
[2.657s] copying examples_rclpy_minimal_client/client_async.py -> /home/monijesu/ros2_ws/build/examples_rclpy_minimal_client/build/lib/examples_rclpy_minimal_client
[2.657s] copying examples_rclpy_minimal_client/__init__.py -> /home/monijesu/ros2_ws/build/examples_rclpy_minimal_client/build/lib/examples_rclpy_minimal_client
[2.657s] copying examples_rclpy_minimal_client/client.py -> /home/monijesu/ros2_ws/build/examples_rclpy_minimal_client/build/lib/examples_rclpy_minimal_client
[2.657s] copying examples_rclpy_minimal_client/client_async_member_function.py -> /home/monijesu/ros2_ws/build/examples_rclpy_minimal_client/build/lib/examples_rclpy_minimal_client
[2.658s] running install
[2.664s] running install_lib
[2.682s] creating /home/monijesu/ros2_ws/install/examples_rclpy_minimal_client/lib/python3.12/site-packages/examples_rclpy_minimal_client
[2.682s] copying /home/monijesu/ros2_ws/build/examples_rclpy_minimal_client/build/lib/examples_rclpy_minimal_client/client_async_callback.py -> /home/monijesu/ros2_ws/install/examples_rclpy_minimal_client/lib/python3.12/site-packages/examples_rclpy_minimal_client
[2.682s] copying /home/monijesu/ros2_ws/build/examples_rclpy_minimal_client/build/lib/examples_rclpy_minimal_client/client_async.py -> /home/monijesu/ros2_ws/install/examples_rclpy_minimal_client/lib/python3.12/site-packages/examples_rclpy_minimal_client
[2.683s] copying /home/monijesu/ros2_ws/build/examples_rclpy_minimal_client/build/lib/examples_rclpy_minimal_client/__init__.py -> /home/monijesu/ros2_ws/install/examples_rclpy_minimal_client/lib/python3.12/site-packages/examples_rclpy_minimal_client
[2.683s] copying /home/monijesu/ros2_ws/build/examples_rclpy_minimal_client/build/lib/examples_rclpy_minimal_client/client.py -> /home/monijesu/ros2_ws/install/examples_rclpy_minimal_client/lib/python3.12/site-packages/examples_rclpy_minimal_client
[2.683s] copying /home/monijesu/ros2_ws/build/examples_rclpy_minimal_client/build/lib/examples_rclpy_minimal_client/client_async_member_function.py -> /home/monijesu/ros2_ws/install/examples_rclpy_minimal_client/lib/python3.12/site-packages/examples_rclpy_minimal_client
[2.683s] byte-compiling /home/monijesu/ros2_ws/install/examples_rclpy_minimal_client/lib/python3.12/site-packages/examples_rclpy_minimal_client/client_async_callback.py to client_async_callback.cpython-312.pyc
[2.684s] byte-compiling /home/monijesu/ros2_ws/install/examples_rclpy_minimal_client/lib/python3.12/site-packages/examples_rclpy_minimal_client/client_async.py to client_async.cpython-312.pyc
[2.684s] byte-compiling /home/monijesu/ros2_ws/install/examples_rclpy_minimal_client/lib/python3.12/site-packages/examples_rclpy_minimal_client/__init__.py to __init__.cpython-312.pyc
[2.684s] byte-compiling /home/monijesu/ros2_ws/install/examples_rclpy_minimal_client/lib/python3.12/site-packages/examples_rclpy_minimal_client/client.py to client.cpython-312.pyc
[2.685s] byte-compiling /home/monijesu/ros2_ws/install/examples_rclpy_minimal_client/lib/python3.12/site-packages/examples_rclpy_minimal_client/client_async_member_function.py to client_async_member_function.cpython-312.pyc
[2.685s] running install_data
[2.685s] copying resource/examples_rclpy_minimal_client -> /home/monijesu/ros2_ws/install/examples_rclpy_minimal_client/share/ament_index/resource_index/packages
[2.685s] copying package.xml -> /home/monijesu/ros2_ws/install/examples_rclpy_minimal_client/share/examples_rclpy_minimal_client
[2.686s] running install_egg_info
[2.705s] Copying ../../../../../build/examples_rclpy_minimal_client/examples_rclpy_minimal_client.egg-info to /home/monijesu/ros2_ws/install/examples_rclpy_minimal_client/lib/python3.12/site-packages/examples_rclpy_minimal_client-0.20.2-py3.12.egg-info
[2.705s] running install_scripts
[2.830s] Installing client script to /home/monijesu/ros2_ws/install/examples_rclpy_minimal_client/lib/examples_rclpy_minimal_client
[2.830s] Installing client_async script to /home/monijesu/ros2_ws/install/examples_rclpy_minimal_client/lib/examples_rclpy_minimal_client
[2.830s] Installing client_async_callback script to /home/monijesu/ros2_ws/install/examples_rclpy_minimal_client/lib/examples_rclpy_minimal_client
[2.830s] Installing client_async_member_function script to /home/monijesu/ros2_ws/install/examples_rclpy_minimal_client/lib/examples_rclpy_minimal_client
[2.830s] writing list of installed files to '/home/monijesu/ros2_ws/build/examples_rclpy_minimal_client/install.log'
[2.855s] Invoked command in '/home/monijesu/ros2_ws/src/examples/rclpy/services/minimal_client' returned '0': DEBUGINFOD_URLS=https://debuginfod.ubuntu.com PYTHONPATH=/home/monijesu/ros2_ws/build/examples_rclpy_minimal_client/prefix_override:/usr/lib/python3/dist-packages/colcon_core/task/python/colcon_distutils_commands:/home/monijesu/ros2_ws/install/examples_rclpy_minimal_client/lib/python3.12/site-packages:${PYTHONPATH} /usr/bin/python3 -W ignore:setup.py install is deprecated setup.py egg_info --egg-base ../../../../../build/examples_rclpy_minimal_client build --build-base /home/monijesu/ros2_ws/build/examples_rclpy_minimal_client/build install --record /home/monijesu/ros2_ws/build/examples_rclpy_minimal_client/install.log --single-version-externally-managed install_data --force
