[0.032s] Invoking command in '/home/monijesu/ros2_ws/build/examples_rclcpp_minimal_timer': CMAKE_PREFIX_PATH=${CMAKE_PREFIX_PATH}:/home/monijesu/ros2_ws/install/examples_rclpy_minimal_action_client:/opt/ros/rolling DEBUGINFOD_URLS=https://debuginfod.ubuntu.com /usr/bin/cmake /home/monijesu/ros2_ws/src/examples/rclcpp/timers/minimal_timer -DAMENT_CMAKE_SYMLINK_INSTALL=1 -DCMAKE_INSTALL_PREFIX=/home/monijesu/ros2_ws/install/examples_rclcpp_minimal_timer
[0.876s] -- Found ament_cmake: 2.7.0 (/opt/ros/rolling/share/ament_cmake/cmake)
[0.876s] -- Override CMake install command with custom implementation using symlinks instead of copying resources
[0.876s] -- Found rclcpp: 28.3.3 (/opt/ros/rolling/share/rclcpp/cmake)
[0.877s] -- Found rosidl_generator_c: 4.8.1 (/opt/ros/rolling/share/rosidl_generator_c/cmake)
[0.877s] -- Found rosidl_generator_cpp: 4.8.1 (/opt/ros/rolling/share/rosidl_generator_cpp/cmake)
[0.877s] -- Using all available rosidl_typesupport_c: rosidl_typesupport_fastrtps_c;rosidl_typesupport_introspection_c
[0.877s] -- Using all available rosidl_typesupport_cpp: rosidl_typesupport_fastrtps_cpp;rosidl_typesupport_introspection_cpp
[0.877s] -- Found rmw_implementation_cmake: 7.4.3 (/opt/ros/rolling/share/rmw_implementation_cmake/cmake)
[0.877s] -- Found rmw_fastrtps_cpp: 9.0.1 (/opt/ros/rolling/share/rmw_fastrtps_cpp/cmake)
[0.877s] -- Using RMW implementation 'rmw_fastrtps_cpp' as default
[0.877s] -- Found ament_lint_auto: 0.18.1 (/opt/ros/rolling/share/ament_lint_auto/cmake)
[0.877s] -- Added test 'copyright' to check source files copyright and LICENSE
[0.877s] -- Added test 'cppcheck' to perform static code analysis on C / C++ code
[0.877s] -- Configured cppcheck include dirs: 
[0.877s] -- Configured cppcheck exclude dirs and/or files: 
[0.877s] -- Added test 'cpplint' to check C / C++ code against the Google style
[0.877s] -- Configured cpplint exclude dirs and/or files: 
[0.877s] -- Added test 'lint_cmake' to check CMake code style
[0.877s] -- Added test 'uncrustify' to check C / C++ code style
[0.878s] -- Configured uncrustify additional arguments: 
[0.878s] -- Added test 'xmllint' to check XML markup files
[0.878s] -- Configuring done (0.6s)
[0.878s] -- Generating done (0.0s)
[0.878s] -- Build files have been written to: /home/monijesu/ros2_ws/build/examples_rclcpp_minimal_timer
[0.883s] Invoked command in '/home/monijesu/ros2_ws/build/examples_rclcpp_minimal_timer' returned '0': CMAKE_PREFIX_PATH=${CMAKE_PREFIX_PATH}:/home/monijesu/ros2_ws/install/examples_rclpy_minimal_action_client:/opt/ros/rolling DEBUGINFOD_URLS=https://debuginfod.ubuntu.com /usr/bin/cmake /home/monijesu/ros2_ws/src/examples/rclcpp/timers/minimal_timer -DAMENT_CMAKE_SYMLINK_INSTALL=1 -DCMAKE_INSTALL_PREFIX=/home/monijesu/ros2_ws/install/examples_rclcpp_minimal_timer
[0.884s] Invoking command in '/home/monijesu/ros2_ws/build/examples_rclcpp_minimal_timer': CMAKE_PREFIX_PATH=${CMAKE_PREFIX_PATH}:/home/monijesu/ros2_ws/install/examples_rclpy_minimal_action_client:/opt/ros/rolling DEBUGINFOD_URLS=https://debuginfod.ubuntu.com /usr/bin/cmake --build /home/monijesu/ros2_ws/build/examples_rclcpp_minimal_timer -- -j16 -l16
[0.973s] [ 50%] Built target timer_member_function
[0.979s] [100%] Built target timer_lambda
[1.008s] Invoked command in '/home/monijesu/ros2_ws/build/examples_rclcpp_minimal_timer' returned '0': CMAKE_PREFIX_PATH=${CMAKE_PREFIX_PATH}:/home/monijesu/ros2_ws/install/examples_rclpy_minimal_action_client:/opt/ros/rolling DEBUGINFOD_URLS=https://debuginfod.ubuntu.com /usr/bin/cmake --build /home/monijesu/ros2_ws/build/examples_rclcpp_minimal_timer -- -j16 -l16
[1.108s] Invoking command in '/home/monijesu/ros2_ws/build/examples_rclcpp_minimal_timer': CMAKE_PREFIX_PATH=${CMAKE_PREFIX_PATH}:/home/monijesu/ros2_ws/install/examples_rclpy_minimal_action_client:/opt/ros/rolling DEBUGINFOD_URLS=https://debuginfod.ubuntu.com /usr/bin/cmake --install /home/monijesu/ros2_ws/build/examples_rclcpp_minimal_timer
[1.155s] -- Install configuration: ""
[1.156s] -- Execute custom install script
[1.156s] -- Up-to-date symlink: /home/monijesu/ros2_ws/install/examples_rclcpp_minimal_timer/lib/examples_rclcpp_minimal_timer/timer_lambda
[1.157s] -- Up-to-date symlink: /home/monijesu/ros2_ws/install/examples_rclcpp_minimal_timer/lib/examples_rclcpp_minimal_timer/timer_member_function
[1.157s] -- Up-to-date symlink: /home/monijesu/ros2_ws/install/examples_rclcpp_minimal_timer/share/ament_index/resource_index/package_run_dependencies/examples_rclcpp_minimal_timer
[1.157s] -- Up-to-date symlink: /home/monijesu/ros2_ws/install/examples_rclcpp_minimal_timer/share/ament_index/resource_index/parent_prefix_path/examples_rclcpp_minimal_timer
[1.157s] -- Up-to-date symlink: /home/monijesu/ros2_ws/install/examples_rclcpp_minimal_timer/share/examples_rclcpp_minimal_timer/environment/ament_prefix_path.sh
[1.157s] -- Up-to-date symlink: /home/monijesu/ros2_ws/install/examples_rclcpp_minimal_timer/share/examples_rclcpp_minimal_timer/environment/ament_prefix_path.dsv
[1.157s] -- Up-to-date symlink: /home/monijesu/ros2_ws/install/examples_rclcpp_minimal_timer/share/examples_rclcpp_minimal_timer/environment/path.sh
[1.157s] -- Up-to-date symlink: /home/monijesu/ros2_ws/install/examples_rclcpp_minimal_timer/share/examples_rclcpp_minimal_timer/environment/path.dsv
[1.157s] -- Up-to-date symlink: /home/monijesu/ros2_ws/install/examples_rclcpp_minimal_timer/share/examples_rclcpp_minimal_timer/local_setup.bash
[1.157s] -- Up-to-date symlink: /home/monijesu/ros2_ws/install/examples_rclcpp_minimal_timer/share/examples_rclcpp_minimal_timer/local_setup.sh
[1.157s] -- Up-to-date symlink: /home/monijesu/ros2_ws/install/examples_rclcpp_minimal_timer/share/examples_rclcpp_minimal_timer/local_setup.zsh
[1.157s] -- Up-to-date symlink: /home/monijesu/ros2_ws/install/examples_rclcpp_minimal_timer/share/examples_rclcpp_minimal_timer/local_setup.dsv
[1.157s] -- Symlinking: /home/monijesu/ros2_ws/install/examples_rclcpp_minimal_timer/share/examples_rclcpp_minimal_timer/package.dsv
[1.157s] -- Up-to-date symlink: /home/monijesu/ros2_ws/install/examples_rclcpp_minimal_timer/share/ament_index/resource_index/packages/examples_rclcpp_minimal_timer
[1.157s] -- Up-to-date symlink: /home/monijesu/ros2_ws/install/examples_rclcpp_minimal_timer/share/examples_rclcpp_minimal_timer/cmake/examples_rclcpp_minimal_timerConfig.cmake
[1.158s] -- Up-to-date symlink: /home/monijesu/ros2_ws/install/examples_rclcpp_minimal_timer/share/examples_rclcpp_minimal_timer/cmake/examples_rclcpp_minimal_timerConfig-version.cmake
[1.158s] -- Up-to-date symlink: /home/monijesu/ros2_ws/install/examples_rclcpp_minimal_timer/share/examples_rclcpp_minimal_timer/package.xml
[1.172s] Invoked command in '/home/monijesu/ros2_ws/build/examples_rclcpp_minimal_timer' returned '0': CMAKE_PREFIX_PATH=${CMAKE_PREFIX_PATH}:/home/monijesu/ros2_ws/install/examples_rclpy_minimal_action_client:/opt/ros/rolling DEBUGINFOD_URLS=https://debuginfod.ubuntu.com /usr/bin/cmake --install /home/monijesu/ros2_ws/build/examples_rclcpp_minimal_timer
