[2.329s] Invoking command in '/home/monijesu/ros2_ws/build/examples_rclpy_executors': DEBUGINFOD_URLS=https://debuginfod.ubuntu.com PYTHONPATH=/home/monijesu/ros2_ws/build/examples_rclpy_executors/prefix_override:/usr/lib/python3/dist-packages/colcon_core/task/python/colcon_distutils_commands:/home/monijesu/ros2_ws/install/examples_rclpy_executors/lib/python3.12/site-packages:${PYTHONPATH} /usr/bin/python3 -W ignore:setup.py install is deprecated setup.py develop --uninstall --editable --build-directory /home/monijesu/ros2_ws/build/examples_rclpy_executors/build
[2.563s] running develop
[2.563s] /usr/lib/python3/dist-packages/setuptools/command/develop.py:40: EasyInstallDeprecationWarning: easy_install command is deprecated.
[2.563s] !!
[2.563s] 
[2.563s]         ********************************************************************************
[2.563s]         Please avoid running ``setup.py`` and ``easy_install``.
[2.563s]         Instead, use pypa/build, pypa/installer or other
[2.563s]         standards-based tools.
[2.563s] 
[2.564s]         See https://github.com/pypa/setuptools/issues/917 for details.
[2.564s]         ********************************************************************************
[2.564s] 
[2.564s] !!
[2.564s]   easy_install.initialize_options(self)
[2.754s] Removing /home/monijesu/ros2_ws/install/examples_rclpy_executors/lib/python3.12/site-packages/examples-rclpy-executors.egg-link (link to .)
[2.815s] Invoked command in '/home/monijesu/ros2_ws/build/examples_rclpy_executors' returned '0': DEBUGINFOD_URLS=https://debuginfod.ubuntu.com PYTHONPATH=/home/monijesu/ros2_ws/build/examples_rclpy_executors/prefix_override:/usr/lib/python3/dist-packages/colcon_core/task/python/colcon_distutils_commands:/home/monijesu/ros2_ws/install/examples_rclpy_executors/lib/python3.12/site-packages:${PYTHONPATH} /usr/bin/python3 -W ignore:setup.py install is deprecated setup.py develop --uninstall --editable --build-directory /home/monijesu/ros2_ws/build/examples_rclpy_executors/build
[2.817s] Invoking command in '/home/monijesu/ros2_ws/src/examples/rclpy/executors': DEBUGINFOD_URLS=https://debuginfod.ubuntu.com PYTHONPATH=/home/monijesu/ros2_ws/build/examples_rclpy_executors/prefix_override:/usr/lib/python3/dist-packages/colcon_core/task/python/colcon_distutils_commands:/home/monijesu/ros2_ws/install/examples_rclpy_executors/lib/python3.12/site-packages:${PYTHONPATH} /usr/bin/python3 -W ignore:setup.py install is deprecated setup.py egg_info --egg-base ../../../../build/examples_rclpy_executors build --build-base /home/monijesu/ros2_ws/build/examples_rclpy_executors/build install --record /home/monijesu/ros2_ws/build/examples_rclpy_executors/install.log --single-version-externally-managed install_data --force
[3.085s] running egg_info
[3.101s] writing ../../../../build/examples_rclpy_executors/examples_rclpy_executors.egg-info/PKG-INFO
[3.101s] writing dependency_links to ../../../../build/examples_rclpy_executors/examples_rclpy_executors.egg-info/dependency_links.txt
[3.101s] writing entry points to ../../../../build/examples_rclpy_executors/examples_rclpy_executors.egg-info/entry_points.txt
[3.101s] writing requirements to ../../../../build/examples_rclpy_executors/examples_rclpy_executors.egg-info/requires.txt
[3.101s] writing top-level names to ../../../../build/examples_rclpy_executors/examples_rclpy_executors.egg-info/top_level.txt
[3.138s] reading manifest file '../../../../build/examples_rclpy_executors/examples_rclpy_executors.egg-info/SOURCES.txt'
[3.139s] writing manifest file '../../../../build/examples_rclpy_executors/examples_rclpy_executors.egg-info/SOURCES.txt'
[3.139s] running build
[3.140s] running build_py
[3.140s] creating /home/monijesu/ros2_ws/build/examples_rclpy_executors/build
[3.140s] creating /home/monijesu/ros2_ws/build/examples_rclpy_executors/build/lib
[3.140s] creating /home/monijesu/ros2_ws/build/examples_rclpy_executors/build/lib/examples_rclpy_executors
[3.140s] copying examples_rclpy_executors/listener.py -> /home/monijesu/ros2_ws/build/examples_rclpy_executors/build/lib/examples_rclpy_executors
[3.140s] copying examples_rclpy_executors/custom_executor.py -> /home/monijesu/ros2_ws/build/examples_rclpy_executors/build/lib/examples_rclpy_executors
[3.140s] copying examples_rclpy_executors/__init__.py -> /home/monijesu/ros2_ws/build/examples_rclpy_executors/build/lib/examples_rclpy_executors
[3.140s] copying examples_rclpy_executors/talker.py -> /home/monijesu/ros2_ws/build/examples_rclpy_executors/build/lib/examples_rclpy_executors
[3.141s] copying examples_rclpy_executors/composed.py -> /home/monijesu/ros2_ws/build/examples_rclpy_executors/build/lib/examples_rclpy_executors
[3.141s] copying examples_rclpy_executors/callback_group.py -> /home/monijesu/ros2_ws/build/examples_rclpy_executors/build/lib/examples_rclpy_executors
[3.141s] copying examples_rclpy_executors/custom_callback_group.py -> /home/monijesu/ros2_ws/build/examples_rclpy_executors/build/lib/examples_rclpy_executors
[3.141s] running install
[3.147s] running install_lib
[3.164s] creating /home/monijesu/ros2_ws/install/examples_rclpy_executors/lib/python3.12/site-packages/examples_rclpy_executors
[3.164s] copying /home/monijesu/ros2_ws/build/examples_rclpy_executors/build/lib/examples_rclpy_executors/listener.py -> /home/monijesu/ros2_ws/install/examples_rclpy_executors/lib/python3.12/site-packages/examples_rclpy_executors
[3.165s] copying /home/monijesu/ros2_ws/build/examples_rclpy_executors/build/lib/examples_rclpy_executors/custom_executor.py -> /home/monijesu/ros2_ws/install/examples_rclpy_executors/lib/python3.12/site-packages/examples_rclpy_executors
[3.165s] copying /home/monijesu/ros2_ws/build/examples_rclpy_executors/build/lib/examples_rclpy_executors/__init__.py -> /home/monijesu/ros2_ws/install/examples_rclpy_executors/lib/python3.12/site-packages/examples_rclpy_executors
[3.165s] copying /home/monijesu/ros2_ws/build/examples_rclpy_executors/build/lib/examples_rclpy_executors/talker.py -> /home/monijesu/ros2_ws/install/examples_rclpy_executors/lib/python3.12/site-packages/examples_rclpy_executors
[3.165s] copying /home/monijesu/ros2_ws/build/examples_rclpy_executors/build/lib/examples_rclpy_executors/composed.py -> /home/monijesu/ros2_ws/install/examples_rclpy_executors/lib/python3.12/site-packages/examples_rclpy_executors
[3.165s] copying /home/monijesu/ros2_ws/build/examples_rclpy_executors/build/lib/examples_rclpy_executors/callback_group.py -> /home/monijesu/ros2_ws/install/examples_rclpy_executors/lib/python3.12/site-packages/examples_rclpy_executors
[3.165s] copying /home/monijesu/ros2_ws/build/examples_rclpy_executors/build/lib/examples_rclpy_executors/custom_callback_group.py -> /home/monijesu/ros2_ws/install/examples_rclpy_executors/lib/python3.12/site-packages/examples_rclpy_executors
[3.165s] byte-compiling /home/monijesu/ros2_ws/install/examples_rclpy_executors/lib/python3.12/site-packages/examples_rclpy_executors/listener.py to listener.cpython-312.pyc
[3.166s] byte-compiling /home/monijesu/ros2_ws/install/examples_rclpy_executors/lib/python3.12/site-packages/examples_rclpy_executors/custom_executor.py to custom_executor.cpython-312.pyc
[3.167s] byte-compiling /home/monijesu/ros2_ws/install/examples_rclpy_executors/lib/python3.12/site-packages/examples_rclpy_executors/__init__.py to __init__.cpython-312.pyc
[3.167s] byte-compiling /home/monijesu/ros2_ws/install/examples_rclpy_executors/lib/python3.12/site-packages/examples_rclpy_executors/talker.py to talker.cpython-312.pyc
[3.167s] byte-compiling /home/monijesu/ros2_ws/install/examples_rclpy_executors/lib/python3.12/site-packages/examples_rclpy_executors/composed.py to composed.cpython-312.pyc
[3.167s] byte-compiling /home/monijesu/ros2_ws/install/examples_rclpy_executors/lib/python3.12/site-packages/examples_rclpy_executors/callback_group.py to callback_group.cpython-312.pyc
[3.168s] byte-compiling /home/monijesu/ros2_ws/install/examples_rclpy_executors/lib/python3.12/site-packages/examples_rclpy_executors/custom_callback_group.py to custom_callback_group.cpython-312.pyc
[3.168s] running install_data
[3.168s] copying resource/examples_rclpy_executors -> /home/monijesu/ros2_ws/install/examples_rclpy_executors/share/ament_index/resource_index/packages
[3.169s] copying package.xml -> /home/monijesu/ros2_ws/install/examples_rclpy_executors/share/examples_rclpy_executors
[3.170s] running install_egg_info
[3.188s] Copying ../../../../build/examples_rclpy_executors/examples_rclpy_executors.egg-info to /home/monijesu/ros2_ws/install/examples_rclpy_executors/lib/python3.12/site-packages/examples_rclpy_executors-0.20.2-py3.12.egg-info
[3.189s] running install_scripts
[3.304s] Installing callback_group script to /home/monijesu/ros2_ws/install/examples_rclpy_executors/lib/examples_rclpy_executors
[3.305s] Installing composed script to /home/monijesu/ros2_ws/install/examples_rclpy_executors/lib/examples_rclpy_executors
[3.305s] Installing custom_callback_group script to /home/monijesu/ros2_ws/install/examples_rclpy_executors/lib/examples_rclpy_executors
[3.305s] Installing custom_executor script to /home/monijesu/ros2_ws/install/examples_rclpy_executors/lib/examples_rclpy_executors
[3.305s] Installing listener script to /home/monijesu/ros2_ws/install/examples_rclpy_executors/lib/examples_rclpy_executors
[3.305s] Installing talker script to /home/monijesu/ros2_ws/install/examples_rclpy_executors/lib/examples_rclpy_executors
[3.305s] writing list of installed files to '/home/monijesu/ros2_ws/build/examples_rclpy_executors/install.log'
