[1.927s] Invoking command in '/home/monijesu/ros2_ws/build/examples_rclpy_guard_conditions': DEBUGINFOD_URLS=https://debuginfod.ubuntu.com PYTHONPATH=/home/monijesu/ros2_ws/build/examples_rclpy_guard_conditions/prefix_override:/usr/lib/python3/dist-packages/colcon_core/task/python/colcon_distutils_commands:/home/monijesu/ros2_ws/install/examples_rclpy_guard_conditions/lib/python3.12/site-packages:${PYTHONPATH} /usr/bin/python3 -W ignore:setup.py install is deprecated setup.py develop --editable --build-directory /home/monijesu/ros2_ws/build/examples_rclpy_guard_conditions/build --no-deps symlink_data
[2.382s] running develop
[2.383s] /usr/lib/python3/dist-packages/setuptools/command/develop.py:40: EasyInstallDeprecationWarning: easy_install command is deprecated.
[2.383s] !!
[2.383s] 
[2.383s]         ********************************************************************************
[2.383s]         Please avoid running ``setup.py`` and ``easy_install``.
[2.383s]         Instead, use pypa/build, pypa/installer or other
[2.383s]         standards-based tools.
[2.383s] 
[2.384s]         See https://github.com/pypa/setuptools/issues/917 for details.
[2.384s]         ********************************************************************************
[2.384s] 
[2.384s] !!
[2.384s]   easy_install.initialize_options(self)
[2.697s] running egg_info
[2.724s] writing examples_rclpy_guard_conditions.egg-info/PKG-INFO
[2.724s] writing dependency_links to examples_rclpy_guard_conditions.egg-info/dependency_links.txt
[2.725s] writing entry points to examples_rclpy_guard_conditions.egg-info/entry_points.txt
[2.725s] writing requirements to examples_rclpy_guard_conditions.egg-info/requires.txt
[2.725s] writing top-level names to examples_rclpy_guard_conditions.egg-info/top_level.txt
[2.781s] reading manifest file 'examples_rclpy_guard_conditions.egg-info/SOURCES.txt'
[2.782s] writing manifest file 'examples_rclpy_guard_conditions.egg-info/SOURCES.txt'
[2.816s] running build_ext
[2.816s] Creating /home/monijesu/ros2_ws/install/examples_rclpy_guard_conditions/lib/python3.12/site-packages/examples-rclpy-guard-conditions.egg-link (link to .)
[2.816s] Installing trigger_guard_condition script to /home/monijesu/ros2_ws/install/examples_rclpy_guard_conditions/lib/examples_rclpy_guard_conditions
[2.817s] 
[2.817s] Installed /home/monijesu/ros2_ws/build/examples_rclpy_guard_conditions
[2.817s] running symlink_data
[2.861s] Invoked command in '/home/monijesu/ros2_ws/build/examples_rclpy_guard_conditions' returned '0': DEBUGINFOD_URLS=https://debuginfod.ubuntu.com PYTHONPATH=/home/monijesu/ros2_ws/build/examples_rclpy_guard_conditions/prefix_override:/usr/lib/python3/dist-packages/colcon_core/task/python/colcon_distutils_commands:/home/monijesu/ros2_ws/install/examples_rclpy_guard_conditions/lib/python3.12/site-packages:${PYTHONPATH} /usr/bin/python3 -W ignore:setup.py install is deprecated setup.py develop --editable --build-directory /home/monijesu/ros2_ws/build/examples_rclpy_guard_conditions/build --no-deps symlink_data
