[0.051s] Invoking command in '/home/monijesu/ros2_ws/build/examples_rclcpp_minimal_action_client': CMAKE_PREFIX_PATH=${CMAKE_PREFIX_PATH}:/home/monijesu/ros2_ws/install/turtle_path_planner:/home/monijesu/ros2_ws/install/turtle_package:/opt/ros/rolling DEBUGINFOD_URLS=https://debuginfod.ubuntu.com /usr/bin/cmake /home/monijesu/ros2_ws/src/examples/rclcpp/actions/minimal_action_client -DAMENT_CMAKE_SYMLINK_INSTALL=1 -DCMAKE_INSTALL_PREFIX=/home/monijesu/ros2_ws/install/examples_rclcpp_minimal_action_client
[0.866s] -- The C compiler identification is GNU 13.2.0
[0.867s] -- The CXX compiler identification is GNU 13.2.0
[0.867s] -- Detecting C compiler ABI info
[0.867s] -- Detecting C compiler ABI info - done
[0.867s] -- Check for working C compiler: /usr/bin/cc - skipped
[0.868s] -- Detecting C compile features
[0.868s] -- Detecting C compile features - done
[0.868s] -- Detecting CXX compiler ABI info
[0.868s] -- Detecting CXX compiler ABI info - done
[0.868s] -- Check for working CXX compiler: /usr/bin/c++ - skipped
[0.868s] -- Detecting CXX compile features
[0.868s] -- Detecting CXX compile features - done
[0.869s] -- Found ament_cmake: 2.7.0 (/opt/ros/rolling/share/ament_cmake/cmake)
[0.881s] -- Found Python3: /usr/bin/python3 (found version "3.12.3") found components: Interpreter 
[1.020s] -- Override CMake install command with custom implementation using symlinks instead of copying resources
[1.055s] -- Found example_interfaces: 0.13.0 (/opt/ros/rolling/share/example_interfaces/cmake)
[1.129s] -- Found rosidl_generator_c: 4.8.1 (/opt/ros/rolling/share/rosidl_generator_c/cmake)
[1.158s] -- Found rosidl_generator_cpp: 4.8.1 (/opt/ros/rolling/share/rosidl_generator_cpp/cmake)
[1.189s] -- Using all available rosidl_typesupport_c: rosidl_typesupport_fastrtps_c;rosidl_typesupport_introspection_c
[1.230s] -- Using all available rosidl_typesupport_cpp: rosidl_typesupport_fastrtps_cpp;rosidl_typesupport_introspection_cpp
[1.450s] -- Found rclcpp: 28.3.3 (/opt/ros/rolling/share/rclcpp/cmake)
[1.548s] -- Found rmw_implementation_cmake: 7.4.3 (/opt/ros/rolling/share/rmw_implementation_cmake/cmake)
[1.554s] -- Found rmw_fastrtps_cpp: 9.0.1 (/opt/ros/rolling/share/rmw_fastrtps_cpp/cmake)
[1.712s] -- Found OpenSSL: /usr/lib/x86_64-linux-gnu/libcrypto.so (found version "3.0.13")  
[1.755s] -- Found FastRTPS: /opt/ros/rolling/include (Required is at least version "2.13") 
[1.807s] -- Using RMW implementation 'rmw_fastrtps_cpp' as default
[1.982s] -- Found rclcpp_action: 28.3.3 (/opt/ros/rolling/share/rclcpp_action/cmake)
[2.022s] -- Found ament_lint_auto: 0.18.1 (/opt/ros/rolling/share/ament_lint_auto/cmake)
[2.261s] -- Added test 'copyright' to check source files copyright and LICENSE
[2.261s] -- Added test 'cppcheck' to perform static code analysis on C / C++ code
[2.261s] -- Configured cppcheck include dirs: 
[2.261s] -- Configured cppcheck exclude dirs and/or files: 
[2.262s] -- Added test 'cpplint' to check C / C++ code against the Google style
[2.262s] -- Configured cpplint exclude dirs and/or files: 
[2.263s] -- Added test 'lint_cmake' to check CMake code style
[2.267s] -- Added test 'uncrustify' to check C / C++ code style
[2.267s] -- Configured uncrustify additional arguments: 
[2.267s] -- Added test 'xmllint' to check XML markup files
[2.276s] -- Configuring done (2.2s)
[2.317s] -- Generating done (0.0s)
[2.320s] -- Build files have been written to: /home/monijesu/ros2_ws/build/examples_rclcpp_minimal_action_client
[2.350s] Invoked command in '/home/monijesu/ros2_ws/build/examples_rclcpp_minimal_action_client' returned '0': CMAKE_PREFIX_PATH=${CMAKE_PREFIX_PATH}:/home/monijesu/ros2_ws/install/turtle_path_planner:/home/monijesu/ros2_ws/install/turtle_package:/opt/ros/rolling DEBUGINFOD_URLS=https://debuginfod.ubuntu.com /usr/bin/cmake /home/monijesu/ros2_ws/src/examples/rclcpp/actions/minimal_action_client -DAMENT_CMAKE_SYMLINK_INSTALL=1 -DCMAKE_INSTALL_PREFIX=/home/monijesu/ros2_ws/install/examples_rclcpp_minimal_action_client
[2.351s] Invoking command in '/home/monijesu/ros2_ws/build/examples_rclcpp_minimal_action_client': CMAKE_PREFIX_PATH=${CMAKE_PREFIX_PATH}:/home/monijesu/ros2_ws/install/turtle_path_planner:/home/monijesu/ros2_ws/install/turtle_package:/opt/ros/rolling DEBUGINFOD_URLS=https://debuginfod.ubuntu.com /usr/bin/cmake --build /home/monijesu/ros2_ws/build/examples_rclcpp_minimal_action_client -- -j16 -l16
[2.880s] [ 12%] [32mBuilding CXX object CMakeFiles/action_client_not_composable_with_feedback.dir/not_composable_with_feedback.cpp.o[0m
[2.880s] [ 25%] [32mBuilding CXX object CMakeFiles/action_client_not_composable.dir/not_composable.cpp.o[0m
[2.880s] [ 37%] [32mBuilding CXX object CMakeFiles/action_client_not_composable_with_cancel.dir/not_composable_with_cancel.cpp.o[0m
[2.881s] [ 50%] [32mBuilding CXX object CMakeFiles/action_client_member_functions.dir/member_functions.cpp.o[0m
[17.410s] [ 62%] [32m[1mLinking CXX executable action_client_not_composable[0m
[18.496s] [ 62%] Built target action_client_not_composable
[31.329s] [ 75%] [32m[1mLinking CXX executable action_client_member_functions[0m
[31.654s] [ 75%] Built target action_client_member_functions
[33.363s] [ 87%] [32m[1mLinking CXX executable action_client_not_composable_with_cancel[0m
[33.926s] [ 87%] Built target action_client_not_composable_with_cancel
[34.327s] [100%] [32m[1mLinking CXX executable action_client_not_composable_with_feedback[0m
[34.990s] [100%] Built target action_client_not_composable_with_feedback
