[0.094s] Invoking command in '/home/monijesu/ros2_ws/build/examples_rclcpp_cbg_executor': CMAKE_PREFIX_PATH=${CMAKE_PREFIX_PATH}:/home/monijesu/ros2_ws/install/turtle_path_planner:/home/monijesu/ros2_ws/install/launch_testing_examples:/home/monijesu/ros2_ws/install/examples_rclpy_pointcloud_publisher:/home/monijesu/ros2_ws/install/examples_rclpy_minimal_subscriber:/home/monijesu/ros2_ws/install/examples_rclpy_minimal_service:/home/monijesu/ros2_ws/install/examples_rclpy_minimal_publisher:/home/monijesu/ros2_ws/install/examples_rclpy_minimal_client:/home/monijesu/ros2_ws/install/examples_rclpy_minimal_action_server:/home/monijesu/ros2_ws/install/examples_rclpy_guard_conditions:/home/monijesu/ros2_ws/install/examples_rclpy_executors:/home/monijesu/ros2_ws/install/examples_rclpy_minimal_action_client:/opt/ros/rolling DEBUGINFOD_URLS=https://debuginfod.ubuntu.com /usr/bin/cmake --build /home/monijesu/ros2_ws/build/examples_rclcpp_cbg_executor -- -j16 -l16
[0.979s] [ 30%] Built target ping
[0.979s] [ 60%] Built target pong
[0.979s] [100%] Built target ping_pong
[0.989s] Invoked command in '/home/monijesu/ros2_ws/build/examples_rclcpp_cbg_executor' returned '0': CMAKE_PREFIX_PATH=${CMAKE_PREFIX_PATH}:/home/monijesu/ros2_ws/install/turtle_path_planner:/home/monijesu/ros2_ws/install/launch_testing_examples:/home/monijesu/ros2_ws/install/examples_rclpy_pointcloud_publisher:/home/monijesu/ros2_ws/install/examples_rclpy_minimal_subscriber:/home/monijesu/ros2_ws/install/examples_rclpy_minimal_service:/home/monijesu/ros2_ws/install/examples_rclpy_minimal_publisher:/home/monijesu/ros2_ws/install/examples_rclpy_minimal_client:/home/monijesu/ros2_ws/install/examples_rclpy_minimal_action_server:/home/monijesu/ros2_ws/install/examples_rclpy_guard_conditions:/home/monijesu/ros2_ws/install/examples_rclpy_executors:/home/monijesu/ros2_ws/install/examples_rclpy_minimal_action_client:/opt/ros/rolling DEBUGINFOD_URLS=https://debuginfod.ubuntu.com /usr/bin/cmake --build /home/monijesu/ros2_ws/build/examples_rclcpp_cbg_executor -- -j16 -l16
[1.119s] Invoking command in '/home/monijesu/ros2_ws/build/examples_rclcpp_cbg_executor': CMAKE_PREFIX_PATH=${CMAKE_PREFIX_PATH}:/home/monijesu/ros2_ws/install/turtle_path_planner:/home/monijesu/ros2_ws/install/launch_testing_examples:/home/monijesu/ros2_ws/install/examples_rclpy_pointcloud_publisher:/home/monijesu/ros2_ws/install/examples_rclpy_minimal_subscriber:/home/monijesu/ros2_ws/install/examples_rclpy_minimal_service:/home/monijesu/ros2_ws/install/examples_rclpy_minimal_publisher:/home/monijesu/ros2_ws/install/examples_rclpy_minimal_client:/home/monijesu/ros2_ws/install/examples_rclpy_minimal_action_server:/home/monijesu/ros2_ws/install/examples_rclpy_guard_conditions:/home/monijesu/ros2_ws/install/examples_rclpy_executors:/home/monijesu/ros2_ws/install/examples_rclpy_minimal_action_client:/opt/ros/rolling DEBUGINFOD_URLS=https://debuginfod.ubuntu.com /usr/bin/cmake --install /home/monijesu/ros2_ws/build/examples_rclcpp_cbg_executor
[1.120s] -- Install configuration: ""
[1.121s] -- Execute custom install script
[1.121s] -- Up-to-date symlink: /home/monijesu/ros2_ws/install/examples_rclcpp_cbg_executor/lib/examples_rclcpp_cbg_executor/ping
[1.121s] -- Up-to-date symlink: /home/monijesu/ros2_ws/install/examples_rclcpp_cbg_executor/lib/examples_rclcpp_cbg_executor/pong
[1.121s] -- Up-to-date symlink: /home/monijesu/ros2_ws/install/examples_rclcpp_cbg_executor/lib/examples_rclcpp_cbg_executor/ping_pong
[1.121s] -- Up-to-date symlink: /home/monijesu/ros2_ws/install/examples_rclcpp_cbg_executor/include/examples_rclcpp_cbg_executor/ping_node.hpp
[1.121s] -- Up-to-date symlink: /home/monijesu/ros2_ws/install/examples_rclcpp_cbg_executor/include/examples_rclcpp_cbg_executor/pong_node.hpp
[1.122s] -- Up-to-date symlink: /home/monijesu/ros2_ws/install/examples_rclcpp_cbg_executor/share/ament_index/resource_index/package_run_dependencies/examples_rclcpp_cbg_executor
[1.122s] -- Up-to-date symlink: /home/monijesu/ros2_ws/install/examples_rclcpp_cbg_executor/share/ament_index/resource_index/parent_prefix_path/examples_rclcpp_cbg_executor
[1.122s] -- Up-to-date symlink: /home/monijesu/ros2_ws/install/examples_rclcpp_cbg_executor/share/examples_rclcpp_cbg_executor/environment/ament_prefix_path.sh
[1.122s] -- Up-to-date symlink: /home/monijesu/ros2_ws/install/examples_rclcpp_cbg_executor/share/examples_rclcpp_cbg_executor/environment/ament_prefix_path.dsv
[1.123s] -- Up-to-date symlink: /home/monijesu/ros2_ws/install/examples_rclcpp_cbg_executor/share/examples_rclcpp_cbg_executor/environment/path.sh
[1.123s] -- Up-to-date symlink: /home/monijesu/ros2_ws/install/examples_rclcpp_cbg_executor/share/examples_rclcpp_cbg_executor/environment/path.dsv
[1.123s] -- Up-to-date symlink: /home/monijesu/ros2_ws/install/examples_rclcpp_cbg_executor/share/examples_rclcpp_cbg_executor/local_setup.bash
[1.123s] -- Up-to-date symlink: /home/monijesu/ros2_ws/install/examples_rclcpp_cbg_executor/share/examples_rclcpp_cbg_executor/local_setup.sh
[1.123s] -- Up-to-date symlink: /home/monijesu/ros2_ws/install/examples_rclcpp_cbg_executor/share/examples_rclcpp_cbg_executor/local_setup.zsh
[1.123s] -- Up-to-date symlink: /home/monijesu/ros2_ws/install/examples_rclcpp_cbg_executor/share/examples_rclcpp_cbg_executor/local_setup.dsv
[1.123s] -- Symlinking: /home/monijesu/ros2_ws/install/examples_rclcpp_cbg_executor/share/examples_rclcpp_cbg_executor/package.dsv
[1.126s] -- Up-to-date symlink: /home/monijesu/ros2_ws/install/examples_rclcpp_cbg_executor/share/ament_index/resource_index/packages/examples_rclcpp_cbg_executor
[1.127s] -- Up-to-date symlink: /home/monijesu/ros2_ws/install/examples_rclcpp_cbg_executor/share/examples_rclcpp_cbg_executor/cmake/ament_cmake_export_dependencies-extras.cmake
[1.127s] -- Up-to-date symlink: /home/monijesu/ros2_ws/install/examples_rclcpp_cbg_executor/share/examples_rclcpp_cbg_executor/cmake/examples_rclcpp_cbg_executorConfig.cmake
[1.127s] -- Up-to-date symlink: /home/monijesu/ros2_ws/install/examples_rclcpp_cbg_executor/share/examples_rclcpp_cbg_executor/cmake/examples_rclcpp_cbg_executorConfig-version.cmake
[1.127s] -- Up-to-date symlink: /home/monijesu/ros2_ws/install/examples_rclcpp_cbg_executor/share/examples_rclcpp_cbg_executor/package.xml
[1.224s] Invoked command in '/home/monijesu/ros2_ws/build/examples_rclcpp_cbg_executor' returned '0': CMAKE_PREFIX_PATH=${CMAKE_PREFIX_PATH}:/home/monijesu/ros2_ws/install/turtle_path_planner:/home/monijesu/ros2_ws/install/launch_testing_examples:/home/monijesu/ros2_ws/install/examples_rclpy_pointcloud_publisher:/home/monijesu/ros2_ws/install/examples_rclpy_minimal_subscriber:/home/monijesu/ros2_ws/install/examples_rclpy_minimal_service:/home/monijesu/ros2_ws/install/examples_rclpy_minimal_publisher:/home/monijesu/ros2_ws/install/examples_rclpy_minimal_client:/home/monijesu/ros2_ws/install/examples_rclpy_minimal_action_server:/home/monijesu/ros2_ws/install/examples_rclpy_guard_conditions:/home/monijesu/ros2_ws/install/examples_rclpy_executors:/home/monijesu/ros2_ws/install/examples_rclpy_minimal_action_client:/opt/ros/rolling DEBUGINFOD_URLS=https://debuginfod.ubuntu.com /usr/bin/cmake --install /home/monijesu/ros2_ws/build/examples_rclcpp_cbg_executor
