[0.009s] Invoking command in '/home/monijesu/ros2_ws/build/turtlesim': CMAKE_PREFIX_PATH=/home/monijesu/ros2_ws/install/turtlesim_msgs:/home/monijesu/ros2_ws/install/turtlesim:/home/monijesu/ros2_ws/install/examples_rclcpp_wait_set:/home/monijesu/ros2_ws/install/examples_rclcpp_multithreaded_executor:/home/monijesu/ros2_ws/install/examples_rclcpp_minimal_timer:/home/monijesu/ros2_ws/install/examples_rclcpp_minimal_subscriber:/home/monijesu/ros2_ws/install/examples_rclcpp_minimal_service:/home/monijesu/ros2_ws/install/examples_rclcpp_minimal_publisher:/home/monijesu/ros2_ws/install/examples_rclcpp_minimal_composition:/home/monijesu/ros2_ws/install/examples_rclcpp_minimal_client:/home/monijesu/ros2_ws/install/examples_rclcpp_minimal_action_server:/home/monijesu/ros2_ws/install/examples_rclcpp_minimal_action_client:/home/monijesu/ros2_ws/install/examples_rclcpp_cbg_executor:/home/monijesu/ros2_ws/install/examples_rclcpp_async_client:/opt/ros/rolling/opt/gz_math_vendor:/opt/ros/rolling/opt/gz_utils_vendor:/opt/ros/rolling/opt/gz_cmake_vendor:/home/monijesu/ros2_ws/install/turtle_path_planner:/home/monijesu/ros2_ws/install/launch_testing_examples:/home/monijesu/ros2_ws/install/examples_rclpy_pointcloud_publisher:/home/monijesu/ros2_ws/install/examples_rclpy_minimal_subscriber:/home/monijesu/ros2_ws/install/examples_rclpy_minimal_service:/home/monijesu/ros2_ws/install/examples_rclpy_minimal_publisher:/home/monijesu/ros2_ws/install/examples_rclpy_minimal_client:/home/monijesu/ros2_ws/install/examples_rclpy_minimal_action_server:/home/monijesu/ros2_ws/install/examples_rclpy_guard_conditions:/home/monijesu/ros2_ws/install/examples_rclpy_executors:/home/monijesu/ros2_ws/install/examples_rclpy_minimal_action_client:/opt/ros/rolling DEBUGINFOD_URLS=https://debuginfod.ubuntu.com /usr/bin/cmake --build /home/monijesu/ros2_ws/build/turtlesim -- -j16 -l16
[0.066s] [ 16%] Built target mimic
[0.066s] [ 33%] Built target turtle_teleop_key
[0.066s] [ 50%] Built target draw_square
[0.070s] [100%] Built target turtlesim_node
[0.079s] Invoked command in '/home/monijesu/ros2_ws/build/turtlesim' returned '0': CMAKE_PREFIX_PATH=/home/monijesu/ros2_ws/install/turtlesim_msgs:/home/monijesu/ros2_ws/install/turtlesim:/home/monijesu/ros2_ws/install/examples_rclcpp_wait_set:/home/monijesu/ros2_ws/install/examples_rclcpp_multithreaded_executor:/home/monijesu/ros2_ws/install/examples_rclcpp_minimal_timer:/home/monijesu/ros2_ws/install/examples_rclcpp_minimal_subscriber:/home/monijesu/ros2_ws/install/examples_rclcpp_minimal_service:/home/monijesu/ros2_ws/install/examples_rclcpp_minimal_publisher:/home/monijesu/ros2_ws/install/examples_rclcpp_minimal_composition:/home/monijesu/ros2_ws/install/examples_rclcpp_minimal_client:/home/monijesu/ros2_ws/install/examples_rclcpp_minimal_action_server:/home/monijesu/ros2_ws/install/examples_rclcpp_minimal_action_client:/home/monijesu/ros2_ws/install/examples_rclcpp_cbg_executor:/home/monijesu/ros2_ws/install/examples_rclcpp_async_client:/opt/ros/rolling/opt/gz_math_vendor:/opt/ros/rolling/opt/gz_utils_vendor:/opt/ros/rolling/opt/gz_cmake_vendor:/home/monijesu/ros2_ws/install/turtle_path_planner:/home/monijesu/ros2_ws/install/launch_testing_examples:/home/monijesu/ros2_ws/install/examples_rclpy_pointcloud_publisher:/home/monijesu/ros2_ws/install/examples_rclpy_minimal_subscriber:/home/monijesu/ros2_ws/install/examples_rclpy_minimal_service:/home/monijesu/ros2_ws/install/examples_rclpy_minimal_publisher:/home/monijesu/ros2_ws/install/examples_rclpy_minimal_client:/home/monijesu/ros2_ws/install/examples_rclpy_minimal_action_server:/home/monijesu/ros2_ws/install/examples_rclpy_guard_conditions:/home/monijesu/ros2_ws/install/examples_rclpy_executors:/home/monijesu/ros2_ws/install/examples_rclpy_minimal_action_client:/opt/ros/rolling DEBUGINFOD_URLS=https://debuginfod.ubuntu.com /usr/bin/cmake --build /home/monijesu/ros2_ws/build/turtlesim -- -j16 -l16
[0.110s] Invoking command in '/home/monijesu/ros2_ws/build/turtlesim': CMAKE_PREFIX_PATH=/home/monijesu/ros2_ws/install/turtlesim_msgs:/home/monijesu/ros2_ws/install/turtlesim:/home/monijesu/ros2_ws/install/examples_rclcpp_wait_set:/home/monijesu/ros2_ws/install/examples_rclcpp_multithreaded_executor:/home/monijesu/ros2_ws/install/examples_rclcpp_minimal_timer:/home/monijesu/ros2_ws/install/examples_rclcpp_minimal_subscriber:/home/monijesu/ros2_ws/install/examples_rclcpp_minimal_service:/home/monijesu/ros2_ws/install/examples_rclcpp_minimal_publisher:/home/monijesu/ros2_ws/install/examples_rclcpp_minimal_composition:/home/monijesu/ros2_ws/install/examples_rclcpp_minimal_client:/home/monijesu/ros2_ws/install/examples_rclcpp_minimal_action_server:/home/monijesu/ros2_ws/install/examples_rclcpp_minimal_action_client:/home/monijesu/ros2_ws/install/examples_rclcpp_cbg_executor:/home/monijesu/ros2_ws/install/examples_rclcpp_async_client:/opt/ros/rolling/opt/gz_math_vendor:/opt/ros/rolling/opt/gz_utils_vendor:/opt/ros/rolling/opt/gz_cmake_vendor:/home/monijesu/ros2_ws/install/turtle_path_planner:/home/monijesu/ros2_ws/install/launch_testing_examples:/home/monijesu/ros2_ws/install/examples_rclpy_pointcloud_publisher:/home/monijesu/ros2_ws/install/examples_rclpy_minimal_subscriber:/home/monijesu/ros2_ws/install/examples_rclpy_minimal_service:/home/monijesu/ros2_ws/install/examples_rclpy_minimal_publisher:/home/monijesu/ros2_ws/install/examples_rclpy_minimal_client:/home/monijesu/ros2_ws/install/examples_rclpy_minimal_action_server:/home/monijesu/ros2_ws/install/examples_rclpy_guard_conditions:/home/monijesu/ros2_ws/install/examples_rclpy_executors:/home/monijesu/ros2_ws/install/examples_rclpy_minimal_action_client:/opt/ros/rolling DEBUGINFOD_URLS=https://debuginfod.ubuntu.com /usr/bin/cmake --install /home/monijesu/ros2_ws/build/turtlesim
[0.117s] -- Install configuration: ""
[0.117s] -- Execute custom install script
[0.117s] -- Up-to-date symlink: /home/monijesu/ros2_ws/install/turtlesim/lib/turtlesim/turtlesim_node
[0.117s] -- Up-to-date symlink: /home/monijesu/ros2_ws/install/turtlesim/lib/turtlesim/turtle_teleop_key
[0.117s] -- Up-to-date symlink: /home/monijesu/ros2_ws/install/turtlesim/lib/turtlesim/draw_square
[0.117s] -- Up-to-date symlink: /home/monijesu/ros2_ws/install/turtlesim/lib/turtlesim/mimic
[0.118s] -- Up-to-date symlink: /home/monijesu/ros2_ws/install/turtlesim/share/turtlesim/launch/multisim.launch.py
[0.118s] -- Up-to-date symlink: /home/monijesu/ros2_ws/install/turtlesim/share/ament_index/resource_index/package_run_dependencies/turtlesim
[0.118s] -- Up-to-date symlink: /home/monijesu/ros2_ws/install/turtlesim/share/ament_index/resource_index/parent_prefix_path/turtlesim
[0.118s] -- Up-to-date symlink: /home/monijesu/ros2_ws/install/turtlesim/share/turtlesim/environment/ament_prefix_path.sh
[0.118s] -- Up-to-date symlink: /home/monijesu/ros2_ws/install/turtlesim/share/turtlesim/environment/ament_prefix_path.dsv
[0.118s] -- Up-to-date symlink: /home/monijesu/ros2_ws/install/turtlesim/share/turtlesim/environment/path.sh
[0.118s] -- Up-to-date symlink: /home/monijesu/ros2_ws/install/turtlesim/share/turtlesim/environment/path.dsv
[0.119s] -- Up-to-date symlink: /home/monijesu/ros2_ws/install/turtlesim/share/turtlesim/local_setup.bash
[0.119s] -- Up-to-date symlink: /home/monijesu/ros2_ws/install/turtlesim/share/turtlesim/local_setup.sh
[0.119s] -- Up-to-date symlink: /home/monijesu/ros2_ws/install/turtlesim/share/turtlesim/local_setup.zsh
[0.119s] -- Up-to-date symlink: /home/monijesu/ros2_ws/install/turtlesim/share/turtlesim/local_setup.dsv
[0.119s] -- Symlinking: /home/monijesu/ros2_ws/install/turtlesim/share/turtlesim/package.dsv
[0.126s] -- Up-to-date symlink: /home/monijesu/ros2_ws/install/turtlesim/share/ament_index/resource_index/packages/turtlesim
[0.126s] -- Up-to-date symlink: /home/monijesu/ros2_ws/install/turtlesim/share/turtlesim/cmake/turtlesimConfig.cmake
[0.127s] -- Up-to-date symlink: /home/monijesu/ros2_ws/install/turtlesim/share/turtlesim/cmake/turtlesimConfig-version.cmake
[0.127s] -- Up-to-date symlink: /home/monijesu/ros2_ws/install/turtlesim/share/turtlesim/package.xml
[0.127s] -- Up-to-date: /home/monijesu/ros2_ws/install/turtlesim/share/turtlesim/images
[0.127s] -- Up-to-date: /home/monijesu/ros2_ws/install/turtlesim/share/turtlesim/images/rolling.png
[0.127s] -- Up-to-date: /home/monijesu/ros2_ws/install/turtlesim/share/turtlesim/images/foxy.png
[0.127s] -- Up-to-date: /home/monijesu/ros2_ws/install/turtlesim/share/turtlesim/images/humble.png
[0.127s] -- Up-to-date: /home/monijesu/ros2_ws/install/turtlesim/share/turtlesim/images/iron.png
[0.127s] -- Up-to-date: /home/monijesu/ros2_ws/install/turtlesim/share/turtlesim/images/ardent.png
[0.128s] -- Up-to-date: /home/monijesu/ros2_ws/install/turtlesim/share/turtlesim/images/galactic.png
[0.128s] -- Up-to-date: /home/monijesu/ros2_ws/install/turtlesim/share/turtlesim/images/jazzy.png
[0.128s] -- Up-to-date: /home/monijesu/ros2_ws/install/turtlesim/share/turtlesim/images/dashing.png
[0.128s] -- Up-to-date: /home/monijesu/ros2_ws/install/turtlesim/share/turtlesim/images/eloquent.png
[0.128s] -- Up-to-date: /home/monijesu/ros2_ws/install/turtlesim/share/turtlesim/images/bouncy.png
[0.128s] -- Up-to-date: /home/monijesu/ros2_ws/install/turtlesim/share/turtlesim/images/crystal.png
[0.129s] Invoked command in '/home/monijesu/ros2_ws/build/turtlesim' returned '0': CMAKE_PREFIX_PATH=/home/monijesu/ros2_ws/install/turtlesim_msgs:/home/monijesu/ros2_ws/install/turtlesim:/home/monijesu/ros2_ws/install/examples_rclcpp_wait_set:/home/monijesu/ros2_ws/install/examples_rclcpp_multithreaded_executor:/home/monijesu/ros2_ws/install/examples_rclcpp_minimal_timer:/home/monijesu/ros2_ws/install/examples_rclcpp_minimal_subscriber:/home/monijesu/ros2_ws/install/examples_rclcpp_minimal_service:/home/monijesu/ros2_ws/install/examples_rclcpp_minimal_publisher:/home/monijesu/ros2_ws/install/examples_rclcpp_minimal_composition:/home/monijesu/ros2_ws/install/examples_rclcpp_minimal_client:/home/monijesu/ros2_ws/install/examples_rclcpp_minimal_action_server:/home/monijesu/ros2_ws/install/examples_rclcpp_minimal_action_client:/home/monijesu/ros2_ws/install/examples_rclcpp_cbg_executor:/home/monijesu/ros2_ws/install/examples_rclcpp_async_client:/opt/ros/rolling/opt/gz_math_vendor:/opt/ros/rolling/opt/gz_utils_vendor:/opt/ros/rolling/opt/gz_cmake_vendor:/home/monijesu/ros2_ws/install/turtle_path_planner:/home/monijesu/ros2_ws/install/launch_testing_examples:/home/monijesu/ros2_ws/install/examples_rclpy_pointcloud_publisher:/home/monijesu/ros2_ws/install/examples_rclpy_minimal_subscriber:/home/monijesu/ros2_ws/install/examples_rclpy_minimal_service:/home/monijesu/ros2_ws/install/examples_rclpy_minimal_publisher:/home/monijesu/ros2_ws/install/examples_rclpy_minimal_client:/home/monijesu/ros2_ws/install/examples_rclpy_minimal_action_server:/home/monijesu/ros2_ws/install/examples_rclpy_guard_conditions:/home/monijesu/ros2_ws/install/examples_rclpy_executors:/home/monijesu/ros2_ws/install/examples_rclpy_minimal_action_client:/opt/ros/rolling DEBUGINFOD_URLS=https://debuginfod.ubuntu.com /usr/bin/cmake --install /home/monijesu/ros2_ws/build/turtlesim
