[1.953s] Invoking command in '/home/monijesu/ros2_ws/build/examples_rclpy_pointcloud_publisher': DEBUGINFOD_URLS=https://debuginfod.ubuntu.com PYTHONPATH=/home/monijesu/ros2_ws/build/examples_rclpy_pointcloud_publisher/prefix_override:/usr/lib/python3/dist-packages/colcon_core/task/python/colcon_distutils_commands:/home/monijesu/ros2_ws/install/examples_rclpy_pointcloud_publisher/lib/python3.12/site-packages:${PYTHONPATH} /usr/bin/python3 -W ignore:setup.py install is deprecated setup.py develop --uninstall --editable --build-directory /home/monijesu/ros2_ws/build/examples_rclpy_pointcloud_publisher/build
[2.406s] running develop
[2.406s] /usr/lib/python3/dist-packages/setuptools/command/develop.py:40: EasyInstallDeprecationWarning: easy_install command is deprecated.
[2.406s] !!
[2.407s] 
[2.407s]         ********************************************************************************
[2.407s]         Please avoid running ``setup.py`` and ``easy_install``.
[2.407s]         Instead, use pypa/build, pypa/installer or other
[2.407s]         standards-based tools.
[2.407s] 
[2.407s]         See https://github.com/pypa/setuptools/issues/917 for details.
[2.407s]         ********************************************************************************
[2.407s] 
[2.408s] !!
[2.408s]   easy_install.initialize_options(self)
[2.681s] Removing /home/monijesu/ros2_ws/install/examples_rclpy_pointcloud_publisher/lib/python3.12/site-packages/examples-rclpy-pointcloud-publisher.egg-link (link to .)
[2.713s] Invoked command in '/home/monijesu/ros2_ws/build/examples_rclpy_pointcloud_publisher' returned '0': DEBUGINFOD_URLS=https://debuginfod.ubuntu.com PYTHONPATH=/home/monijesu/ros2_ws/build/examples_rclpy_pointcloud_publisher/prefix_override:/usr/lib/python3/dist-packages/colcon_core/task/python/colcon_distutils_commands:/home/monijesu/ros2_ws/install/examples_rclpy_pointcloud_publisher/lib/python3.12/site-packages:${PYTHONPATH} /usr/bin/python3 -W ignore:setup.py install is deprecated setup.py develop --uninstall --editable --build-directory /home/monijesu/ros2_ws/build/examples_rclpy_pointcloud_publisher/build
[2.714s] Invoking command in '/home/monijesu/ros2_ws/src/examples/rclpy/topics/pointcloud_publisher': DEBUGINFOD_URLS=https://debuginfod.ubuntu.com PYTHONPATH=/home/monijesu/ros2_ws/build/examples_rclpy_pointcloud_publisher/prefix_override:/usr/lib/python3/dist-packages/colcon_core/task/python/colcon_distutils_commands:/home/monijesu/ros2_ws/install/examples_rclpy_pointcloud_publisher/lib/python3.12/site-packages:${PYTHONPATH} /usr/bin/python3 -W ignore:setup.py install is deprecated setup.py egg_info --egg-base ../../../../../build/examples_rclpy_pointcloud_publisher build --build-base /home/monijesu/ros2_ws/build/examples_rclpy_pointcloud_publisher/build install --record /home/monijesu/ros2_ws/build/examples_rclpy_pointcloud_publisher/install.log --single-version-externally-managed install_data --force
[2.953s] running egg_info
[2.970s] writing ../../../../../build/examples_rclpy_pointcloud_publisher/examples_rclpy_pointcloud_publisher.egg-info/PKG-INFO
[2.970s] writing dependency_links to ../../../../../build/examples_rclpy_pointcloud_publisher/examples_rclpy_pointcloud_publisher.egg-info/dependency_links.txt
[2.971s] writing entry points to ../../../../../build/examples_rclpy_pointcloud_publisher/examples_rclpy_pointcloud_publisher.egg-info/entry_points.txt
[2.971s] writing requirements to ../../../../../build/examples_rclpy_pointcloud_publisher/examples_rclpy_pointcloud_publisher.egg-info/requires.txt
[2.971s] writing top-level names to ../../../../../build/examples_rclpy_pointcloud_publisher/examples_rclpy_pointcloud_publisher.egg-info/top_level.txt
[3.006s] reading manifest file '../../../../../build/examples_rclpy_pointcloud_publisher/examples_rclpy_pointcloud_publisher.egg-info/SOURCES.txt'
[3.006s] writing manifest file '../../../../../build/examples_rclpy_pointcloud_publisher/examples_rclpy_pointcloud_publisher.egg-info/SOURCES.txt'
[3.007s] running build
[3.007s] running build_py
[3.007s] creating /home/monijesu/ros2_ws/build/examples_rclpy_pointcloud_publisher/build
[3.007s] creating /home/monijesu/ros2_ws/build/examples_rclpy_pointcloud_publisher/build/lib
[3.008s] creating /home/monijesu/ros2_ws/build/examples_rclpy_pointcloud_publisher/build/lib/examples_rclpy_pointcloud_publisher
[3.008s] copying examples_rclpy_pointcloud_publisher/__init__.py -> /home/monijesu/ros2_ws/build/examples_rclpy_pointcloud_publisher/build/lib/examples_rclpy_pointcloud_publisher
[3.008s] copying examples_rclpy_pointcloud_publisher/pointcloud_publisher.py -> /home/monijesu/ros2_ws/build/examples_rclpy_pointcloud_publisher/build/lib/examples_rclpy_pointcloud_publisher
[3.008s] running install
[3.014s] running install_lib
[3.033s] creating /home/monijesu/ros2_ws/install/examples_rclpy_pointcloud_publisher/lib/python3.12/site-packages/examples_rclpy_pointcloud_publisher
[3.033s] copying /home/monijesu/ros2_ws/build/examples_rclpy_pointcloud_publisher/build/lib/examples_rclpy_pointcloud_publisher/__init__.py -> /home/monijesu/ros2_ws/install/examples_rclpy_pointcloud_publisher/lib/python3.12/site-packages/examples_rclpy_pointcloud_publisher
[3.033s] copying /home/monijesu/ros2_ws/build/examples_rclpy_pointcloud_publisher/build/lib/examples_rclpy_pointcloud_publisher/pointcloud_publisher.py -> /home/monijesu/ros2_ws/install/examples_rclpy_pointcloud_publisher/lib/python3.12/site-packages/examples_rclpy_pointcloud_publisher
[3.034s] byte-compiling /home/monijesu/ros2_ws/install/examples_rclpy_pointcloud_publisher/lib/python3.12/site-packages/examples_rclpy_pointcloud_publisher/__init__.py to __init__.cpython-312.pyc
[3.034s] byte-compiling /home/monijesu/ros2_ws/install/examples_rclpy_pointcloud_publisher/lib/python3.12/site-packages/examples_rclpy_pointcloud_publisher/pointcloud_publisher.py to pointcloud_publisher.cpython-312.pyc
[3.035s] running install_data
[3.035s] copying resource/examples_rclpy_pointcloud_publisher -> /home/monijesu/ros2_ws/install/examples_rclpy_pointcloud_publisher/share/ament_index/resource_index/packages
[3.035s] copying package.xml -> /home/monijesu/ros2_ws/install/examples_rclpy_pointcloud_publisher/share/examples_rclpy_pointcloud_publisher
[3.035s] running install_egg_info
[3.056s] Copying ../../../../../build/examples_rclpy_pointcloud_publisher/examples_rclpy_pointcloud_publisher.egg-info to /home/monijesu/ros2_ws/install/examples_rclpy_pointcloud_publisher/lib/python3.12/site-packages/examples_rclpy_pointcloud_publisher-0.20.2-py3.12.egg-info
[3.057s] running install_scripts
[3.178s] Installing pointcloud_publisher script to /home/monijesu/ros2_ws/install/examples_rclpy_pointcloud_publisher/lib/examples_rclpy_pointcloud_publisher
[3.178s] writing list of installed files to '/home/monijesu/ros2_ws/build/examples_rclpy_pointcloud_publisher/install.log'
[3.202s] Invoked command in '/home/monijesu/ros2_ws/src/examples/rclpy/topics/pointcloud_publisher' returned '0': DEBUGINFOD_URLS=https://debuginfod.ubuntu.com PYTHONPATH=/home/monijesu/ros2_ws/build/examples_rclpy_pointcloud_publisher/prefix_override:/usr/lib/python3/dist-packages/colcon_core/task/python/colcon_distutils_commands:/home/monijesu/ros2_ws/install/examples_rclpy_pointcloud_publisher/lib/python3.12/site-packages:${PYTHONPATH} /usr/bin/python3 -W ignore:setup.py install is deprecated setup.py egg_info --egg-base ../../../../../build/examples_rclpy_pointcloud_publisher build --build-base /home/monijesu/ros2_ws/build/examples_rclpy_pointcloud_publisher/build install --record /home/monijesu/ros2_ws/build/examples_rclpy_pointcloud_publisher/install.log --single-version-externally-managed install_data --force
