[1.747s] Invoking command in '/home/monijesu/ros2_ws/build/examples_rclpy_minimal_service': DEBUGINFOD_URLS=https://debuginfod.ubuntu.com PYTHONPATH=/home/monijesu/ros2_ws/build/examples_rclpy_minimal_service/prefix_override:/usr/lib/python3/dist-packages/colcon_core/task/python/colcon_distutils_commands:/home/monijesu/ros2_ws/install/examples_rclpy_minimal_service/lib/python3.12/site-packages:${PYTHONPATH} /usr/bin/python3 -W ignore:setup.py install is deprecated setup.py develop --editable --build-directory /home/monijesu/ros2_ws/build/examples_rclpy_minimal_service/build --no-deps symlink_data
[2.057s] running develop
[2.057s] /usr/lib/python3/dist-packages/setuptools/command/develop.py:40: EasyInstallDeprecationWarning: easy_install command is deprecated.
[2.057s] !!
[2.058s] 
[2.058s]         ********************************************************************************
[2.058s]         Please avoid running ``setup.py`` and ``easy_install``.
[2.058s]         Instead, use pypa/build, pypa/installer or other
[2.058s]         standards-based tools.
[2.058s] 
[2.058s]         See https://github.com/pypa/setuptools/issues/917 for details.
[2.058s]         ********************************************************************************
[2.058s] 
[2.058s] !!
[2.058s]   easy_install.initialize_options(self)
[2.277s] running egg_info
[2.295s] writing examples_rclpy_minimal_service.egg-info/PKG-INFO
[2.295s] writing dependency_links to examples_rclpy_minimal_service.egg-info/dependency_links.txt
[2.295s] writing entry points to examples_rclpy_minimal_service.egg-info/entry_points.txt
[2.295s] writing requirements to examples_rclpy_minimal_service.egg-info/requires.txt
[2.295s] writing top-level names to examples_rclpy_minimal_service.egg-info/top_level.txt
[2.330s] reading manifest file 'examples_rclpy_minimal_service.egg-info/SOURCES.txt'
[2.331s] writing manifest file 'examples_rclpy_minimal_service.egg-info/SOURCES.txt'
[2.349s] running build_ext
[2.350s] Creating /home/monijesu/ros2_ws/install/examples_rclpy_minimal_service/lib/python3.12/site-packages/examples-rclpy-minimal-service.egg-link (link to .)
[2.350s] Installing service script to /home/monijesu/ros2_ws/install/examples_rclpy_minimal_service/lib/examples_rclpy_minimal_service
[2.350s] Installing service_member_function script to /home/monijesu/ros2_ws/install/examples_rclpy_minimal_service/lib/examples_rclpy_minimal_service
[2.350s] 
[2.350s] Installed /home/monijesu/ros2_ws/build/examples_rclpy_minimal_service
[2.351s] running symlink_data
[2.376s] Invoked command in '/home/monijesu/ros2_ws/build/examples_rclpy_minimal_service' returned '0': DEBUGINFOD_URLS=https://debuginfod.ubuntu.com PYTHONPATH=/home/monijesu/ros2_ws/build/examples_rclpy_minimal_service/prefix_override:/usr/lib/python3/dist-packages/colcon_core/task/python/colcon_distutils_commands:/home/monijesu/ros2_ws/install/examples_rclpy_minimal_service/lib/python3.12/site-packages:${PYTHONPATH} /usr/bin/python3 -W ignore:setup.py install is deprecated setup.py develop --editable --build-directory /home/monijesu/ros2_ws/build/examples_rclpy_minimal_service/build --no-deps symlink_data
