[0.046s] Invoking command in '/home/monijesu/ros2_ws/build/examples_rclcpp_minimal_composition': CMAKE_PREFIX_PATH=${CMAKE_PREFIX_PATH}:/home/monijesu/ros2_ws/install/turtle_path_planner:/home/monijesu/ros2_ws/install/turtle_package:/opt/ros/rolling DEBUGINFOD_URLS=https://debuginfod.ubuntu.com /usr/bin/cmake /home/monijesu/ros2_ws/src/examples/rclcpp/composition/minimal_composition -DAMENT_CMAKE_SYMLINK_INSTALL=1 -DCMAKE_INSTALL_PREFIX=/home/monijesu/ros2_ws/install/examples_rclcpp_minimal_composition
[0.866s] -- The C compiler identification is GNU 13.2.0
[0.866s] -- The CXX compiler identification is GNU 13.2.0
[0.866s] -- Detecting C compiler ABI info
[0.866s] -- Detecting C compiler ABI info - done
[0.866s] -- Check for working C compiler: /usr/bin/cc - skipped
[0.866s] -- Detecting C compile features
[0.867s] -- Detecting C compile features - done
[0.867s] -- Detecting CXX compiler ABI info
[0.867s] -- Detecting CXX compiler ABI info - done
[0.867s] -- Check for working CXX compiler: /usr/bin/c++ - skipped
[0.868s] -- Detecting CXX compile features
[0.868s] -- Detecting CXX compile features - done
[0.868s] -- Found ament_cmake: 2.7.0 (/opt/ros/rolling/share/ament_cmake/cmake)
[0.872s] -- Found Python3: /usr/bin/python3 (found version "3.12.3") found components: Interpreter 
[1.009s] -- Override CMake install command with custom implementation using symlinks instead of copying resources
[1.055s] -- Found rclcpp: 28.3.3 (/opt/ros/rolling/share/rclcpp/cmake)
[1.110s] -- Found rosidl_generator_c: 4.8.1 (/opt/ros/rolling/share/rosidl_generator_c/cmake)
[1.139s] -- Found rosidl_generator_cpp: 4.8.1 (/opt/ros/rolling/share/rosidl_generator_cpp/cmake)
[1.173s] -- Using all available rosidl_typesupport_c: rosidl_typesupport_fastrtps_c;rosidl_typesupport_introspection_c
[1.207s] -- Using all available rosidl_typesupport_cpp: rosidl_typesupport_fastrtps_cpp;rosidl_typesupport_introspection_cpp
[1.393s] -- Found rmw_implementation_cmake: 7.4.3 (/opt/ros/rolling/share/rmw_implementation_cmake/cmake)
[1.401s] -- Found rmw_fastrtps_cpp: 9.0.1 (/opt/ros/rolling/share/rmw_fastrtps_cpp/cmake)
[1.572s] -- Found OpenSSL: /usr/lib/x86_64-linux-gnu/libcrypto.so (found version "3.0.13")  
[1.611s] -- Found FastRTPS: /opt/ros/rolling/include (Required is at least version "2.13") 
[1.660s] -- Using RMW implementation 'rmw_fastrtps_cpp' as default
[1.827s] -- Found rclcpp_components: 28.3.3 (/opt/ros/rolling/share/rclcpp_components/cmake)
[1.907s] -- Found std_msgs: 5.4.1 (/opt/ros/rolling/share/std_msgs/cmake)
[1.948s] -- Found ament_lint_auto: 0.18.1 (/opt/ros/rolling/share/ament_lint_auto/cmake)
[2.194s] -- Added test 'copyright' to check source files copyright and LICENSE
[2.194s] -- Added test 'cppcheck' to perform static code analysis on C / C++ code
[2.194s] -- Configured cppcheck include dirs: /home/monijesu/ros2_ws/src/examples/rclcpp/composition/minimal_composition/include
[2.195s] -- Configured cppcheck exclude dirs and/or files: 
[2.195s] -- Added test 'cpplint' to check C / C++ code against the Google style
[2.195s] -- Configured cpplint exclude dirs and/or files: 
[2.195s] -- Added test 'lint_cmake' to check CMake code style
[2.195s] -- Added test 'uncrustify' to check C / C++ code style
[2.196s] -- Configured uncrustify additional arguments: 
[2.199s] -- Added test 'xmllint' to check XML markup files
[2.208s] -- Configuring done (2.1s)
[2.245s] -- Generating done (0.0s)
[2.251s] -- Build files have been written to: /home/monijesu/ros2_ws/build/examples_rclcpp_minimal_composition
[2.272s] Invoked command in '/home/monijesu/ros2_ws/build/examples_rclcpp_minimal_composition' returned '0': CMAKE_PREFIX_PATH=${CMAKE_PREFIX_PATH}:/home/monijesu/ros2_ws/install/turtle_path_planner:/home/monijesu/ros2_ws/install/turtle_package:/opt/ros/rolling DEBUGINFOD_URLS=https://debuginfod.ubuntu.com /usr/bin/cmake /home/monijesu/ros2_ws/src/examples/rclcpp/composition/minimal_composition -DAMENT_CMAKE_SYMLINK_INSTALL=1 -DCMAKE_INSTALL_PREFIX=/home/monijesu/ros2_ws/install/examples_rclcpp_minimal_composition
[2.272s] Invoking command in '/home/monijesu/ros2_ws/build/examples_rclcpp_minimal_composition': CMAKE_PREFIX_PATH=${CMAKE_PREFIX_PATH}:/home/monijesu/ros2_ws/install/turtle_path_planner:/home/monijesu/ros2_ws/install/turtle_package:/opt/ros/rolling DEBUGINFOD_URLS=https://debuginfod.ubuntu.com /usr/bin/cmake --build /home/monijesu/ros2_ws/build/examples_rclcpp_minimal_composition -- -j16 -l16
[2.441s] [ 11%] [32mBuilding CXX object CMakeFiles/composition_nodes.dir/src/publisher_node.cpp.o[0m
[2.449s] [ 22%] [32mBuilding CXX object CMakeFiles/composition_nodes.dir/src/subscriber_node.cpp.o[0m
[44.669s] [ 33%] [32m[1mLinking CXX shared library libcomposition_nodes.so[0m
[45.110s] [ 33%] Built target composition_nodes
[45.136s] [ 44%] [32mBuilding CXX object CMakeFiles/composition_publisher.dir/src/standalone_publisher.cpp.o[0m
[48.673s] [ 55%] [32m[1mLinking CXX executable composition_publisher[0m
[48.844s] [ 55%] Built target composition_publisher
[48.862s] [ 66%] [32mBuilding CXX object CMakeFiles/composition_composed.dir/src/composed.cpp.o[0m
[52.171s] [ 77%] [32m[1mLinking CXX executable composition_composed[0m
[52.380s] [ 77%] Built target composition_composed
[52.403s] [ 88%] [32mBuilding CXX object CMakeFiles/composition_subscriber.dir/src/standalone_subscriber.cpp.o[0m
[55.603s] [100%] [32m[1mLinking CXX executable composition_subscriber[0m
[55.802s] [100%] Built target composition_subscriber
