[3.369s] Invoking command in '/home/monijesu/ros2_ws/src/examples/rclpy/executors': DEBUGINFOD_URLS=https://debuginfod.ubuntu.com PYTHONPATH=/home/monijesu/ros2_ws/build/examples_rclpy_executors/prefix_override:/usr/lib/python3/dist-packages/colcon_core/task/python/colcon_distutils_commands:/home/monijesu/ros2_ws/install/examples_rclpy_executors/lib/python3.12/site-packages:${PYTHONPATH} /usr/bin/python3 -W ignore:setup.py install is deprecated setup.py egg_info --egg-base ../../../../build/examples_rclpy_executors build --build-base /home/monijesu/ros2_ws/build/examples_rclpy_executors/build install --record /home/monijesu/ros2_ws/build/examples_rclpy_executors/install.log --single-version-externally-managed install_data
[3.803s] running egg_info
[3.831s] writing ../../../../build/examples_rclpy_executors/examples_rclpy_executors.egg-info/PKG-INFO
[3.831s] writing dependency_links to ../../../../build/examples_rclpy_executors/examples_rclpy_executors.egg-info/dependency_links.txt
[3.832s] writing entry points to ../../../../build/examples_rclpy_executors/examples_rclpy_executors.egg-info/entry_points.txt
[3.832s] writing requirements to ../../../../build/examples_rclpy_executors/examples_rclpy_executors.egg-info/requires.txt
[3.832s] writing top-level names to ../../../../build/examples_rclpy_executors/examples_rclpy_executors.egg-info/top_level.txt
[3.891s] reading manifest file '../../../../build/examples_rclpy_executors/examples_rclpy_executors.egg-info/SOURCES.txt'
[3.892s] writing manifest file '../../../../build/examples_rclpy_executors/examples_rclpy_executors.egg-info/SOURCES.txt'
[3.892s] running build
[3.892s] running build_py
[3.893s] running install
[3.903s] running install_lib
[3.931s] running install_data
[3.931s] running install_egg_info
[3.963s] removing '/home/monijesu/ros2_ws/install/examples_rclpy_executors/lib/python3.12/site-packages/examples_rclpy_executors-0.20.2-py3.12.egg-info' (and everything under it)
[3.964s] Copying ../../../../build/examples_rclpy_executors/examples_rclpy_executors.egg-info to /home/monijesu/ros2_ws/install/examples_rclpy_executors/lib/python3.12/site-packages/examples_rclpy_executors-0.20.2-py3.12.egg-info
[3.965s] running install_scripts
[4.148s] Installing callback_group script to /home/monijesu/ros2_ws/install/examples_rclpy_executors/lib/examples_rclpy_executors
[4.149s] Installing composed script to /home/monijesu/ros2_ws/install/examples_rclpy_executors/lib/examples_rclpy_executors
[4.149s] Installing custom_callback_group script to /home/monijesu/ros2_ws/install/examples_rclpy_executors/lib/examples_rclpy_executors
[4.149s] Installing custom_executor script to /home/monijesu/ros2_ws/install/examples_rclpy_executors/lib/examples_rclpy_executors
[4.149s] Installing listener script to /home/monijesu/ros2_ws/install/examples_rclpy_executors/lib/examples_rclpy_executors
[4.149s] Installing talker script to /home/monijesu/ros2_ws/install/examples_rclpy_executors/lib/examples_rclpy_executors
[4.150s] writing list of installed files to '/home/monijesu/ros2_ws/build/examples_rclpy_executors/install.log'
[4.185s] Invoked command in '/home/monijesu/ros2_ws/src/examples/rclpy/executors' returned '0': DEBUGINFOD_URLS=https://debuginfod.ubuntu.com PYTHONPATH=/home/monijesu/ros2_ws/build/examples_rclpy_executors/prefix_override:/usr/lib/python3/dist-packages/colcon_core/task/python/colcon_distutils_commands:/home/monijesu/ros2_ws/install/examples_rclpy_executors/lib/python3.12/site-packages:${PYTHONPATH} /usr/bin/python3 -W ignore:setup.py install is deprecated setup.py egg_info --egg-base ../../../../build/examples_rclpy_executors build --build-base /home/monijesu/ros2_ws/build/examples_rclpy_executors/build install --record /home/monijesu/ros2_ws/build/examples_rclpy_executors/install.log --single-version-externally-managed install_data
